Info: *******************************************************************
Info: Running Quartus Prime TimeQuest Timing Analyzer
    Info: Version 17.0.2 Build 602 07/19/2017 SJ Lite Edition
    Info: Copyright (C) 2017  Intel Corporation. All rights reserved.
    Info: Your use of Intel Corporation's design tools, logic functions 
    Info: and other software and tools, and its AMPP partner logic 
    Info: functions, and any output files from any of the foregoing 
    Info: (including device programming or simulation files), and any 
    Info: associated documentation or information are expressly subject 
    Info: to the terms and conditions of the Intel Program License 
    Info: Subscription Agreement, the Intel Quartus Prime License Agreement,
    Info: the Intel MegaCore Function License Agreement, or other 
    Info: applicable license agreement, including, without limitation, 
    Info: that your use is for the sole purpose of programming logic 
    Info: devices manufactured by Intel and sold by Intel or its 
    Info: authorized distributors.  Please refer to the applicable 
    Info: agreement for further details.
    Info: Processing started: Sat Jul 18 16:14:32 2026
Info: Command: quartus_sta -t sta_r4w.tcl
Info (20030): Parallel compilation is enabled and will use 16 of the 48 processors detected
Info (21077): Core supply voltage is 1.1V
Info (332164): Evaluating HDL-embedded SDC commands
    Info (332165): Entity altera_std_synchronizer
        Info (332166): set_false_path -to [get_keepers {*altera_std_synchronizer:*|din_s1}]
Info (332104): Reading SDC File: 'sys/sys_top.sdc'
Info (332110): Deriving PLL clocks
    Info (332110): create_generated_clock -source {emu|pll|pll_inst|altera_pll_i|cyclonev_pll|counter[0].output_counter|vco0ph[0]} -divide_by 8 -duty_cycle 50.00 -name {emu|pll|pll_inst|altera_pll_i|cyclonev_pll|counter[0].output_counter|divclk} {emu|pll|pll_inst|altera_pll_i|cyclonev_pll|counter[0].output_counter|divclk}
    Info (332110): create_generated_clock -source {emu|pll|pll_inst|altera_pll_i|cyclonev_pll|fpll_0|fpll|refclkin} -divide_by 512 -multiply_by 12595 -duty_cycle 50.00 -name {emu|pll|pll_inst|altera_pll_i|cyclonev_pll|fpll_0|fpll|vcoph[0]} {emu|pll|pll_inst|altera_pll_i|cyclonev_pll|fpll_0|fpll|vcoph[0]}
    Info (332110): create_generated_clock -source {emu|pll|pll_inst|altera_pll_i|cyclonev_pll|counter[1].output_counter|vco0ph[0]} -divide_by 12 -duty_cycle 50.00 -name {emu|pll|pll_inst|altera_pll_i|cyclonev_pll|counter[1].output_counter|divclk} {emu|pll|pll_inst|altera_pll_i|cyclonev_pll|counter[1].output_counter|divclk}
    Info (332110): create_generated_clock -source {emu|pll|pll_inst|altera_pll_i|cyclonev_pll|counter[2].output_counter|vco0ph[0]} -divide_by 12 -phase 56.26 -duty_cycle 50.00 -name {emu|pll|pll_inst|altera_pll_i|cyclonev_pll|counter[2].output_counter|divclk} {emu|pll|pll_inst|altera_pll_i|cyclonev_pll|counter[2].output_counter|divclk}
    Info (332110): create_generated_clock -source {pll_hdmi|pll_hdmi_inst|altera_pll_i|cyclonev_pll|counter[0].output_counter|vco0ph[0]} -divide_by 3 -duty_cycle 50.00 -name {pll_hdmi|pll_hdmi_inst|altera_pll_i|cyclonev_pll|counter[0].output_counter|divclk} {pll_hdmi|pll_hdmi_inst|altera_pll_i|cyclonev_pll|counter[0].output_counter|divclk}
    Info (332110): create_generated_clock -source {pll_hdmi|pll_hdmi_inst|altera_pll_i|cyclonev_pll|fpll_0|fpll|refclkin} -divide_by 512 -multiply_by 4563 -duty_cycle 50.00 -name {pll_hdmi|pll_hdmi_inst|altera_pll_i|cyclonev_pll|fpll_0|fpll|vcoph[0]} {pll_hdmi|pll_hdmi_inst|altera_pll_i|cyclonev_pll|fpll_0|fpll|vcoph[0]}
    Info (332110): create_generated_clock -source {pll_audio|pll_audio_inst|altera_pll_i|general[0].gpll~FRACTIONAL_PLL|refclkin} -divide_by 512 -multiply_by 4279 -duty_cycle 50.00 -name {pll_audio|pll_audio_inst|altera_pll_i|general[0].gpll~FRACTIONAL_PLL|vcoph[0]} {pll_audio|pll_audio_inst|altera_pll_i|general[0].gpll~FRACTIONAL_PLL|vcoph[0]}
    Info (332110): create_generated_clock -source {pll_audio|pll_audio_inst|altera_pll_i|general[0].gpll~PLL_OUTPUT_COUNTER|vco0ph[0]} -divide_by 17 -duty_cycle 50.00 -name {pll_audio|pll_audio_inst|altera_pll_i|general[0].gpll~PLL_OUTPUT_COUNTER|divclk} {pll_audio|pll_audio_inst|altera_pll_i|general[0].gpll~PLL_OUTPUT_COUNTER|divclk}
Info (332151): Clock uncertainty is not calculated until you update the timing netlist.
Warning (332174): Ignored filter at sys_top.sdc(60): arc* could not be matched with a clock or keeper File: /host/sys/sys_top.sdc Line: 60
Warning (332174): Ignored filter at sys_top.sdc(61): arx* could not be matched with a clock or keeper or register or port or pin or cell or partition File: /host/sys/sys_top.sdc Line: 61
Warning (332174): Ignored filter at sys_top.sdc(61): ary* could not be matched with a clock or keeper or register or port or pin or cell or partition File: /host/sys/sys_top.sdc Line: 61
Warning (332049): Ignored set_false_path at sys_top.sdc(61): Argument <from> is not an object ID File: /host/sys/sys_top.sdc Line: 61
    Info (332050): set_false_path -from {arx* ary*} File: /host/sys/sys_top.sdc Line: 61
Info (332104): Reading SDC File: 'ikacore_CV1k.sdc'
Info (332151): Clock uncertainty is not calculated until you update the timing netlist.
Warning (332174): Ignored filter at ikacore_CV1k.sdc(55): *u_gpr_bram*DATA_IN* could not be matched with a register File: /host/ikacore_CV1k.sdc Line: 55
Info (332097): The following timing edges are non-unate.  TimeQuest will assume pos-unate behavior for these edges in the clock network.
    Info (332098): Cell: emu|pll|pll_inst|altera_pll_i|cyclonev_pll|counter[0].output_counter  from: vco0ph[0]  to: divclk
    Info (332098): Cell: emu|pll|pll_inst|altera_pll_i|cyclonev_pll|counter[1].output_counter  from: vco0ph[0]  to: divclk
    Info (332098): Cell: emu|pll|pll_inst|altera_pll_i|cyclonev_pll|counter[2].output_counter  from: vco0ph[0]  to: divclk
    Info (332098): Cell: emu|pll|pll_inst|altera_pll_i|cyclonev_pll|fpll_0|REFCLK_SELECT  from: clkin[0]  to: clkout
    Info (332098): Cell: emu|pll|pll_inst|altera_pll_i|cyclonev_pll|fpll_0|fpll  from: refclkin  to: fbclk
    Info (332098): Cell: pll_audio|pll_audio_inst|altera_pll_i|general[0].gpll~FRACTIONAL_PLL  from: refclkin  to: fbclk
    Info (332098): Cell: pll_audio|pll_audio_inst|altera_pll_i|general[0].gpll~PLL_OUTPUT_COUNTER  from: vco0ph[0]  to: divclk
    Info (332098): Cell: pll_audio|pll_audio_inst|altera_pll_i|general[0].gpll~PLL_REFCLK_SELECT  from: clkin[0]  to: clkout
    Info (332098): Cell: pll_hdmi|pll_hdmi_inst|altera_pll_i|cyclonev_pll|counter[0].output_counter  from: vco0ph[0]  to: divclk
    Info (332098): Cell: pll_hdmi|pll_hdmi_inst|altera_pll_i|cyclonev_pll|fpll_0|REFCLK_SELECT  from: clkin[0]  to: clkout
    Info (332098): Cell: pll_hdmi|pll_hdmi_inst|altera_pll_i|cyclonev_pll|fpll_0|fpll  from: refclkin  to: fbclk
    Info (332098): From: sysmem|fpga_interfaces|f2sdram|cmd_port_clk_0  to: sysmem_lite:sysmem|sysmem_HPS_fpga_interfaces:fpga_interfaces|f2sdram~FF_762
    Info (332098): From: sysmem|fpga_interfaces|f2sdram|cmd_port_clk_1  to: sysmem_lite:sysmem|sysmem_HPS_fpga_interfaces:fpga_interfaces|f2sdram~FF_827
    Info (332098): From: sysmem|fpga_interfaces|f2sdram|cmd_port_clk_2  to: sysmem_lite:sysmem|sysmem_HPS_fpga_interfaces:fpga_interfaces|f2sdram~FF_920
    Info (332098): From: sysmem|fpga_interfaces|f2sdram|rd_clk_0  to: sysmem_lite:sysmem|sysmem_HPS_fpga_interfaces:fpga_interfaces|f2sdram~FF_7
    Info (332098): From: sysmem|fpga_interfaces|f2sdram|rd_clk_1  to: sysmem_lite:sysmem|sysmem_HPS_fpga_interfaces:fpga_interfaces|f2sdram~FF_6
    Info (332098): From: sysmem|fpga_interfaces|f2sdram|rd_clk_2  to: sysmem_lite:sysmem|sysmem_HPS_fpga_interfaces:fpga_interfaces|f2sdram~FF_5
    Info (332098): From: sysmem|fpga_interfaces|f2sdram|rd_clk_3  to: sysmem_lite:sysmem|sysmem_HPS_fpga_interfaces:fpga_interfaces|f2sdram~FF_4
    Info (332098): From: sysmem|fpga_interfaces|f2sdram|wr_clk_0  to: sysmem_lite:sysmem|sysmem_HPS_fpga_interfaces:fpga_interfaces|f2sdram~FF_3
    Info (332098): From: sysmem|fpga_interfaces|f2sdram|wr_clk_1  to: sysmem_lite:sysmem|sysmem_HPS_fpga_interfaces:fpga_interfaces|f2sdram~FF_2
    Info (332098): From: sysmem|fpga_interfaces|f2sdram|wr_clk_2  to: sysmem_lite:sysmem|sysmem_HPS_fpga_interfaces:fpga_interfaces|f2sdram~FF_1
    Info (332098): From: sysmem|fpga_interfaces|f2sdram|wr_clk_3  to: sysmem_lite:sysmem|sysmem_HPS_fpga_interfaces:fpga_interfaces|f2sdram~FF_0
Info (332123): Deriving Clock Uncertainty. Please refer to report_sdc in TimeQuest to see clock uncertainties.
########## overall worst 8 ##########
Info (332115): Report Timing: Found 8 setup paths (8 violated).  Worst case slack is -4.023
    Info (332115): -setup
    Info (332115): -npaths 8
    Info (332115): -detail summary
    Info (332115): -stdout
Info (332115): Path #1: Setup slack is -4.023 (VIOLATED)
    Info (332115):    Slack        : -4.023 (VIOLATED)
    Info (332115):    From Node    : emu:emu|ikacore_CV1k:core|blit_top:u_blit|blit_draw:u_blit_draw|b2r_s[8]~DUPLICATE
    Info (332115):    To Node      : emu:emu|ikacore_CV1k:core|blit_top:u_blit|blit_draw:u_blit_draw|b3i_sg[1][4]_OTERM721~DUPLICATE
    Info (332115):    Launch Clock : emu|pll|pll_inst|altera_pll_i|cyclonev_pll|counter[0].output_counter|divclk
    Info (332115):    Latch Clock  : emu|pll|pll_inst|altera_pll_i|cyclonev_pll|counter[0].output_counter|divclk
    Info (332115):    Relationship : 6.504
    Info (332115):    Clock Skew   : -0.496
    Info (332115):    Data Delay   : 9.701
Info (332115): Path #2: Setup slack is -4.020 (VIOLATED)
    Info (332115):    Slack        : -4.020 (VIOLATED)
    Info (332115):    From Node    : emu:emu|ikacore_CV1k:core|blit_top:u_blit|blit_draw:u_blit_draw|b2r_s[8]~DUPLICATE
    Info (332115):    To Node      : emu:emu|ikacore_CV1k:core|blit_top:u_blit|blit_draw:u_blit_draw|b3i_sg[1][4]_OTERM721~DUPLICATE
    Info (332115):    Launch Clock : emu|pll|pll_inst|altera_pll_i|cyclonev_pll|counter[0].output_counter|divclk
    Info (332115):    Latch Clock  : emu|pll|pll_inst|altera_pll_i|cyclonev_pll|counter[0].output_counter|divclk
    Info (332115):    Relationship : 6.504
    Info (332115):    Clock Skew   : -0.496
    Info (332115):    Data Delay   : 9.698
Info (332115): Path #3: Setup slack is -4.017 (VIOLATED)
    Info (332115):    Slack        : -4.017 (VIOLATED)
    Info (332115):    From Node    : emu:emu|ikacore_CV1k:core|blit_top:u_blit|blit_draw:u_blit_draw|b2r_s[8]~DUPLICATE
    Info (332115):    To Node      : emu:emu|ikacore_CV1k:core|blit_top:u_blit|blit_draw:u_blit_draw|b3i_sg[1][4]_OTERM721
    Info (332115):    Launch Clock : emu|pll|pll_inst|altera_pll_i|cyclonev_pll|counter[0].output_counter|divclk
    Info (332115):    Latch Clock  : emu|pll|pll_inst|altera_pll_i|cyclonev_pll|counter[0].output_counter|divclk
    Info (332115):    Relationship : 6.504
    Info (332115):    Clock Skew   : -0.492
    Info (332115):    Data Delay   : 9.699
Info (332115): Path #4: Setup slack is -4.014 (VIOLATED)
    Info (332115):    Slack        : -4.014 (VIOLATED)
    Info (332115):    From Node    : emu:emu|ikacore_CV1k:core|blit_top:u_blit|blit_draw:u_blit_draw|b2r_s[8]~DUPLICATE
    Info (332115):    To Node      : emu:emu|ikacore_CV1k:core|blit_top:u_blit|blit_draw:u_blit_draw|b3i_sg[1][4]_OTERM721
    Info (332115):    Launch Clock : emu|pll|pll_inst|altera_pll_i|cyclonev_pll|counter[0].output_counter|divclk
    Info (332115):    Latch Clock  : emu|pll|pll_inst|altera_pll_i|cyclonev_pll|counter[0].output_counter|divclk
    Info (332115):    Relationship : 6.504
    Info (332115):    Clock Skew   : -0.492
    Info (332115):    Data Delay   : 9.696
Info (332115): Path #5: Setup slack is -3.993 (VIOLATED)
    Info (332115):    Slack        : -3.993 (VIOLATED)
    Info (332115):    From Node    : emu:emu|ikacore_CV1k:core|blit_top:u_blit|blit_draw:u_blit_draw|b2r_s[8]~DUPLICATE
    Info (332115):    To Node      : emu:emu|ikacore_CV1k:core|blit_top:u_blit|blit_draw:u_blit_draw|b3i_sg[1][4]_OTERM721~DUPLICATE
    Info (332115):    Launch Clock : emu|pll|pll_inst|altera_pll_i|cyclonev_pll|counter[0].output_counter|divclk
    Info (332115):    Latch Clock  : emu|pll|pll_inst|altera_pll_i|cyclonev_pll|counter[0].output_counter|divclk
    Info (332115):    Relationship : 6.504
    Info (332115):    Clock Skew   : -0.496
    Info (332115):    Data Delay   : 9.671
Info (332115): Path #6: Setup slack is -3.990 (VIOLATED)
    Info (332115):    Slack        : -3.990 (VIOLATED)
    Info (332115):    From Node    : emu:emu|ikacore_CV1k:core|blit_top:u_blit|blit_draw:u_blit_draw|b2r_s[8]~DUPLICATE
    Info (332115):    To Node      : emu:emu|ikacore_CV1k:core|blit_top:u_blit|blit_draw:u_blit_draw|b3i_sg[1][4]_OTERM721~DUPLICATE
    Info (332115):    Launch Clock : emu|pll|pll_inst|altera_pll_i|cyclonev_pll|counter[0].output_counter|divclk
    Info (332115):    Latch Clock  : emu|pll|pll_inst|altera_pll_i|cyclonev_pll|counter[0].output_counter|divclk
    Info (332115):    Relationship : 6.504
    Info (332115):    Clock Skew   : -0.496
    Info (332115):    Data Delay   : 9.668
Info (332115): Path #7: Setup slack is -3.988 (VIOLATED)
    Info (332115):    Slack        : -3.988 (VIOLATED)
    Info (332115):    From Node    : emu:emu|ikacore_CV1k:core|blit_top:u_blit|blit_draw:u_blit_draw|b2r_s[8]~DUPLICATE
    Info (332115):    To Node      : emu:emu|ikacore_CV1k:core|blit_top:u_blit|blit_draw:u_blit_draw|b3i_sg[1][4]_OTERM721~DUPLICATE
    Info (332115):    Launch Clock : emu|pll|pll_inst|altera_pll_i|cyclonev_pll|counter[0].output_counter|divclk
    Info (332115):    Latch Clock  : emu|pll|pll_inst|altera_pll_i|cyclonev_pll|counter[0].output_counter|divclk
    Info (332115):    Relationship : 6.504
    Info (332115):    Clock Skew   : -0.496
    Info (332115):    Data Delay   : 9.666
Info (332115): Path #8: Setup slack is -3.987 (VIOLATED)
    Info (332115):    Slack        : -3.987 (VIOLATED)
    Info (332115):    From Node    : emu:emu|ikacore_CV1k:core|blit_top:u_blit|blit_draw:u_blit_draw|b2r_s[8]~DUPLICATE
    Info (332115):    To Node      : emu:emu|ikacore_CV1k:core|blit_top:u_blit|blit_draw:u_blit_draw|b3i_sg[1][4]_OTERM721
    Info (332115):    Launch Clock : emu|pll|pll_inst|altera_pll_i|cyclonev_pll|counter[0].output_counter|divclk
    Info (332115):    Latch Clock  : emu|pll|pll_inst|altera_pll_i|cyclonev_pll|counter[0].output_counter|divclk
    Info (332115):    Relationship : 6.504
    Info (332115):    Clock Skew   : -0.492
    Info (332115):    Data Delay   : 9.669
########## fetch w_need->W_END full ##########
Info (332115): Report Timing: Found 1 setup paths (1 violated).  Worst case slack is -2.972
    Info (332115): -to [get_registers {emu|core|u_blit|u_blit_fetch|wst*}]
    Info (332115): -setup
    Info (332115): -npaths 1
    Info (332115): -detail full_path
    Info (332115): -stdout
Info (332115): Path #1: Setup slack is -2.972 (VIOLATED)
    Info (332115): ===================================================================
    Info (332115): From Node    : emu:emu|ikacore_CV1k:core|blit_top:u_blit|blit_fetch:u_blit_fetch|w_need[4]_NEW3050_OTERM7186_OTERM7290_OTERM7366
    Info (332115): To Node      : emu:emu|ikacore_CV1k:core|blit_top:u_blit|blit_fetch:u_blit_fetch|wst.W_END_OTERM7208
    Info (332115): Launch Clock : emu|pll|pll_inst|altera_pll_i|cyclonev_pll|counter[0].output_counter|divclk
    Info (332115): Latch Clock  : emu|pll|pll_inst|altera_pll_i|cyclonev_pll|counter[0].output_counter|divclk
    Info (332115): Data Arrival Path:
    Info (332115): Total (ns)  Incr (ns)     Type  Element
    Info (332115): ==========  ========= ==  ====  ===================================
    Info (332115):      0.000      0.000           launch edge time
    Info (332115):      0.000      0.000           source latency
    Info (332115):      0.000      0.000           FPGA_CLK2_50
    Info (332115):      0.000      0.000 RR    IC  FPGA_CLK2_50~input|i
    Info (332115):      0.766      0.766 RR  CELL  FPGA_CLK2_50~input|o
    Info (332115):      2.097      1.331 RR    IC  emu|pll|pll_inst|altera_pll_i|cyclonev_pll|fpll_0|REFCLK_SELECT|clkin[0]
    Info (332115):      2.430      0.333 RR  CELL  emu|pll|pll_inst|altera_pll_i|cyclonev_pll|fpll_0|REFCLK_SELECT|clkout
    Info (332115):      2.430      0.000 RR    IC  emu|pll|pll_inst|altera_pll_i|cyclonev_pll|fpll_0|fpll|refclkin
    Info (332115):      2.609      0.179 RR  CELL  emu|pll|pll_inst|altera_pll_i|cyclonev_pll|fpll_0|fpll|vcoph[0]
    Info (332115):      2.609      0.000 RR    IC  emu|pll|pll_inst|altera_pll_i|cyclonev_pll|counter[0].output_counter|vco0ph[0]
    Info (332115):      4.347      1.738 RR  CELL  emu|pll|pll_inst|altera_pll_i|cyclonev_pll|counter[0].output_counter|divclk
    Info (332115):      5.383      1.036 RR    IC  emu|pll|pll_inst|altera_pll_i|cyclonev_pll|divclk[0]~CLKENA0|inclk
    Info (332115):      5.693      0.310 RR  CELL  emu|pll|pll_inst|altera_pll_i|cyclonev_pll|divclk[0]~CLKENA0|outclk
    Info (332115):      7.953      2.260 RR    IC  emu|core|u_blit|u_blit_fetch|Mult0~mac|clk[2]
    Info (332115):      8.866      0.913 RR  CELL  emu:emu|ikacore_CV1k:core|blit_top:u_blit|blit_fetch:u_blit_fetch|w_need[4]_NEW3050_OTERM7186_OTERM7290_OTERM7366
    Info (332115):      8.866      0.000     uTco  emu:emu|ikacore_CV1k:core|blit_top:u_blit|blit_fetch:u_blit_fetch|w_need[4]_NEW3050_OTERM7186_OTERM7290_OTERM7366
    Info (332115):      9.604      0.738 RR  CELL  emu|core|u_blit|u_blit_fetch|Mult0~mac|resulta[5]
    Info (332115):     10.300      0.696 RR    IC  emu|core|u_blit|u_blit_fetch|Add11~89|dataf
    Info (332115):     11.482      1.182 RR  CELL  emu|core|u_blit|u_blit_fetch|Add11~89|cout
    Info (332115):     11.482      0.000 RR    IC  emu|core|u_blit|u_blit_fetch|Add11~77|cin
    Info (332115):     11.532      0.050 RR  CELL  emu|core|u_blit|u_blit_fetch|Add11~77|cout
    Info (332115):     11.532      0.000 RR    IC  emu|core|u_blit|u_blit_fetch|Add11~73|cin
    Info (332115):     11.532      0.000 RR  CELL  emu|core|u_blit|u_blit_fetch|Add11~73|cout
    Info (332115):     11.532      0.000 RR    IC  emu|core|u_blit|u_blit_fetch|Add11~53|cin
    Info (332115):     11.579      0.047 RR  CELL  emu|core|u_blit|u_blit_fetch|Add11~53|cout
    Info (332115):     11.579      0.000 RR    IC  emu|core|u_blit|u_blit_fetch|Add11~49|cin
    Info (332115):     11.579      0.000 RR  CELL  emu|core|u_blit|u_blit_fetch|Add11~49|cout
    Info (332115):     11.579      0.000 RR    IC  emu|core|u_blit|u_blit_fetch|Add11~45|cin
    Info (332115):     11.687      0.108 RR  CELL  emu|core|u_blit|u_blit_fetch|Add11~45|cout
    Info (332115):     11.687      0.000 RR    IC  emu|core|u_blit|u_blit_fetch|Add11~41|cin
    Info (332115):     11.687      0.000 RR  CELL  emu|core|u_blit|u_blit_fetch|Add11~41|cout
    Info (332115):     11.687      0.000 RR    IC  emu|core|u_blit|u_blit_fetch|Add11~37|cin
    Info (332115):     11.737      0.050 RR  CELL  emu|core|u_blit|u_blit_fetch|Add11~37|cout
    Info (332115):     11.737      0.000 RR    IC  emu|core|u_blit|u_blit_fetch|Add11~33|cin
    Info (332115):     11.737      0.000 RR  CELL  emu|core|u_blit|u_blit_fetch|Add11~33|cout
    Info (332115):     11.737      0.000 RR    IC  emu|core|u_blit|u_blit_fetch|Add11~69|cin
    Info (332115):     11.787      0.050 RR  CELL  emu|core|u_blit|u_blit_fetch|Add11~69|cout
    Info (332115):     11.787      0.000 RR    IC  emu|core|u_blit|u_blit_fetch|Add11~65|cin
    Info (332115):     11.787      0.000 RR  CELL  emu|core|u_blit|u_blit_fetch|Add11~65|cout
    Info (332115):     11.787      0.000 RR    IC  emu|core|u_blit|u_blit_fetch|Add11~61|cin
    Info (332115):     11.837      0.050 RR  CELL  emu|core|u_blit|u_blit_fetch|Add11~61|cout
    Info (332115):     11.837      0.000 RR    IC  emu|core|u_blit|u_blit_fetch|Add11~57|cin
    Info (332115):     11.837      0.000 RR  CELL  emu|core|u_blit|u_blit_fetch|Add11~57|cout
    Info (332115):     11.837      0.000 RR    IC  emu|core|u_blit|u_blit_fetch|Add11~29|cin
    Info (332115):     11.901      0.064 RR  CELL  emu|core|u_blit|u_blit_fetch|Add11~29|cout
    Info (332115):     11.901      0.000 RR    IC  emu|core|u_blit|u_blit_fetch|Add11~25|cin
    Info (332115):     11.901      0.000 RR  CELL  emu|core|u_blit|u_blit_fetch|Add11~25|cout
    Info (332115):     11.901      0.000 RR    IC  emu|core|u_blit|u_blit_fetch|Add11~21|cin
    Info (332115):     12.001      0.100 RR  CELL  emu|core|u_blit|u_blit_fetch|Add11~21|cout
    Info (332115):     12.001      0.000 RR    IC  emu|core|u_blit|u_blit_fetch|Add11~17|cin
    Info (332115):     12.154      0.153 RF  CELL  emu|core|u_blit|u_blit_fetch|Add11~17|sumout
    Info (332115):     12.930      0.776 FF    IC  emu|core|u_blit|u_blit_fetch|w_need[21]_NEW3109|datac
    Info (332115):     13.413      0.483 FF  CELL  emu|core|u_blit|u_blit_fetch|w_need[21]_NEW3109|combout
    Info (332115):     13.603      0.190 FF    IC  emu|core|u_blit|u_blit_fetch|wst~12|datab
    Info (332115):     14.155      0.552 FR  CELL  emu|core|u_blit|u_blit_fetch|wst~12|combout
    Info (332115):     14.413      0.258 RR    IC  emu|core|u_blit|u_blit_fetch|wst~13|dataf
    Info (332115):     14.501      0.088 RR  CELL  emu|core|u_blit|u_blit_fetch|wst~13|combout
    Info (332115):     14.755      0.254 RR    IC  emu|core|u_blit|u_blit_fetch|wst~19|datac
    Info (332115):     15.188      0.433 RR  CELL  emu|core|u_blit|u_blit_fetch|wst~19|combout
    Info (332115):     15.447      0.259 RR    IC  emu|core|u_blit|u_blit_fetch|wst~20|datac
    Info (332115):     15.921      0.474 RF  CELL  emu|core|u_blit|u_blit_fetch|wst~20|combout
    Info (332115):     16.148      0.227 FF    IC  emu|core|u_blit|u_blit_fetch|wst~21|datac
    Info (332115):     16.636      0.488 FF  CELL  emu|core|u_blit|u_blit_fetch|wst~21|combout
    Info (332115):     16.865      0.229 FF    IC  emu|core|u_blit|u_blit_fetch|wst~24|datac
    Info (332115):     17.292      0.427 FR  CELL  emu|core|u_blit|u_blit_fetch|wst~24|combout
    Info (332115):     17.292      0.000 RR    IC  emu|core|u_blit|u_blit_fetch|wst.W_END_NEW_REG7207|d
    Info (332115):     17.554      0.262 RR  CELL  emu:emu|ikacore_CV1k:core|blit_top:u_blit|blit_fetch:u_blit_fetch|wst.W_END_OTERM7208
    Info (332115): Data Required Path:
    Info (332115): Total (ns)  Incr (ns)     Type  Element
    Info (332115): ==========  ========= ==  ====  ===================================
    Info (332115):      6.504      6.504           latch edge time
    Info (332115):      6.504      0.000           source latency
    Info (332115):      6.504      0.000           FPGA_CLK2_50
    Info (332115):      6.504      0.000 RR    IC  FPGA_CLK2_50~input|i
    Info (332115):      7.270      0.766 RR  CELL  FPGA_CLK2_50~input|o
    Info (332115):      8.443      1.173 RR    IC  emu|pll|pll_inst|altera_pll_i|cyclonev_pll|fpll_0|REFCLK_SELECT|clkin[0]
    Info (332115):      8.753      0.310 RR  CELL  emu|pll|pll_inst|altera_pll_i|cyclonev_pll|fpll_0|REFCLK_SELECT|clkout
    Info (332115):      8.753      0.000 RR    IC  emu|pll|pll_inst|altera_pll_i|cyclonev_pll|fpll_0|fpll|refclkin
    Info (332115):      8.604     -0.149 RR  COMP  emu|pll|pll_inst|altera_pll_i|cyclonev_pll|fpll_0|fpll|vcoph[0]
    Info (332115):      8.604      0.000 RR    IC  emu|pll|pll_inst|altera_pll_i|cyclonev_pll|counter[0].output_counter|vco0ph[0]
    Info (332115):     10.074      1.470 RR  CELL  emu|pll|pll_inst|altera_pll_i|cyclonev_pll|counter[0].output_counter|divclk
    Info (332115):     10.984      0.910 RR    IC  emu|pll|pll_inst|altera_pll_i|cyclonev_pll|divclk[0]~CLKENA0|inclk
    Info (332115):     11.270      0.286 RR  CELL  emu|pll|pll_inst|altera_pll_i|cyclonev_pll|divclk[0]~CLKENA0|outclk
    Info (332115):     13.123      1.853 RR    IC  emu|core|u_blit|u_blit_fetch|wst.W_END_NEW_REG7207|clk
    Info (332115):     13.626      0.503 RR  CELL  emu:emu|ikacore_CV1k:core|blit_top:u_blit|blit_fetch:u_blit_fetch|wst.W_END_OTERM7208
    Info (332115):     14.912      1.286           clock pessimism removed
    Info (332115):     14.582     -0.330           clock uncertainty
    Info (332115):     14.582      0.000     uTsu  emu:emu|ikacore_CV1k:core|blit_top:u_blit|blit_fetch:u_blit_fetch|wst.W_END_OTERM7208
    Info (332115): Data Arrival Time  :    17.554
    Info (332115): Data Required Time :    14.582
    Info (332115): Slack              :    -2.972 (VIOLATED)
    Info (332115): ===================================================================
Info (23030): Evaluation of Tcl script sta_r4w.tcl was successful
Info: Quartus Prime TimeQuest Timing Analyzer was successful. 0 errors, 5 warnings
    Info: Peak virtual memory: 1841 megabytes
    Info: Processing ended: Sat Jul 18 16:14:37 2026
    Info: Elapsed time: 00:00:05
    Info: Total CPU time (on all processors): 00:00:06
