Info: *******************************************************************
Info: Running Quartus Prime TimeQuest Timing Analyzer
    Info: Version 17.0.2 Build 602 07/19/2017 SJ Lite Edition
    Info: Copyright (C) 2017  Intel Corporation. All rights reserved.
    Info: Your use of Intel Corporation's design tools, logic functions 
    Info: and other software and tools, and its AMPP partner logic 
    Info: functions, and any output files from any of the foregoing 
    Info: (including device programming or simulation files), and any 
    Info: associated documentation or information are expressly subject 
    Info: to the terms and conditions of the Intel Program License 
    Info: Subscription Agreement, the Intel Quartus Prime License Agreement,
    Info: the Intel MegaCore Function License Agreement, or other 
    Info: applicable license agreement, including, without limitation, 
    Info: that your use is for the sole purpose of programming logic 
    Info: devices manufactured by Intel and sold by Intel or its 
    Info: authorized distributors.  Please refer to the applicable 
    Info: agreement for further details.
    Info: Processing started: Fri Jul 17 18:54:25 2026
Info: Command: quartus_sta -t sta_sb1.tcl
Info (20030): Parallel compilation is enabled and will use 16 of the 48 processors detected
Info (21077): Core supply voltage is 1.1V
Info (334003): Started post-fitting delay annotation
Info (334004): Delay annotation completed successfully
Info (332164): Evaluating HDL-embedded SDC commands
    Info (332165): Entity altera_std_synchronizer
        Info (332166): set_false_path -to [get_keepers {*altera_std_synchronizer:*|din_s1}]
Info (332104): Reading SDC File: 'sys/sys_top.sdc'
Info (332110): Deriving PLL clocks
    Info (332110): create_generated_clock -source {emu|pll|pll_inst|altera_pll_i|cyclonev_pll|counter[0].output_counter|vco0ph[0]} -divide_by 8 -duty_cycle 50.00 -name {emu|pll|pll_inst|altera_pll_i|cyclonev_pll|counter[0].output_counter|divclk} {emu|pll|pll_inst|altera_pll_i|cyclonev_pll|counter[0].output_counter|divclk}
    Info (332110): create_generated_clock -source {emu|pll|pll_inst|altera_pll_i|cyclonev_pll|counter[1].output_counter|vco0ph[0]} -divide_by 12 -duty_cycle 50.00 -name {emu|pll|pll_inst|altera_pll_i|cyclonev_pll|counter[1].output_counter|divclk} {emu|pll|pll_inst|altera_pll_i|cyclonev_pll|counter[1].output_counter|divclk}
    Info (332110): create_generated_clock -source {emu|pll|pll_inst|altera_pll_i|cyclonev_pll|counter[2].output_counter|vco0ph[0]} -divide_by 12 -phase 56.26 -duty_cycle 50.00 -name {emu|pll|pll_inst|altera_pll_i|cyclonev_pll|counter[2].output_counter|divclk} {emu|pll|pll_inst|altera_pll_i|cyclonev_pll|counter[2].output_counter|divclk}
    Info (332110): create_generated_clock -source {emu|pll|pll_inst|altera_pll_i|cyclonev_pll|fpll_0|fpll|refclkin} -divide_by 512 -multiply_by 12595 -duty_cycle 50.00 -name {emu|pll|pll_inst|altera_pll_i|cyclonev_pll|fpll_0|fpll|vcoph[0]} {emu|pll|pll_inst|altera_pll_i|cyclonev_pll|fpll_0|fpll|vcoph[0]}
    Info (332110): create_generated_clock -source {pll_hdmi|pll_hdmi_inst|altera_pll_i|cyclonev_pll|counter[0].output_counter|vco0ph[0]} -divide_by 3 -duty_cycle 50.00 -name {pll_hdmi|pll_hdmi_inst|altera_pll_i|cyclonev_pll|counter[0].output_counter|divclk} {pll_hdmi|pll_hdmi_inst|altera_pll_i|cyclonev_pll|counter[0].output_counter|divclk}
    Info (332110): create_generated_clock -source {pll_hdmi|pll_hdmi_inst|altera_pll_i|cyclonev_pll|fpll_0|fpll|refclkin} -divide_by 512 -multiply_by 4563 -duty_cycle 50.00 -name {pll_hdmi|pll_hdmi_inst|altera_pll_i|cyclonev_pll|fpll_0|fpll|vcoph[0]} {pll_hdmi|pll_hdmi_inst|altera_pll_i|cyclonev_pll|fpll_0|fpll|vcoph[0]}
    Info (332110): create_generated_clock -source {pll_audio|pll_audio_inst|altera_pll_i|general[0].gpll~FRACTIONAL_PLL|refclkin} -divide_by 512 -multiply_by 4279 -duty_cycle 50.00 -name {pll_audio|pll_audio_inst|altera_pll_i|general[0].gpll~FRACTIONAL_PLL|vcoph[0]} {pll_audio|pll_audio_inst|altera_pll_i|general[0].gpll~FRACTIONAL_PLL|vcoph[0]}
    Info (332110): create_generated_clock -source {pll_audio|pll_audio_inst|altera_pll_i|general[0].gpll~PLL_OUTPUT_COUNTER|vco0ph[0]} -divide_by 17 -duty_cycle 50.00 -name {pll_audio|pll_audio_inst|altera_pll_i|general[0].gpll~PLL_OUTPUT_COUNTER|divclk} {pll_audio|pll_audio_inst|altera_pll_i|general[0].gpll~PLL_OUTPUT_COUNTER|divclk}
Info (332151): Clock uncertainty is not calculated until you update the timing netlist.
Warning (332174): Ignored filter at sys_top.sdc(60): arc* could not be matched with a clock or keeper File: /host/sys/sys_top.sdc Line: 60
Warning (332174): Ignored filter at sys_top.sdc(61): arx* could not be matched with a clock or keeper or register or port or pin or cell or partition File: /host/sys/sys_top.sdc Line: 61
Warning (332174): Ignored filter at sys_top.sdc(61): ary* could not be matched with a clock or keeper or register or port or pin or cell or partition File: /host/sys/sys_top.sdc Line: 61
Warning (332049): Ignored set_false_path at sys_top.sdc(61): Argument <from> is not an object ID File: /host/sys/sys_top.sdc Line: 61
    Info (332050): set_false_path -from {arx* ary*} File: /host/sys/sys_top.sdc Line: 61
Info (332104): Reading SDC File: 'ikacore_CV1k.sdc'
Info (332151): Clock uncertainty is not calculated until you update the timing netlist.
Warning (332174): Ignored filter at ikacore_CV1k.sdc(47): *u_gpr_bram*DATA_IN* could not be matched with a register File: /host/ikacore_CV1k.sdc Line: 47
Info (332097): The following timing edges are non-unate.  TimeQuest will assume pos-unate behavior for these edges in the clock network.
    Info (332098): Cell: emu|pll|pll_inst|altera_pll_i|cyclonev_pll|counter[0].output_counter  from: vco0ph[0]  to: divclk
    Info (332098): Cell: emu|pll|pll_inst|altera_pll_i|cyclonev_pll|counter[1].output_counter  from: vco0ph[0]  to: divclk
    Info (332098): Cell: emu|pll|pll_inst|altera_pll_i|cyclonev_pll|counter[2].output_counter  from: vco0ph[0]  to: divclk
    Info (332098): Cell: emu|pll|pll_inst|altera_pll_i|cyclonev_pll|fpll_0|REFCLK_SELECT  from: clkin[0]  to: clkout
    Info (332098): Cell: emu|pll|pll_inst|altera_pll_i|cyclonev_pll|fpll_0|fpll  from: refclkin  to: fbclk
    Info (332098): Cell: pll_audio|pll_audio_inst|altera_pll_i|general[0].gpll~FRACTIONAL_PLL  from: refclkin  to: fbclk
    Info (332098): Cell: pll_audio|pll_audio_inst|altera_pll_i|general[0].gpll~PLL_OUTPUT_COUNTER  from: vco0ph[0]  to: divclk
    Info (332098): Cell: pll_audio|pll_audio_inst|altera_pll_i|general[0].gpll~PLL_REFCLK_SELECT  from: clkin[0]  to: clkout
    Info (332098): Cell: pll_hdmi|pll_hdmi_inst|altera_pll_i|cyclonev_pll|counter[0].output_counter  from: vco0ph[0]  to: divclk
    Info (332098): Cell: pll_hdmi|pll_hdmi_inst|altera_pll_i|cyclonev_pll|fpll_0|REFCLK_SELECT  from: clkin[0]  to: clkout
    Info (332098): Cell: pll_hdmi|pll_hdmi_inst|altera_pll_i|cyclonev_pll|fpll_0|fpll  from: refclkin  to: fbclk
    Info (332098): From: sysmem|fpga_interfaces|f2sdram|cmd_port_clk_0  to: sysmem_lite:sysmem|sysmem_HPS_fpga_interfaces:fpga_interfaces|f2sdram~FF_762
    Info (332098): From: sysmem|fpga_interfaces|f2sdram|cmd_port_clk_1  to: sysmem_lite:sysmem|sysmem_HPS_fpga_interfaces:fpga_interfaces|f2sdram~FF_827
    Info (332098): From: sysmem|fpga_interfaces|f2sdram|cmd_port_clk_2  to: sysmem_lite:sysmem|sysmem_HPS_fpga_interfaces:fpga_interfaces|f2sdram~FF_920
    Info (332098): From: sysmem|fpga_interfaces|f2sdram|rd_clk_0  to: sysmem_lite:sysmem|sysmem_HPS_fpga_interfaces:fpga_interfaces|f2sdram~FF_7
    Info (332098): From: sysmem|fpga_interfaces|f2sdram|rd_clk_1  to: sysmem_lite:sysmem|sysmem_HPS_fpga_interfaces:fpga_interfaces|f2sdram~FF_6
    Info (332098): From: sysmem|fpga_interfaces|f2sdram|rd_clk_2  to: sysmem_lite:sysmem|sysmem_HPS_fpga_interfaces:fpga_interfaces|f2sdram~FF_5
    Info (332098): From: sysmem|fpga_interfaces|f2sdram|rd_clk_3  to: sysmem_lite:sysmem|sysmem_HPS_fpga_interfaces:fpga_interfaces|f2sdram~FF_4
    Info (332098): From: sysmem|fpga_interfaces|f2sdram|wr_clk_0  to: sysmem_lite:sysmem|sysmem_HPS_fpga_interfaces:fpga_interfaces|f2sdram~FF_3
    Info (332098): From: sysmem|fpga_interfaces|f2sdram|wr_clk_1  to: sysmem_lite:sysmem|sysmem_HPS_fpga_interfaces:fpga_interfaces|f2sdram~FF_2
    Info (332098): From: sysmem|fpga_interfaces|f2sdram|wr_clk_2  to: sysmem_lite:sysmem|sysmem_HPS_fpga_interfaces:fpga_interfaces|f2sdram~FF_1
    Info (332098): From: sysmem|fpga_interfaces|f2sdram|wr_clk_3  to: sysmem_lite:sysmem|sysmem_HPS_fpga_interfaces:fpga_interfaces|f2sdram~FF_0
Info (332123): Deriving Clock Uncertainty. Please refer to report_sdc in TimeQuest to see clock uncertainties.
########## c102 worst 24 summary ##########
Info (332115): Report Timing: Found 24 setup paths (24 violated).  Worst case slack is -5.070
    Info (332115): -to_clock [get_clocks {emu|pll|pll_inst|altera_pll_i|cyclonev_pll|counter[1].output_counter|divclk}]
    Info (332115): -setup
    Info (332115): -npaths 24
    Info (332115): -detail summary
    Info (332115): -stdout
Info (332115): Path #1: Setup slack is -5.070 (VIOLATED)
    Info (332115):    Slack        : -5.070 (VIOLATED)
    Info (332115):    From Node    : emu:emu|ikacore_CV1k:core|blit_top:u_blit|blit_fetch:u_blit_fetch|o_bus_drive
    Info (332115):    To Node      : emu:emu|ikacore_CV1k:core|CV1k_sdram_control:u_pump|o_S_A[7]
    Info (332115):    Launch Clock : emu|pll|pll_inst|altera_pll_i|cyclonev_pll|counter[0].output_counter|divclk
    Info (332115):    Latch Clock  : emu|pll|pll_inst|altera_pll_i|cyclonev_pll|counter[1].output_counter|divclk
    Info (332115):    Relationship : 6.200
    Info (332115):    Clock Skew   : 0.176
    Info (332115):    Data Delay   : 11.176
Info (332115): Path #2: Setup slack is -4.948 (VIOLATED)
    Info (332115):    Slack        : -4.948 (VIOLATED)
    Info (332115):    From Node    : emu:emu|ikacore_CV1k:core|blit_top:u_blit|blit_fetch:u_blit_fetch|o_CAS_n
    Info (332115):    To Node      : emu:emu|ikacore_CV1k:core|CV1k_sdram_control:u_pump|o_S_A[7]
    Info (332115):    Launch Clock : emu|pll|pll_inst|altera_pll_i|cyclonev_pll|counter[0].output_counter|divclk
    Info (332115):    Latch Clock  : emu|pll|pll_inst|altera_pll_i|cyclonev_pll|counter[1].output_counter|divclk
    Info (332115):    Relationship : 6.200
    Info (332115):    Clock Skew   : 0.187
    Info (332115):    Data Delay   : 11.065
Info (332115): Path #3: Setup slack is -4.841 (VIOLATED)
    Info (332115):    Slack        : -4.841 (VIOLATED)
    Info (332115):    From Node    : emu:emu|ikacore_CV1k:core|blit_top:u_blit|blit_fetch:u_blit_fetch|o_bus_drive
    Info (332115):    To Node      : emu:emu|ikacore_CV1k:core|CV1k_sdram_control:u_pump|o_S_A[7]
    Info (332115):    Launch Clock : emu|pll|pll_inst|altera_pll_i|cyclonev_pll|counter[0].output_counter|divclk
    Info (332115):    Latch Clock  : emu|pll|pll_inst|altera_pll_i|cyclonev_pll|counter[1].output_counter|divclk
    Info (332115):    Relationship : 6.200
    Info (332115):    Clock Skew   : 0.176
    Info (332115):    Data Delay   : 10.947
Info (332115): Path #4: Setup slack is -4.761 (VIOLATED)
    Info (332115):    Slack        : -4.761 (VIOLATED)
    Info (332115):    From Node    : emu:emu|ikacore_CV1k:core|blit_top:u_blit|blit_fetch:u_blit_fetch|o_bus_drive
    Info (332115):    To Node      : emu:emu|ikacore_CV1k:core|CV1k_sdram_control:u_pump|o_S_A[7]
    Info (332115):    Launch Clock : emu|pll|pll_inst|altera_pll_i|cyclonev_pll|counter[0].output_counter|divclk
    Info (332115):    Latch Clock  : emu|pll|pll_inst|altera_pll_i|cyclonev_pll|counter[1].output_counter|divclk
    Info (332115):    Relationship : 6.200
    Info (332115):    Clock Skew   : 0.176
    Info (332115):    Data Delay   : 10.867
Info (332115): Path #5: Setup slack is -4.734 (VIOLATED)
    Info (332115):    Slack        : -4.734 (VIOLATED)
    Info (332115):    From Node    : emu:emu|ikacore_CV1k:core|blit_top:u_blit|blit_fetch:u_blit_fetch|o_bus_drive
    Info (332115):    To Node      : emu:emu|ikacore_CV1k:core|CV1k_sdram_control:u_pump|o_S_A[7]
    Info (332115):    Launch Clock : emu|pll|pll_inst|altera_pll_i|cyclonev_pll|counter[0].output_counter|divclk
    Info (332115):    Latch Clock  : emu|pll|pll_inst|altera_pll_i|cyclonev_pll|counter[1].output_counter|divclk
    Info (332115):    Relationship : 6.200
    Info (332115):    Clock Skew   : 0.176
    Info (332115):    Data Delay   : 10.840
Info (332115): Path #6: Setup slack is -4.668 (VIOLATED)
    Info (332115):    Slack        : -4.668 (VIOLATED)
    Info (332115):    From Node    : emu:emu|ikacore_CV1k:core|blit_top:u_blit|blit_fetch:u_blit_fetch|o_CS_n
    Info (332115):    To Node      : emu:emu|ikacore_CV1k:core|CV1k_sdram_control:u_pump|o_S_A[7]
    Info (332115):    Launch Clock : emu|pll|pll_inst|altera_pll_i|cyclonev_pll|counter[0].output_counter|divclk
    Info (332115):    Latch Clock  : emu|pll|pll_inst|altera_pll_i|cyclonev_pll|counter[1].output_counter|divclk
    Info (332115):    Relationship : 6.200
    Info (332115):    Clock Skew   : 0.191
    Info (332115):    Data Delay   : 10.789
Info (332115): Path #7: Setup slack is -4.620 (VIOLATED)
    Info (332115):    Slack        : -4.620 (VIOLATED)
    Info (332115):    From Node    : emu:emu|ikacore_CV1k:core|blit_top:u_blit|blit_fetch:u_blit_fetch|o_bus_drive
    Info (332115):    To Node      : emu:emu|ikacore_CV1k:core|CV1k_sdram_control:u_pump|o_S_A[7]
    Info (332115):    Launch Clock : emu|pll|pll_inst|altera_pll_i|cyclonev_pll|counter[0].output_counter|divclk
    Info (332115):    Latch Clock  : emu|pll|pll_inst|altera_pll_i|cyclonev_pll|counter[1].output_counter|divclk
    Info (332115):    Relationship : 6.200
    Info (332115):    Clock Skew   : 0.176
    Info (332115):    Data Delay   : 10.726
Info (332115): Path #8: Setup slack is -4.573 (VIOLATED)
    Info (332115):    Slack        : -4.573 (VIOLATED)
    Info (332115):    From Node    : emu:emu|ikacore_CV1k:core|blit_top:u_blit|blit_fetch:u_blit_fetch|o_WE
    Info (332115):    To Node      : emu:emu|ikacore_CV1k:core|CV1k_sdram_control:u_pump|o_S_A[7]
    Info (332115):    Launch Clock : emu|pll|pll_inst|altera_pll_i|cyclonev_pll|counter[0].output_counter|divclk
    Info (332115):    Latch Clock  : emu|pll|pll_inst|altera_pll_i|cyclonev_pll|counter[1].output_counter|divclk
    Info (332115):    Relationship : 6.200
    Info (332115):    Clock Skew   : 0.186
    Info (332115):    Data Delay   : 10.689
Info (332115): Path #9: Setup slack is -4.561 (VIOLATED)
    Info (332115):    Slack        : -4.561 (VIOLATED)
    Info (332115):    From Node    : emu:emu|ikacore_CV1k:core|blit_top:u_blit|blit_fetch:u_blit_fetch|o_CS_n
    Info (332115):    To Node      : emu:emu|ikacore_CV1k:core|CV1k_sdram_control:u_pump|o_S_A[7]
    Info (332115):    Launch Clock : emu|pll|pll_inst|altera_pll_i|cyclonev_pll|counter[0].output_counter|divclk
    Info (332115):    Latch Clock  : emu|pll|pll_inst|altera_pll_i|cyclonev_pll|counter[1].output_counter|divclk
    Info (332115):    Relationship : 6.200
    Info (332115):    Clock Skew   : 0.191
    Info (332115):    Data Delay   : 10.682
Info (332115): Path #10: Setup slack is -4.549 (VIOLATED)
    Info (332115):    Slack        : -4.549 (VIOLATED)
    Info (332115):    From Node    : emu:emu|ikacore_CV1k:core|blit_top:u_blit|blit_fetch:u_blit_fetch|o_RAS_n
    Info (332115):    To Node      : emu:emu|ikacore_CV1k:core|CV1k_sdram_control:u_pump|o_S_A[7]
    Info (332115):    Launch Clock : emu|pll|pll_inst|altera_pll_i|cyclonev_pll|counter[0].output_counter|divclk
    Info (332115):    Latch Clock  : emu|pll|pll_inst|altera_pll_i|cyclonev_pll|counter[1].output_counter|divclk
    Info (332115):    Relationship : 6.200
    Info (332115):    Clock Skew   : 0.182
    Info (332115):    Data Delay   : 10.661
Info (332115): Path #11: Setup slack is -4.517 (VIOLATED)
    Info (332115):    Slack        : -4.517 (VIOLATED)
    Info (332115):    From Node    : emu:emu|ikacore_CV1k:core|blit_top:u_blit|blit_fetch:u_blit_fetch|o_bus_drive
    Info (332115):    To Node      : emu:emu|ikacore_CV1k:core|CV1k_sdram_control:u_pump|o_S_A[8]
    Info (332115):    Launch Clock : emu|pll|pll_inst|altera_pll_i|cyclonev_pll|counter[0].output_counter|divclk
    Info (332115):    Latch Clock  : emu|pll|pll_inst|altera_pll_i|cyclonev_pll|counter[1].output_counter|divclk
    Info (332115):    Relationship : 6.200
    Info (332115):    Clock Skew   : 0.175
    Info (332115):    Data Delay   : 10.622
Info (332115): Path #12: Setup slack is -4.509 (VIOLATED)
    Info (332115):    Slack        : -4.509 (VIOLATED)
    Info (332115):    From Node    : emu:emu|ikacore_CV1k:core|blit_top:u_blit|blit_fetch:u_blit_fetch|o_bus_drive
    Info (332115):    To Node      : emu:emu|ikacore_CV1k:core|CV1k_sdram_control:u_pump|o_S_A[7]
    Info (332115):    Launch Clock : emu|pll|pll_inst|altera_pll_i|cyclonev_pll|counter[0].output_counter|divclk
    Info (332115):    Latch Clock  : emu|pll|pll_inst|altera_pll_i|cyclonev_pll|counter[1].output_counter|divclk
    Info (332115):    Relationship : 6.200
    Info (332115):    Clock Skew   : 0.176
    Info (332115):    Data Delay   : 10.615
Info (332115): Path #13: Setup slack is -4.498 (VIOLATED)
    Info (332115):    Slack        : -4.498 (VIOLATED)
    Info (332115):    From Node    : emu:emu|ikacore_CV1k:core|blit_top:u_blit|blit_fetch:u_blit_fetch|o_bus_drive
    Info (332115):    To Node      : emu:emu|ikacore_CV1k:core|CV1k_sdram_control:u_pump|o_S_A[7]
    Info (332115):    Launch Clock : emu|pll|pll_inst|altera_pll_i|cyclonev_pll|counter[0].output_counter|divclk
    Info (332115):    Latch Clock  : emu|pll|pll_inst|altera_pll_i|cyclonev_pll|counter[1].output_counter|divclk
    Info (332115):    Relationship : 6.200
    Info (332115):    Clock Skew   : 0.176
    Info (332115):    Data Delay   : 10.604
Info (332115): Path #14: Setup slack is -4.498 (VIOLATED)
    Info (332115):    Slack        : -4.498 (VIOLATED)
    Info (332115):    From Node    : emu:emu|ikacore_CV1k:core|blit_top:u_blit|blit_fetch:u_blit_fetch|o_bus_drive
    Info (332115):    To Node      : emu:emu|ikacore_CV1k:core|CV1k_sdram_control:u_pump|o_S_A[7]
    Info (332115):    Launch Clock : emu|pll|pll_inst|altera_pll_i|cyclonev_pll|counter[0].output_counter|divclk
    Info (332115):    Latch Clock  : emu|pll|pll_inst|altera_pll_i|cyclonev_pll|counter[1].output_counter|divclk
    Info (332115):    Relationship : 6.200
    Info (332115):    Clock Skew   : 0.176
    Info (332115):    Data Delay   : 10.604
Info (332115): Path #15: Setup slack is -4.360 (VIOLATED)
    Info (332115):    Slack        : -4.360 (VIOLATED)
    Info (332115):    From Node    : emu:emu|ikacore_CV1k:core|blit_top:u_blit|blit_fetch:u_blit_fetch|o_bus_drive
    Info (332115):    To Node      : emu:emu|ikacore_CV1k:core|CV1k_sdram_control:u_pump|o_S_A[7]
    Info (332115):    Launch Clock : emu|pll|pll_inst|altera_pll_i|cyclonev_pll|counter[0].output_counter|divclk
    Info (332115):    Latch Clock  : emu|pll|pll_inst|altera_pll_i|cyclonev_pll|counter[1].output_counter|divclk
    Info (332115):    Relationship : 6.200
    Info (332115):    Clock Skew   : 0.176
    Info (332115):    Data Delay   : 10.466
Info (332115): Path #16: Setup slack is -4.349 (VIOLATED)
    Info (332115):    Slack        : -4.349 (VIOLATED)
    Info (332115):    From Node    : emu:emu|ikacore_CV1k:core|blit_top:u_blit|blit_fetch:u_blit_fetch|o_bus_drive
    Info (332115):    To Node      : emu:emu|ikacore_CV1k:core|CV1k_sdram_control:u_pump|o_S_A[7]
    Info (332115):    Launch Clock : emu|pll|pll_inst|altera_pll_i|cyclonev_pll|counter[0].output_counter|divclk
    Info (332115):    Latch Clock  : emu|pll|pll_inst|altera_pll_i|cyclonev_pll|counter[1].output_counter|divclk
    Info (332115):    Relationship : 6.200
    Info (332115):    Clock Skew   : 0.176
    Info (332115):    Data Delay   : 10.455
Info (332115): Path #17: Setup slack is -4.336 (VIOLATED)
    Info (332115):    Slack        : -4.336 (VIOLATED)
    Info (332115):    From Node    : emu:emu|ikacore_CV1k:core|blit_top:u_blit|blit_fetch:u_blit_fetch|o_CS_n
    Info (332115):    To Node      : emu:emu|ikacore_CV1k:core|CV1k_sdram_control:u_pump|o_S_A[7]
    Info (332115):    Launch Clock : emu|pll|pll_inst|altera_pll_i|cyclonev_pll|counter[0].output_counter|divclk
    Info (332115):    Latch Clock  : emu|pll|pll_inst|altera_pll_i|cyclonev_pll|counter[1].output_counter|divclk
    Info (332115):    Relationship : 6.200
    Info (332115):    Clock Skew   : 0.191
    Info (332115):    Data Delay   : 10.457
Info (332115): Path #18: Setup slack is -4.317 (VIOLATED)
    Info (332115):    Slack        : -4.317 (VIOLATED)
    Info (332115):    From Node    : emu:emu|ikacore_CV1k:core|blit_top:u_blit|blit_fetch:u_blit_fetch|o_WE
    Info (332115):    To Node      : emu:emu|ikacore_CV1k:core|CV1k_sdram_control:u_pump|o_S_A[7]
    Info (332115):    Launch Clock : emu|pll|pll_inst|altera_pll_i|cyclonev_pll|counter[0].output_counter|divclk
    Info (332115):    Latch Clock  : emu|pll|pll_inst|altera_pll_i|cyclonev_pll|counter[1].output_counter|divclk
    Info (332115):    Relationship : 6.200
    Info (332115):    Clock Skew   : 0.186
    Info (332115):    Data Delay   : 10.433
Info (332115): Path #19: Setup slack is -4.306 (VIOLATED)
    Info (332115):    Slack        : -4.306 (VIOLATED)
    Info (332115):    From Node    : emu:emu|ikacore_CV1k:core|blit_top:u_blit|blit_fetch:u_blit_fetch|o_bus_drive
    Info (332115):    To Node      : emu:emu|ikacore_CV1k:core|CV1k_sdram_control:u_pump|o_S_A[7]
    Info (332115):    Launch Clock : emu|pll|pll_inst|altera_pll_i|cyclonev_pll|counter[0].output_counter|divclk
    Info (332115):    Latch Clock  : emu|pll|pll_inst|altera_pll_i|cyclonev_pll|counter[1].output_counter|divclk
    Info (332115):    Relationship : 6.200
    Info (332115):    Clock Skew   : 0.176
    Info (332115):    Data Delay   : 10.412
Info (332115): Path #20: Setup slack is -4.295 (VIOLATED)
    Info (332115):    Slack        : -4.295 (VIOLATED)
    Info (332115):    From Node    : emu:emu|ikacore_CV1k:core|blit_top:u_blit|blit_fetch:u_blit_fetch|o_CAS_n
    Info (332115):    To Node      : emu:emu|ikacore_CV1k:core|CV1k_sdram_control:u_pump|o_S_A[8]
    Info (332115):    Launch Clock : emu|pll|pll_inst|altera_pll_i|cyclonev_pll|counter[0].output_counter|divclk
    Info (332115):    Latch Clock  : emu|pll|pll_inst|altera_pll_i|cyclonev_pll|counter[1].output_counter|divclk
    Info (332115):    Relationship : 6.200
    Info (332115):    Clock Skew   : 0.186
    Info (332115):    Data Delay   : 10.411
Info (332115): Path #21: Setup slack is -4.273 (VIOLATED)
    Info (332115):    Slack        : -4.273 (VIOLATED)
    Info (332115):    From Node    : emu:emu|ikacore_CV1k:core|blit_top:u_blit|blit_fetch:u_blit_fetch|o_bus_drive
    Info (332115):    To Node      : emu:emu|ikacore_CV1k:core|CV1k_sdram_control:u_pump|o_S_A[7]
    Info (332115):    Launch Clock : emu|pll|pll_inst|altera_pll_i|cyclonev_pll|counter[0].output_counter|divclk
    Info (332115):    Latch Clock  : emu|pll|pll_inst|altera_pll_i|cyclonev_pll|counter[1].output_counter|divclk
    Info (332115):    Relationship : 6.200
    Info (332115):    Clock Skew   : 0.176
    Info (332115):    Data Delay   : 10.379
Info (332115): Path #22: Setup slack is -4.254 (VIOLATED)
    Info (332115):    Slack        : -4.254 (VIOLATED)
    Info (332115):    From Node    : emu:emu|ikacore_CV1k:core|blit_top:u_blit|blit_fetch:u_blit_fetch|o_bus_drive
    Info (332115):    To Node      : emu:emu|ikacore_CV1k:core|CV1k_sdram_control:u_pump|o_S_A[7]
    Info (332115):    Launch Clock : emu|pll|pll_inst|altera_pll_i|cyclonev_pll|counter[0].output_counter|divclk
    Info (332115):    Latch Clock  : emu|pll|pll_inst|altera_pll_i|cyclonev_pll|counter[1].output_counter|divclk
    Info (332115):    Relationship : 6.200
    Info (332115):    Clock Skew   : 0.176
    Info (332115):    Data Delay   : 10.360
Info (332115): Path #23: Setup slack is -4.216 (VIOLATED)
    Info (332115):    Slack        : -4.216 (VIOLATED)
    Info (332115):    From Node    : emu:emu|ikacore_CV1k:core|blit_top:u_blit|blit_fetch:u_blit_fetch|o_bus_drive
    Info (332115):    To Node      : emu:emu|ikacore_CV1k:core|CV1k_sdram_control:u_pump|o_S_A[7]
    Info (332115):    Launch Clock : emu|pll|pll_inst|altera_pll_i|cyclonev_pll|counter[0].output_counter|divclk
    Info (332115):    Latch Clock  : emu|pll|pll_inst|altera_pll_i|cyclonev_pll|counter[1].output_counter|divclk
    Info (332115):    Relationship : 6.200
    Info (332115):    Clock Skew   : 0.176
    Info (332115):    Data Delay   : 10.322
Info (332115): Path #24: Setup slack is -4.208 (VIOLATED)
    Info (332115):    Slack        : -4.208 (VIOLATED)
    Info (332115):    From Node    : emu:emu|ikacore_CV1k:core|blit_top:u_blit|blit_fetch:u_blit_fetch|o_CS_n
    Info (332115):    To Node      : emu:emu|ikacore_CV1k:core|CV1k_sdram_control:u_pump|o_S_A[7]
    Info (332115):    Launch Clock : emu|pll|pll_inst|altera_pll_i|cyclonev_pll|counter[0].output_counter|divclk
    Info (332115):    Latch Clock  : emu|pll|pll_inst|altera_pll_i|cyclonev_pll|counter[1].output_counter|divclk
    Info (332115):    Relationship : 6.200
    Info (332115):    Clock Skew   : 0.191
    Info (332115):    Data Delay   : 10.329
########## c102 worst FULL ##########
Info (332115): Report Timing: Found 1 setup paths (1 violated).  Worst case slack is -5.070
    Info (332115): -to_clock [get_clocks {emu|pll|pll_inst|altera_pll_i|cyclonev_pll|counter[1].output_counter|divclk}]
    Info (332115): -setup
    Info (332115): -npaths 1
    Info (332115): -detail path_only
    Info (332115): -stdout
Info (332115): Path #1: Setup slack is -5.070 (VIOLATED)
    Info (332115): ===================================================================
    Info (332115): From Node    : emu:emu|ikacore_CV1k:core|blit_top:u_blit|blit_fetch:u_blit_fetch|o_bus_drive
    Info (332115): To Node      : emu:emu|ikacore_CV1k:core|CV1k_sdram_control:u_pump|o_S_A[7]
    Info (332115): Launch Clock : emu|pll|pll_inst|altera_pll_i|cyclonev_pll|counter[0].output_counter|divclk
    Info (332115): Latch Clock  : emu|pll|pll_inst|altera_pll_i|cyclonev_pll|counter[1].output_counter|divclk
    Info (332115): Max Delay Exception      : 6.200
    Info (332115): Data Arrival Path:
    Info (332115): Total (ns)  Incr (ns)     Type  Element
    Info (332115): ==========  ========= ==  ====  ===================================
    Info (332115):      0.000      0.000           launch edge time
    Info (332115):      8.535      8.535  R        clock network delay
    Info (332115):      8.535      0.000     uTco  emu:emu|ikacore_CV1k:core|blit_top:u_blit|blit_fetch:u_blit_fetch|o_bus_drive
    Info (332115):      8.535      0.000 RR  CELL  emu|core|u_blit|u_blit_fetch|o_bus_drive|q
    Info (332115):      8.899      0.364 RR    IC  emu|core|comb~2|datab
    Info (332115):      9.458      0.559 RF  CELL  emu|core|comb~2|combout
    Info (332115):      9.705      0.247 FF    IC  emu|core|u_pump|o_S_A[2]~22|datac
    Info (332115):     10.197      0.492 FF  CELL  emu|core|u_pump|o_S_A[2]~22|combout
    Info (332115):     10.794      0.597 FF    IC  emu|core|u_pump|o_S_A[2]~47|dataf
    Info (332115):     10.889      0.095 FR  CELL  emu|core|u_pump|o_S_A[2]~47|combout
    Info (332115):     11.141      0.252 RR    IC  emu|core|u_pump|o_S_A~75|datac
    Info (332115):     11.611      0.470 RF  CELL  emu|core|u_pump|o_S_A~75|combout
    Info (332115):     11.841      0.230 FF    IC  emu|core|u_pump|o_S_A~80_RESYN11227|dataf
    Info (332115):     11.921      0.080 FF  CELL  emu|core|u_pump|o_S_A~80_RESYN11227|combout
    Info (332115):     12.122      0.201 FF    IC  emu|core|u_pump|o_S_A~80_RESYN11231|datab
    Info (332115):     12.657      0.535 FF  CELL  emu|core|u_pump|o_S_A~80_RESYN11231|combout
    Info (332115):     13.912      1.255 FF    IC  emu|core|u_pump|o_S_A~80_RESYN11233|dataf
    Info (332115):     13.994      0.082 FF  CELL  emu|core|u_pump|o_S_A~80_RESYN11233|combout
    Info (332115):     14.187      0.193 FF    IC  emu|core|u_pump|o_S_A~80|dataf
    Info (332115):     14.268      0.081 FF  CELL  emu|core|u_pump|o_S_A~80|combout
    Info (332115):     18.927      4.659 FF    IC  emu|core|u_pump|o_S_A[7]|d
    Info (332115):     19.711      0.784 FF  CELL  emu:emu|ikacore_CV1k:core|CV1k_sdram_control:u_pump|o_S_A[7]
    Info (332115): Data Required Path:
    Info (332115): Total (ns)  Incr (ns)     Type  Element
    Info (332115): ==========  ========= ==  ====  ===================================
    Info (332115):      6.200      6.200           latch edge time
    Info (332115):     14.402      8.202  R        clock network delay
    Info (332115):     14.911      0.509           clock pessimism removed
    Info (332115):     14.641     -0.270           clock uncertainty
    Info (332115):     14.641      0.000     uTsu  emu:emu|ikacore_CV1k:core|CV1k_sdram_control:u_pump|o_S_A[7]
    Info (332115): Data Arrival Time  :    19.711
    Info (332115): Data Required Time :    14.641
    Info (332115): Slack              :    -5.070 (VIOLATED)
    Info (332115): ===================================================================
########## c153 worst 10 summary ##########
Info (332115): Report Timing: Found 10 setup paths (10 violated).  Worst case slack is -5.452
    Info (332115): -to_clock [get_clocks {emu|pll|pll_inst|altera_pll_i|cyclonev_pll|counter[0].output_counter|divclk}]
    Info (332115): -setup
    Info (332115): -npaths 10
    Info (332115): -detail summary
    Info (332115): -stdout
Info (332115): Path #1: Setup slack is -5.452 (VIOLATED)
    Info (332115):    Slack        : -5.452 (VIOLATED)
    Info (332115):    From Node    : emu:emu|ikacore_CV1k:core|blit_top:u_blit|blit_fetch:u_blit_fetch|skid_rtl_0_bypass[5]
    Info (332115):    To Node      : emu:emu|ikacore_CV1k:core|blit_top:u_blit|blit_fetch:u_blit_fetch|w_need[0]_OTERM2986
    Info (332115):    Launch Clock : emu|pll|pll_inst|altera_pll_i|cyclonev_pll|counter[0].output_counter|divclk
    Info (332115):    Latch Clock  : emu|pll|pll_inst|altera_pll_i|cyclonev_pll|counter[0].output_counter|divclk
    Info (332115):    Relationship : 6.504
    Info (332115):    Clock Skew   : -0.128
    Info (332115):    Data Delay   : 11.498
Info (332115): Path #2: Setup slack is -5.437 (VIOLATED)
    Info (332115):    Slack        : -5.437 (VIOLATED)
    Info (332115):    From Node    : emu:emu|ikacore_CV1k:core|blit_top:u_blit|blit_fetch:u_blit_fetch|skid_rtl_0_bypass[3]
    Info (332115):    To Node      : emu:emu|ikacore_CV1k:core|blit_top:u_blit|blit_fetch:u_blit_fetch|w_need[0]_OTERM2986
    Info (332115):    Launch Clock : emu|pll|pll_inst|altera_pll_i|cyclonev_pll|counter[0].output_counter|divclk
    Info (332115):    Latch Clock  : emu|pll|pll_inst|altera_pll_i|cyclonev_pll|counter[0].output_counter|divclk
    Info (332115):    Relationship : 6.504
    Info (332115):    Clock Skew   : -0.128
    Info (332115):    Data Delay   : 11.483
Info (332115): Path #3: Setup slack is -5.403 (VIOLATED)
    Info (332115):    Slack        : -5.403 (VIOLATED)
    Info (332115):    From Node    : emu:emu|ikacore_CV1k:core|blit_top:u_blit|blit_fetch:u_blit_fetch|skid_rtl_0_bypass[1]
    Info (332115):    To Node      : emu:emu|ikacore_CV1k:core|blit_top:u_blit|blit_fetch:u_blit_fetch|w_need[0]_OTERM2986
    Info (332115):    Launch Clock : emu|pll|pll_inst|altera_pll_i|cyclonev_pll|counter[0].output_counter|divclk
    Info (332115):    Latch Clock  : emu|pll|pll_inst|altera_pll_i|cyclonev_pll|counter[0].output_counter|divclk
    Info (332115):    Relationship : 6.504
    Info (332115):    Clock Skew   : -0.124
    Info (332115):    Data Delay   : 11.453
Info (332115): Path #4: Setup slack is -5.389 (VIOLATED)
    Info (332115):    Slack        : -5.389 (VIOLATED)
    Info (332115):    From Node    : emu:emu|ikacore_CV1k:core|blit_top:u_blit|blit_fetch:u_blit_fetch|skid_rtl_0_bypass[5]
    Info (332115):    To Node      : emu:emu|ikacore_CV1k:core|blit_top:u_blit|blit_fetch:u_blit_fetch|w_need[5]_OTERM605
    Info (332115):    Launch Clock : emu|pll|pll_inst|altera_pll_i|cyclonev_pll|counter[0].output_counter|divclk
    Info (332115):    Latch Clock  : emu|pll|pll_inst|altera_pll_i|cyclonev_pll|counter[0].output_counter|divclk
    Info (332115):    Relationship : 6.504
    Info (332115):    Clock Skew   : -0.165
    Info (332115):    Data Delay   : 11.398
Info (332115): Path #5: Setup slack is -5.374 (VIOLATED)
    Info (332115):    Slack        : -5.374 (VIOLATED)
    Info (332115):    From Node    : emu:emu|ikacore_CV1k:core|blit_top:u_blit|blit_fetch:u_blit_fetch|skid_rtl_0_bypass[3]
    Info (332115):    To Node      : emu:emu|ikacore_CV1k:core|blit_top:u_blit|blit_fetch:u_blit_fetch|w_need[5]_OTERM605
    Info (332115):    Launch Clock : emu|pll|pll_inst|altera_pll_i|cyclonev_pll|counter[0].output_counter|divclk
    Info (332115):    Latch Clock  : emu|pll|pll_inst|altera_pll_i|cyclonev_pll|counter[0].output_counter|divclk
    Info (332115):    Relationship : 6.504
    Info (332115):    Clock Skew   : -0.165
    Info (332115):    Data Delay   : 11.383
Info (332115): Path #6: Setup slack is -5.371 (VIOLATED)
    Info (332115):    Slack        : -5.371 (VIOLATED)
    Info (332115):    From Node    : emu:emu|ikacore_CV1k:core|blit_top:u_blit|blit_fetch:u_blit_fetch|skid_rtl_0_bypass[5]
    Info (332115):    To Node      : emu:emu|ikacore_CV1k:core|blit_top:u_blit|blit_fetch:u_blit_fetch|w_need[0]_OTERM2986
    Info (332115):    Launch Clock : emu|pll|pll_inst|altera_pll_i|cyclonev_pll|counter[0].output_counter|divclk
    Info (332115):    Latch Clock  : emu|pll|pll_inst|altera_pll_i|cyclonev_pll|counter[0].output_counter|divclk
    Info (332115):    Relationship : 6.504
    Info (332115):    Clock Skew   : -0.128
    Info (332115):    Data Delay   : 11.417
Info (332115): Path #7: Setup slack is -5.356 (VIOLATED)
    Info (332115):    Slack        : -5.356 (VIOLATED)
    Info (332115):    From Node    : emu:emu|ikacore_CV1k:core|blit_top:u_blit|blit_fetch:u_blit_fetch|skid_rtl_0_bypass[3]
    Info (332115):    To Node      : emu:emu|ikacore_CV1k:core|blit_top:u_blit|blit_fetch:u_blit_fetch|w_need[0]_OTERM2986
    Info (332115):    Launch Clock : emu|pll|pll_inst|altera_pll_i|cyclonev_pll|counter[0].output_counter|divclk
    Info (332115):    Latch Clock  : emu|pll|pll_inst|altera_pll_i|cyclonev_pll|counter[0].output_counter|divclk
    Info (332115):    Relationship : 6.504
    Info (332115):    Clock Skew   : -0.128
    Info (332115):    Data Delay   : 11.402
Info (332115): Path #8: Setup slack is -5.351 (VIOLATED)
    Info (332115):    Slack        : -5.351 (VIOLATED)
    Info (332115):    From Node    : emu:emu|ikacore_CV1k:core|blit_top:u_blit|blit_fetch:u_blit_fetch|skid_rtl_0_bypass[5]
    Info (332115):    To Node      : emu:emu|ikacore_CV1k:core|blit_top:u_blit|blit_fetch:u_blit_fetch|w_need[15]_OTERM491
    Info (332115):    Launch Clock : emu|pll|pll_inst|altera_pll_i|cyclonev_pll|counter[0].output_counter|divclk
    Info (332115):    Latch Clock  : emu|pll|pll_inst|altera_pll_i|cyclonev_pll|counter[0].output_counter|divclk
    Info (332115):    Relationship : 6.504
    Info (332115):    Clock Skew   : -0.160
    Info (332115):    Data Delay   : 11.365
Info (332115): Path #9: Setup slack is -5.340 (VIOLATED)
    Info (332115):    Slack        : -5.340 (VIOLATED)
    Info (332115):    From Node    : emu:emu|ikacore_CV1k:core|blit_top:u_blit|blit_fetch:u_blit_fetch|skid_rtl_0_bypass[1]
    Info (332115):    To Node      : emu:emu|ikacore_CV1k:core|blit_top:u_blit|blit_fetch:u_blit_fetch|w_need[5]_OTERM605
    Info (332115):    Launch Clock : emu|pll|pll_inst|altera_pll_i|cyclonev_pll|counter[0].output_counter|divclk
    Info (332115):    Latch Clock  : emu|pll|pll_inst|altera_pll_i|cyclonev_pll|counter[0].output_counter|divclk
    Info (332115):    Relationship : 6.504
    Info (332115):    Clock Skew   : -0.161
    Info (332115):    Data Delay   : 11.353
Info (332115): Path #10: Setup slack is -5.336 (VIOLATED)
    Info (332115):    Slack        : -5.336 (VIOLATED)
    Info (332115):    From Node    : emu:emu|ikacore_CV1k:core|blit_top:u_blit|blit_fetch:u_blit_fetch|skid_rtl_0_bypass[3]
    Info (332115):    To Node      : emu:emu|ikacore_CV1k:core|blit_top:u_blit|blit_fetch:u_blit_fetch|w_need[15]_OTERM491
    Info (332115):    Launch Clock : emu|pll|pll_inst|altera_pll_i|cyclonev_pll|counter[0].output_counter|divclk
    Info (332115):    Latch Clock  : emu|pll|pll_inst|altera_pll_i|cyclonev_pll|counter[0].output_counter|divclk
    Info (332115):    Relationship : 6.504
    Info (332115):    Clock Skew   : -0.160
    Info (332115):    Data Delay   : 11.350
Info (23030): Evaluation of Tcl script sta_sb1.tcl was successful
Info: Quartus Prime TimeQuest Timing Analyzer was successful. 0 errors, 5 warnings
    Info: Peak virtual memory: 2654 megabytes
    Info: Processing ended: Fri Jul 17 18:54:48 2026
    Info: Elapsed time: 00:00:23
    Info: Total CPU time (on all processors): 00:01:30
