Info: *******************************************************************
Info: Running Quartus Prime TimeQuest Timing Analyzer
    Info: Version 17.0.2 Build 602 07/19/2017 SJ Lite Edition
    Info: Copyright (C) 2017  Intel Corporation. All rights reserved.
    Info: Your use of Intel Corporation's design tools, logic functions 
    Info: and other software and tools, and its AMPP partner logic 
    Info: functions, and any output files from any of the foregoing 
    Info: (including device programming or simulation files), and any 
    Info: associated documentation or information are expressly subject 
    Info: to the terms and conditions of the Intel Program License 
    Info: Subscription Agreement, the Intel Quartus Prime License Agreement,
    Info: the Intel MegaCore Function License Agreement, or other 
    Info: applicable license agreement, including, without limitation, 
    Info: that your use is for the sole purpose of programming logic 
    Info: devices manufactured by Intel and sold by Intel or its 
    Info: authorized distributors.  Please refer to the applicable 
    Info: agreement for further details.
    Info: Processing started: Sun Jul 19 06:48:06 2026
Info: Command: quartus_sta -t sta_cones.tcl
Info (20030): Parallel compilation is enabled and will use 16 of the 48 processors detected
Info (21077): Core supply voltage is 1.1V
Info (334003): Started post-fitting delay annotation
Info (334004): Delay annotation completed successfully
Info (332164): Evaluating HDL-embedded SDC commands
    Info (332165): Entity altera_std_synchronizer
        Info (332166): set_false_path -to [get_keepers {*altera_std_synchronizer:*|din_s1}]
Info (332104): Reading SDC File: 'sys/sys_top.sdc'
Info (332110): Deriving PLL clocks
    Info (332110): create_generated_clock -source {emu|pll|pll_inst|altera_pll_i|cyclonev_pll|counter[0].output_counter|vco0ph[0]} -divide_by 8 -duty_cycle 50.00 -name {emu|pll|pll_inst|altera_pll_i|cyclonev_pll|counter[0].output_counter|divclk} {emu|pll|pll_inst|altera_pll_i|cyclonev_pll|counter[0].output_counter|divclk}
    Info (332110): create_generated_clock -source {emu|pll|pll_inst|altera_pll_i|cyclonev_pll|fpll_0|fpll|refclkin} -divide_by 512 -multiply_by 12595 -duty_cycle 50.00 -name {emu|pll|pll_inst|altera_pll_i|cyclonev_pll|fpll_0|fpll|vcoph[0]} {emu|pll|pll_inst|altera_pll_i|cyclonev_pll|fpll_0|fpll|vcoph[0]}
    Info (332110): create_generated_clock -source {emu|pll|pll_inst|altera_pll_i|cyclonev_pll|counter[1].output_counter|vco0ph[0]} -divide_by 12 -duty_cycle 50.00 -name {emu|pll|pll_inst|altera_pll_i|cyclonev_pll|counter[1].output_counter|divclk} {emu|pll|pll_inst|altera_pll_i|cyclonev_pll|counter[1].output_counter|divclk}
    Info (332110): create_generated_clock -source {emu|pll|pll_inst|altera_pll_i|cyclonev_pll|counter[2].output_counter|vco0ph[0]} -divide_by 12 -phase 56.26 -duty_cycle 50.00 -name {emu|pll|pll_inst|altera_pll_i|cyclonev_pll|counter[2].output_counter|divclk} {emu|pll|pll_inst|altera_pll_i|cyclonev_pll|counter[2].output_counter|divclk}
    Info (332110): create_generated_clock -source {pll_hdmi|pll_hdmi_inst|altera_pll_i|cyclonev_pll|counter[0].output_counter|vco0ph[0]} -divide_by 3 -duty_cycle 50.00 -name {pll_hdmi|pll_hdmi_inst|altera_pll_i|cyclonev_pll|counter[0].output_counter|divclk} {pll_hdmi|pll_hdmi_inst|altera_pll_i|cyclonev_pll|counter[0].output_counter|divclk}
    Info (332110): create_generated_clock -source {pll_hdmi|pll_hdmi_inst|altera_pll_i|cyclonev_pll|fpll_0|fpll|refclkin} -divide_by 512 -multiply_by 4563 -duty_cycle 50.00 -name {pll_hdmi|pll_hdmi_inst|altera_pll_i|cyclonev_pll|fpll_0|fpll|vcoph[0]} {pll_hdmi|pll_hdmi_inst|altera_pll_i|cyclonev_pll|fpll_0|fpll|vcoph[0]}
    Info (332110): create_generated_clock -source {pll_audio|pll_audio_inst|altera_pll_i|general[0].gpll~FRACTIONAL_PLL|refclkin} -divide_by 512 -multiply_by 4279 -duty_cycle 50.00 -name {pll_audio|pll_audio_inst|altera_pll_i|general[0].gpll~FRACTIONAL_PLL|vcoph[0]} {pll_audio|pll_audio_inst|altera_pll_i|general[0].gpll~FRACTIONAL_PLL|vcoph[0]}
    Info (332110): create_generated_clock -source {pll_audio|pll_audio_inst|altera_pll_i|general[0].gpll~PLL_OUTPUT_COUNTER|vco0ph[0]} -divide_by 17 -duty_cycle 50.00 -name {pll_audio|pll_audio_inst|altera_pll_i|general[0].gpll~PLL_OUTPUT_COUNTER|divclk} {pll_audio|pll_audio_inst|altera_pll_i|general[0].gpll~PLL_OUTPUT_COUNTER|divclk}
Info (332151): Clock uncertainty is not calculated until you update the timing netlist.
Warning (332174): Ignored filter at sys_top.sdc(60): arc* could not be matched with a clock or keeper File: /host/sys/sys_top.sdc Line: 60
Warning (332174): Ignored filter at sys_top.sdc(61): arx* could not be matched with a clock or keeper or register or port or pin or cell or partition File: /host/sys/sys_top.sdc Line: 61
Warning (332174): Ignored filter at sys_top.sdc(61): ary* could not be matched with a clock or keeper or register or port or pin or cell or partition File: /host/sys/sys_top.sdc Line: 61
Warning (332049): Ignored set_false_path at sys_top.sdc(61): Argument <from> is not an object ID File: /host/sys/sys_top.sdc Line: 61
    Info (332050): set_false_path -from {arx* ary*} File: /host/sys/sys_top.sdc Line: 61
Info (332104): Reading SDC File: 'ikacore_CV1k.sdc'
Info (332151): Clock uncertainty is not calculated until you update the timing netlist.
Warning (332174): Ignored filter at ikacore_CV1k.sdc(55): *u_gpr_bram*DATA_IN* could not be matched with a register File: /host/ikacore_CV1k.sdc Line: 55
Warning (332174): Ignored filter at ikacore_CV1k.sdc(193): emu|core|u_u2_nand|cur_word_q[*] could not be matched with a register File: /host/ikacore_CV1k.sdc Line: 193
Info (332097): The following timing edges are non-unate.  TimeQuest will assume pos-unate behavior for these edges in the clock network.
    Info (332098): Cell: emu|pll|pll_inst|altera_pll_i|cyclonev_pll|counter[0].output_counter  from: vco0ph[0]  to: divclk
    Info (332098): Cell: emu|pll|pll_inst|altera_pll_i|cyclonev_pll|counter[1].output_counter  from: vco0ph[0]  to: divclk
    Info (332098): Cell: emu|pll|pll_inst|altera_pll_i|cyclonev_pll|counter[2].output_counter  from: vco0ph[0]  to: divclk
    Info (332098): Cell: emu|pll|pll_inst|altera_pll_i|cyclonev_pll|fpll_0|REFCLK_SELECT  from: clkin[0]  to: clkout
    Info (332098): Cell: emu|pll|pll_inst|altera_pll_i|cyclonev_pll|fpll_0|fpll  from: refclkin  to: fbclk
    Info (332098): Cell: pll_audio|pll_audio_inst|altera_pll_i|general[0].gpll~FRACTIONAL_PLL  from: refclkin  to: fbclk
    Info (332098): Cell: pll_audio|pll_audio_inst|altera_pll_i|general[0].gpll~PLL_OUTPUT_COUNTER  from: vco0ph[0]  to: divclk
    Info (332098): Cell: pll_audio|pll_audio_inst|altera_pll_i|general[0].gpll~PLL_REFCLK_SELECT  from: clkin[0]  to: clkout
    Info (332098): Cell: pll_hdmi|pll_hdmi_inst|altera_pll_i|cyclonev_pll|counter[0].output_counter  from: vco0ph[0]  to: divclk
    Info (332098): Cell: pll_hdmi|pll_hdmi_inst|altera_pll_i|cyclonev_pll|fpll_0|REFCLK_SELECT  from: clkin[0]  to: clkout
    Info (332098): Cell: pll_hdmi|pll_hdmi_inst|altera_pll_i|cyclonev_pll|fpll_0|fpll  from: refclkin  to: fbclk
    Info (332098): From: sysmem|fpga_interfaces|f2sdram|cmd_port_clk_0  to: sysmem_lite:sysmem|sysmem_HPS_fpga_interfaces:fpga_interfaces|f2sdram~FF_762
    Info (332098): From: sysmem|fpga_interfaces|f2sdram|cmd_port_clk_1  to: sysmem_lite:sysmem|sysmem_HPS_fpga_interfaces:fpga_interfaces|f2sdram~FF_827
    Info (332098): From: sysmem|fpga_interfaces|f2sdram|cmd_port_clk_2  to: sysmem_lite:sysmem|sysmem_HPS_fpga_interfaces:fpga_interfaces|f2sdram~FF_920
    Info (332098): From: sysmem|fpga_interfaces|f2sdram|rd_clk_0  to: sysmem_lite:sysmem|sysmem_HPS_fpga_interfaces:fpga_interfaces|f2sdram~FF_7
    Info (332098): From: sysmem|fpga_interfaces|f2sdram|rd_clk_1  to: sysmem_lite:sysmem|sysmem_HPS_fpga_interfaces:fpga_interfaces|f2sdram~FF_6
    Info (332098): From: sysmem|fpga_interfaces|f2sdram|rd_clk_2  to: sysmem_lite:sysmem|sysmem_HPS_fpga_interfaces:fpga_interfaces|f2sdram~FF_5
    Info (332098): From: sysmem|fpga_interfaces|f2sdram|rd_clk_3  to: sysmem_lite:sysmem|sysmem_HPS_fpga_interfaces:fpga_interfaces|f2sdram~FF_4
    Info (332098): From: sysmem|fpga_interfaces|f2sdram|wr_clk_0  to: sysmem_lite:sysmem|sysmem_HPS_fpga_interfaces:fpga_interfaces|f2sdram~FF_3
    Info (332098): From: sysmem|fpga_interfaces|f2sdram|wr_clk_1  to: sysmem_lite:sysmem|sysmem_HPS_fpga_interfaces:fpga_interfaces|f2sdram~FF_2
    Info (332098): From: sysmem|fpga_interfaces|f2sdram|wr_clk_2  to: sysmem_lite:sysmem|sysmem_HPS_fpga_interfaces:fpga_interfaces|f2sdram~FF_1
    Info (332098): From: sysmem|fpga_interfaces|f2sdram|wr_clk_3  to: sysmem_lite:sysmem|sysmem_HPS_fpga_interfaces:fpga_interfaces|f2sdram~FF_0
Info (332123): Deriving Clock Uncertainty. Please refer to report_sdc in TimeQuest to see clock uncertainties.
########## c153-to gov ##########
Info (332115): Report Timing: Found 3 setup paths (3 violated).  Worst case slack is -2.526
    Info (332115): -to [get_registers {emu|core|u_blit|u_blit_gov|*}]
    Info (332115): -setup
    Info (332115): -npaths 3
    Info (332115): -detail summary
    Info (332115): -stdout
Info (332115): Path #1: Setup slack is -2.526 (VIOLATED)
    Info (332115):    Slack        : -2.526 (VIOLATED)
    Info (332115):    From Node    : emu:emu|ikacore_CV1k:core|blit_top:u_blit|blit_gov:u_blit_gov|o_busy~DUPLICATE
    Info (332115):    To Node      : emu:emu|ikacore_CV1k:core|blit_top:u_blit|blit_gov:u_blit_gov|tnbe[41]
    Info (332115):    Launch Clock : emu|pll|pll_inst|altera_pll_i|cyclonev_pll|counter[0].output_counter|divclk
    Info (332115):    Latch Clock  : emu|pll|pll_inst|altera_pll_i|cyclonev_pll|counter[0].output_counter|divclk
    Info (332115):    Relationship : 6.504
    Info (332115):    Clock Skew   : -0.542
    Info (332115):    Data Delay   : 8.158
Info (332115): Path #2: Setup slack is -2.453 (VIOLATED)
    Info (332115):    Slack        : -2.453 (VIOLATED)
    Info (332115):    From Node    : emu:emu|ikacore_CV1k:core|blit_top:u_blit|blit_gov:u_blit_gov|o_busy~DUPLICATE
    Info (332115):    To Node      : emu:emu|ikacore_CV1k:core|blit_top:u_blit|blit_gov:u_blit_gov|tnbe[31]
    Info (332115):    Launch Clock : emu|pll|pll_inst|altera_pll_i|cyclonev_pll|counter[0].output_counter|divclk
    Info (332115):    Latch Clock  : emu|pll|pll_inst|altera_pll_i|cyclonev_pll|counter[0].output_counter|divclk
    Info (332115):    Relationship : 6.504
    Info (332115):    Clock Skew   : -0.532
    Info (332115):    Data Delay   : 8.095
Info (332115): Path #3: Setup slack is -2.435 (VIOLATED)
    Info (332115):    Slack        : -2.435 (VIOLATED)
    Info (332115):    From Node    : emu:emu|ikacore_CV1k:core|blit_top:u_blit|blit_gov:u_blit_gov|o_busy~DUPLICATE
    Info (332115):    To Node      : emu:emu|ikacore_CV1k:core|blit_top:u_blit|blit_gov:u_blit_gov|tnbe[39]
    Info (332115):    Launch Clock : emu|pll|pll_inst|altera_pll_i|cyclonev_pll|counter[0].output_counter|divclk
    Info (332115):    Latch Clock  : emu|pll|pll_inst|altera_pll_i|cyclonev_pll|counter[0].output_counter|divclk
    Info (332115):    Relationship : 6.504
    Info (332115):    Clock Skew   : -0.536
    Info (332115):    Data Delay   : 8.073
########## c153-to draw ##########
Info (332115): Report Timing: Found 3 setup paths (3 violated).  Worst case slack is -2.098
    Info (332115): -to [get_registers {emu|core|u_blit|u_blit_draw|*}]
    Info (332115): -setup
    Info (332115): -npaths 3
    Info (332115): -detail summary
    Info (332115): -stdout
Info (332115): Path #1: Setup slack is -2.098 (VIOLATED)
    Info (332115):    Slack        : -2.098 (VIOLATED)
    Info (332115):    From Node    : emu:emu|ikacore_CV1k:core|blit_top:u_blit|blit_draw:u_blit_draw|p3_sxlo[0]
    Info (332115):    To Node      : emu:emu|ikacore_CV1k:core|blit_top:u_blit|blit_draw:u_blit_draw|q_waitpipe
    Info (332115):    Launch Clock : emu|pll|pll_inst|altera_pll_i|cyclonev_pll|counter[0].output_counter|divclk
    Info (332115):    Latch Clock  : emu|pll|pll_inst|altera_pll_i|cyclonev_pll|counter[0].output_counter|divclk
    Info (332115):    Relationship : 6.504
    Info (332115):    Clock Skew   : -0.034
    Info (332115):    Data Delay   : 8.238
Info (332115): Path #2: Setup slack is -2.008 (VIOLATED)
    Info (332115):    Slack        : -2.008 (VIOLATED)
    Info (332115):    From Node    : emu:emu|ikacore_CV1k:core|blit_top:u_blit|blit_draw:u_blit_draw|up_dimy[0]
    Info (332115):    To Node      : emu:emu|ikacore_CV1k:core|blit_top:u_blit|blit_draw:u_blit_draw|pv_xlo[11]
    Info (332115):    Launch Clock : emu|pll|pll_inst|altera_pll_i|cyclonev_pll|counter[0].output_counter|divclk
    Info (332115):    Latch Clock  : emu|pll|pll_inst|altera_pll_i|cyclonev_pll|counter[0].output_counter|divclk
    Info (332115):    Relationship : 6.504
    Info (332115):    Clock Skew   : -0.459
    Info (332115):    Data Delay   : 7.723
Info (332115): Path #3: Setup slack is -2.008 (VIOLATED)
    Info (332115):    Slack        : -2.008 (VIOLATED)
    Info (332115):    From Node    : emu:emu|ikacore_CV1k:core|blit_top:u_blit|blit_draw:u_blit_draw|up_dimy[0]
    Info (332115):    To Node      : emu:emu|ikacore_CV1k:core|blit_top:u_blit|blit_draw:u_blit_draw|pv_xlo[12]
    Info (332115):    Launch Clock : emu|pll|pll_inst|altera_pll_i|cyclonev_pll|counter[0].output_counter|divclk
    Info (332115):    Latch Clock  : emu|pll|pll_inst|altera_pll_i|cyclonev_pll|counter[0].output_counter|divclk
    Info (332115):    Relationship : 6.504
    Info (332115):    Clock Skew   : -0.459
    Info (332115):    Data Delay   : 7.723
########## c153-to fetch153 ##########
Info (332115): Report Timing: Found 3 setup paths (3 violated).  Worst case slack is -2.100
    Info (332115): -to [get_registers {emu|core|u_blit|u_blit_fetch|*}]
    Info (332115): -setup
    Info (332115): -npaths 3
    Info (332115): -detail summary
    Info (332115): -stdout
Info (332115): Path #1: Setup slack is -2.100 (VIOLATED)
    Info (332115):    Slack        : -2.100 (VIOLATED)
    Info (332115):    From Node    : emu:emu|ikacore_CV1k:core|blit_top:u_blit|blit_video:u_blit_video|steal_cnt[5]
    Info (332115):    To Node      : emu:emu|ikacore_CV1k:core|blit_top:u_blit|blit_fetch:u_blit_fetch|Equal6~3_OTERM2540
    Info (332115):    Launch Clock : emu|pll|pll_inst|altera_pll_i|cyclonev_pll|counter[0].output_counter|divclk
    Info (332115):    Latch Clock  : emu|pll|pll_inst|altera_pll_i|cyclonev_pll|counter[0].output_counter|divclk
    Info (332115):    Relationship : 6.504
    Info (332115):    Clock Skew   : -0.539
    Info (332115):    Data Delay   : 7.735
Info (332115): Path #2: Setup slack is -2.041 (VIOLATED)
    Info (332115):    Slack        : -2.041 (VIOLATED)
    Info (332115):    From Node    : emu:emu|ikacore_CV1k:core|blit_top:u_blit|blit_video:u_blit_video|steal_cnt[2]
    Info (332115):    To Node      : emu:emu|ikacore_CV1k:core|blit_top:u_blit|blit_fetch:u_blit_fetch|Equal6~3_OTERM2540
    Info (332115):    Launch Clock : emu|pll|pll_inst|altera_pll_i|cyclonev_pll|counter[0].output_counter|divclk
    Info (332115):    Latch Clock  : emu|pll|pll_inst|altera_pll_i|cyclonev_pll|counter[0].output_counter|divclk
    Info (332115):    Relationship : 6.504
    Info (332115):    Clock Skew   : -0.534
    Info (332115):    Data Delay   : 7.681
Info (332115): Path #3: Setup slack is -1.996 (VIOLATED)
    Info (332115):    Slack        : -1.996 (VIOLATED)
    Info (332115):    From Node    : emu:emu|ikacore_CV1k:core|blit_top:u_blit|blit_video:u_blit_video|steal_cnt[5]
    Info (332115):    To Node      : emu:emu|ikacore_CV1k:core|blit_top:u_blit|blit_fetch:u_blit_fetch|Equal6~3_OTERM2540
    Info (332115):    Launch Clock : emu|pll|pll_inst|altera_pll_i|cyclonev_pll|counter[0].output_counter|divclk
    Info (332115):    Latch Clock  : emu|pll|pll_inst|altera_pll_i|cyclonev_pll|counter[0].output_counter|divclk
    Info (332115):    Relationship : 6.504
    Info (332115):    Clock Skew   : -0.539
    Info (332115):    Data Delay   : 7.631
########## c153-to video ##########
Info (332115): Report Timing: Found 3 setup paths (3 violated).  Worst case slack is -2.402
    Info (332115): -to [get_registers {emu|core|u_blit|u_blit_video|*}]
    Info (332115): -setup
    Info (332115): -npaths 3
    Info (332115): -detail summary
    Info (332115): -stdout
Info (332115): Path #1: Setup slack is -2.402 (VIOLATED)
    Info (332115):    Slack        : -2.402 (VIOLATED)
    Info (332115):    From Node    : emu:emu|ikacore_CV1k:core|CV1k_ddr3_harness:u_harness|altsyncram:oq_rtl_0|altsyncram_o2n1:auto_generated|ram_block1a8~PORT_B_WRITE_ENABLE_REG
    Info (332115):    To Node      : emu:emu|ikacore_CV1k:core|blit_top:u_blit|blit_video:u_blit_video|g_fetch_train.lfq_d[57]
    Info (332115):    Launch Clock : emu|pll|pll_inst|altera_pll_i|cyclonev_pll|counter[0].output_counter|divclk
    Info (332115):    Latch Clock  : emu|pll|pll_inst|altera_pll_i|cyclonev_pll|counter[0].output_counter|divclk
    Info (332115):    Relationship : 6.504
    Info (332115):    Clock Skew   : -2.438
    Info (332115):    Data Delay   : 6.138
Info (332115): Path #2: Setup slack is -2.402 (VIOLATED)
    Info (332115):    Slack        : -2.402 (VIOLATED)
    Info (332115):    From Node    : emu:emu|ikacore_CV1k:core|CV1k_ddr3_harness:u_harness|altsyncram:oq_rtl_0|altsyncram_o2n1:auto_generated|ram_block1a8~PORT_B_WRITE_ENABLE_REG
    Info (332115):    To Node      : emu:emu|ikacore_CV1k:core|blit_top:u_blit|blit_video:u_blit_video|g_fetch_train.lfq_d[1]
    Info (332115):    Launch Clock : emu|pll|pll_inst|altera_pll_i|cyclonev_pll|counter[0].output_counter|divclk
    Info (332115):    Latch Clock  : emu|pll|pll_inst|altera_pll_i|cyclonev_pll|counter[0].output_counter|divclk
    Info (332115):    Relationship : 6.504
    Info (332115):    Clock Skew   : -2.438
    Info (332115):    Data Delay   : 6.138
Info (332115): Path #3: Setup slack is -2.401 (VIOLATED)
    Info (332115):    Slack        : -2.401 (VIOLATED)
    Info (332115):    From Node    : emu:emu|ikacore_CV1k:core|CV1k_ddr3_harness:u_harness|altsyncram:oq_rtl_0|altsyncram_o2n1:auto_generated|ram_block1a8~PORT_B_WRITE_ENABLE_REG
    Info (332115):    To Node      : emu:emu|ikacore_CV1k:core|blit_top:u_blit|blit_video:u_blit_video|g_fetch_train.lfq_d[18]
    Info (332115):    Launch Clock : emu|pll|pll_inst|altera_pll_i|cyclonev_pll|counter[0].output_counter|divclk
    Info (332115):    Latch Clock  : emu|pll|pll_inst|altera_pll_i|cyclonev_pll|counter[0].output_counter|divclk
    Info (332115):    Relationship : 6.504
    Info (332115):    Clock Skew   : -2.442
    Info (332115):    Data Delay   : 6.133
########## c153-to batch ##########
Info (332115): Report Timing: Found 3 setup paths (3 violated).  Worst case slack is -2.432
    Info (332115): -to [get_registers {emu|core|u_batch|*}]
    Info (332115): -setup
    Info (332115): -npaths 3
    Info (332115): -detail summary
    Info (332115): -stdout
Info (332115): Path #1: Setup slack is -2.432 (VIOLATED)
    Info (332115):    Slack        : -2.432 (VIOLATED)
    Info (332115):    From Node    : emu:emu|ikacore_CV1k:core|blit_batch:u_batch|pfp_slot[0]
    Info (332115):    To Node      : emu:emu|ikacore_CV1k:core|blit_batch:u_batch|sr_lt
    Info (332115):    Launch Clock : emu|pll|pll_inst|altera_pll_i|cyclonev_pll|counter[0].output_counter|divclk
    Info (332115):    Latch Clock  : emu|pll|pll_inst|altera_pll_i|cyclonev_pll|counter[0].output_counter|divclk
    Info (332115):    Relationship : 6.504
    Info (332115):    Clock Skew   : -0.462
    Info (332115):    Data Delay   : 8.144
Info (332115): Path #2: Setup slack is -2.389 (VIOLATED)
    Info (332115):    Slack        : -2.389 (VIOLATED)
    Info (332115):    From Node    : emu:emu|ikacore_CV1k:core|blit_batch:u_batch|pfp_slot[0]
    Info (332115):    To Node      : emu:emu|ikacore_CV1k:core|blit_batch:u_batch|sr_diff[11]
    Info (332115):    Launch Clock : emu|pll|pll_inst|altera_pll_i|cyclonev_pll|counter[0].output_counter|divclk
    Info (332115):    Latch Clock  : emu|pll|pll_inst|altera_pll_i|cyclonev_pll|counter[0].output_counter|divclk
    Info (332115):    Relationship : 6.504
    Info (332115):    Clock Skew   : -0.514
    Info (332115):    Data Delay   : 8.049
Info (332115): Path #3: Setup slack is -2.379 (VIOLATED)
    Info (332115):    Slack        : -2.379 (VIOLATED)
    Info (332115):    From Node    : emu:emu|ikacore_CV1k:core|blit_batch:u_batch|pfp_slot[0]
    Info (332115):    To Node      : emu:emu|ikacore_CV1k:core|blit_batch:u_batch|sr_diff[11]
    Info (332115):    Launch Clock : emu|pll|pll_inst|altera_pll_i|cyclonev_pll|counter[0].output_counter|divclk
    Info (332115):    Latch Clock  : emu|pll|pll_inst|altera_pll_i|cyclonev_pll|counter[0].output_counter|divclk
    Info (332115):    Relationship : 6.504
    Info (332115):    Clock Skew   : -0.514
    Info (332115):    Data Delay   : 8.039
########## c153-to harness ##########
Info (332115): Report Timing: Found 3 setup paths (3 violated).  Worst case slack is -1.311
    Info (332115): -to [get_registers {emu|core|u_harness|*}]
    Info (332115): -setup
    Info (332115): -npaths 3
    Info (332115): -detail summary
    Info (332115): -stdout
Info (332115): Path #1: Setup slack is -1.311 (VIOLATED)
    Info (332115):    Slack        : -1.311 (VIOLATED)
    Info (332115):    From Node    : sysmem_lite:sysmem|sysmem_HPS_fpga_interfaces:fpga_interfaces|f2sdram~FF_3780
    Info (332115):    To Node      : emu:emu|ikacore_CV1k:core|CV1k_ddr3_harness:u_harness|DDRAM_BURSTCNT[3]
    Info (332115):    Launch Clock : emu|pll|pll_inst|altera_pll_i|cyclonev_pll|counter[0].output_counter|divclk
    Info (332115):    Latch Clock  : emu|pll|pll_inst|altera_pll_i|cyclonev_pll|counter[0].output_counter|divclk
    Info (332115):    Relationship : 6.504
    Info (332115):    Clock Skew   : -1.144
    Info (332115):    Data Delay   : 6.341
Info (332115): Path #2: Setup slack is -1.281 (VIOLATED)
    Info (332115):    Slack        : -1.281 (VIOLATED)
    Info (332115):    From Node    : sysmem_lite:sysmem|sysmem_HPS_fpga_interfaces:fpga_interfaces|f2sdram~FF_3777
    Info (332115):    To Node      : emu:emu|ikacore_CV1k:core|CV1k_ddr3_harness:u_harness|DDRAM_BURSTCNT[3]
    Info (332115):    Launch Clock : emu|pll|pll_inst|altera_pll_i|cyclonev_pll|counter[0].output_counter|divclk
    Info (332115):    Latch Clock  : emu|pll|pll_inst|altera_pll_i|cyclonev_pll|counter[0].output_counter|divclk
    Info (332115):    Relationship : 6.504
    Info (332115):    Clock Skew   : -0.887
    Info (332115):    Data Delay   : 6.568
Info (332115): Path #3: Setup slack is -1.194 (VIOLATED)
    Info (332115):    Slack        : -1.194 (VIOLATED)
    Info (332115):    From Node    : emu:emu|ikacore_CV1k:core|CV1k_ddr3_harness:u_harness|bp_left[2]
    Info (332115):    To Node      : emu:emu|ikacore_CV1k:core|CV1k_ddr3_harness:u_harness|oq_rtl_1_bypass[12]
    Info (332115):    Launch Clock : emu|pll|pll_inst|altera_pll_i|cyclonev_pll|counter[0].output_counter|divclk
    Info (332115):    Latch Clock  : emu|pll|pll_inst|altera_pll_i|cyclonev_pll|counter[0].output_counter|divclk
    Info (332115):    Relationship : 6.504
    Info (332115):    Clock Skew   : -0.096
    Info (332115):    Data Delay   : 7.272
########## c153-to nand ##########
Info (332115): Report Timing: Found 3 setup paths (3 violated).  Worst case slack is -1.574
    Info (332115): -to [get_registers {emu|core|u_u2_nand|*}]
    Info (332115): -setup
    Info (332115): -npaths 3
    Info (332115): -detail summary
    Info (332115): -stdout
Info (332115): Path #1: Setup slack is -1.574 (VIOLATED)
    Info (332115):    Slack        : -1.574 (VIOLATED)
    Info (332115):    From Node    : emu:emu|ikacore_CV1k:core|CV1k_nand:u_u2_nand|recv_cnt[2]
    Info (332115):    To Node      : emu:emu|ikacore_CV1k:core|CV1k_nand:u_u2_nand|col_ctr[11]
    Info (332115):    Launch Clock : emu|pll|pll_inst|altera_pll_i|cyclonev_pll|counter[0].output_counter|divclk
    Info (332115):    Latch Clock  : emu|pll|pll_inst|altera_pll_i|cyclonev_pll|counter[0].output_counter|divclk
    Info (332115):    Relationship : 6.504
    Info (332115):    Clock Skew   : -0.087
    Info (332115):    Data Delay   : 7.661
Info (332115): Path #2: Setup slack is -1.573 (VIOLATED)
    Info (332115):    Slack        : -1.573 (VIOLATED)
    Info (332115):    From Node    : emu:emu|ikacore_CV1k:core|CV1k_nand:u_u2_nand|recv_cnt[2]
    Info (332115):    To Node      : emu:emu|ikacore_CV1k:core|CV1k_nand:u_u2_nand|col_ctr[5]
    Info (332115):    Launch Clock : emu|pll|pll_inst|altera_pll_i|cyclonev_pll|counter[0].output_counter|divclk
    Info (332115):    Latch Clock  : emu|pll|pll_inst|altera_pll_i|cyclonev_pll|counter[0].output_counter|divclk
    Info (332115):    Relationship : 6.504
    Info (332115):    Clock Skew   : -0.087
    Info (332115):    Data Delay   : 7.660
Info (332115): Path #3: Setup slack is -1.569 (VIOLATED)
    Info (332115):    Slack        : -1.569 (VIOLATED)
    Info (332115):    From Node    : emu:emu|ikacore_CV1k:core|CV1k_nand:u_u2_nand|recv_cnt[2]
    Info (332115):    To Node      : emu:emu|ikacore_CV1k:core|CV1k_nand:u_u2_nand|col_ctr[4]
    Info (332115):    Launch Clock : emu|pll|pll_inst|altera_pll_i|cyclonev_pll|counter[0].output_counter|divclk
    Info (332115):    Latch Clock  : emu|pll|pll_inst|altera_pll_i|cyclonev_pll|counter[0].output_counter|divclk
    Info (332115):    Relationship : 6.504
    Info (332115):    Clock Skew   : -0.086
    Info (332115):    Data Delay   : 7.657
########## c153-to ioctl ##########
Info (332115): Report Timing: Found 3 setup paths (3 violated).  Worst case slack is -1.440
    Info (332115): -to [get_registers {emu|core|u_ioctl|*}]
    Info (332115): -setup
    Info (332115): -npaths 3
    Info (332115): -detail summary
    Info (332115): -stdout
Info (332115): Path #1: Setup slack is -1.440 (VIOLATED)
    Info (332115):    Slack        : -1.440 (VIOLATED)
    Info (332115):    From Node    : emu:emu|hps_io:hps_io|ioctl_download~DUPLICATE
    Info (332115):    To Node      : emu:emu|ikacore_CV1k:core|CV1k_ioctl:u_ioctl|pk_req_t
    Info (332115):    Launch Clock : emu|pll|pll_inst|altera_pll_i|cyclonev_pll|counter[1].output_counter|divclk
    Info (332115):    Latch Clock  : emu|pll|pll_inst|altera_pll_i|cyclonev_pll|counter[1].output_counter|divclk
    Info (332115):    Relationship : 9.756
    Info (332115):    Clock Skew   : -0.087
    Info (332115):    Data Delay   : 10.909
Info (332115): Path #2: Setup slack is -0.522 (VIOLATED)
    Info (332115):    Slack        : -0.522 (VIOLATED)
    Info (332115):    From Node    : emu:emu|hps_io:hps_io|ioctl_index[13]
    Info (332115):    To Node      : emu:emu|ikacore_CV1k:core|CV1k_ioctl:u_ioctl|pk_req_t
    Info (332115):    Launch Clock : emu|pll|pll_inst|altera_pll_i|cyclonev_pll|counter[1].output_counter|divclk
    Info (332115):    Latch Clock  : emu|pll|pll_inst|altera_pll_i|cyclonev_pll|counter[1].output_counter|divclk
    Info (332115):    Relationship : 9.756
    Info (332115):    Clock Skew   : -0.515
    Info (332115):    Data Delay   : 9.563
Info (332115): Path #3: Setup slack is -0.417 (VIOLATED)
    Info (332115):    Slack        : -0.417 (VIOLATED)
    Info (332115):    From Node    : emu:emu|hps_io:hps_io|ioctl_index[15]
    Info (332115):    To Node      : emu:emu|ikacore_CV1k:core|CV1k_ioctl:u_ioctl|pk_req_t
    Info (332115):    Launch Clock : emu|pll|pll_inst|altera_pll_i|cyclonev_pll|counter[1].output_counter|divclk
    Info (332115):    Latch Clock  : emu|pll|pll_inst|altera_pll_i|cyclonev_pll|counter[1].output_counter|divclk
    Info (332115):    Relationship : 9.756
    Info (332115):    Clock Skew   : -0.510
    Info (332115):    Data Delay   : 9.463
########## c153-from govF ##########
Info (332115): Report Timing: Found 3 setup paths (3 violated).  Worst case slack is -2.526
    Info (332115): -from [get_registers {emu|core|u_blit|u_blit_gov|*}]
    Info (332115): -setup
    Info (332115): -npaths 3
    Info (332115): -detail summary
    Info (332115): -stdout
Info (332115): Path #1: Setup slack is -2.526 (VIOLATED)
    Info (332115):    Slack        : -2.526 (VIOLATED)
    Info (332115):    From Node    : emu:emu|ikacore_CV1k:core|blit_top:u_blit|blit_gov:u_blit_gov|o_busy~DUPLICATE
    Info (332115):    To Node      : emu:emu|ikacore_CV1k:core|blit_top:u_blit|blit_gov:u_blit_gov|tnbe[41]
    Info (332115):    Launch Clock : emu|pll|pll_inst|altera_pll_i|cyclonev_pll|counter[0].output_counter|divclk
    Info (332115):    Latch Clock  : emu|pll|pll_inst|altera_pll_i|cyclonev_pll|counter[0].output_counter|divclk
    Info (332115):    Relationship : 6.504
    Info (332115):    Clock Skew   : -0.542
    Info (332115):    Data Delay   : 8.158
Info (332115): Path #2: Setup slack is -2.453 (VIOLATED)
    Info (332115):    Slack        : -2.453 (VIOLATED)
    Info (332115):    From Node    : emu:emu|ikacore_CV1k:core|blit_top:u_blit|blit_gov:u_blit_gov|o_busy~DUPLICATE
    Info (332115):    To Node      : emu:emu|ikacore_CV1k:core|blit_top:u_blit|blit_gov:u_blit_gov|tnbe[31]
    Info (332115):    Launch Clock : emu|pll|pll_inst|altera_pll_i|cyclonev_pll|counter[0].output_counter|divclk
    Info (332115):    Latch Clock  : emu|pll|pll_inst|altera_pll_i|cyclonev_pll|counter[0].output_counter|divclk
    Info (332115):    Relationship : 6.504
    Info (332115):    Clock Skew   : -0.532
    Info (332115):    Data Delay   : 8.095
Info (332115): Path #3: Setup slack is -2.435 (VIOLATED)
    Info (332115):    Slack        : -2.435 (VIOLATED)
    Info (332115):    From Node    : emu:emu|ikacore_CV1k:core|blit_top:u_blit|blit_gov:u_blit_gov|o_busy~DUPLICATE
    Info (332115):    To Node      : emu:emu|ikacore_CV1k:core|blit_top:u_blit|blit_gov:u_blit_gov|tnbe[39]
    Info (332115):    Launch Clock : emu|pll|pll_inst|altera_pll_i|cyclonev_pll|counter[0].output_counter|divclk
    Info (332115):    Latch Clock  : emu|pll|pll_inst|altera_pll_i|cyclonev_pll|counter[0].output_counter|divclk
    Info (332115):    Relationship : 6.504
    Info (332115):    Clock Skew   : -0.536
    Info (332115):    Data Delay   : 8.073
########## c153-from drawF ##########
Info (332115): Report Timing: Found 3 setup paths (3 violated).  Worst case slack is -2.098
    Info (332115): -from [get_registers {emu|core|u_blit|u_blit_draw|*}]
    Info (332115): -setup
    Info (332115): -npaths 3
    Info (332115): -detail summary
    Info (332115): -stdout
Info (332115): Path #1: Setup slack is -2.098 (VIOLATED)
    Info (332115):    Slack        : -2.098 (VIOLATED)
    Info (332115):    From Node    : emu:emu|ikacore_CV1k:core|blit_top:u_blit|blit_draw:u_blit_draw|p3_sxlo[0]
    Info (332115):    To Node      : emu:emu|ikacore_CV1k:core|blit_top:u_blit|blit_draw:u_blit_draw|q_waitpipe
    Info (332115):    Launch Clock : emu|pll|pll_inst|altera_pll_i|cyclonev_pll|counter[0].output_counter|divclk
    Info (332115):    Latch Clock  : emu|pll|pll_inst|altera_pll_i|cyclonev_pll|counter[0].output_counter|divclk
    Info (332115):    Relationship : 6.504
    Info (332115):    Clock Skew   : -0.034
    Info (332115):    Data Delay   : 8.238
Info (332115): Path #2: Setup slack is -2.008 (VIOLATED)
    Info (332115):    Slack        : -2.008 (VIOLATED)
    Info (332115):    From Node    : emu:emu|ikacore_CV1k:core|blit_top:u_blit|blit_draw:u_blit_draw|up_dimy[0]
    Info (332115):    To Node      : emu:emu|ikacore_CV1k:core|blit_top:u_blit|blit_draw:u_blit_draw|pv_xlo[11]
    Info (332115):    Launch Clock : emu|pll|pll_inst|altera_pll_i|cyclonev_pll|counter[0].output_counter|divclk
    Info (332115):    Latch Clock  : emu|pll|pll_inst|altera_pll_i|cyclonev_pll|counter[0].output_counter|divclk
    Info (332115):    Relationship : 6.504
    Info (332115):    Clock Skew   : -0.459
    Info (332115):    Data Delay   : 7.723
Info (332115): Path #3: Setup slack is -2.008 (VIOLATED)
    Info (332115):    Slack        : -2.008 (VIOLATED)
    Info (332115):    From Node    : emu:emu|ikacore_CV1k:core|blit_top:u_blit|blit_draw:u_blit_draw|up_dimy[0]
    Info (332115):    To Node      : emu:emu|ikacore_CV1k:core|blit_top:u_blit|blit_draw:u_blit_draw|pv_xlo[12]
    Info (332115):    Launch Clock : emu|pll|pll_inst|altera_pll_i|cyclonev_pll|counter[0].output_counter|divclk
    Info (332115):    Latch Clock  : emu|pll|pll_inst|altera_pll_i|cyclonev_pll|counter[0].output_counter|divclk
    Info (332115):    Relationship : 6.504
    Info (332115):    Clock Skew   : -0.459
    Info (332115):    Data Delay   : 7.723
########## c153-from fetchF ##########
Info (332115): Report Timing: Found 3 setup paths (3 violated).  Worst case slack is -1.914
    Info (332115): -from [get_registers {emu|core|u_blit|u_blit_fetch|*}]
    Info (332115): -setup
    Info (332115): -npaths 3
    Info (332115): -detail summary
    Info (332115): -stdout
Info (332115): Path #1: Setup slack is -1.914 (VIOLATED)
    Info (332115):    Slack        : -1.914 (VIOLATED)
    Info (332115):    From Node    : emu:emu|ikacore_CV1k:core|blit_top:u_blit|blit_fetch:u_blit_fetch|w_need[2]_OTERM3358_OTERM4871
    Info (332115):    To Node      : emu:emu|ikacore_CV1k:core|blit_top:u_blit|blit_fetch:u_blit_fetch|w_is1
    Info (332115):    Launch Clock : emu|pll|pll_inst|altera_pll_i|cyclonev_pll|counter[0].output_counter|divclk
    Info (332115):    Latch Clock  : emu|pll|pll_inst|altera_pll_i|cyclonev_pll|counter[0].output_counter|divclk
    Info (332115):    Relationship : 6.504
    Info (332115):    Clock Skew   : -0.451
    Info (332115):    Data Delay   : 7.637
Info (332115): Path #2: Setup slack is -1.806 (VIOLATED)
    Info (332115):    Slack        : -1.806 (VIOLATED)
    Info (332115):    From Node    : emu:emu|ikacore_CV1k:core|blit_top:u_blit|blit_fetch:u_blit_fetch|f_nz_q
    Info (332115):    To Node      : emu:emu|ikacore_CV1k:core|blit_batch:u_batch|bb_wfifo:u_wfifo|o_af
    Info (332115):    Launch Clock : emu|pll|pll_inst|altera_pll_i|cyclonev_pll|counter[0].output_counter|divclk
    Info (332115):    Latch Clock  : emu|pll|pll_inst|altera_pll_i|cyclonev_pll|counter[0].output_counter|divclk
    Info (332115):    Relationship : 6.504
    Info (332115):    Clock Skew   : -0.361
    Info (332115):    Data Delay   : 7.619
Info (332115): Path #3: Setup slack is -1.756 (VIOLATED)
    Info (332115):    Slack        : -1.756 (VIOLATED)
    Info (332115):    From Node    : emu:emu|ikacore_CV1k:core|blit_top:u_blit|blit_fetch:u_blit_fetch|skid_half
    Info (332115):    To Node      : emu:emu|ikacore_CV1k:core|blit_top:u_blit|blit_gov:u_blit_gov|q_push
    Info (332115):    Launch Clock : emu|pll|pll_inst|altera_pll_i|cyclonev_pll|counter[0].output_counter|divclk
    Info (332115):    Latch Clock  : emu|pll|pll_inst|altera_pll_i|cyclonev_pll|counter[0].output_counter|divclk
    Info (332115):    Relationship : 6.504
    Info (332115):    Clock Skew   : -0.130
    Info (332115):    Data Delay   : 7.800
########## c153-from batchF ##########
Info (332115): Report Timing: Found 3 setup paths (3 violated).  Worst case slack is -2.432
    Info (332115): -from [get_registers {emu|core|u_batch|*}]
    Info (332115): -setup
    Info (332115): -npaths 3
    Info (332115): -detail summary
    Info (332115): -stdout
Info (332115): Path #1: Setup slack is -2.432 (VIOLATED)
    Info (332115):    Slack        : -2.432 (VIOLATED)
    Info (332115):    From Node    : emu:emu|ikacore_CV1k:core|blit_batch:u_batch|pfp_slot[0]
    Info (332115):    To Node      : emu:emu|ikacore_CV1k:core|blit_batch:u_batch|sr_lt
    Info (332115):    Launch Clock : emu|pll|pll_inst|altera_pll_i|cyclonev_pll|counter[0].output_counter|divclk
    Info (332115):    Latch Clock  : emu|pll|pll_inst|altera_pll_i|cyclonev_pll|counter[0].output_counter|divclk
    Info (332115):    Relationship : 6.504
    Info (332115):    Clock Skew   : -0.462
    Info (332115):    Data Delay   : 8.144
Info (332115): Path #2: Setup slack is -2.389 (VIOLATED)
    Info (332115):    Slack        : -2.389 (VIOLATED)
    Info (332115):    From Node    : emu:emu|ikacore_CV1k:core|blit_batch:u_batch|pfp_slot[0]
    Info (332115):    To Node      : emu:emu|ikacore_CV1k:core|blit_batch:u_batch|sr_diff[11]
    Info (332115):    Launch Clock : emu|pll|pll_inst|altera_pll_i|cyclonev_pll|counter[0].output_counter|divclk
    Info (332115):    Latch Clock  : emu|pll|pll_inst|altera_pll_i|cyclonev_pll|counter[0].output_counter|divclk
    Info (332115):    Relationship : 6.504
    Info (332115):    Clock Skew   : -0.514
    Info (332115):    Data Delay   : 8.049
Info (332115): Path #3: Setup slack is -2.379 (VIOLATED)
    Info (332115):    Slack        : -2.379 (VIOLATED)
    Info (332115):    From Node    : emu:emu|ikacore_CV1k:core|blit_batch:u_batch|pfp_slot[0]
    Info (332115):    To Node      : emu:emu|ikacore_CV1k:core|blit_batch:u_batch|sr_diff[11]
    Info (332115):    Launch Clock : emu|pll|pll_inst|altera_pll_i|cyclonev_pll|counter[0].output_counter|divclk
    Info (332115):    Latch Clock  : emu|pll|pll_inst|altera_pll_i|cyclonev_pll|counter[0].output_counter|divclk
    Info (332115):    Relationship : 6.504
    Info (332115):    Clock Skew   : -0.514
    Info (332115):    Data Delay   : 8.039
########## c153-from harnessF ##########
Info (332115): Report Timing: Found 3 setup paths (3 violated).  Worst case slack is -2.402
    Info (332115): -from [get_registers {emu|core|u_harness|*}]
    Info (332115): -setup
    Info (332115): -npaths 3
    Info (332115): -detail summary
    Info (332115): -stdout
Info (332115): Path #1: Setup slack is -2.402 (VIOLATED)
    Info (332115):    Slack        : -2.402 (VIOLATED)
    Info (332115):    From Node    : emu:emu|ikacore_CV1k:core|CV1k_ddr3_harness:u_harness|altsyncram:oq_rtl_0|altsyncram_o2n1:auto_generated|ram_block1a8~PORT_B_WRITE_ENABLE_REG
    Info (332115):    To Node      : emu:emu|ikacore_CV1k:core|blit_top:u_blit|blit_video:u_blit_video|g_fetch_train.lfq_d[57]
    Info (332115):    Launch Clock : emu|pll|pll_inst|altera_pll_i|cyclonev_pll|counter[0].output_counter|divclk
    Info (332115):    Latch Clock  : emu|pll|pll_inst|altera_pll_i|cyclonev_pll|counter[0].output_counter|divclk
    Info (332115):    Relationship : 6.504
    Info (332115):    Clock Skew   : -2.438
    Info (332115):    Data Delay   : 6.138
Info (332115): Path #2: Setup slack is -2.402 (VIOLATED)
    Info (332115):    Slack        : -2.402 (VIOLATED)
    Info (332115):    From Node    : emu:emu|ikacore_CV1k:core|CV1k_ddr3_harness:u_harness|altsyncram:oq_rtl_0|altsyncram_o2n1:auto_generated|ram_block1a8~PORT_B_WRITE_ENABLE_REG
    Info (332115):    To Node      : emu:emu|ikacore_CV1k:core|blit_top:u_blit|blit_video:u_blit_video|g_fetch_train.lfq_d[1]
    Info (332115):    Launch Clock : emu|pll|pll_inst|altera_pll_i|cyclonev_pll|counter[0].output_counter|divclk
    Info (332115):    Latch Clock  : emu|pll|pll_inst|altera_pll_i|cyclonev_pll|counter[0].output_counter|divclk
    Info (332115):    Relationship : 6.504
    Info (332115):    Clock Skew   : -2.438
    Info (332115):    Data Delay   : 6.138
Info (332115): Path #3: Setup slack is -2.401 (VIOLATED)
    Info (332115):    Slack        : -2.401 (VIOLATED)
    Info (332115):    From Node    : emu:emu|ikacore_CV1k:core|CV1k_ddr3_harness:u_harness|altsyncram:oq_rtl_0|altsyncram_o2n1:auto_generated|ram_block1a8~PORT_B_WRITE_ENABLE_REG
    Info (332115):    To Node      : emu:emu|ikacore_CV1k:core|blit_top:u_blit|blit_video:u_blit_video|g_fetch_train.lfq_d[18]
    Info (332115):    Launch Clock : emu|pll|pll_inst|altera_pll_i|cyclonev_pll|counter[0].output_counter|divclk
    Info (332115):    Latch Clock  : emu|pll|pll_inst|altera_pll_i|cyclonev_pll|counter[0].output_counter|divclk
    Info (332115):    Relationship : 6.504
    Info (332115):    Clock Skew   : -2.442
    Info (332115):    Data Delay   : 6.133
########## c102-to cache ##########
Info (332115): Report Timing: Found 3 setup paths (3 violated).  Worst case slack is -4.198
    Info (332115): -to [get_registers {emu|core|u_hs3|u_cpu|u_cache|*}]
    Info (332115): -setup
    Info (332115): -npaths 3
    Info (332115): -detail summary
    Info (332115): -stdout
Info (332115): Path #1: Setup slack is -4.198 (VIOLATED)
    Info (332115):    Slack        : -4.198 (VIOLATED)
    Info (332115):    From Node    : emu:emu|ikacore_CV1k:core|HS3:u_hs3|cpu_core:u_cpu|int_pipe:u_int_pipe|ma_seq:u_ma_seq|req_sent_agu
    Info (332115):    To Node      : emu:emu|ikacore_CV1k:core|HS3:u_hs3|cpu_core:u_cpu|cache:u_cache|state.S_IDLE
    Info (332115):    Launch Clock : emu|pll|pll_inst|altera_pll_i|cyclonev_pll|counter[1].output_counter|divclk
    Info (332115):    Latch Clock  : emu|pll|pll_inst|altera_pll_i|cyclonev_pll|counter[1].output_counter|divclk
    Info (332115):    Relationship : 9.756
    Info (332115):    Clock Skew   : -0.439
    Info (332115):    Data Delay   : 13.315
Info (332115): Path #2: Setup slack is -4.191 (VIOLATED)
    Info (332115):    Slack        : -4.191 (VIOLATED)
    Info (332115):    From Node    : emu:emu|ikacore_CV1k:core|HS3:u_hs3|cpu_core:u_cpu|int_pipe:u_int_pipe|fwd_wbsel_a_agu
    Info (332115):    To Node      : emu:emu|ikacore_CV1k:core|HS3:u_hs3|cpu_core:u_cpu|cache:u_cache|state.S_IDLE
    Info (332115):    Launch Clock : emu|pll|pll_inst|altera_pll_i|cyclonev_pll|counter[1].output_counter|divclk
    Info (332115):    Latch Clock  : emu|pll|pll_inst|altera_pll_i|cyclonev_pll|counter[1].output_counter|divclk
    Info (332115):    Relationship : 9.756
    Info (332115):    Clock Skew   : -0.439
    Info (332115):    Data Delay   : 13.308
Info (332115): Path #3: Setup slack is -4.169 (VIOLATED)
    Info (332115):    Slack        : -4.169 (VIOLATED)
    Info (332115):    From Node    : emu:emu|ikacore_CV1k:core|HS3:u_hs3|cpu_core:u_cpu|int_pipe:u_int_pipe|fwd_lane_a_agu[0]
    Info (332115):    To Node      : emu:emu|ikacore_CV1k:core|HS3:u_hs3|cpu_core:u_cpu|cache:u_cache|state.S_IDLE
    Info (332115):    Launch Clock : emu|pll|pll_inst|altera_pll_i|cyclonev_pll|counter[1].output_counter|divclk
    Info (332115):    Latch Clock  : emu|pll|pll_inst|altera_pll_i|cyclonev_pll|counter[1].output_counter|divclk
    Info (332115):    Relationship : 9.756
    Info (332115):    Clock Skew   : -0.434
    Info (332115):    Data Delay   : 13.291
########## c102-to intpipe ##########
Info (332115): Report Timing: Found 3 setup paths (3 violated).  Worst case slack is -3.779
    Info (332115): -to [get_registers {emu|core|u_hs3|u_cpu|u_int_pipe|*}]
    Info (332115): -setup
    Info (332115): -npaths 3
    Info (332115): -detail summary
    Info (332115): -stdout
Info (332115): Path #1: Setup slack is -3.779 (VIOLATED)
    Info (332115):    Slack        : -3.779 (VIOLATED)
    Info (332115):    From Node    : emu:emu|ikacore_CV1k:core|HS3:u_hs3|cpu_core:u_cpu|int_pipe:u_int_pipe|ma_seq:u_ma_seq|req_sent_agu
    Info (332115):    To Node      : emu:emu|ikacore_CV1k:core|HS3:u_hs3|cpu_core:u_cpu|int_pipe:u_int_pipe|ma_seq:u_ma_seq|req_sent
    Info (332115):    Launch Clock : emu|pll|pll_inst|altera_pll_i|cyclonev_pll|counter[1].output_counter|divclk
    Info (332115):    Latch Clock  : emu|pll|pll_inst|altera_pll_i|cyclonev_pll|counter[1].output_counter|divclk
    Info (332115):    Relationship : 9.756
    Info (332115):    Clock Skew   : -0.461
    Info (332115):    Data Delay   : 12.874
Info (332115): Path #2: Setup slack is -3.772 (VIOLATED)
    Info (332115):    Slack        : -3.772 (VIOLATED)
    Info (332115):    From Node    : emu:emu|ikacore_CV1k:core|HS3:u_hs3|cpu_core:u_cpu|int_pipe:u_int_pipe|fwd_wbsel_a_agu
    Info (332115):    To Node      : emu:emu|ikacore_CV1k:core|HS3:u_hs3|cpu_core:u_cpu|int_pipe:u_int_pipe|ma_seq:u_ma_seq|req_sent
    Info (332115):    Launch Clock : emu|pll|pll_inst|altera_pll_i|cyclonev_pll|counter[1].output_counter|divclk
    Info (332115):    Latch Clock  : emu|pll|pll_inst|altera_pll_i|cyclonev_pll|counter[1].output_counter|divclk
    Info (332115):    Relationship : 9.756
    Info (332115):    Clock Skew   : -0.461
    Info (332115):    Data Delay   : 12.867
Info (332115): Path #3: Setup slack is -3.750 (VIOLATED)
    Info (332115):    Slack        : -3.750 (VIOLATED)
    Info (332115):    From Node    : emu:emu|ikacore_CV1k:core|HS3:u_hs3|cpu_core:u_cpu|int_pipe:u_int_pipe|fwd_lane_a_agu[0]
    Info (332115):    To Node      : emu:emu|ikacore_CV1k:core|HS3:u_hs3|cpu_core:u_cpu|int_pipe:u_int_pipe|ma_seq:u_ma_seq|req_sent
    Info (332115):    Launch Clock : emu|pll|pll_inst|altera_pll_i|cyclonev_pll|counter[1].output_counter|divclk
    Info (332115):    Latch Clock  : emu|pll|pll_inst|altera_pll_i|cyclonev_pll|counter[1].output_counter|divclk
    Info (332115):    Relationship : 9.756
    Info (332115):    Clock Skew   : -0.456
    Info (332115):    Data Delay   : 12.850
########## c102-to bsc ##########
Info (332115): Report Timing: Found 3 setup paths (3 violated).  Worst case slack is -2.763
    Info (332115): -to [get_registers {emu|core|u_hs3|u_bsc|*}]
    Info (332115): -setup
    Info (332115): -npaths 3
    Info (332115): -detail summary
    Info (332115): -stdout
Info (332115): Path #1: Setup slack is -2.763 (VIOLATED)
    Info (332115):    Slack        : -2.763 (VIOLATED)
    Info (332115):    From Node    : emu:emu|ikacore_CV1k:core|HS3:u_hs3|bsc:u_bsc|mcr[3]
    Info (332115):    To Node      : emu:emu|ikacore_CV1k:core|HS3:u_hs3|bsc:u_bsc|sd_a[8]
    Info (332115):    Launch Clock : emu|pll|pll_inst|altera_pll_i|cyclonev_pll|counter[1].output_counter|divclk
    Info (332115):    Latch Clock  : emu|pll|pll_inst|altera_pll_i|cyclonev_pll|counter[1].output_counter|divclk
    Info (332115):    Relationship : 9.756
    Info (332115):    Clock Skew   : -0.121
    Info (332115):    Data Delay   : 12.198
Info (332115): Path #2: Setup slack is -2.759 (VIOLATED)
    Info (332115):    Slack        : -2.759 (VIOLATED)
    Info (332115):    From Node    : emu:emu|ikacore_CV1k:core|HS3:u_hs3|bsc:u_bsc|mcr[3]
    Info (332115):    To Node      : emu:emu|ikacore_CV1k:core|HS3:u_hs3|bsc:u_bsc|sd_a[3]~DUPLICATE
    Info (332115):    Launch Clock : emu|pll|pll_inst|altera_pll_i|cyclonev_pll|counter[1].output_counter|divclk
    Info (332115):    Latch Clock  : emu|pll|pll_inst|altera_pll_i|cyclonev_pll|counter[1].output_counter|divclk
    Info (332115):    Relationship : 9.756
    Info (332115):    Clock Skew   : -0.105
    Info (332115):    Data Delay   : 12.210
Info (332115): Path #3: Setup slack is -2.755 (VIOLATED)
    Info (332115):    Slack        : -2.755 (VIOLATED)
    Info (332115):    From Node    : emu:emu|ikacore_CV1k:core|HS3:u_hs3|bsc:u_bsc|mcr[3]
    Info (332115):    To Node      : emu:emu|ikacore_CV1k:core|HS3:u_hs3|bsc:u_bsc|sd_a[3]
    Info (332115):    Launch Clock : emu|pll|pll_inst|altera_pll_i|cyclonev_pll|counter[1].output_counter|divclk
    Info (332115):    Latch Clock  : emu|pll|pll_inst|altera_pll_i|cyclonev_pll|counter[1].output_counter|divclk
    Info (332115):    Relationship : 9.756
    Info (332115):    Clock Skew   : -0.099
    Info (332115):    Data Delay   : 12.212
########## c102-to pump ##########
Info (332115): Report Timing: Found 3 setup paths (3 violated).  Worst case slack is -2.755
    Info (332115): -to [get_registers {emu|core|u_pump|*}]
    Info (332115): -setup
    Info (332115): -npaths 3
    Info (332115): -detail summary
    Info (332115): -stdout
Info (332115): Path #1: Setup slack is -2.755 (VIOLATED)
    Info (332115):    Slack        : -2.755 (VIOLATED)
    Info (332115):    From Node    : emu:emu|ikacore_CV1k:core|CV1k_sdram_control:u_pump|dq_n[8]
    Info (332115):    To Node      : emu:emu|ikacore_CV1k:core|CV1k_sdram_control:u_pump|nor_data[8]
    Info (332115):    Launch Clock : emu|pll|pll_inst|altera_pll_i|cyclonev_pll|counter[1].output_counter|divclk (INVERTED)
    Info (332115):    Latch Clock  : emu|pll|pll_inst|altera_pll_i|cyclonev_pll|counter[1].output_counter|divclk
    Info (332115):    Relationship : 4.878
    Info (332115):    Clock Skew   : -1.350
    Info (332115):    Data Delay   : 6.083
Info (332115): Path #2: Setup slack is -2.745 (VIOLATED)
    Info (332115):    Slack        : -2.745 (VIOLATED)
    Info (332115):    From Node    : emu:emu|ikacore_CV1k:core|CV1k_sdram_control:u_pump|dq_n[8]
    Info (332115):    To Node      : emu:emu|ikacore_CV1k:core|CV1k_sdram_control:u_pump|rd_lo[8]
    Info (332115):    Launch Clock : emu|pll|pll_inst|altera_pll_i|cyclonev_pll|counter[1].output_counter|divclk (INVERTED)
    Info (332115):    Latch Clock  : emu|pll|pll_inst|altera_pll_i|cyclonev_pll|counter[1].output_counter|divclk
    Info (332115):    Relationship : 4.878
    Info (332115):    Clock Skew   : -1.360
    Info (332115):    Data Delay   : 6.063
Info (332115): Path #3: Setup slack is -2.717 (VIOLATED)
    Info (332115):    Slack        : -2.717 (VIOLATED)
    Info (332115):    From Node    : emu:emu|ikacore_CV1k:core|CV1k_sdram_control:u_pump|dq_n[8]
    Info (332115):    To Node      : emu:emu|ikacore_CV1k:core|CV1k_sdram_control:u_pump|rd_hi_e[8]
    Info (332115):    Launch Clock : emu|pll|pll_inst|altera_pll_i|cyclonev_pll|counter[1].output_counter|divclk (INVERTED)
    Info (332115):    Latch Clock  : emu|pll|pll_inst|altera_pll_i|cyclonev_pll|counter[1].output_counter|divclk
    Info (332115):    Relationship : 4.878
    Info (332115):    Clock Skew   : -1.367
    Info (332115):    Data Delay   : 6.028
########## c102-from bscF ##########
Info (332115): Report Timing: Found 3 setup paths (3 violated).  Worst case slack is -2.878
    Info (332115): -from [get_registers {emu|core|u_hs3|u_bsc|*}]
    Info (332115): -setup
    Info (332115): -npaths 3
    Info (332115): -detail summary
    Info (332115): -stdout
Info (332115): Path #1: Setup slack is -2.878 (VIOLATED)
    Info (332115):    Slack        : -2.878 (VIOLATED)
    Info (332115):    From Node    : emu:emu|ikacore_CV1k:core|HS3:u_hs3|bsc:u_bsc|ord_wdata[17]
    Info (332115):    To Node      : emu:emu|ikacore_CV1k:core|HS3:u_hs3|cpu_core:u_cpu|cache:u_cache|cache_data_bank_wt:g_way[0].u_data|di_q[9]
    Info (332115):    Launch Clock : emu|pll|pll_inst|altera_pll_i|cyclonev_pll|counter[1].output_counter|divclk
    Info (332115):    Latch Clock  : emu|pll|pll_inst|altera_pll_i|cyclonev_pll|counter[1].output_counter|divclk
    Info (332115):    Relationship : 9.756
    Info (332115):    Clock Skew   : -0.487
    Info (332115):    Data Delay   : 11.947
Info (332115): Path #2: Setup slack is -2.763 (VIOLATED)
    Info (332115):    Slack        : -2.763 (VIOLATED)
    Info (332115):    From Node    : emu:emu|ikacore_CV1k:core|HS3:u_hs3|bsc:u_bsc|mcr[3]
    Info (332115):    To Node      : emu:emu|ikacore_CV1k:core|HS3:u_hs3|bsc:u_bsc|sd_a[8]
    Info (332115):    Launch Clock : emu|pll|pll_inst|altera_pll_i|cyclonev_pll|counter[1].output_counter|divclk
    Info (332115):    Latch Clock  : emu|pll|pll_inst|altera_pll_i|cyclonev_pll|counter[1].output_counter|divclk
    Info (332115):    Relationship : 9.756
    Info (332115):    Clock Skew   : -0.121
    Info (332115):    Data Delay   : 12.198
Info (332115): Path #3: Setup slack is -2.759 (VIOLATED)
    Info (332115):    Slack        : -2.759 (VIOLATED)
    Info (332115):    From Node    : emu:emu|ikacore_CV1k:core|HS3:u_hs3|bsc:u_bsc|mcr[3]
    Info (332115):    To Node      : emu:emu|ikacore_CV1k:core|HS3:u_hs3|bsc:u_bsc|sd_a[3]~DUPLICATE
    Info (332115):    Launch Clock : emu|pll|pll_inst|altera_pll_i|cyclonev_pll|counter[1].output_counter|divclk
    Info (332115):    Latch Clock  : emu|pll|pll_inst|altera_pll_i|cyclonev_pll|counter[1].output_counter|divclk
    Info (332115):    Relationship : 9.756
    Info (332115):    Clock Skew   : -0.105
    Info (332115):    Data Delay   : 12.210
########## c102-from pumpF ##########
Info (332115): Report Timing: Found 3 setup paths (3 violated).  Worst case slack is -2.755
    Info (332115): -from [get_registers {emu|core|u_pump|*}]
    Info (332115): -setup
    Info (332115): -npaths 3
    Info (332115): -detail summary
    Info (332115): -stdout
Info (332115): Path #1: Setup slack is -2.755 (VIOLATED)
    Info (332115):    Slack        : -2.755 (VIOLATED)
    Info (332115):    From Node    : emu:emu|ikacore_CV1k:core|CV1k_sdram_control:u_pump|dq_n[8]
    Info (332115):    To Node      : emu:emu|ikacore_CV1k:core|CV1k_sdram_control:u_pump|nor_data[8]
    Info (332115):    Launch Clock : emu|pll|pll_inst|altera_pll_i|cyclonev_pll|counter[1].output_counter|divclk (INVERTED)
    Info (332115):    Latch Clock  : emu|pll|pll_inst|altera_pll_i|cyclonev_pll|counter[1].output_counter|divclk
    Info (332115):    Relationship : 4.878
    Info (332115):    Clock Skew   : -1.350
    Info (332115):    Data Delay   : 6.083
Info (332115): Path #2: Setup slack is -2.745 (VIOLATED)
    Info (332115):    Slack        : -2.745 (VIOLATED)
    Info (332115):    From Node    : emu:emu|ikacore_CV1k:core|CV1k_sdram_control:u_pump|dq_n[8]
    Info (332115):    To Node      : emu:emu|ikacore_CV1k:core|CV1k_sdram_control:u_pump|rd_lo[8]
    Info (332115):    Launch Clock : emu|pll|pll_inst|altera_pll_i|cyclonev_pll|counter[1].output_counter|divclk (INVERTED)
    Info (332115):    Latch Clock  : emu|pll|pll_inst|altera_pll_i|cyclonev_pll|counter[1].output_counter|divclk
    Info (332115):    Relationship : 4.878
    Info (332115):    Clock Skew   : -1.360
    Info (332115):    Data Delay   : 6.063
Info (332115): Path #3: Setup slack is -2.717 (VIOLATED)
    Info (332115):    Slack        : -2.717 (VIOLATED)
    Info (332115):    From Node    : emu:emu|ikacore_CV1k:core|CV1k_sdram_control:u_pump|dq_n[8]
    Info (332115):    To Node      : emu:emu|ikacore_CV1k:core|CV1k_sdram_control:u_pump|rd_hi_e[8]
    Info (332115):    Launch Clock : emu|pll|pll_inst|altera_pll_i|cyclonev_pll|counter[1].output_counter|divclk (INVERTED)
    Info (332115):    Latch Clock  : emu|pll|pll_inst|altera_pll_i|cyclonev_pll|counter[1].output_counter|divclk
    Info (332115):    Relationship : 4.878
    Info (332115):    Clock Skew   : -1.367
    Info (332115):    Data Delay   : 6.028
########## cross c153->c102 ##########
Info (332115): Report Timing: Found 4 setup paths (4 violated).  Worst case slack is -2.570
    Info (332115): -from_clock [get_clocks {emu|pll|pll_inst|altera_pll_i|cyclonev_pll|counter[0].output_counter|divclk}]
    Info (332115): -to_clock [get_clocks {emu|pll|pll_inst|altera_pll_i|cyclonev_pll|counter[1].output_counter|divclk}]
    Info (332115): -setup
    Info (332115): -npaths 4
    Info (332115): -detail summary
    Info (332115): -stdout
Info (332115): Path #1: Setup slack is -2.570 (VIOLATED)
    Info (332115):    Slack        : -2.570 (VIOLATED)
    Info (332115):    From Node    : emu:emu|ikacore_CV1k:core|CV1k_nand:u_u2_nand|mode.M_STREAM
    Info (332115):    To Node      : emu:emu|ikacore_CV1k:core|HS3:u_hs3|dmac:u_dmac|addr_q[22]
    Info (332115):    Launch Clock : emu|pll|pll_inst|altera_pll_i|cyclonev_pll|counter[0].output_counter|divclk
    Info (332115):    Latch Clock  : emu|pll|pll_inst|altera_pll_i|cyclonev_pll|counter[1].output_counter|divclk
    Info (332115):    Relationship : 6.200
    Info (332115):    Clock Skew   : -1.010
    Info (332115):    Data Delay   : 7.490
Info (332115): Path #2: Setup slack is -2.570 (VIOLATED)
    Info (332115):    Slack        : -2.570 (VIOLATED)
    Info (332115):    From Node    : emu:emu|ikacore_CV1k:core|CV1k_nand:u_u2_nand|mode.M_STREAM
    Info (332115):    To Node      : emu:emu|ikacore_CV1k:core|HS3:u_hs3|dmac:u_dmac|addr_q[19]
    Info (332115):    Launch Clock : emu|pll|pll_inst|altera_pll_i|cyclonev_pll|counter[0].output_counter|divclk
    Info (332115):    Latch Clock  : emu|pll|pll_inst|altera_pll_i|cyclonev_pll|counter[1].output_counter|divclk
    Info (332115):    Relationship : 6.200
    Info (332115):    Clock Skew   : -1.011
    Info (332115):    Data Delay   : 7.489
Info (332115): Path #3: Setup slack is -2.562 (VIOLATED)
    Info (332115):    Slack        : -2.562 (VIOLATED)
    Info (332115):    From Node    : emu:emu|ikacore_CV1k:core|CV1k_nand:u_u2_nand|mode.M_STREAM
    Info (332115):    To Node      : emu:emu|ikacore_CV1k:core|HS3:u_hs3|dmac:u_dmac|addr_q[5]
    Info (332115):    Launch Clock : emu|pll|pll_inst|altera_pll_i|cyclonev_pll|counter[0].output_counter|divclk
    Info (332115):    Latch Clock  : emu|pll|pll_inst|altera_pll_i|cyclonev_pll|counter[1].output_counter|divclk
    Info (332115):    Relationship : 6.200
    Info (332115):    Clock Skew   : -1.006
    Info (332115):    Data Delay   : 7.486
Info (332115): Path #4: Setup slack is -2.562 (VIOLATED)
    Info (332115):    Slack        : -2.562 (VIOLATED)
    Info (332115):    From Node    : emu:emu|ikacore_CV1k:core|CV1k_nand:u_u2_nand|mode.M_STREAM
    Info (332115):    To Node      : emu:emu|ikacore_CV1k:core|HS3:u_hs3|dmac:u_dmac|addr_q[14]
    Info (332115):    Launch Clock : emu|pll|pll_inst|altera_pll_i|cyclonev_pll|counter[0].output_counter|divclk
    Info (332115):    Latch Clock  : emu|pll|pll_inst|altera_pll_i|cyclonev_pll|counter[1].output_counter|divclk
    Info (332115):    Relationship : 6.200
    Info (332115):    Clock Skew   : -1.006
    Info (332115):    Data Delay   : 7.486
########## cross c102->c153 ##########
Info (332115): Report Timing: Found 4 setup paths (4 violated).  Worst case slack is -1.444
    Info (332115): -from_clock [get_clocks {emu|pll|pll_inst|altera_pll_i|cyclonev_pll|counter[1].output_counter|divclk}]
    Info (332115): -to_clock [get_clocks {emu|pll|pll_inst|altera_pll_i|cyclonev_pll|counter[0].output_counter|divclk}]
    Info (332115): -setup
    Info (332115): -npaths 4
    Info (332115): -detail summary
    Info (332115): -stdout
Info (332115): Path #1: Setup slack is -1.444 (VIOLATED)
    Info (332115):    Slack        : -1.444 (VIOLATED)
    Info (332115):    From Node    : emu:emu|ikacore_CV1k:core|HS3:u_hs3|bsc:u_bsc|ord_w8
    Info (332115):    To Node      : emu:emu|ikacore_CV1k:core|blit_top:u_blit|blit_fetch:u_blit_fetch|skid~65
    Info (332115):    Launch Clock : emu|pll|pll_inst|altera_pll_i|cyclonev_pll|counter[1].output_counter|divclk
    Info (332115):    Latch Clock  : emu|pll|pll_inst|altera_pll_i|cyclonev_pll|counter[0].output_counter|divclk
    Info (332115):    Relationship : 6.200
    Info (332115):    Clock Skew   : -0.755
    Info (332115):    Data Delay   : 6.619
Info (332115): Path #2: Setup slack is -1.302 (VIOLATED)
    Info (332115):    Slack        : -1.302 (VIOLATED)
    Info (332115):    From Node    : emu:emu|ikacore_CV1k:core|HS3:u_hs3|bsc:u_bsc|ord_w8
    Info (332115):    To Node      : emu:emu|ikacore_CV1k:core|blit_top:u_blit|blit_fetch:u_blit_fetch|skid~1
    Info (332115):    Launch Clock : emu|pll|pll_inst|altera_pll_i|cyclonev_pll|counter[1].output_counter|divclk
    Info (332115):    Latch Clock  : emu|pll|pll_inst|altera_pll_i|cyclonev_pll|counter[0].output_counter|divclk
    Info (332115):    Relationship : 6.200
    Info (332115):    Clock Skew   : -0.749
    Info (332115):    Data Delay   : 6.483
Info (332115): Path #3: Setup slack is -1.264 (VIOLATED)
    Info (332115):    Slack        : -1.264 (VIOLATED)
    Info (332115):    From Node    : emu:emu|ikacore_CV1k:core|HS3:u_hs3|bsc:u_bsc|ord_w8
    Info (332115):    To Node      : emu:emu|ikacore_CV1k:core|blit_top:u_blit|blit_fetch:u_blit_fetch|skid_hq[1]
    Info (332115):    Launch Clock : emu|pll|pll_inst|altera_pll_i|cyclonev_pll|counter[1].output_counter|divclk
    Info (332115):    Latch Clock  : emu|pll|pll_inst|altera_pll_i|cyclonev_pll|counter[0].output_counter|divclk
    Info (332115):    Relationship : 6.200
    Info (332115):    Clock Skew   : -0.748
    Info (332115):    Data Delay   : 6.446
Info (332115): Path #4: Setup slack is -1.181 (VIOLATED)
    Info (332115):    Slack        : -1.181 (VIOLATED)
    Info (332115):    From Node    : emu:emu|ikacore_CV1k:core|HS3:u_hs3|bsc:u_bsc|ord_w8
    Info (332115):    To Node      : emu:emu|ikacore_CV1k:core|blit_top:u_blit|blit_fetch:u_blit_fetch|skid~65
    Info (332115):    Launch Clock : emu|pll|pll_inst|altera_pll_i|cyclonev_pll|counter[1].output_counter|divclk
    Info (332115):    Latch Clock  : emu|pll|pll_inst|altera_pll_i|cyclonev_pll|counter[0].output_counter|divclk
    Info (332115):    Relationship : 6.200
    Info (332115):    Clock Skew   : -0.755
    Info (332115):    Data Delay   : 6.356
########## SDRAM_CLK out ##########
Info (332115): Report Timing: Found 6 setup paths (6 violated).  Worst case slack is -1.685
    Info (332115): -to_clock [get_clocks {SDRAM_CLK}]
    Info (332115): -setup
    Info (332115): -npaths 6
    Info (332115): -detail summary
    Info (332115): -stdout
Info (332115): Path #1: Setup slack is -1.685 (VIOLATED)
    Info (332115):    Slack        : -1.685 (VIOLATED)
    Info (332115):    From Node    : emu:emu|ikacore_CV1k:core|CV1k_sdram_control:u_pump|o_S_DQ_OE~SynDup_13
    Info (332115):    To Node      : SDRAM_DQ[13]
    Info (332115):    Launch Clock : emu|pll|pll_inst|altera_pll_i|cyclonev_pll|counter[1].output_counter|divclk
    Info (332115):    Latch Clock  : SDRAM_CLK
    Info (332115):    Relationship : 1.524
    Info (332115):    Clock Skew   : 1.661
    Info (332115):    Data Delay   : 3.060
Info (332115): Path #2: Setup slack is -1.684 (VIOLATED)
    Info (332115):    Slack        : -1.684 (VIOLATED)
    Info (332115):    From Node    : emu:emu|ikacore_CV1k:core|CV1k_sdram_control:u_pump|o_S_DQ_OE~SynDup_1
    Info (332115):    To Node      : SDRAM_DQ[10]
    Info (332115):    Launch Clock : emu|pll|pll_inst|altera_pll_i|cyclonev_pll|counter[1].output_counter|divclk
    Info (332115):    Latch Clock  : SDRAM_CLK
    Info (332115):    Relationship : 1.524
    Info (332115):    Clock Skew   : 1.667
    Info (332115):    Data Delay   : 3.065
Info (332115): Path #3: Setup slack is -1.660 (VIOLATED)
    Info (332115):    Slack        : -1.660 (VIOLATED)
    Info (332115):    From Node    : emu:emu|ikacore_CV1k:core|CV1k_sdram_control:u_pump|o_S_DQ_OE~SynDup_10
    Info (332115):    To Node      : SDRAM_DQ[1]
    Info (332115):    Launch Clock : emu|pll|pll_inst|altera_pll_i|cyclonev_pll|counter[1].output_counter|divclk
    Info (332115):    Latch Clock  : SDRAM_CLK
    Info (332115):    Relationship : 1.524
    Info (332115):    Clock Skew   : 1.684
    Info (332115):    Data Delay   : 3.058
Info (332115): Path #4: Setup slack is -1.620 (VIOLATED)
    Info (332115):    Slack        : -1.620 (VIOLATED)
    Info (332115):    From Node    : emu:emu|ikacore_CV1k:core|CV1k_sdram_control:u_pump|o_S_DQ_OE~SynDup_9
    Info (332115):    To Node      : SDRAM_DQ[2]
    Info (332115):    Launch Clock : emu|pll|pll_inst|altera_pll_i|cyclonev_pll|counter[1].output_counter|divclk
    Info (332115):    Latch Clock  : SDRAM_CLK
    Info (332115):    Relationship : 1.524
    Info (332115):    Clock Skew   : 1.712
    Info (332115):    Data Delay   : 3.046
Info (332115): Path #5: Setup slack is -1.595 (VIOLATED)
    Info (332115):    Slack        : -1.595 (VIOLATED)
    Info (332115):    From Node    : emu:emu|ikacore_CV1k:core|CV1k_sdram_control:u_pump|o_S_DQ_O[13]
    Info (332115):    To Node      : SDRAM_DQ[13]
    Info (332115):    Launch Clock : emu|pll|pll_inst|altera_pll_i|cyclonev_pll|counter[1].output_counter|divclk
    Info (332115):    Latch Clock  : SDRAM_CLK
    Info (332115):    Relationship : 1.524
    Info (332115):    Clock Skew   : 1.852
    Info (332115):    Data Delay   : 3.161
Info (332115): Path #6: Setup slack is -1.571 (VIOLATED)
    Info (332115):    Slack        : -1.571 (VIOLATED)
    Info (332115):    From Node    : emu:emu|ikacore_CV1k:core|CV1k_sdram_control:u_pump|o_S_DQ_O[1]
    Info (332115):    To Node      : SDRAM_DQ[1]
    Info (332115):    Launch Clock : emu|pll|pll_inst|altera_pll_i|cyclonev_pll|counter[1].output_counter|divclk
    Info (332115):    Latch Clock  : SDRAM_CLK
    Info (332115):    Relationship : 1.524
    Info (332115):    Clock Skew   : 1.875
    Info (332115):    Data Delay   : 3.160
########## SDRAM DQ in (dq_n bank) ##########
Info (332115): Report Timing: Found 3 setup paths (3 violated).  Worst case slack is -0.085
    Info (332115): -from [get_ports {SDRAM_DQ[*]}]
    Info (332115): -setup
    Info (332115): -npaths 3
    Info (332115): -detail summary
    Info (332115): -stdout
Info (332115): Path #1: Setup slack is -0.085 (VIOLATED)
    Info (332115):    Slack        : -0.085 (VIOLATED)
    Info (332115):    From Node    : SDRAM_DQ[9]
    Info (332115):    To Node      : emu:emu|ikacore_CV1k:core|CV1k_sdram_control:u_pump|dq_n[9]
    Info (332115):    Launch Clock : SDRAM_CLK
    Info (332115):    Latch Clock  : emu|pll|pll_inst|altera_pll_i|cyclonev_pll|counter[1].output_counter|divclk (INVERTED)
    Info (332115):    Relationship : 13.110
    Info (332115):    Clock Skew   : -4.347
    Info (332115):    Data Delay   : 2.538
Info (332115): Path #2: Setup slack is -0.059 (VIOLATED)
    Info (332115):    Slack        : -0.059 (VIOLATED)
    Info (332115):    From Node    : SDRAM_DQ[4]
    Info (332115):    To Node      : emu:emu|ikacore_CV1k:core|CV1k_sdram_control:u_pump|dq_n[4]
    Info (332115):    Launch Clock : SDRAM_CLK
    Info (332115):    Latch Clock  : emu|pll|pll_inst|altera_pll_i|cyclonev_pll|counter[1].output_counter|divclk (INVERTED)
    Info (332115):    Relationship : 13.110
    Info (332115):    Clock Skew   : -4.506
    Info (332115):    Data Delay   : 2.353
Info (332115): Path #3: Setup slack is -0.037 (VIOLATED)
    Info (332115):    Slack        : -0.037 (VIOLATED)
    Info (332115):    From Node    : SDRAM_DQ[6]
    Info (332115):    To Node      : emu:emu|ikacore_CV1k:core|CV1k_sdram_control:u_pump|dq_n[6]
    Info (332115):    Launch Clock : SDRAM_CLK
    Info (332115):    Latch Clock  : emu|pll|pll_inst|altera_pll_i|cyclonev_pll|counter[1].output_counter|divclk (INVERTED)
    Info (332115):    Relationship : 13.110
    Info (332115):    Clock Skew   : -4.494
    Info (332115):    Data Delay   : 2.343
########## recovery c153 ##########
Info (332115): Report Timing: Found 20 recovery paths (20 violated).  Worst case slack is -2.768
    Info (332115): -to_clock [get_clocks {emu|pll|pll_inst|altera_pll_i|cyclonev_pll|counter[0].output_counter|divclk}]
    Info (332115): -recovery
    Info (332115): -npaths 20
    Info (332115): -detail summary
    Info (332115): -stdout
Info (332115): Path #1: Recovery slack is -2.768 (VIOLATED)
    Info (332115):    Slack        : -2.768 (VIOLATED)
    Info (332115):    From Node    : emu:emu|hps_io:hps_io|status[0]
    Info (332115):    To Node      : emu:emu|ikacore_CV1k:core|blit_top:u_blit|blit_gov:u_blit_gov|gp_need[0]_OTERM3252
    Info (332115):    Launch Clock : emu|pll|pll_inst|altera_pll_i|cyclonev_pll|counter[1].output_counter|divclk
    Info (332115):    Latch Clock  : emu|pll|pll_inst|altera_pll_i|cyclonev_pll|counter[0].output_counter|divclk
    Info (332115):    Relationship : 6.200
    Info (332115):    Clock Skew   : -0.517
    Info (332115):    Data Delay   : 8.181
Info (332115): Path #2: Recovery slack is -2.768 (VIOLATED)
    Info (332115):    Slack        : -2.768 (VIOLATED)
    Info (332115):    From Node    : emu:emu|hps_io:hps_io|status[0]
    Info (332115):    To Node      : emu:emu|ikacore_CV1k:core|blit_top:u_blit|blit_gov:u_blit_gov|gp_need[1]_OTERM3242_OTERM4819
    Info (332115):    Launch Clock : emu|pll|pll_inst|altera_pll_i|cyclonev_pll|counter[1].output_counter|divclk
    Info (332115):    Latch Clock  : emu|pll|pll_inst|altera_pll_i|cyclonev_pll|counter[0].output_counter|divclk
    Info (332115):    Relationship : 6.200
    Info (332115):    Clock Skew   : -0.517
    Info (332115):    Data Delay   : 8.181
Info (332115): Path #3: Recovery slack is -2.768 (VIOLATED)
    Info (332115):    Slack        : -2.768 (VIOLATED)
    Info (332115):    From Node    : emu:emu|hps_io:hps_io|status[0]
    Info (332115):    To Node      : emu:emu|ikacore_CV1k:core|blit_top:u_blit|blit_gov:u_blit_gov|gp_need[2]_OTERM3272_OTERM4817
    Info (332115):    Launch Clock : emu|pll|pll_inst|altera_pll_i|cyclonev_pll|counter[1].output_counter|divclk
    Info (332115):    Latch Clock  : emu|pll|pll_inst|altera_pll_i|cyclonev_pll|counter[0].output_counter|divclk
    Info (332115):    Relationship : 6.200
    Info (332115):    Clock Skew   : -0.517
    Info (332115):    Data Delay   : 8.181
Info (332115): Path #4: Recovery slack is -2.768 (VIOLATED)
    Info (332115):    Slack        : -2.768 (VIOLATED)
    Info (332115):    From Node    : emu:emu|hps_io:hps_io|status[0]
    Info (332115):    To Node      : emu:emu|ikacore_CV1k:core|blit_top:u_blit|blit_gov:u_blit_gov|gp_need[2]_OTERM3272_OTERM4815
    Info (332115):    Launch Clock : emu|pll|pll_inst|altera_pll_i|cyclonev_pll|counter[1].output_counter|divclk
    Info (332115):    Latch Clock  : emu|pll|pll_inst|altera_pll_i|cyclonev_pll|counter[0].output_counter|divclk
    Info (332115):    Relationship : 6.200
    Info (332115):    Clock Skew   : -0.517
    Info (332115):    Data Delay   : 8.181
Info (332115): Path #5: Recovery slack is -2.768 (VIOLATED)
    Info (332115):    Slack        : -2.768 (VIOLATED)
    Info (332115):    From Node    : emu:emu|hps_io:hps_io|status[0]
    Info (332115):    To Node      : emu:emu|ikacore_CV1k:core|blit_top:u_blit|blit_gov:u_blit_gov|gp_need[4]_OTERM3304_OTERM4813
    Info (332115):    Launch Clock : emu|pll|pll_inst|altera_pll_i|cyclonev_pll|counter[1].output_counter|divclk
    Info (332115):    Latch Clock  : emu|pll|pll_inst|altera_pll_i|cyclonev_pll|counter[0].output_counter|divclk
    Info (332115):    Relationship : 6.200
    Info (332115):    Clock Skew   : -0.517
    Info (332115):    Data Delay   : 8.181
Info (332115): Path #6: Recovery slack is -2.768 (VIOLATED)
    Info (332115):    Slack        : -2.768 (VIOLATED)
    Info (332115):    From Node    : emu:emu|hps_io:hps_io|status[0]
    Info (332115):    To Node      : emu:emu|ikacore_CV1k:core|blit_top:u_blit|blit_gov:u_blit_gov|gp_need[4]_OTERM3304_OTERM4811
    Info (332115):    Launch Clock : emu|pll|pll_inst|altera_pll_i|cyclonev_pll|counter[1].output_counter|divclk
    Info (332115):    Latch Clock  : emu|pll|pll_inst|altera_pll_i|cyclonev_pll|counter[0].output_counter|divclk
    Info (332115):    Relationship : 6.200
    Info (332115):    Clock Skew   : -0.517
    Info (332115):    Data Delay   : 8.181
Info (332115): Path #7: Recovery slack is -2.768 (VIOLATED)
    Info (332115):    Slack        : -2.768 (VIOLATED)
    Info (332115):    From Node    : emu:emu|hps_io:hps_io|status[0]
    Info (332115):    To Node      : emu:emu|ikacore_CV1k:core|blit_top:u_blit|blit_gov:u_blit_gov|gp_need[6]_OTERM3238_OTERM4809
    Info (332115):    Launch Clock : emu|pll|pll_inst|altera_pll_i|cyclonev_pll|counter[1].output_counter|divclk
    Info (332115):    Latch Clock  : emu|pll|pll_inst|altera_pll_i|cyclonev_pll|counter[0].output_counter|divclk
    Info (332115):    Relationship : 6.200
    Info (332115):    Clock Skew   : -0.517
    Info (332115):    Data Delay   : 8.181
Info (332115): Path #8: Recovery slack is -2.768 (VIOLATED)
    Info (332115):    Slack        : -2.768 (VIOLATED)
    Info (332115):    From Node    : emu:emu|hps_io:hps_io|status[0]
    Info (332115):    To Node      : emu:emu|ikacore_CV1k:core|blit_top:u_blit|blit_gov:u_blit_gov|gp_need[6]_OTERM3238_OTERM4807
    Info (332115):    Launch Clock : emu|pll|pll_inst|altera_pll_i|cyclonev_pll|counter[1].output_counter|divclk
    Info (332115):    Latch Clock  : emu|pll|pll_inst|altera_pll_i|cyclonev_pll|counter[0].output_counter|divclk
    Info (332115):    Relationship : 6.200
    Info (332115):    Clock Skew   : -0.517
    Info (332115):    Data Delay   : 8.181
Info (332115): Path #9: Recovery slack is -2.768 (VIOLATED)
    Info (332115):    Slack        : -2.768 (VIOLATED)
    Info (332115):    From Node    : emu:emu|hps_io:hps_io|status[0]
    Info (332115):    To Node      : emu:emu|ikacore_CV1k:core|blit_top:u_blit|blit_gov:u_blit_gov|gp_need[8]_OTERM3230_OTERM4805
    Info (332115):    Launch Clock : emu|pll|pll_inst|altera_pll_i|cyclonev_pll|counter[1].output_counter|divclk
    Info (332115):    Latch Clock  : emu|pll|pll_inst|altera_pll_i|cyclonev_pll|counter[0].output_counter|divclk
    Info (332115):    Relationship : 6.200
    Info (332115):    Clock Skew   : -0.517
    Info (332115):    Data Delay   : 8.181
Info (332115): Path #10: Recovery slack is -2.768 (VIOLATED)
    Info (332115):    Slack        : -2.768 (VIOLATED)
    Info (332115):    From Node    : emu:emu|hps_io:hps_io|status[0]
    Info (332115):    To Node      : emu:emu|ikacore_CV1k:core|blit_top:u_blit|blit_gov:u_blit_gov|gp_need[8]_OTERM3230_OTERM4803
    Info (332115):    Launch Clock : emu|pll|pll_inst|altera_pll_i|cyclonev_pll|counter[1].output_counter|divclk
    Info (332115):    Latch Clock  : emu|pll|pll_inst|altera_pll_i|cyclonev_pll|counter[0].output_counter|divclk
    Info (332115):    Relationship : 6.200
    Info (332115):    Clock Skew   : -0.517
    Info (332115):    Data Delay   : 8.181
Info (332115): Path #11: Recovery slack is -2.768 (VIOLATED)
    Info (332115):    Slack        : -2.768 (VIOLATED)
    Info (332115):    From Node    : emu:emu|hps_io:hps_io|status[0]
    Info (332115):    To Node      : emu:emu|ikacore_CV1k:core|blit_top:u_blit|blit_gov:u_blit_gov|gp_need[10]_OTERM3222_OTERM4801
    Info (332115):    Launch Clock : emu|pll|pll_inst|altera_pll_i|cyclonev_pll|counter[1].output_counter|divclk
    Info (332115):    Latch Clock  : emu|pll|pll_inst|altera_pll_i|cyclonev_pll|counter[0].output_counter|divclk
    Info (332115):    Relationship : 6.200
    Info (332115):    Clock Skew   : -0.517
    Info (332115):    Data Delay   : 8.181
Info (332115): Path #12: Recovery slack is -2.768 (VIOLATED)
    Info (332115):    Slack        : -2.768 (VIOLATED)
    Info (332115):    From Node    : emu:emu|hps_io:hps_io|status[0]
    Info (332115):    To Node      : emu:emu|ikacore_CV1k:core|blit_top:u_blit|blit_gov:u_blit_gov|gp_need[10]_OTERM3222_OTERM4799
    Info (332115):    Launch Clock : emu|pll|pll_inst|altera_pll_i|cyclonev_pll|counter[1].output_counter|divclk
    Info (332115):    Latch Clock  : emu|pll|pll_inst|altera_pll_i|cyclonev_pll|counter[0].output_counter|divclk
    Info (332115):    Relationship : 6.200
    Info (332115):    Clock Skew   : -0.517
    Info (332115):    Data Delay   : 8.181
Info (332115): Path #13: Recovery slack is -2.768 (VIOLATED)
    Info (332115):    Slack        : -2.768 (VIOLATED)
    Info (332115):    From Node    : emu:emu|hps_io:hps_io|status[0]
    Info (332115):    To Node      : emu:emu|ikacore_CV1k:core|blit_top:u_blit|blit_gov:u_blit_gov|gp_need[12]_OTERM3264_OTERM4797
    Info (332115):    Launch Clock : emu|pll|pll_inst|altera_pll_i|cyclonev_pll|counter[1].output_counter|divclk
    Info (332115):    Latch Clock  : emu|pll|pll_inst|altera_pll_i|cyclonev_pll|counter[0].output_counter|divclk
    Info (332115):    Relationship : 6.200
    Info (332115):    Clock Skew   : -0.517
    Info (332115):    Data Delay   : 8.181
Info (332115): Path #14: Recovery slack is -2.768 (VIOLATED)
    Info (332115):    Slack        : -2.768 (VIOLATED)
    Info (332115):    From Node    : emu:emu|hps_io:hps_io|status[0]
    Info (332115):    To Node      : emu:emu|ikacore_CV1k:core|blit_top:u_blit|blit_gov:u_blit_gov|gp_need[12]_OTERM3264_OTERM4795
    Info (332115):    Launch Clock : emu|pll|pll_inst|altera_pll_i|cyclonev_pll|counter[1].output_counter|divclk
    Info (332115):    Latch Clock  : emu|pll|pll_inst|altera_pll_i|cyclonev_pll|counter[0].output_counter|divclk
    Info (332115):    Relationship : 6.200
    Info (332115):    Clock Skew   : -0.517
    Info (332115):    Data Delay   : 8.181
Info (332115): Path #15: Recovery slack is -2.768 (VIOLATED)
    Info (332115):    Slack        : -2.768 (VIOLATED)
    Info (332115):    From Node    : emu:emu|hps_io:hps_io|status[0]
    Info (332115):    To Node      : emu:emu|ikacore_CV1k:core|blit_top:u_blit|blit_gov:u_blit_gov|gp_need[14]_OTERM3260_OTERM4793
    Info (332115):    Launch Clock : emu|pll|pll_inst|altera_pll_i|cyclonev_pll|counter[1].output_counter|divclk
    Info (332115):    Latch Clock  : emu|pll|pll_inst|altera_pll_i|cyclonev_pll|counter[0].output_counter|divclk
    Info (332115):    Relationship : 6.200
    Info (332115):    Clock Skew   : -0.517
    Info (332115):    Data Delay   : 8.181
Info (332115): Path #16: Recovery slack is -2.768 (VIOLATED)
    Info (332115):    Slack        : -2.768 (VIOLATED)
    Info (332115):    From Node    : emu:emu|hps_io:hps_io|status[0]
    Info (332115):    To Node      : emu:emu|ikacore_CV1k:core|blit_top:u_blit|blit_gov:u_blit_gov|gp_need[14]_OTERM3260_OTERM4791
    Info (332115):    Launch Clock : emu|pll|pll_inst|altera_pll_i|cyclonev_pll|counter[1].output_counter|divclk
    Info (332115):    Latch Clock  : emu|pll|pll_inst|altera_pll_i|cyclonev_pll|counter[0].output_counter|divclk
    Info (332115):    Relationship : 6.200
    Info (332115):    Clock Skew   : -0.517
    Info (332115):    Data Delay   : 8.181
Info (332115): Path #17: Recovery slack is -2.768 (VIOLATED)
    Info (332115):    Slack        : -2.768 (VIOLATED)
    Info (332115):    From Node    : emu:emu|hps_io:hps_io|status[0]
    Info (332115):    To Node      : emu:emu|ikacore_CV1k:core|blit_top:u_blit|blit_gov:u_blit_gov|gp_need[16]_OTERM3312_OTERM4789
    Info (332115):    Launch Clock : emu|pll|pll_inst|altera_pll_i|cyclonev_pll|counter[1].output_counter|divclk
    Info (332115):    Latch Clock  : emu|pll|pll_inst|altera_pll_i|cyclonev_pll|counter[0].output_counter|divclk
    Info (332115):    Relationship : 6.200
    Info (332115):    Clock Skew   : -0.517
    Info (332115):    Data Delay   : 8.181
Info (332115): Path #18: Recovery slack is -2.768 (VIOLATED)
    Info (332115):    Slack        : -2.768 (VIOLATED)
    Info (332115):    From Node    : emu:emu|hps_io:hps_io|status[0]
    Info (332115):    To Node      : emu:emu|ikacore_CV1k:core|blit_top:u_blit|blit_gov:u_blit_gov|gp_need[16]_OTERM3312_OTERM4787
    Info (332115):    Launch Clock : emu|pll|pll_inst|altera_pll_i|cyclonev_pll|counter[1].output_counter|divclk
    Info (332115):    Latch Clock  : emu|pll|pll_inst|altera_pll_i|cyclonev_pll|counter[0].output_counter|divclk
    Info (332115):    Relationship : 6.200
    Info (332115):    Clock Skew   : -0.517
    Info (332115):    Data Delay   : 8.181
Info (332115): Path #19: Recovery slack is -2.768 (VIOLATED)
    Info (332115):    Slack        : -2.768 (VIOLATED)
    Info (332115):    From Node    : emu:emu|hps_io:hps_io|status[0]
    Info (332115):    To Node      : emu:emu|ikacore_CV1k:core|blit_top:u_blit|blit_gov:u_blit_gov|gp_need[18]_OTERM3210_OTERM4785
    Info (332115):    Launch Clock : emu|pll|pll_inst|altera_pll_i|cyclonev_pll|counter[1].output_counter|divclk
    Info (332115):    Latch Clock  : emu|pll|pll_inst|altera_pll_i|cyclonev_pll|counter[0].output_counter|divclk
    Info (332115):    Relationship : 6.200
    Info (332115):    Clock Skew   : -0.517
    Info (332115):    Data Delay   : 8.181
Info (332115): Path #20: Recovery slack is -2.768 (VIOLATED)
    Info (332115):    Slack        : -2.768 (VIOLATED)
    Info (332115):    From Node    : emu:emu|hps_io:hps_io|status[0]
    Info (332115):    To Node      : emu:emu|ikacore_CV1k:core|blit_top:u_blit|blit_gov:u_blit_gov|gp_need[18]_OTERM3210_OTERM4783
    Info (332115):    Launch Clock : emu|pll|pll_inst|altera_pll_i|cyclonev_pll|counter[1].output_counter|divclk
    Info (332115):    Latch Clock  : emu|pll|pll_inst|altera_pll_i|cyclonev_pll|counter[0].output_counter|divclk
    Info (332115):    Relationship : 6.200
    Info (332115):    Clock Skew   : -0.517
    Info (332115):    Data Delay   : 8.181
########## recovery c102 ##########
Info (332115): Report Timing: Found 6 recovery paths (0 violated).  Worst case slack is 0.150
    Info (332115): -to_clock [get_clocks {emu|pll|pll_inst|altera_pll_i|cyclonev_pll|counter[1].output_counter|divclk}]
    Info (332115): -recovery
    Info (332115): -npaths 6
    Info (332115): -detail summary
    Info (332115): -stdout
Info (332115): Path #1: Recovery slack is 0.150 
    Info (332115):    Slack        : 0.150 
    Info (332115):    From Node    : emu:emu|ikacore_CV1k:core|HS3:u_hs3|cpg_wdt:u_cpg_wdt|rst_cnt[0]
    Info (332115):    To Node      : emu:emu|ikacore_CV1k:core|HS3:u_hs3|cpu_core:u_cpu|int_pipe:u_int_pipe|idex.pr_link
    Info (332115):    Launch Clock : emu|pll|pll_inst|altera_pll_i|cyclonev_pll|counter[1].output_counter|divclk
    Info (332115):    Latch Clock  : emu|pll|pll_inst|altera_pll_i|cyclonev_pll|counter[1].output_counter|divclk
    Info (332115):    Relationship : 9.756
    Info (332115):    Clock Skew   : -0.575
    Info (332115):    Data Delay   : 8.831
Info (332115): Path #2: Recovery slack is 0.150 
    Info (332115):    Slack        : 0.150 
    Info (332115):    From Node    : emu:emu|ikacore_CV1k:core|HS3:u_hs3|cpg_wdt:u_cpg_wdt|rst_cnt[0]
    Info (332115):    To Node      : emu:emu|ikacore_CV1k:core|HS3:u_hs3|cpu_core:u_cpu|int_pipe:u_int_pipe|exma.trapa_imm[3]
    Info (332115):    Launch Clock : emu|pll|pll_inst|altera_pll_i|cyclonev_pll|counter[1].output_counter|divclk
    Info (332115):    Latch Clock  : emu|pll|pll_inst|altera_pll_i|cyclonev_pll|counter[1].output_counter|divclk
    Info (332115):    Relationship : 9.756
    Info (332115):    Clock Skew   : -0.577
    Info (332115):    Data Delay   : 8.829
Info (332115): Path #3: Recovery slack is 0.153 
    Info (332115):    Slack        : 0.153 
    Info (332115):    From Node    : emu:emu|ikacore_CV1k:core|HS3:u_hs3|cpg_wdt:u_cpg_wdt|rst_cnt[0]
    Info (332115):    To Node      : emu:emu|ikacore_CV1k:core|HS3:u_hs3|cpu_core:u_cpu|int_pipe:u_int_pipe|exma.trapa_imm[4]
    Info (332115):    Launch Clock : emu|pll|pll_inst|altera_pll_i|cyclonev_pll|counter[1].output_counter|divclk
    Info (332115):    Latch Clock  : emu|pll|pll_inst|altera_pll_i|cyclonev_pll|counter[1].output_counter|divclk
    Info (332115):    Relationship : 9.756
    Info (332115):    Clock Skew   : -0.563
    Info (332115):    Data Delay   : 8.840
Info (332115): Path #4: Recovery slack is 0.153 
    Info (332115):    Slack        : 0.153 
    Info (332115):    From Node    : emu:emu|ikacore_CV1k:core|HS3:u_hs3|cpg_wdt:u_cpg_wdt|rst_cnt[0]
    Info (332115):    To Node      : emu:emu|ikacore_CV1k:core|HS3:u_hs3|cpu_core:u_cpu|int_pipe:u_int_pipe|exma.trapa_imm[6]
    Info (332115):    Launch Clock : emu|pll|pll_inst|altera_pll_i|cyclonev_pll|counter[1].output_counter|divclk
    Info (332115):    Latch Clock  : emu|pll|pll_inst|altera_pll_i|cyclonev_pll|counter[1].output_counter|divclk
    Info (332115):    Relationship : 9.756
    Info (332115):    Clock Skew   : -0.561
    Info (332115):    Data Delay   : 8.842
Info (332115): Path #5: Recovery slack is 0.156 
    Info (332115):    Slack        : 0.156 
    Info (332115):    From Node    : emu:emu|ikacore_CV1k:core|HS3:u_hs3|cpg_wdt:u_cpg_wdt|rst_cnt[0]
    Info (332115):    To Node      : emu:emu|ikacore_CV1k:core|HS3:u_hs3|cpu_core:u_cpu|int_pipe:u_int_pipe|o_EXC_ACCESS_ADDR[13]
    Info (332115):    Launch Clock : emu|pll|pll_inst|altera_pll_i|cyclonev_pll|counter[1].output_counter|divclk
    Info (332115):    Latch Clock  : emu|pll|pll_inst|altera_pll_i|cyclonev_pll|counter[1].output_counter|divclk
    Info (332115):    Relationship : 9.756
    Info (332115):    Clock Skew   : -0.558
    Info (332115):    Data Delay   : 8.842
Info (332115): Path #6: Recovery slack is 0.156 
    Info (332115):    Slack        : 0.156 
    Info (332115):    From Node    : emu:emu|ikacore_CV1k:core|HS3:u_hs3|cpg_wdt:u_cpg_wdt|rst_cnt[0]
    Info (332115):    To Node      : emu:emu|ikacore_CV1k:core|HS3:u_hs3|cpu_core:u_cpu|int_pipe:u_int_pipe|fetch_pending_pc[29]
    Info (332115):    Launch Clock : emu|pll|pll_inst|altera_pll_i|cyclonev_pll|counter[1].output_counter|divclk
    Info (332115):    Latch Clock  : emu|pll|pll_inst|altera_pll_i|cyclonev_pll|counter[1].output_counter|divclk
    Info (332115):    Relationship : 9.756
    Info (332115):    Clock Skew   : -0.556
    Info (332115):    Data Delay   : 8.844
########## hold worst ##########
Info (332115): Report Timing: Found 3 hold paths (0 violated).  Worst case slack is 0.233
    Info (332115): -hold
    Info (332115): -npaths 3
    Info (332115): -detail summary
    Info (332115): -stdout
Info (332115): Path #1: Hold slack is 0.233 
    Info (332115):    Slack        : 0.233 
    Info (332115):    From Node    : ascal:ascal|o_hpixq[7][1].b[7]
    Info (332115):    To Node      : ascal:ascal|o_hpixq[8][1].b[7]
    Info (332115):    Launch Clock : pll_hdmi|pll_hdmi_inst|altera_pll_i|cyclonev_pll|counter[0].output_counter|divclk
    Info (332115):    Latch Clock  : pll_hdmi|pll_hdmi_inst|altera_pll_i|cyclonev_pll|counter[0].output_counter|divclk
    Info (332115):    Relationship : 0.000
    Info (332115):    Clock Skew   : 0.833
    Info (332115):    Data Delay   : 1.066
Info (332115): Path #2: Hold slack is 0.237 
    Info (332115):    Slack        : 0.237 
    Info (332115):    From Node    : vga_out:vga_scaler_out|altshift_taps:din1_rtl_0|shift_taps_quu:auto_generated|altsyncram_dr91:altsyncram4|ram_block5a15
    Info (332115):    To Node      : d[15]
    Info (332115):    Launch Clock : pll_hdmi|pll_hdmi_inst|altera_pll_i|cyclonev_pll|counter[0].output_counter|divclk
    Info (332115):    Latch Clock  : pll_hdmi|pll_hdmi_inst|altera_pll_i|cyclonev_pll|counter[0].output_counter|divclk
    Info (332115):    Relationship : 0.000
    Info (332115):    Clock Skew   : 0.793
    Info (332115):    Data Delay   : 1.030
Info (332115): Path #3: Hold slack is 0.244 
    Info (332115):    Slack        : 0.244 
    Info (332115):    From Node    : ascal:ascal|o_vpixq_pre[3].g[0]
    Info (332115):    To Node      : ascal:ascal|o_vpixq[3].g[0]
    Info (332115):    Launch Clock : pll_hdmi|pll_hdmi_inst|altera_pll_i|cyclonev_pll|counter[0].output_counter|divclk
    Info (332115):    Latch Clock  : pll_hdmi|pll_hdmi_inst|altera_pll_i|cyclonev_pll|counter[0].output_counter|divclk
    Info (332115):    Relationship : 0.000
    Info (332115):    Clock Skew   : 0.863
    Info (332115):    Data Delay   : 1.107
########## removal worst ##########
Info (332115): Report Timing: Found 3 removal paths (0 violated).  Worst case slack is 0.776
    Info (332115): -removal
    Info (332115): -npaths 3
    Info (332115): -detail summary
    Info (332115): -stdout
Info (332115): Path #1: Removal slack is 0.776 
    Info (332115):    Slack        : 0.776 
    Info (332115):    From Node    : ascal:ascal|avl_reset_na
    Info (332115):    To Node      : ascal:ascal|avl_state.sWRITE
    Info (332115):    Launch Clock : sysmem|fpga_interfaces|clocks_resets|h2f_user0_clk
    Info (332115):    Latch Clock  : sysmem|fpga_interfaces|clocks_resets|h2f_user0_clk
    Info (332115):    Relationship : 0.000
    Info (332115):    Clock Skew   : 0.102
    Info (332115):    Data Delay   : 0.878
Info (332115): Path #2: Removal slack is 0.776 
    Info (332115):    Slack        : 0.776 
    Info (332115):    From Node    : ascal:ascal|avl_reset_na
    Info (332115):    To Node      : ascal:ascal|avl_state.sIDLE
    Info (332115):    Launch Clock : sysmem|fpga_interfaces|clocks_resets|h2f_user0_clk
    Info (332115):    Latch Clock  : sysmem|fpga_interfaces|clocks_resets|h2f_user0_clk
    Info (332115):    Relationship : 0.000
    Info (332115):    Clock Skew   : 0.102
    Info (332115):    Data Delay   : 0.878
Info (332115): Path #3: Removal slack is 0.776 
    Info (332115):    Slack        : 0.776 
    Info (332115):    From Node    : ascal:ascal|avl_reset_na
    Info (332115):    To Node      : ascal:ascal|avl_state.sREAD
    Info (332115):    Launch Clock : sysmem|fpga_interfaces|clocks_resets|h2f_user0_clk
    Info (332115):    Latch Clock  : sysmem|fpga_interfaces|clocks_resets|h2f_user0_clk
    Info (332115):    Relationship : 0.000
    Info (332115):    Clock Skew   : 0.102
    Info (332115):    Data Delay   : 0.878
Info (23030): Evaluation of Tcl script sta_cones.tcl was successful
Info: Quartus Prime TimeQuest Timing Analyzer was successful. 0 errors, 6 warnings
    Info: Peak virtual memory: 2472 megabytes
    Info: Processing ended: Sun Jul 19 06:48:23 2026
    Info: Elapsed time: 00:00:17
    Info: Total CPU time (on all processors): 00:01:11
