Info: *******************************************************************
Info: Running Quartus Prime TimeQuest Timing Analyzer
    Info: Version 17.0.2 Build 602 07/19/2017 SJ Lite Edition
    Info: Copyright (C) 2017  Intel Corporation. All rights reserved.
    Info: Your use of Intel Corporation's design tools, logic functions 
    Info: and other software and tools, and its AMPP partner logic 
    Info: functions, and any output files from any of the foregoing 
    Info: (including device programming or simulation files), and any 
    Info: associated documentation or information are expressly subject 
    Info: to the terms and conditions of the Intel Program License 
    Info: Subscription Agreement, the Intel Quartus Prime License Agreement,
    Info: the Intel MegaCore Function License Agreement, or other 
    Info: applicable license agreement, including, without limitation, 
    Info: that your use is for the sole purpose of programming logic 
    Info: devices manufactured by Intel and sold by Intel or its 
    Info: authorized distributors.  Please refer to the applicable 
    Info: agreement for further details.
    Info: Processing started: Sun Jul 19 03:46:07 2026
Info: Command: quartus_sta -t sta_cones.tcl
Info (20030): Parallel compilation is enabled and will use 16 of the 48 processors detected
Info (21077): Core supply voltage is 1.1V
Info (334003): Started post-fitting delay annotation
Info (334004): Delay annotation completed successfully
Info (332164): Evaluating HDL-embedded SDC commands
    Info (332165): Entity altera_std_synchronizer
        Info (332166): set_false_path -to [get_keepers {*altera_std_synchronizer:*|din_s1}]
Info (332104): Reading SDC File: 'sys/sys_top.sdc'
Info (332110): Deriving PLL clocks
    Info (332110): create_generated_clock -source {emu|pll|pll_inst|altera_pll_i|cyclonev_pll|counter[0].output_counter|vco0ph[0]} -divide_by 8 -duty_cycle 50.00 -name {emu|pll|pll_inst|altera_pll_i|cyclonev_pll|counter[0].output_counter|divclk} {emu|pll|pll_inst|altera_pll_i|cyclonev_pll|counter[0].output_counter|divclk}
    Info (332110): create_generated_clock -source {emu|pll|pll_inst|altera_pll_i|cyclonev_pll|fpll_0|fpll|refclkin} -divide_by 512 -multiply_by 12595 -duty_cycle 50.00 -name {emu|pll|pll_inst|altera_pll_i|cyclonev_pll|fpll_0|fpll|vcoph[0]} {emu|pll|pll_inst|altera_pll_i|cyclonev_pll|fpll_0|fpll|vcoph[0]}
    Info (332110): create_generated_clock -source {emu|pll|pll_inst|altera_pll_i|cyclonev_pll|counter[1].output_counter|vco0ph[0]} -divide_by 12 -duty_cycle 50.00 -name {emu|pll|pll_inst|altera_pll_i|cyclonev_pll|counter[1].output_counter|divclk} {emu|pll|pll_inst|altera_pll_i|cyclonev_pll|counter[1].output_counter|divclk}
    Info (332110): create_generated_clock -source {emu|pll|pll_inst|altera_pll_i|cyclonev_pll|counter[2].output_counter|vco0ph[0]} -divide_by 12 -phase 56.26 -duty_cycle 50.00 -name {emu|pll|pll_inst|altera_pll_i|cyclonev_pll|counter[2].output_counter|divclk} {emu|pll|pll_inst|altera_pll_i|cyclonev_pll|counter[2].output_counter|divclk}
    Info (332110): create_generated_clock -source {pll_hdmi|pll_hdmi_inst|altera_pll_i|cyclonev_pll|counter[0].output_counter|vco0ph[0]} -divide_by 3 -duty_cycle 50.00 -name {pll_hdmi|pll_hdmi_inst|altera_pll_i|cyclonev_pll|counter[0].output_counter|divclk} {pll_hdmi|pll_hdmi_inst|altera_pll_i|cyclonev_pll|counter[0].output_counter|divclk}
    Info (332110): create_generated_clock -source {pll_hdmi|pll_hdmi_inst|altera_pll_i|cyclonev_pll|fpll_0|fpll|refclkin} -divide_by 512 -multiply_by 4563 -duty_cycle 50.00 -name {pll_hdmi|pll_hdmi_inst|altera_pll_i|cyclonev_pll|fpll_0|fpll|vcoph[0]} {pll_hdmi|pll_hdmi_inst|altera_pll_i|cyclonev_pll|fpll_0|fpll|vcoph[0]}
    Info (332110): create_generated_clock -source {pll_audio|pll_audio_inst|altera_pll_i|general[0].gpll~FRACTIONAL_PLL|refclkin} -divide_by 512 -multiply_by 4279 -duty_cycle 50.00 -name {pll_audio|pll_audio_inst|altera_pll_i|general[0].gpll~FRACTIONAL_PLL|vcoph[0]} {pll_audio|pll_audio_inst|altera_pll_i|general[0].gpll~FRACTIONAL_PLL|vcoph[0]}
    Info (332110): create_generated_clock -source {pll_audio|pll_audio_inst|altera_pll_i|general[0].gpll~PLL_OUTPUT_COUNTER|vco0ph[0]} -divide_by 17 -duty_cycle 50.00 -name {pll_audio|pll_audio_inst|altera_pll_i|general[0].gpll~PLL_OUTPUT_COUNTER|divclk} {pll_audio|pll_audio_inst|altera_pll_i|general[0].gpll~PLL_OUTPUT_COUNTER|divclk}
Info (332151): Clock uncertainty is not calculated until you update the timing netlist.
Warning (332174): Ignored filter at sys_top.sdc(60): arc* could not be matched with a clock or keeper File: /host/sys/sys_top.sdc Line: 60
Warning (332174): Ignored filter at sys_top.sdc(61): arx* could not be matched with a clock or keeper or register or port or pin or cell or partition File: /host/sys/sys_top.sdc Line: 61
Warning (332174): Ignored filter at sys_top.sdc(61): ary* could not be matched with a clock or keeper or register or port or pin or cell or partition File: /host/sys/sys_top.sdc Line: 61
Warning (332049): Ignored set_false_path at sys_top.sdc(61): Argument <from> is not an object ID File: /host/sys/sys_top.sdc Line: 61
    Info (332050): set_false_path -from {arx* ary*} File: /host/sys/sys_top.sdc Line: 61
Info (332104): Reading SDC File: 'ikacore_CV1k.sdc'
Info (332151): Clock uncertainty is not calculated until you update the timing netlist.
Warning (332174): Ignored filter at ikacore_CV1k.sdc(55): *u_gpr_bram*DATA_IN* could not be matched with a register File: /host/ikacore_CV1k.sdc Line: 55
Warning (332174): Ignored filter at ikacore_CV1k.sdc(193): emu|core|u_u2_nand|cur_word_q[*] could not be matched with a register File: /host/ikacore_CV1k.sdc Line: 193
Info (332097): The following timing edges are non-unate.  TimeQuest will assume pos-unate behavior for these edges in the clock network.
    Info (332098): Cell: emu|pll|pll_inst|altera_pll_i|cyclonev_pll|counter[0].output_counter  from: vco0ph[0]  to: divclk
    Info (332098): Cell: emu|pll|pll_inst|altera_pll_i|cyclonev_pll|counter[1].output_counter  from: vco0ph[0]  to: divclk
    Info (332098): Cell: emu|pll|pll_inst|altera_pll_i|cyclonev_pll|counter[2].output_counter  from: vco0ph[0]  to: divclk
    Info (332098): Cell: emu|pll|pll_inst|altera_pll_i|cyclonev_pll|fpll_0|REFCLK_SELECT  from: clkin[0]  to: clkout
    Info (332098): Cell: emu|pll|pll_inst|altera_pll_i|cyclonev_pll|fpll_0|fpll  from: refclkin  to: fbclk
    Info (332098): Cell: pll_audio|pll_audio_inst|altera_pll_i|general[0].gpll~FRACTIONAL_PLL  from: refclkin  to: fbclk
    Info (332098): Cell: pll_audio|pll_audio_inst|altera_pll_i|general[0].gpll~PLL_OUTPUT_COUNTER  from: vco0ph[0]  to: divclk
    Info (332098): Cell: pll_audio|pll_audio_inst|altera_pll_i|general[0].gpll~PLL_REFCLK_SELECT  from: clkin[0]  to: clkout
    Info (332098): Cell: pll_hdmi|pll_hdmi_inst|altera_pll_i|cyclonev_pll|counter[0].output_counter  from: vco0ph[0]  to: divclk
    Info (332098): Cell: pll_hdmi|pll_hdmi_inst|altera_pll_i|cyclonev_pll|fpll_0|REFCLK_SELECT  from: clkin[0]  to: clkout
    Info (332098): Cell: pll_hdmi|pll_hdmi_inst|altera_pll_i|cyclonev_pll|fpll_0|fpll  from: refclkin  to: fbclk
    Info (332098): From: sysmem|fpga_interfaces|f2sdram|cmd_port_clk_0  to: sysmem_lite:sysmem|sysmem_HPS_fpga_interfaces:fpga_interfaces|f2sdram~FF_762
    Info (332098): From: sysmem|fpga_interfaces|f2sdram|cmd_port_clk_1  to: sysmem_lite:sysmem|sysmem_HPS_fpga_interfaces:fpga_interfaces|f2sdram~FF_827
    Info (332098): From: sysmem|fpga_interfaces|f2sdram|cmd_port_clk_2  to: sysmem_lite:sysmem|sysmem_HPS_fpga_interfaces:fpga_interfaces|f2sdram~FF_920
    Info (332098): From: sysmem|fpga_interfaces|f2sdram|rd_clk_0  to: sysmem_lite:sysmem|sysmem_HPS_fpga_interfaces:fpga_interfaces|f2sdram~FF_7
    Info (332098): From: sysmem|fpga_interfaces|f2sdram|rd_clk_1  to: sysmem_lite:sysmem|sysmem_HPS_fpga_interfaces:fpga_interfaces|f2sdram~FF_6
    Info (332098): From: sysmem|fpga_interfaces|f2sdram|rd_clk_2  to: sysmem_lite:sysmem|sysmem_HPS_fpga_interfaces:fpga_interfaces|f2sdram~FF_5
    Info (332098): From: sysmem|fpga_interfaces|f2sdram|rd_clk_3  to: sysmem_lite:sysmem|sysmem_HPS_fpga_interfaces:fpga_interfaces|f2sdram~FF_4
    Info (332098): From: sysmem|fpga_interfaces|f2sdram|wr_clk_0  to: sysmem_lite:sysmem|sysmem_HPS_fpga_interfaces:fpga_interfaces|f2sdram~FF_3
    Info (332098): From: sysmem|fpga_interfaces|f2sdram|wr_clk_1  to: sysmem_lite:sysmem|sysmem_HPS_fpga_interfaces:fpga_interfaces|f2sdram~FF_2
    Info (332098): From: sysmem|fpga_interfaces|f2sdram|wr_clk_2  to: sysmem_lite:sysmem|sysmem_HPS_fpga_interfaces:fpga_interfaces|f2sdram~FF_1
    Info (332098): From: sysmem|fpga_interfaces|f2sdram|wr_clk_3  to: sysmem_lite:sysmem|sysmem_HPS_fpga_interfaces:fpga_interfaces|f2sdram~FF_0
Info (332123): Deriving Clock Uncertainty. Please refer to report_sdc in TimeQuest to see clock uncertainties.
########## c153-to gov ##########
Info (332115): Report Timing: Found 3 setup paths (3 violated).  Worst case slack is -2.393
    Info (332115): -to [get_registers {emu|core|u_blit|u_blit_gov|*}]
    Info (332115): -setup
    Info (332115): -npaths 3
    Info (332115): -detail summary
    Info (332115): -stdout
Info (332115): Path #1: Setup slack is -2.393 (VIOLATED)
    Info (332115):    Slack        : -2.393 (VIOLATED)
    Info (332115):    From Node    : emu:emu|ikacore_CV1k:core|blit_top:u_blit|blit_gov:u_blit_gov|altsyncram:q_mem_rtl_0|altsyncram_ssi1:auto_generated|ram_block1a29~PORT_B_WRITE_ENABLE_REG
    Info (332115):    To Node      : emu:emu|ikacore_CV1k:core|blit_top:u_blit|blit_gov:u_blit_gov|tnbe[29]
    Info (332115):    Launch Clock : emu|pll|pll_inst|altera_pll_i|cyclonev_pll|counter[0].output_counter|divclk
    Info (332115):    Latch Clock  : emu|pll|pll_inst|altera_pll_i|cyclonev_pll|counter[0].output_counter|divclk
    Info (332115):    Relationship : 6.504
    Info (332115):    Clock Skew   : -1.490
    Info (332115):    Data Delay   : 7.077
Info (332115): Path #2: Setup slack is -2.020 (VIOLATED)
    Info (332115):    Slack        : -2.020 (VIOLATED)
    Info (332115):    From Node    : emu:emu|ikacore_CV1k:core|blit_top:u_blit|blit_gov:u_blit_gov|altsyncram:q_mem_rtl_0|altsyncram_ssi1:auto_generated|ram_block1a29~PORT_B_WRITE_ENABLE_REG
    Info (332115):    To Node      : emu:emu|ikacore_CV1k:core|blit_top:u_blit|blit_gov:u_blit_gov|tnbe[29]
    Info (332115):    Launch Clock : emu|pll|pll_inst|altera_pll_i|cyclonev_pll|counter[0].output_counter|divclk
    Info (332115):    Latch Clock  : emu|pll|pll_inst|altera_pll_i|cyclonev_pll|counter[0].output_counter|divclk
    Info (332115):    Relationship : 6.504
    Info (332115):    Clock Skew   : -1.490
    Info (332115):    Data Delay   : 6.704
Info (332115): Path #3: Setup slack is -1.969 (VIOLATED)
    Info (332115):    Slack        : -1.969 (VIOLATED)
    Info (332115):    From Node    : emu:emu|ikacore_CV1k:core|blit_top:u_blit|blit_gov:u_blit_gov|altsyncram:q_mem_rtl_0|altsyncram_ssi1:auto_generated|ram_block1a3~PORT_B_WRITE_ENABLE_REG
    Info (332115):    To Node      : emu:emu|ikacore_CV1k:core|blit_top:u_blit|blit_gov:u_blit_gov|tdiff[32]
    Info (332115):    Launch Clock : emu|pll|pll_inst|altera_pll_i|cyclonev_pll|counter[0].output_counter|divclk
    Info (332115):    Latch Clock  : emu|pll|pll_inst|altera_pll_i|cyclonev_pll|counter[0].output_counter|divclk
    Info (332115):    Relationship : 6.504
    Info (332115):    Clock Skew   : -1.425
    Info (332115):    Data Delay   : 6.718
########## c153-to draw ##########
Info (332115): Report Timing: Found 3 setup paths (3 violated).  Worst case slack is -2.771
    Info (332115): -to [get_registers {emu|core|u_blit|u_blit_draw|*}]
    Info (332115): -setup
    Info (332115): -npaths 3
    Info (332115): -detail summary
    Info (332115): -stdout
Info (332115): Path #1: Setup slack is -2.771 (VIOLATED)
    Info (332115):    Slack        : -2.771 (VIOLATED)
    Info (332115):    From Node    : emu:emu|ikacore_CV1k:core|blit_top:u_blit|blit_fetch:u_blit_fetch|f_nz_q
    Info (332115):    To Node      : emu:emu|ikacore_CV1k:core|blit_top:u_blit|blit_draw:u_blit_draw|pv_xlo[12]
    Info (332115):    Launch Clock : emu|pll|pll_inst|altera_pll_i|cyclonev_pll|counter[0].output_counter|divclk
    Info (332115):    Latch Clock  : emu|pll|pll_inst|altera_pll_i|cyclonev_pll|counter[0].output_counter|divclk
    Info (332115):    Relationship : 6.504
    Info (332115):    Clock Skew   : -0.424
    Info (332115):    Data Delay   : 8.521
Info (332115): Path #2: Setup slack is -2.765 (VIOLATED)
    Info (332115):    Slack        : -2.765 (VIOLATED)
    Info (332115):    From Node    : emu:emu|ikacore_CV1k:core|blit_top:u_blit|blit_fetch:u_blit_fetch|f_nz_q
    Info (332115):    To Node      : emu:emu|ikacore_CV1k:core|blit_top:u_blit|blit_draw:u_blit_draw|pv_xlo[12]~DUPLICATE
    Info (332115):    Launch Clock : emu|pll|pll_inst|altera_pll_i|cyclonev_pll|counter[0].output_counter|divclk
    Info (332115):    Latch Clock  : emu|pll|pll_inst|altera_pll_i|cyclonev_pll|counter[0].output_counter|divclk
    Info (332115):    Relationship : 6.504
    Info (332115):    Clock Skew   : -0.420
    Info (332115):    Data Delay   : 8.519
Info (332115): Path #3: Setup slack is -2.761 (VIOLATED)
    Info (332115):    Slack        : -2.761 (VIOLATED)
    Info (332115):    From Node    : emu:emu|ikacore_CV1k:core|blit_top:u_blit|blit_fetch:u_blit_fetch|f_nz_q
    Info (332115):    To Node      : emu:emu|ikacore_CV1k:core|blit_top:u_blit|blit_draw:u_blit_draw|pv_xlo[10]
    Info (332115):    Launch Clock : emu|pll|pll_inst|altera_pll_i|cyclonev_pll|counter[0].output_counter|divclk
    Info (332115):    Latch Clock  : emu|pll|pll_inst|altera_pll_i|cyclonev_pll|counter[0].output_counter|divclk
    Info (332115):    Relationship : 6.504
    Info (332115):    Clock Skew   : -0.424
    Info (332115):    Data Delay   : 8.511
########## c153-to fetch153 ##########
Info (332115): Report Timing: Found 3 setup paths (3 violated).  Worst case slack is -1.924
    Info (332115): -to [get_registers {emu|core|u_blit|u_blit_fetch|*}]
    Info (332115): -setup
    Info (332115): -npaths 3
    Info (332115): -detail summary
    Info (332115): -stdout
Info (332115): Path #1: Setup slack is -1.924 (VIOLATED)
    Info (332115):    Slack        : -1.924 (VIOLATED)
    Info (332115):    From Node    : emu:emu|ikacore_CV1k:core|blit_top:u_blit|blit_fetch:u_blit_fetch|Add11~41_OTERM5198_OTERM5250
    Info (332115):    To Node      : emu:emu|ikacore_CV1k:core|blit_top:u_blit|blit_fetch:u_blit_fetch|w_is1_OTERM5168
    Info (332115):    Launch Clock : emu|pll|pll_inst|altera_pll_i|cyclonev_pll|counter[0].output_counter|divclk
    Info (332115):    Latch Clock  : emu|pll|pll_inst|altera_pll_i|cyclonev_pll|counter[0].output_counter|divclk
    Info (332115):    Relationship : 6.504
    Info (332115):    Clock Skew   : -0.468
    Info (332115):    Data Delay   : 7.630
Info (332115): Path #2: Setup slack is -1.892 (VIOLATED)
    Info (332115):    Slack        : -1.892 (VIOLATED)
    Info (332115):    From Node    : emu:emu|ikacore_CV1k:core|blit_top:u_blit|blit_fetch:u_blit_fetch|Add11~97_OTERM5172_OTERM5254
    Info (332115):    To Node      : emu:emu|ikacore_CV1k:core|blit_top:u_blit|blit_fetch:u_blit_fetch|w_is1_OTERM5168
    Info (332115):    Launch Clock : emu|pll|pll_inst|altera_pll_i|cyclonev_pll|counter[0].output_counter|divclk
    Info (332115):    Latch Clock  : emu|pll|pll_inst|altera_pll_i|cyclonev_pll|counter[0].output_counter|divclk
    Info (332115):    Relationship : 6.504
    Info (332115):    Clock Skew   : -0.468
    Info (332115):    Data Delay   : 7.598
Info (332115): Path #3: Setup slack is -1.853 (VIOLATED)
    Info (332115):    Slack        : -1.853 (VIOLATED)
    Info (332115):    From Node    : emu:emu|ikacore_CV1k:core|blit_top:u_blit|blit_fetch:u_blit_fetch|Add11~41_OTERM5198_OTERM5250
    Info (332115):    To Node      : emu:emu|ikacore_CV1k:core|blit_top:u_blit|blit_fetch:u_blit_fetch|w_is1_OTERM5168
    Info (332115):    Launch Clock : emu|pll|pll_inst|altera_pll_i|cyclonev_pll|counter[0].output_counter|divclk
    Info (332115):    Latch Clock  : emu|pll|pll_inst|altera_pll_i|cyclonev_pll|counter[0].output_counter|divclk
    Info (332115):    Relationship : 6.504
    Info (332115):    Clock Skew   : -0.468
    Info (332115):    Data Delay   : 7.559
########## c153-to video ##########
Info (332115): Report Timing: Found 3 setup paths (3 violated).  Worst case slack is -1.920
    Info (332115): -to [get_registers {emu|core|u_blit|u_blit_video|*}]
    Info (332115): -setup
    Info (332115): -npaths 3
    Info (332115): -detail summary
    Info (332115): -stdout
Info (332115): Path #1: Setup slack is -1.920 (VIOLATED)
    Info (332115):    Slack        : -1.920 (VIOLATED)
    Info (332115):    From Node    : emu:emu|ikacore_CV1k:core|blit_top:u_blit|blit_video:u_blit_video|hcnt[8]~DUPLICATE
    Info (332115):    To Node      : emu:emu|ikacore_CV1k:core|blit_top:u_blit|blit_video:u_blit_video|y_v[10]
    Info (332115):    Launch Clock : emu|pll|pll_inst|altera_pll_i|cyclonev_pll|counter[0].output_counter|divclk
    Info (332115):    Latch Clock  : emu|pll|pll_inst|altera_pll_i|cyclonev_pll|counter[0].output_counter|divclk
    Info (332115):    Relationship : 6.504
    Info (332115):    Clock Skew   : -0.446
    Info (332115):    Data Delay   : 7.648
Info (332115): Path #2: Setup slack is -1.869 (VIOLATED)
    Info (332115):    Slack        : -1.869 (VIOLATED)
    Info (332115):    From Node    : emu:emu|ikacore_CV1k:core|blit_top:u_blit|blit_video:u_blit_video|hcnt[8]~DUPLICATE
    Info (332115):    To Node      : emu:emu|ikacore_CV1k:core|blit_top:u_blit|blit_video:u_blit_video|y_v[10]
    Info (332115):    Launch Clock : emu|pll|pll_inst|altera_pll_i|cyclonev_pll|counter[0].output_counter|divclk
    Info (332115):    Latch Clock  : emu|pll|pll_inst|altera_pll_i|cyclonev_pll|counter[0].output_counter|divclk
    Info (332115):    Relationship : 6.504
    Info (332115):    Clock Skew   : -0.446
    Info (332115):    Data Delay   : 7.597
Info (332115): Path #3: Setup slack is -1.802 (VIOLATED)
    Info (332115):    Slack        : -1.802 (VIOLATED)
    Info (332115):    From Node    : emu:emu|ikacore_CV1k:core|blit_top:u_blit|blit_video:u_blit_video|hcnt[8]~DUPLICATE
    Info (332115):    To Node      : emu:emu|ikacore_CV1k:core|blit_top:u_blit|blit_video:u_blit_video|y_v[8]
    Info (332115):    Launch Clock : emu|pll|pll_inst|altera_pll_i|cyclonev_pll|counter[0].output_counter|divclk
    Info (332115):    Latch Clock  : emu|pll|pll_inst|altera_pll_i|cyclonev_pll|counter[0].output_counter|divclk
    Info (332115):    Relationship : 6.504
    Info (332115):    Clock Skew   : -0.446
    Info (332115):    Data Delay   : 7.530
########## c153-to batch ##########
Info (332115): Report Timing: Found 3 setup paths (3 violated).  Worst case slack is -3.518
    Info (332115): -to [get_registers {emu|core|u_batch|*}]
    Info (332115): -setup
    Info (332115): -npaths 3
    Info (332115): -detail summary
    Info (332115): -stdout
Info (332115): Path #1: Setup slack is -3.518 (VIOLATED)
    Info (332115):    Slack        : -3.518 (VIOLATED)
    Info (332115):    From Node    : emu:emu|ikacore_CV1k:core|blit_batch:u_batch|pfp_snw[0]
    Info (332115):    To Node      : emu:emu|ikacore_CV1k:core|blit_batch:u_batch|hd_diff0[7]
    Info (332115):    Launch Clock : emu|pll|pll_inst|altera_pll_i|cyclonev_pll|counter[0].output_counter|divclk
    Info (332115):    Latch Clock  : emu|pll|pll_inst|altera_pll_i|cyclonev_pll|counter[0].output_counter|divclk
    Info (332115):    Relationship : 6.504
    Info (332115):    Clock Skew   : -0.401
    Info (332115):    Data Delay   : 9.291
Info (332115): Path #2: Setup slack is -3.481 (VIOLATED)
    Info (332115):    Slack        : -3.481 (VIOLATED)
    Info (332115):    From Node    : emu:emu|ikacore_CV1k:core|blit_batch:u_batch|pfp_snw[5]
    Info (332115):    To Node      : emu:emu|ikacore_CV1k:core|blit_batch:u_batch|hd_diff0[7]
    Info (332115):    Launch Clock : emu|pll|pll_inst|altera_pll_i|cyclonev_pll|counter[0].output_counter|divclk
    Info (332115):    Latch Clock  : emu|pll|pll_inst|altera_pll_i|cyclonev_pll|counter[0].output_counter|divclk
    Info (332115):    Relationship : 6.504
    Info (332115):    Clock Skew   : -0.395
    Info (332115):    Data Delay   : 9.260
Info (332115): Path #3: Setup slack is -3.421 (VIOLATED)
    Info (332115):    Slack        : -3.421 (VIOLATED)
    Info (332115):    From Node    : emu:emu|ikacore_CV1k:core|blit_batch:u_batch|pfp_snw[0]
    Info (332115):    To Node      : emu:emu|ikacore_CV1k:core|blit_batch:u_batch|hd_diff0[10]
    Info (332115):    Launch Clock : emu|pll|pll_inst|altera_pll_i|cyclonev_pll|counter[0].output_counter|divclk
    Info (332115):    Latch Clock  : emu|pll|pll_inst|altera_pll_i|cyclonev_pll|counter[0].output_counter|divclk
    Info (332115):    Relationship : 6.504
    Info (332115):    Clock Skew   : -0.394
    Info (332115):    Data Delay   : 9.201
########## c153-to harness ##########
Info (332115): Report Timing: Found 3 setup paths (3 violated).  Worst case slack is -1.124
    Info (332115): -to [get_registers {emu|core|u_harness|*}]
    Info (332115): -setup
    Info (332115): -npaths 3
    Info (332115): -detail summary
    Info (332115): -stdout
Info (332115): Path #1: Setup slack is -1.124 (VIOLATED)
    Info (332115):    Slack        : -1.124 (VIOLATED)
    Info (332115):    From Node    : sysmem_lite:sysmem|sysmem_HPS_fpga_interfaces:fpga_interfaces|f2sdram~FF_3780
    Info (332115):    To Node      : emu:emu|ikacore_CV1k:core|CV1k_ddr3_harness:u_harness|DDRAM_ADDR[23]
    Info (332115):    Launch Clock : emu|pll|pll_inst|altera_pll_i|cyclonev_pll|counter[0].output_counter|divclk
    Info (332115):    Latch Clock  : emu|pll|pll_inst|altera_pll_i|cyclonev_pll|counter[0].output_counter|divclk
    Info (332115):    Relationship : 6.504
    Info (332115):    Clock Skew   : -1.136
    Info (332115):    Data Delay   : 6.162
Info (332115): Path #2: Setup slack is -1.078 (VIOLATED)
    Info (332115):    Slack        : -1.078 (VIOLATED)
    Info (332115):    From Node    : sysmem_lite:sysmem|sysmem_HPS_fpga_interfaces:fpga_interfaces|f2sdram~FF_3777
    Info (332115):    To Node      : emu:emu|ikacore_CV1k:core|CV1k_ddr3_harness:u_harness|DDRAM_ADDR[23]
    Info (332115):    Launch Clock : emu|pll|pll_inst|altera_pll_i|cyclonev_pll|counter[0].output_counter|divclk
    Info (332115):    Latch Clock  : emu|pll|pll_inst|altera_pll_i|cyclonev_pll|counter[0].output_counter|divclk
    Info (332115):    Relationship : 6.504
    Info (332115):    Clock Skew   : -0.863
    Info (332115):    Data Delay   : 6.389
Info (332115): Path #3: Setup slack is -1.043 (VIOLATED)
    Info (332115):    Slack        : -1.043 (VIOLATED)
    Info (332115):    From Node    : emu:emu|ikacore_CV1k:core|CV1k_ddr3_harness:u_harness|vid_x0[8]
    Info (332115):    To Node      : emu:emu|ikacore_CV1k:core|CV1k_ddr3_harness:u_harness|oq_rtl_1_bypass[15]
    Info (332115):    Launch Clock : emu|pll|pll_inst|altera_pll_i|cyclonev_pll|counter[0].output_counter|divclk
    Info (332115):    Latch Clock  : emu|pll|pll_inst|altera_pll_i|cyclonev_pll|counter[0].output_counter|divclk
    Info (332115):    Relationship : 6.504
    Info (332115):    Clock Skew   : -0.377
    Info (332115):    Data Delay   : 6.840
########## c153-to nand ##########
Info (332115): Report Timing: Found 3 setup paths (3 violated).  Worst case slack is -1.830
    Info (332115): -to [get_registers {emu|core|u_u2_nand|*}]
    Info (332115): -setup
    Info (332115): -npaths 3
    Info (332115): -detail summary
    Info (332115): -stdout
Info (332115): Path #1: Setup slack is -1.830 (VIOLATED)
    Info (332115):    Slack        : -1.830 (VIOLATED)
    Info (332115):    From Node    : emu:emu|ikacore_CV1k:core|CV1k_ddr3_harness:u_harness|altsyncram:oq_rtl_0|altsyncram_o2n1:auto_generated|ram_block1a8~PORT_B_WRITE_ENABLE_REG
    Info (332115):    To Node      : emu:emu|ikacore_CV1k:core|CV1k_nand:u_u2_nand|mode.M_ADDR
    Info (332115):    Launch Clock : emu|pll|pll_inst|altera_pll_i|cyclonev_pll|counter[0].output_counter|divclk
    Info (332115):    Latch Clock  : emu|pll|pll_inst|altera_pll_i|cyclonev_pll|counter[0].output_counter|divclk
    Info (332115):    Relationship : 6.504
    Info (332115):    Clock Skew   : -2.520
    Info (332115):    Data Delay   : 5.484
Info (332115): Path #2: Setup slack is -1.826 (VIOLATED)
    Info (332115):    Slack        : -1.826 (VIOLATED)
    Info (332115):    From Node    : emu:emu|ikacore_CV1k:core|CV1k_ddr3_harness:u_harness|altsyncram:oq_rtl_0|altsyncram_o2n1:auto_generated|ram_block1a8~PORT_B_WRITE_ENABLE_REG
    Info (332115):    To Node      : emu:emu|ikacore_CV1k:core|CV1k_nand:u_u2_nand|mode.M_ADDR
    Info (332115):    Launch Clock : emu|pll|pll_inst|altera_pll_i|cyclonev_pll|counter[0].output_counter|divclk
    Info (332115):    Latch Clock  : emu|pll|pll_inst|altera_pll_i|cyclonev_pll|counter[0].output_counter|divclk
    Info (332115):    Relationship : 6.504
    Info (332115):    Clock Skew   : -2.520
    Info (332115):    Data Delay   : 5.480
Info (332115): Path #3: Setup slack is -1.813 (VIOLATED)
    Info (332115):    Slack        : -1.813 (VIOLATED)
    Info (332115):    From Node    : emu:emu|ikacore_CV1k:core|CV1k_ddr3_harness:u_harness|altsyncram:oq_rtl_0|altsyncram_o2n1:auto_generated|ram_block1a8~PORT_B_WRITE_ENABLE_REG
    Info (332115):    To Node      : emu:emu|ikacore_CV1k:core|CV1k_nand:u_u2_nand|mode.M_BUSY
    Info (332115):    Launch Clock : emu|pll|pll_inst|altera_pll_i|cyclonev_pll|counter[0].output_counter|divclk
    Info (332115):    Latch Clock  : emu|pll|pll_inst|altera_pll_i|cyclonev_pll|counter[0].output_counter|divclk
    Info (332115):    Relationship : 6.504
    Info (332115):    Clock Skew   : -2.520
    Info (332115):    Data Delay   : 5.467
########## c153-to ioctl ##########
Info (332115): Report Timing: Found 3 setup paths (3 violated).  Worst case slack is -0.521
    Info (332115): -to [get_registers {emu|core|u_ioctl|*}]
    Info (332115): -setup
    Info (332115): -npaths 3
    Info (332115): -detail summary
    Info (332115): -stdout
Info (332115): Path #1: Setup slack is -0.521 (VIOLATED)
    Info (332115):    Slack        : -0.521 (VIOLATED)
    Info (332115):    From Node    : emu:emu|hps_io:hps_io|ioctl_index[15]
    Info (332115):    To Node      : emu:emu|ikacore_CV1k:core|CV1k_ioctl:u_ioctl|pk_req_t~DUPLICATE
    Info (332115):    Launch Clock : emu|pll|pll_inst|altera_pll_i|cyclonev_pll|counter[1].output_counter|divclk
    Info (332115):    Latch Clock  : emu|pll|pll_inst|altera_pll_i|cyclonev_pll|counter[1].output_counter|divclk
    Info (332115):    Relationship : 9.756
    Info (332115):    Clock Skew   : -0.558
    Info (332115):    Data Delay   : 9.519
Info (332115): Path #2: Setup slack is -0.516 (VIOLATED)
    Info (332115):    Slack        : -0.516 (VIOLATED)
    Info (332115):    From Node    : emu:emu|hps_io:hps_io|ioctl_index[15]
    Info (332115):    To Node      : emu:emu|ikacore_CV1k:core|CV1k_ioctl:u_ioctl|pk_req_t
    Info (332115):    Launch Clock : emu|pll|pll_inst|altera_pll_i|cyclonev_pll|counter[1].output_counter|divclk
    Info (332115):    Latch Clock  : emu|pll|pll_inst|altera_pll_i|cyclonev_pll|counter[1].output_counter|divclk
    Info (332115):    Relationship : 9.756
    Info (332115):    Clock Skew   : -0.551
    Info (332115):    Data Delay   : 9.521
Info (332115): Path #3: Setup slack is -0.515 (VIOLATED)
    Info (332115):    Slack        : -0.515 (VIOLATED)
    Info (332115):    From Node    : emu:emu|hps_io:hps_io|ioctl_index[12]
    Info (332115):    To Node      : emu:emu|ikacore_CV1k:core|CV1k_ioctl:u_ioctl|pk_req_t~DUPLICATE
    Info (332115):    Launch Clock : emu|pll|pll_inst|altera_pll_i|cyclonev_pll|counter[1].output_counter|divclk
    Info (332115):    Latch Clock  : emu|pll|pll_inst|altera_pll_i|cyclonev_pll|counter[1].output_counter|divclk
    Info (332115):    Relationship : 9.756
    Info (332115):    Clock Skew   : -0.552
    Info (332115):    Data Delay   : 9.519
########## c153-from govF ##########
Info (332115): Report Timing: Found 3 setup paths (3 violated).  Worst case slack is -2.393
    Info (332115): -from [get_registers {emu|core|u_blit|u_blit_gov|*}]
    Info (332115): -setup
    Info (332115): -npaths 3
    Info (332115): -detail summary
    Info (332115): -stdout
Info (332115): Path #1: Setup slack is -2.393 (VIOLATED)
    Info (332115):    Slack        : -2.393 (VIOLATED)
    Info (332115):    From Node    : emu:emu|ikacore_CV1k:core|blit_top:u_blit|blit_gov:u_blit_gov|altsyncram:q_mem_rtl_0|altsyncram_ssi1:auto_generated|ram_block1a29~PORT_B_WRITE_ENABLE_REG
    Info (332115):    To Node      : emu:emu|ikacore_CV1k:core|blit_top:u_blit|blit_gov:u_blit_gov|tnbe[29]
    Info (332115):    Launch Clock : emu|pll|pll_inst|altera_pll_i|cyclonev_pll|counter[0].output_counter|divclk
    Info (332115):    Latch Clock  : emu|pll|pll_inst|altera_pll_i|cyclonev_pll|counter[0].output_counter|divclk
    Info (332115):    Relationship : 6.504
    Info (332115):    Clock Skew   : -1.490
    Info (332115):    Data Delay   : 7.077
Info (332115): Path #2: Setup slack is -2.020 (VIOLATED)
    Info (332115):    Slack        : -2.020 (VIOLATED)
    Info (332115):    From Node    : emu:emu|ikacore_CV1k:core|blit_top:u_blit|blit_gov:u_blit_gov|altsyncram:q_mem_rtl_0|altsyncram_ssi1:auto_generated|ram_block1a29~PORT_B_WRITE_ENABLE_REG
    Info (332115):    To Node      : emu:emu|ikacore_CV1k:core|blit_top:u_blit|blit_gov:u_blit_gov|tnbe[29]
    Info (332115):    Launch Clock : emu|pll|pll_inst|altera_pll_i|cyclonev_pll|counter[0].output_counter|divclk
    Info (332115):    Latch Clock  : emu|pll|pll_inst|altera_pll_i|cyclonev_pll|counter[0].output_counter|divclk
    Info (332115):    Relationship : 6.504
    Info (332115):    Clock Skew   : -1.490
    Info (332115):    Data Delay   : 6.704
Info (332115): Path #3: Setup slack is -1.969 (VIOLATED)
    Info (332115):    Slack        : -1.969 (VIOLATED)
    Info (332115):    From Node    : emu:emu|ikacore_CV1k:core|blit_top:u_blit|blit_gov:u_blit_gov|altsyncram:q_mem_rtl_0|altsyncram_ssi1:auto_generated|ram_block1a3~PORT_B_WRITE_ENABLE_REG
    Info (332115):    To Node      : emu:emu|ikacore_CV1k:core|blit_top:u_blit|blit_gov:u_blit_gov|tdiff[32]
    Info (332115):    Launch Clock : emu|pll|pll_inst|altera_pll_i|cyclonev_pll|counter[0].output_counter|divclk
    Info (332115):    Latch Clock  : emu|pll|pll_inst|altera_pll_i|cyclonev_pll|counter[0].output_counter|divclk
    Info (332115):    Relationship : 6.504
    Info (332115):    Clock Skew   : -1.425
    Info (332115):    Data Delay   : 6.718
########## c153-from drawF ##########
Info (332115): Report Timing: Found 3 setup paths (3 violated).  Worst case slack is -2.729
    Info (332115): -from [get_registers {emu|core|u_blit|u_blit_draw|*}]
    Info (332115): -setup
    Info (332115): -npaths 3
    Info (332115): -detail summary
    Info (332115): -stdout
Info (332115): Path #1: Setup slack is -2.729 (VIOLATED)
    Info (332115):    Slack        : -2.729 (VIOLATED)
    Info (332115):    From Node    : emu:emu|ikacore_CV1k:core|blit_top:u_blit|blit_draw:u_blit_draw|altshift_taps:b1_px1_rtl_0|shift_taps_juv:auto_generated|altsyncram_vfc1:altsyncram4|ram_block7a0
    Info (332115):    To Node      : emu:emu|ikacore_CV1k:core|blit_top:u_blit|blit_draw:u_blit_draw|b3i_sr[1][3]
    Info (332115):    Launch Clock : emu|pll|pll_inst|altera_pll_i|cyclonev_pll|counter[0].output_counter|divclk
    Info (332115):    Latch Clock  : emu|pll|pll_inst|altera_pll_i|cyclonev_pll|counter[0].output_counter|divclk
    Info (332115):    Relationship : 6.504
    Info (332115):    Clock Skew   : -0.282
    Info (332115):    Data Delay   : 8.621
Info (332115): Path #2: Setup slack is -2.716 (VIOLATED)
    Info (332115):    Slack        : -2.716 (VIOLATED)
    Info (332115):    From Node    : emu:emu|ikacore_CV1k:core|blit_top:u_blit|blit_draw:u_blit_draw|altshift_taps:b1_px1_rtl_0|shift_taps_juv:auto_generated|altsyncram_vfc1:altsyncram4|ram_block7a0
    Info (332115):    To Node      : emu:emu|ikacore_CV1k:core|blit_top:u_blit|blit_draw:u_blit_draw|b3i_sr[1][2]
    Info (332115):    Launch Clock : emu|pll|pll_inst|altera_pll_i|cyclonev_pll|counter[0].output_counter|divclk
    Info (332115):    Latch Clock  : emu|pll|pll_inst|altera_pll_i|cyclonev_pll|counter[0].output_counter|divclk
    Info (332115):    Relationship : 6.504
    Info (332115):    Clock Skew   : -0.283
    Info (332115):    Data Delay   : 8.607
Info (332115): Path #3: Setup slack is -2.714 (VIOLATED)
    Info (332115):    Slack        : -2.714 (VIOLATED)
    Info (332115):    From Node    : emu:emu|ikacore_CV1k:core|blit_top:u_blit|blit_draw:u_blit_draw|altshift_taps:b1_px1_rtl_0|shift_taps_juv:auto_generated|altsyncram_vfc1:altsyncram4|ram_block7a0
    Info (332115):    To Node      : emu:emu|ikacore_CV1k:core|blit_top:u_blit|blit_draw:u_blit_draw|b3i_sr[1][3]
    Info (332115):    Launch Clock : emu|pll|pll_inst|altera_pll_i|cyclonev_pll|counter[0].output_counter|divclk
    Info (332115):    Latch Clock  : emu|pll|pll_inst|altera_pll_i|cyclonev_pll|counter[0].output_counter|divclk
    Info (332115):    Relationship : 6.504
    Info (332115):    Clock Skew   : -0.282
    Info (332115):    Data Delay   : 8.606
########## c153-from fetchF ##########
Info (332115): Report Timing: Found 3 setup paths (3 violated).  Worst case slack is -2.771
    Info (332115): -from [get_registers {emu|core|u_blit|u_blit_fetch|*}]
    Info (332115): -setup
    Info (332115): -npaths 3
    Info (332115): -detail summary
    Info (332115): -stdout
Info (332115): Path #1: Setup slack is -2.771 (VIOLATED)
    Info (332115):    Slack        : -2.771 (VIOLATED)
    Info (332115):    From Node    : emu:emu|ikacore_CV1k:core|blit_top:u_blit|blit_fetch:u_blit_fetch|f_nz_q
    Info (332115):    To Node      : emu:emu|ikacore_CV1k:core|blit_top:u_blit|blit_draw:u_blit_draw|pv_xlo[12]
    Info (332115):    Launch Clock : emu|pll|pll_inst|altera_pll_i|cyclonev_pll|counter[0].output_counter|divclk
    Info (332115):    Latch Clock  : emu|pll|pll_inst|altera_pll_i|cyclonev_pll|counter[0].output_counter|divclk
    Info (332115):    Relationship : 6.504
    Info (332115):    Clock Skew   : -0.424
    Info (332115):    Data Delay   : 8.521
Info (332115): Path #2: Setup slack is -2.765 (VIOLATED)
    Info (332115):    Slack        : -2.765 (VIOLATED)
    Info (332115):    From Node    : emu:emu|ikacore_CV1k:core|blit_top:u_blit|blit_fetch:u_blit_fetch|f_nz_q
    Info (332115):    To Node      : emu:emu|ikacore_CV1k:core|blit_top:u_blit|blit_draw:u_blit_draw|pv_xlo[12]~DUPLICATE
    Info (332115):    Launch Clock : emu|pll|pll_inst|altera_pll_i|cyclonev_pll|counter[0].output_counter|divclk
    Info (332115):    Latch Clock  : emu|pll|pll_inst|altera_pll_i|cyclonev_pll|counter[0].output_counter|divclk
    Info (332115):    Relationship : 6.504
    Info (332115):    Clock Skew   : -0.420
    Info (332115):    Data Delay   : 8.519
Info (332115): Path #3: Setup slack is -2.761 (VIOLATED)
    Info (332115):    Slack        : -2.761 (VIOLATED)
    Info (332115):    From Node    : emu:emu|ikacore_CV1k:core|blit_top:u_blit|blit_fetch:u_blit_fetch|f_nz_q
    Info (332115):    To Node      : emu:emu|ikacore_CV1k:core|blit_top:u_blit|blit_draw:u_blit_draw|pv_xlo[10]
    Info (332115):    Launch Clock : emu|pll|pll_inst|altera_pll_i|cyclonev_pll|counter[0].output_counter|divclk
    Info (332115):    Latch Clock  : emu|pll|pll_inst|altera_pll_i|cyclonev_pll|counter[0].output_counter|divclk
    Info (332115):    Relationship : 6.504
    Info (332115):    Clock Skew   : -0.424
    Info (332115):    Data Delay   : 8.511
########## c153-from batchF ##########
Info (332115): Report Timing: Found 3 setup paths (3 violated).  Worst case slack is -3.518
    Info (332115): -from [get_registers {emu|core|u_batch|*}]
    Info (332115): -setup
    Info (332115): -npaths 3
    Info (332115): -detail summary
    Info (332115): -stdout
Info (332115): Path #1: Setup slack is -3.518 (VIOLATED)
    Info (332115):    Slack        : -3.518 (VIOLATED)
    Info (332115):    From Node    : emu:emu|ikacore_CV1k:core|blit_batch:u_batch|pfp_snw[0]
    Info (332115):    To Node      : emu:emu|ikacore_CV1k:core|blit_batch:u_batch|hd_diff0[7]
    Info (332115):    Launch Clock : emu|pll|pll_inst|altera_pll_i|cyclonev_pll|counter[0].output_counter|divclk
    Info (332115):    Latch Clock  : emu|pll|pll_inst|altera_pll_i|cyclonev_pll|counter[0].output_counter|divclk
    Info (332115):    Relationship : 6.504
    Info (332115):    Clock Skew   : -0.401
    Info (332115):    Data Delay   : 9.291
Info (332115): Path #2: Setup slack is -3.481 (VIOLATED)
    Info (332115):    Slack        : -3.481 (VIOLATED)
    Info (332115):    From Node    : emu:emu|ikacore_CV1k:core|blit_batch:u_batch|pfp_snw[5]
    Info (332115):    To Node      : emu:emu|ikacore_CV1k:core|blit_batch:u_batch|hd_diff0[7]
    Info (332115):    Launch Clock : emu|pll|pll_inst|altera_pll_i|cyclonev_pll|counter[0].output_counter|divclk
    Info (332115):    Latch Clock  : emu|pll|pll_inst|altera_pll_i|cyclonev_pll|counter[0].output_counter|divclk
    Info (332115):    Relationship : 6.504
    Info (332115):    Clock Skew   : -0.395
    Info (332115):    Data Delay   : 9.260
Info (332115): Path #3: Setup slack is -3.421 (VIOLATED)
    Info (332115):    Slack        : -3.421 (VIOLATED)
    Info (332115):    From Node    : emu:emu|ikacore_CV1k:core|blit_batch:u_batch|pfp_snw[0]
    Info (332115):    To Node      : emu:emu|ikacore_CV1k:core|blit_batch:u_batch|hd_diff0[10]
    Info (332115):    Launch Clock : emu|pll|pll_inst|altera_pll_i|cyclonev_pll|counter[0].output_counter|divclk
    Info (332115):    Latch Clock  : emu|pll|pll_inst|altera_pll_i|cyclonev_pll|counter[0].output_counter|divclk
    Info (332115):    Relationship : 6.504
    Info (332115):    Clock Skew   : -0.394
    Info (332115):    Data Delay   : 9.201
########## c153-from harnessF ##########
Info (332115): Report Timing: Found 3 setup paths (3 violated).  Worst case slack is -2.407
    Info (332115): -from [get_registers {emu|core|u_harness|*}]
    Info (332115): -setup
    Info (332115): -npaths 3
    Info (332115): -detail summary
    Info (332115): -stdout
Info (332115): Path #1: Setup slack is -2.407 (VIOLATED)
    Info (332115):    Slack        : -2.407 (VIOLATED)
    Info (332115):    From Node    : emu:emu|ikacore_CV1k:core|CV1k_ddr3_harness:u_harness|altsyncram:oq_rtl_0|altsyncram_o2n1:auto_generated|ram_block1a8~PORT_B_WRITE_ENABLE_REG
    Info (332115):    To Node      : emu:emu|ikacore_CV1k:core|blit_batch:u_batch|st_w[0][22]
    Info (332115):    Launch Clock : emu|pll|pll_inst|altera_pll_i|cyclonev_pll|counter[0].output_counter|divclk
    Info (332115):    Latch Clock  : emu|pll|pll_inst|altera_pll_i|cyclonev_pll|counter[0].output_counter|divclk
    Info (332115):    Relationship : 6.504
    Info (332115):    Clock Skew   : -2.482
    Info (332115):    Data Delay   : 6.099
Info (332115): Path #2: Setup slack is -2.406 (VIOLATED)
    Info (332115):    Slack        : -2.406 (VIOLATED)
    Info (332115):    From Node    : emu:emu|ikacore_CV1k:core|CV1k_ddr3_harness:u_harness|altsyncram:oq_rtl_0|altsyncram_o2n1:auto_generated|ram_block1a8~PORT_B_WRITE_ENABLE_REG
    Info (332115):    To Node      : emu:emu|ikacore_CV1k:core|blit_batch:u_batch|st_w[0][38]
    Info (332115):    Launch Clock : emu|pll|pll_inst|altera_pll_i|cyclonev_pll|counter[0].output_counter|divclk
    Info (332115):    Latch Clock  : emu|pll|pll_inst|altera_pll_i|cyclonev_pll|counter[0].output_counter|divclk
    Info (332115):    Relationship : 6.504
    Info (332115):    Clock Skew   : -2.486
    Info (332115):    Data Delay   : 6.094
Info (332115): Path #3: Setup slack is -2.406 (VIOLATED)
    Info (332115):    Slack        : -2.406 (VIOLATED)
    Info (332115):    From Node    : emu:emu|ikacore_CV1k:core|CV1k_ddr3_harness:u_harness|altsyncram:oq_rtl_0|altsyncram_o2n1:auto_generated|ram_block1a8~PORT_B_WRITE_ENABLE_REG
    Info (332115):    To Node      : emu:emu|ikacore_CV1k:core|blit_batch:u_batch|st_w[0][6]
    Info (332115):    Launch Clock : emu|pll|pll_inst|altera_pll_i|cyclonev_pll|counter[0].output_counter|divclk
    Info (332115):    Latch Clock  : emu|pll|pll_inst|altera_pll_i|cyclonev_pll|counter[0].output_counter|divclk
    Info (332115):    Relationship : 6.504
    Info (332115):    Clock Skew   : -2.486
    Info (332115):    Data Delay   : 6.094
########## c102-to cache ##########
Info (332115): Report Timing: Found 3 setup paths (3 violated).  Worst case slack is -3.808
    Info (332115): -to [get_registers {emu|core|u_hs3|u_cpu|u_cache|*}]
    Info (332115): -setup
    Info (332115): -npaths 3
    Info (332115): -detail summary
    Info (332115): -stdout
Info (332115): Path #1: Setup slack is -3.808 (VIOLATED)
    Info (332115):    Slack        : -3.808 (VIOLATED)
    Info (332115):    From Node    : emu:emu|ikacore_CV1k:core|HS3:u_hs3|cpu_core:u_cpu|cache:u_cache|state.S_DRAIN_REQ_OTERM2425
    Info (332115):    To Node      : emu:emu|ikacore_CV1k:core|HS3:u_hs3|cpu_core:u_cpu|cache:u_cache|ibyp_buf_valid
    Info (332115):    Launch Clock : emu|pll|pll_inst|altera_pll_i|cyclonev_pll|counter[1].output_counter|divclk
    Info (332115):    Latch Clock  : emu|pll|pll_inst|altera_pll_i|cyclonev_pll|counter[1].output_counter|divclk
    Info (332115):    Relationship : 9.756
    Info (332115):    Clock Skew   : -0.505
    Info (332115):    Data Delay   : 12.859
Info (332115): Path #2: Setup slack is -3.695 (VIOLATED)
    Info (332115):    Slack        : -3.695 (VIOLATED)
    Info (332115):    From Node    : emu:emu|ikacore_CV1k:core|HS3:u_hs3|cpu_core:u_cpu|cache:u_cache|state.S_DRAIN_REQ_OTERM2425
    Info (332115):    To Node      : emu:emu|ikacore_CV1k:core|HS3:u_hs3|cpu_core:u_cpu|cache:u_cache|ibyp_buf_valid
    Info (332115):    Launch Clock : emu|pll|pll_inst|altera_pll_i|cyclonev_pll|counter[1].output_counter|divclk
    Info (332115):    Latch Clock  : emu|pll|pll_inst|altera_pll_i|cyclonev_pll|counter[1].output_counter|divclk
    Info (332115):    Relationship : 9.756
    Info (332115):    Clock Skew   : -0.505
    Info (332115):    Data Delay   : 12.746
Info (332115): Path #3: Setup slack is -3.671 (VIOLATED)
    Info (332115):    Slack        : -3.671 (VIOLATED)
    Info (332115):    From Node    : emu:emu|ikacore_CV1k:core|HS3:u_hs3|cpu_core:u_cpu|cache:u_cache|state.S_DRAIN_REQ_OTERM2425
    Info (332115):    To Node      : emu:emu|ikacore_CV1k:core|HS3:u_hs3|cpu_core:u_cpu|cache:u_cache|ibyp_buf_valid
    Info (332115):    Launch Clock : emu|pll|pll_inst|altera_pll_i|cyclonev_pll|counter[1].output_counter|divclk
    Info (332115):    Latch Clock  : emu|pll|pll_inst|altera_pll_i|cyclonev_pll|counter[1].output_counter|divclk
    Info (332115):    Relationship : 9.756
    Info (332115):    Clock Skew   : -0.505
    Info (332115):    Data Delay   : 12.722
########## c102-to intpipe ##########
Info (332115): Report Timing: Found 3 setup paths (3 violated).  Worst case slack is -3.383
    Info (332115): -to [get_registers {emu|core|u_hs3|u_cpu|u_int_pipe|*}]
    Info (332115): -setup
    Info (332115): -npaths 3
    Info (332115): -detail summary
    Info (332115): -stdout
Info (332115): Path #1: Setup slack is -3.383 (VIOLATED)
    Info (332115):    Slack        : -3.383 (VIOLATED)
    Info (332115):    From Node    : emu:emu|ikacore_CV1k:core|HS3:u_hs3|cpu_core:u_cpu|int_pipe:u_int_pipe|fwd_dep_a_agu
    Info (332115):    To Node      : emu:emu|ikacore_CV1k:core|HS3:u_hs3|cpu_core:u_cpu|int_pipe:u_int_pipe|hz_b_id[4]_OTERM2505
    Info (332115):    Launch Clock : emu|pll|pll_inst|altera_pll_i|cyclonev_pll|counter[1].output_counter|divclk
    Info (332115):    Latch Clock  : emu|pll|pll_inst|altera_pll_i|cyclonev_pll|counter[1].output_counter|divclk
    Info (332115):    Relationship : 9.756
    Info (332115):    Clock Skew   : -0.521
    Info (332115):    Data Delay   : 12.418
Info (332115): Path #2: Setup slack is -3.380 (VIOLATED)
    Info (332115):    Slack        : -3.380 (VIOLATED)
    Info (332115):    From Node    : emu:emu|ikacore_CV1k:core|HS3:u_hs3|cpu_core:u_cpu|int_pipe:u_int_pipe|fwd_dep_a_agu
    Info (332115):    To Node      : emu:emu|ikacore_CV1k:core|HS3:u_hs3|cpu_core:u_cpu|int_pipe:u_int_pipe|hz_b_id[4]_OTERM2505~DUPLICATE
    Info (332115):    Launch Clock : emu|pll|pll_inst|altera_pll_i|cyclonev_pll|counter[1].output_counter|divclk
    Info (332115):    Latch Clock  : emu|pll|pll_inst|altera_pll_i|cyclonev_pll|counter[1].output_counter|divclk
    Info (332115):    Relationship : 9.756
    Info (332115):    Clock Skew   : -0.515
    Info (332115):    Data Delay   : 12.421
Info (332115): Path #3: Setup slack is -3.359 (VIOLATED)
    Info (332115):    Slack        : -3.359 (VIOLATED)
    Info (332115):    From Node    : emu:emu|ikacore_CV1k:core|HS3:u_hs3|cpu_core:u_cpu|int_pipe:u_int_pipe|fwd_dep_a_agu
    Info (332115):    To Node      : emu:emu|ikacore_CV1k:core|HS3:u_hs3|cpu_core:u_cpu|int_pipe:u_int_pipe|hz_st_id[1]_OTERM2529
    Info (332115):    Launch Clock : emu|pll|pll_inst|altera_pll_i|cyclonev_pll|counter[1].output_counter|divclk
    Info (332115):    Latch Clock  : emu|pll|pll_inst|altera_pll_i|cyclonev_pll|counter[1].output_counter|divclk
    Info (332115):    Relationship : 9.756
    Info (332115):    Clock Skew   : -0.520
    Info (332115):    Data Delay   : 12.395
########## c102-to bsc ##########
Info (332115): Report Timing: Found 3 setup paths (3 violated).  Worst case slack is -4.007
    Info (332115): -to [get_registers {emu|core|u_hs3|u_bsc|*}]
    Info (332115): -setup
    Info (332115): -npaths 3
    Info (332115): -detail summary
    Info (332115): -stdout
Info (332115): Path #1: Setup slack is -4.007 (VIOLATED)
    Info (332115):    Slack        : -4.007 (VIOLATED)
    Info (332115):    From Node    : emu:emu|ikacore_CV1k:core|HS3:u_hs3|cpu_core:u_cpu|cache:u_cache|state.S_DRAIN_REQ_OTERM2425
    Info (332115):    To Node      : emu:emu|ikacore_CV1k:core|HS3:u_hs3|bsc:u_bsc|obuf~68
    Info (332115):    Launch Clock : emu|pll|pll_inst|altera_pll_i|cyclonev_pll|counter[1].output_counter|divclk
    Info (332115):    Latch Clock  : emu|pll|pll_inst|altera_pll_i|cyclonev_pll|counter[1].output_counter|divclk
    Info (332115):    Relationship : 9.756
    Info (332115):    Clock Skew   : -0.509
    Info (332115):    Data Delay   : 13.054
Info (332115): Path #2: Setup slack is -4.007 (VIOLATED)
    Info (332115):    Slack        : -4.007 (VIOLATED)
    Info (332115):    From Node    : emu:emu|ikacore_CV1k:core|HS3:u_hs3|cpu_core:u_cpu|cache:u_cache|state.S_DRAIN_REQ_OTERM2425
    Info (332115):    To Node      : emu:emu|ikacore_CV1k:core|HS3:u_hs3|bsc:u_bsc|obuf~73
    Info (332115):    Launch Clock : emu|pll|pll_inst|altera_pll_i|cyclonev_pll|counter[1].output_counter|divclk
    Info (332115):    Latch Clock  : emu|pll|pll_inst|altera_pll_i|cyclonev_pll|counter[1].output_counter|divclk
    Info (332115):    Relationship : 9.756
    Info (332115):    Clock Skew   : -0.509
    Info (332115):    Data Delay   : 13.054
Info (332115): Path #3: Setup slack is -4.006 (VIOLATED)
    Info (332115):    Slack        : -4.006 (VIOLATED)
    Info (332115):    From Node    : emu:emu|ikacore_CV1k:core|HS3:u_hs3|cpu_core:u_cpu|cache:u_cache|state.S_DRAIN_REQ_OTERM2425
    Info (332115):    To Node      : emu:emu|ikacore_CV1k:core|HS3:u_hs3|bsc:u_bsc|obuf~75
    Info (332115):    Launch Clock : emu|pll|pll_inst|altera_pll_i|cyclonev_pll|counter[1].output_counter|divclk
    Info (332115):    Latch Clock  : emu|pll|pll_inst|altera_pll_i|cyclonev_pll|counter[1].output_counter|divclk
    Info (332115):    Relationship : 9.756
    Info (332115):    Clock Skew   : -0.515
    Info (332115):    Data Delay   : 13.047
########## c102-to pump ##########
Info (332115): Report Timing: Found 3 setup paths (3 violated).  Worst case slack is -3.241
    Info (332115): -to [get_registers {emu|core|u_pump|*}]
    Info (332115): -setup
    Info (332115): -npaths 3
    Info (332115): -detail summary
    Info (332115): -stdout
Info (332115): Path #1: Setup slack is -3.241 (VIOLATED)
    Info (332115):    Slack        : -3.241 (VIOLATED)
    Info (332115):    From Node    : emu:emu|ikacore_CV1k:core|CV1k_sdram_control:u_pump|dq_n[11]
    Info (332115):    To Node      : emu:emu|ikacore_CV1k:core|CV1k_sdram_control:u_pump|rd_lo[11]
    Info (332115):    Launch Clock : emu|pll|pll_inst|altera_pll_i|cyclonev_pll|counter[1].output_counter|divclk (INVERTED)
    Info (332115):    Latch Clock  : emu|pll|pll_inst|altera_pll_i|cyclonev_pll|counter[1].output_counter|divclk
    Info (332115):    Relationship : 4.878
    Info (332115):    Clock Skew   : -1.390
    Info (332115):    Data Delay   : 6.529
Info (332115): Path #2: Setup slack is -3.076 (VIOLATED)
    Info (332115):    Slack        : -3.076 (VIOLATED)
    Info (332115):    From Node    : emu:emu|ikacore_CV1k:core|CV1k_sdram_control:u_pump|dq_n[8]
    Info (332115):    To Node      : emu:emu|ikacore_CV1k:core|CV1k_sdram_control:u_pump|rd_lo[8]
    Info (332115):    Launch Clock : emu|pll|pll_inst|altera_pll_i|cyclonev_pll|counter[1].output_counter|divclk (INVERTED)
    Info (332115):    Latch Clock  : emu|pll|pll_inst|altera_pll_i|cyclonev_pll|counter[1].output_counter|divclk
    Info (332115):    Relationship : 4.878
    Info (332115):    Clock Skew   : -1.392
    Info (332115):    Data Delay   : 6.362
Info (332115): Path #3: Setup slack is -2.975 (VIOLATED)
    Info (332115):    Slack        : -2.975 (VIOLATED)
    Info (332115):    From Node    : emu:emu|ikacore_CV1k:core|CV1k_sdram_control:u_pump|dq_n[11]
    Info (332115):    To Node      : emu:emu|ikacore_CV1k:core|CV1k_sdram_control:u_pump|rd_hi_e[11]
    Info (332115):    Launch Clock : emu|pll|pll_inst|altera_pll_i|cyclonev_pll|counter[1].output_counter|divclk (INVERTED)
    Info (332115):    Latch Clock  : emu|pll|pll_inst|altera_pll_i|cyclonev_pll|counter[1].output_counter|divclk
    Info (332115):    Relationship : 4.878
    Info (332115):    Clock Skew   : -1.370
    Info (332115):    Data Delay   : 6.283
########## c102-from bscF ##########
Info (332115): Report Timing: Found 3 setup paths (3 violated).  Worst case slack is -3.028
    Info (332115): -from [get_registers {emu|core|u_hs3|u_bsc|*}]
    Info (332115): -setup
    Info (332115): -npaths 3
    Info (332115): -detail summary
    Info (332115): -stdout
Info (332115): Path #1: Setup slack is -3.028 (VIOLATED)
    Info (332115):    Slack        : -3.028 (VIOLATED)
    Info (332115):    From Node    : emu:emu|ikacore_CV1k:core|HS3:u_hs3|bsc:u_bsc|ord_busy
    Info (332115):    To Node      : emu:emu|ikacore_CV1k:core|HS3:u_hs3|cpu_core:u_cpu|cache:u_cache|cache_data_bank_wt:g_way[2].u_data|di_q[24]
    Info (332115):    Launch Clock : emu|pll|pll_inst|altera_pll_i|cyclonev_pll|counter[1].output_counter|divclk
    Info (332115):    Latch Clock  : emu|pll|pll_inst|altera_pll_i|cyclonev_pll|counter[1].output_counter|divclk
    Info (332115):    Relationship : 9.756
    Info (332115):    Clock Skew   : -0.543
    Info (332115):    Data Delay   : 12.041
Info (332115): Path #2: Setup slack is -2.972 (VIOLATED)
    Info (332115):    Slack        : -2.972 (VIOLATED)
    Info (332115):    From Node    : emu:emu|ikacore_CV1k:core|HS3:u_hs3|bsc:u_bsc|ord_area[0]
    Info (332115):    To Node      : emu:emu|ikacore_CV1k:core|HS3:u_hs3|cpu_core:u_cpu|cache:u_cache|cache_data_bank_wt:g_way[2].u_data|di_q[24]
    Info (332115):    Launch Clock : emu|pll|pll_inst|altera_pll_i|cyclonev_pll|counter[1].output_counter|divclk
    Info (332115):    Latch Clock  : emu|pll|pll_inst|altera_pll_i|cyclonev_pll|counter[1].output_counter|divclk
    Info (332115):    Relationship : 9.756
    Info (332115):    Clock Skew   : -0.537
    Info (332115):    Data Delay   : 11.991
Info (332115): Path #3: Setup slack is -2.889 (VIOLATED)
    Info (332115):    Slack        : -2.889 (VIOLATED)
    Info (332115):    From Node    : emu:emu|ikacore_CV1k:core|HS3:u_hs3|bsc:u_bsc|ord_run~DUPLICATE
    Info (332115):    To Node      : emu:emu|ikacore_CV1k:core|HS3:u_hs3|cpu_core:u_cpu|cache:u_cache|cache_data_bank_wt:g_way[2].u_data|di_q[24]
    Info (332115):    Launch Clock : emu|pll|pll_inst|altera_pll_i|cyclonev_pll|counter[1].output_counter|divclk
    Info (332115):    Latch Clock  : emu|pll|pll_inst|altera_pll_i|cyclonev_pll|counter[1].output_counter|divclk
    Info (332115):    Relationship : 9.756
    Info (332115):    Clock Skew   : -0.537
    Info (332115):    Data Delay   : 11.908
########## c102-from pumpF ##########
Info (332115): Report Timing: Found 3 setup paths (3 violated).  Worst case slack is -3.241
    Info (332115): -from [get_registers {emu|core|u_pump|*}]
    Info (332115): -setup
    Info (332115): -npaths 3
    Info (332115): -detail summary
    Info (332115): -stdout
Info (332115): Path #1: Setup slack is -3.241 (VIOLATED)
    Info (332115):    Slack        : -3.241 (VIOLATED)
    Info (332115):    From Node    : emu:emu|ikacore_CV1k:core|CV1k_sdram_control:u_pump|dq_n[11]
    Info (332115):    To Node      : emu:emu|ikacore_CV1k:core|CV1k_sdram_control:u_pump|rd_lo[11]
    Info (332115):    Launch Clock : emu|pll|pll_inst|altera_pll_i|cyclonev_pll|counter[1].output_counter|divclk (INVERTED)
    Info (332115):    Latch Clock  : emu|pll|pll_inst|altera_pll_i|cyclonev_pll|counter[1].output_counter|divclk
    Info (332115):    Relationship : 4.878
    Info (332115):    Clock Skew   : -1.390
    Info (332115):    Data Delay   : 6.529
Info (332115): Path #2: Setup slack is -3.076 (VIOLATED)
    Info (332115):    Slack        : -3.076 (VIOLATED)
    Info (332115):    From Node    : emu:emu|ikacore_CV1k:core|CV1k_sdram_control:u_pump|dq_n[8]
    Info (332115):    To Node      : emu:emu|ikacore_CV1k:core|CV1k_sdram_control:u_pump|rd_lo[8]
    Info (332115):    Launch Clock : emu|pll|pll_inst|altera_pll_i|cyclonev_pll|counter[1].output_counter|divclk (INVERTED)
    Info (332115):    Latch Clock  : emu|pll|pll_inst|altera_pll_i|cyclonev_pll|counter[1].output_counter|divclk
    Info (332115):    Relationship : 4.878
    Info (332115):    Clock Skew   : -1.392
    Info (332115):    Data Delay   : 6.362
Info (332115): Path #3: Setup slack is -2.988 (VIOLATED)
    Info (332115):    Slack        : -2.988 (VIOLATED)
    Info (332115):    From Node    : emu:emu|ikacore_CV1k:core|CV1k_sdram_control:u_pump|rdg_sh[2]
    Info (332115):    To Node      : emu:emu|ikacore_CV1k:core|HS3:u_hs3|cpu_core:u_cpu|cache:u_cache|cache_data_bank_wt:g_way[2].u_data|di_q[24]
    Info (332115):    Launch Clock : emu|pll|pll_inst|altera_pll_i|cyclonev_pll|counter[1].output_counter|divclk
    Info (332115):    Latch Clock  : emu|pll|pll_inst|altera_pll_i|cyclonev_pll|counter[1].output_counter|divclk
    Info (332115):    Relationship : 9.756
    Info (332115):    Clock Skew   : -0.546
    Info (332115):    Data Delay   : 11.998
########## cross c153->c102 ##########
Info (332115): Report Timing: Found 4 setup paths (4 violated).  Worst case slack is -2.021
    Info (332115): -from_clock [get_clocks {emu|pll|pll_inst|altera_pll_i|cyclonev_pll|counter[0].output_counter|divclk}]
    Info (332115): -to_clock [get_clocks {emu|pll|pll_inst|altera_pll_i|cyclonev_pll|counter[1].output_counter|divclk}]
    Info (332115): -setup
    Info (332115): -npaths 4
    Info (332115): -detail summary
    Info (332115): -stdout
Info (332115): Path #1: Setup slack is -2.021 (VIOLATED)
    Info (332115):    Slack        : -2.021 (VIOLATED)
    Info (332115):    From Node    : emu:emu|ikacore_CV1k:core|CV1k_nand:u_u2_nand|mode.M_STREAM
    Info (332115):    To Node      : emu:emu|ikacore_CV1k:core|HS3:u_hs3|cpu_core:u_cpu|cache:u_cache|cache_data_bank_wt:g_way[2].u_data|di_q[2]
    Info (332115):    Launch Clock : emu|pll|pll_inst|altera_pll_i|cyclonev_pll|counter[0].output_counter|divclk
    Info (332115):    Latch Clock  : emu|pll|pll_inst|altera_pll_i|cyclonev_pll|counter[1].output_counter|divclk
    Info (332115):    Relationship : 6.200
    Info (332115):    Clock Skew   : -0.991
    Info (332115):    Data Delay   : 6.960
Info (332115): Path #2: Setup slack is -2.012 (VIOLATED)
    Info (332115):    Slack        : -2.012 (VIOLATED)
    Info (332115):    From Node    : emu:emu|ikacore_CV1k:core|CV1k_nand:u_u2_nand|mode.M_STREAM
    Info (332115):    To Node      : emu:emu|ikacore_CV1k:core|HS3:u_hs3|cpu_core:u_cpu|cache:u_cache|cache_data_bank_wt:g_way[0].u_data|di_q[2]
    Info (332115):    Launch Clock : emu|pll|pll_inst|altera_pll_i|cyclonev_pll|counter[0].output_counter|divclk
    Info (332115):    Latch Clock  : emu|pll|pll_inst|altera_pll_i|cyclonev_pll|counter[1].output_counter|divclk
    Info (332115):    Relationship : 6.200
    Info (332115):    Clock Skew   : -0.986
    Info (332115):    Data Delay   : 6.956
Info (332115): Path #3: Setup slack is -1.992 (VIOLATED)
    Info (332115):    Slack        : -1.992 (VIOLATED)
    Info (332115):    From Node    : emu:emu|ikacore_CV1k:core|CV1k_nand:u_u2_nand|mode.M_STREAM
    Info (332115):    To Node      : emu:emu|ikacore_CV1k:core|HS3:u_hs3|dmac:u_dmac|addr_q[30]~DUPLICATE
    Info (332115):    Launch Clock : emu|pll|pll_inst|altera_pll_i|cyclonev_pll|counter[0].output_counter|divclk
    Info (332115):    Latch Clock  : emu|pll|pll_inst|altera_pll_i|cyclonev_pll|counter[1].output_counter|divclk
    Info (332115):    Relationship : 6.200
    Info (332115):    Clock Skew   : -0.956
    Info (332115):    Data Delay   : 6.966
Info (332115): Path #4: Setup slack is -1.985 (VIOLATED)
    Info (332115):    Slack        : -1.985 (VIOLATED)
    Info (332115):    From Node    : emu:emu|ikacore_CV1k:core|CV1k_nand:u_u2_nand|mode.M_STREAM
    Info (332115):    To Node      : emu:emu|ikacore_CV1k:core|HS3:u_hs3|dmac:u_dmac|addr_q[28]
    Info (332115):    Launch Clock : emu|pll|pll_inst|altera_pll_i|cyclonev_pll|counter[0].output_counter|divclk
    Info (332115):    Latch Clock  : emu|pll|pll_inst|altera_pll_i|cyclonev_pll|counter[1].output_counter|divclk
    Info (332115):    Relationship : 6.200
    Info (332115):    Clock Skew   : -0.951
    Info (332115):    Data Delay   : 6.964
########## cross c102->c153 ##########
Info (332115): Report Timing: Found 4 setup paths (4 violated).  Worst case slack is -1.517
    Info (332115): -from_clock [get_clocks {emu|pll|pll_inst|altera_pll_i|cyclonev_pll|counter[1].output_counter|divclk}]
    Info (332115): -to_clock [get_clocks {emu|pll|pll_inst|altera_pll_i|cyclonev_pll|counter[0].output_counter|divclk}]
    Info (332115): -setup
    Info (332115): -npaths 4
    Info (332115): -detail summary
    Info (332115): -stdout
Info (332115): Path #1: Setup slack is -1.517 (VIOLATED)
    Info (332115):    Slack        : -1.517 (VIOLATED)
    Info (332115):    From Node    : emu:emu|ikacore_CV1k:core|HS3:u_hs3|bsc:u_bsc|ord_run
    Info (332115):    To Node      : emu:emu|ikacore_CV1k:core|blit_top:u_blit|blit_fetch:u_blit_fetch|skid~69
    Info (332115):    Launch Clock : emu|pll|pll_inst|altera_pll_i|cyclonev_pll|counter[1].output_counter|divclk
    Info (332115):    Latch Clock  : emu|pll|pll_inst|altera_pll_i|cyclonev_pll|counter[0].output_counter|divclk
    Info (332115):    Relationship : 6.200
    Info (332115):    Clock Skew   : -0.763
    Info (332115):    Data Delay   : 6.684
Info (332115): Path #2: Setup slack is -1.486 (VIOLATED)
    Info (332115):    Slack        : -1.486 (VIOLATED)
    Info (332115):    From Node    : emu:emu|ikacore_CV1k:core|HS3:u_hs3|bsc:u_bsc|ord_run
    Info (332115):    To Node      : emu:emu|ikacore_CV1k:core|blit_top:u_blit|blit_fetch:u_blit_fetch|skid~229
    Info (332115):    Launch Clock : emu|pll|pll_inst|altera_pll_i|cyclonev_pll|counter[1].output_counter|divclk
    Info (332115):    Latch Clock  : emu|pll|pll_inst|altera_pll_i|cyclonev_pll|counter[0].output_counter|divclk
    Info (332115):    Relationship : 6.200
    Info (332115):    Clock Skew   : -0.771
    Info (332115):    Data Delay   : 6.645
Info (332115): Path #3: Setup slack is -1.464 (VIOLATED)
    Info (332115):    Slack        : -1.464 (VIOLATED)
    Info (332115):    From Node    : emu:emu|ikacore_CV1k:core|HS3:u_hs3|bsc:u_bsc|ord_run
    Info (332115):    To Node      : emu:emu|ikacore_CV1k:core|blit_top:u_blit|blit_fetch:u_blit_fetch|skid~228
    Info (332115):    Launch Clock : emu|pll|pll_inst|altera_pll_i|cyclonev_pll|counter[1].output_counter|divclk
    Info (332115):    Latch Clock  : emu|pll|pll_inst|altera_pll_i|cyclonev_pll|counter[0].output_counter|divclk
    Info (332115):    Relationship : 6.200
    Info (332115):    Clock Skew   : -0.787
    Info (332115):    Data Delay   : 6.607
Info (332115): Path #4: Setup slack is -1.421 (VIOLATED)
    Info (332115):    Slack        : -1.421 (VIOLATED)
    Info (332115):    From Node    : emu:emu|ikacore_CV1k:core|HS3:u_hs3|bsc:u_bsc|ord_busy~DUPLICATE
    Info (332115):    To Node      : emu:emu|ikacore_CV1k:core|blit_top:u_blit|blit_fetch:u_blit_fetch|skid~69
    Info (332115):    Launch Clock : emu|pll|pll_inst|altera_pll_i|cyclonev_pll|counter[1].output_counter|divclk
    Info (332115):    Latch Clock  : emu|pll|pll_inst|altera_pll_i|cyclonev_pll|counter[0].output_counter|divclk
    Info (332115):    Relationship : 6.200
    Info (332115):    Clock Skew   : -0.757
    Info (332115):    Data Delay   : 6.594
########## SDRAM_CLK out ##########
Info (332115): Report Timing: Found 6 setup paths (6 violated).  Worst case slack is -1.708
    Info (332115): -to_clock [get_clocks {SDRAM_CLK}]
    Info (332115): -setup
    Info (332115): -npaths 6
    Info (332115): -detail summary
    Info (332115): -stdout
Info (332115): Path #1: Setup slack is -1.708 (VIOLATED)
    Info (332115):    Slack        : -1.708 (VIOLATED)
    Info (332115):    From Node    : emu:emu|ikacore_CV1k:core|CV1k_sdram_control:u_pump|o_S_DQ_OE~SynDup_6
    Info (332115):    To Node      : SDRAM_DQ[5]
    Info (332115):    Launch Clock : emu|pll|pll_inst|altera_pll_i|cyclonev_pll|counter[1].output_counter|divclk
    Info (332115):    Latch Clock  : SDRAM_CLK
    Info (332115):    Relationship : 1.524
    Info (332115):    Clock Skew   : 1.651
    Info (332115):    Data Delay   : 3.073
Info (332115): Path #2: Setup slack is -1.696 (VIOLATED)
    Info (332115):    Slack        : -1.696 (VIOLATED)
    Info (332115):    From Node    : emu:emu|ikacore_CV1k:core|CV1k_sdram_control:u_pump|o_S_DQ_OE~SynDup_10
    Info (332115):    To Node      : SDRAM_DQ[1]
    Info (332115):    Launch Clock : emu|pll|pll_inst|altera_pll_i|cyclonev_pll|counter[1].output_counter|divclk
    Info (332115):    Latch Clock  : SDRAM_CLK
    Info (332115):    Relationship : 1.524
    Info (332115):    Clock Skew   : 1.648
    Info (332115):    Data Delay   : 3.058
Info (332115): Path #3: Setup slack is -1.681 (VIOLATED)
    Info (332115):    Slack        : -1.681 (VIOLATED)
    Info (332115):    From Node    : emu:emu|ikacore_CV1k:core|CV1k_sdram_control:u_pump|o_S_DQ_OE~SynDup_13
    Info (332115):    To Node      : SDRAM_DQ[13]
    Info (332115):    Launch Clock : emu|pll|pll_inst|altera_pll_i|cyclonev_pll|counter[1].output_counter|divclk
    Info (332115):    Latch Clock  : SDRAM_CLK
    Info (332115):    Relationship : 1.524
    Info (332115):    Clock Skew   : 1.665
    Info (332115):    Data Delay   : 3.060
Info (332115): Path #4: Setup slack is -1.681 (VIOLATED)
    Info (332115):    Slack        : -1.681 (VIOLATED)
    Info (332115):    From Node    : emu:emu|ikacore_CV1k:core|CV1k_sdram_control:u_pump|o_S_DQ_OE~SynDup_1
    Info (332115):    To Node      : SDRAM_DQ[10]
    Info (332115):    Launch Clock : emu|pll|pll_inst|altera_pll_i|cyclonev_pll|counter[1].output_counter|divclk
    Info (332115):    Latch Clock  : SDRAM_CLK
    Info (332115):    Relationship : 1.524
    Info (332115):    Clock Skew   : 1.670
    Info (332115):    Data Delay   : 3.065
Info (332115): Path #5: Setup slack is -1.647 (VIOLATED)
    Info (332115):    Slack        : -1.647 (VIOLATED)
    Info (332115):    From Node    : emu:emu|ikacore_CV1k:core|CV1k_sdram_control:u_pump|o_S_DQ_OE~SynDup_9
    Info (332115):    To Node      : SDRAM_DQ[2]
    Info (332115):    Launch Clock : emu|pll|pll_inst|altera_pll_i|cyclonev_pll|counter[1].output_counter|divclk
    Info (332115):    Latch Clock  : SDRAM_CLK
    Info (332115):    Relationship : 1.524
    Info (332115):    Clock Skew   : 1.685
    Info (332115):    Data Delay   : 3.046
Info (332115): Path #6: Setup slack is -1.607 (VIOLATED)
    Info (332115):    Slack        : -1.607 (VIOLATED)
    Info (332115):    From Node    : emu:emu|ikacore_CV1k:core|CV1k_sdram_control:u_pump|o_S_DQ_O[1]
    Info (332115):    To Node      : SDRAM_DQ[1]
    Info (332115):    Launch Clock : emu|pll|pll_inst|altera_pll_i|cyclonev_pll|counter[1].output_counter|divclk
    Info (332115):    Latch Clock  : SDRAM_CLK
    Info (332115):    Relationship : 1.524
    Info (332115):    Clock Skew   : 1.839
    Info (332115):    Data Delay   : 3.160
########## SDRAM DQ in (dq_n bank) ##########
Info (332115): Report Timing: Found 3 setup paths (2 violated).  Worst case slack is -0.094
    Info (332115): -from [get_ports {SDRAM_DQ[*]}]
    Info (332115): -setup
    Info (332115): -npaths 3
    Info (332115): -detail summary
    Info (332115): -stdout
Info (332115): Path #1: Setup slack is -0.094 (VIOLATED)
    Info (332115):    Slack        : -0.094 (VIOLATED)
    Info (332115):    From Node    : SDRAM_DQ[12]
    Info (332115):    To Node      : emu:emu|ikacore_CV1k:core|CV1k_sdram_control:u_pump|dq_n[12]
    Info (332115):    Launch Clock : SDRAM_CLK
    Info (332115):    Latch Clock  : emu|pll|pll_inst|altera_pll_i|cyclonev_pll|counter[1].output_counter|divclk (INVERTED)
    Info (332115):    Relationship : 13.110
    Info (332115):    Clock Skew   : -4.524
    Info (332115):    Data Delay   : 2.370
Info (332115): Path #2: Setup slack is -0.080 (VIOLATED)
    Info (332115):    Slack        : -0.080 (VIOLATED)
    Info (332115):    From Node    : SDRAM_DQ[9]
    Info (332115):    To Node      : emu:emu|ikacore_CV1k:core|CV1k_sdram_control:u_pump|dq_n[9]
    Info (332115):    Launch Clock : SDRAM_CLK
    Info (332115):    Latch Clock  : emu|pll|pll_inst|altera_pll_i|cyclonev_pll|counter[1].output_counter|divclk (INVERTED)
    Info (332115):    Relationship : 13.110
    Info (332115):    Clock Skew   : -4.342
    Info (332115):    Data Delay   : 2.538
Info (332115): Path #3: Setup slack is 0.000 
    Info (332115):    Slack        : 0.000 
    Info (332115):    From Node    : SDRAM_DQ[0]
    Info (332115):    To Node      : emu:emu|ikacore_CV1k:core|CV1k_sdram_control:u_pump|dq_n[0]
    Info (332115):    Launch Clock : SDRAM_CLK
    Info (332115):    Latch Clock  : emu|pll|pll_inst|altera_pll_i|cyclonev_pll|counter[1].output_counter|divclk (INVERTED)
    Info (332115):    Relationship : 13.110
    Info (332115):    Clock Skew   : -4.343
    Info (332115):    Data Delay   : 2.457
########## recovery c153 ##########
Info (332115): Report Timing: Found 20 recovery paths (20 violated).  Worst case slack is -2.910
    Info (332115): -to_clock [get_clocks {emu|pll|pll_inst|altera_pll_i|cyclonev_pll|counter[0].output_counter|divclk}]
    Info (332115): -recovery
    Info (332115): -npaths 20
    Info (332115): -detail summary
    Info (332115): -stdout
Info (332115): Path #1: Recovery slack is -2.910 (VIOLATED)
    Info (332115):    Slack        : -2.910 (VIOLATED)
    Info (332115):    From Node    : emu:emu|hps_io:hps_io|cfg[1]
    Info (332115):    To Node      : emu:emu|ikacore_CV1k:core|blit_top:u_blit|blit_gov:u_blit_gov|m_pdst[0]
    Info (332115):    Launch Clock : emu|pll|pll_inst|altera_pll_i|cyclonev_pll|counter[1].output_counter|divclk
    Info (332115):    Latch Clock  : emu|pll|pll_inst|altera_pll_i|cyclonev_pll|counter[0].output_counter|divclk
    Info (332115):    Relationship : 6.200
    Info (332115):    Clock Skew   : -0.528
    Info (332115):    Data Delay   : 8.312
Info (332115): Path #2: Recovery slack is -2.910 (VIOLATED)
    Info (332115):    Slack        : -2.910 (VIOLATED)
    Info (332115):    From Node    : emu:emu|hps_io:hps_io|cfg[1]
    Info (332115):    To Node      : emu:emu|ikacore_CV1k:core|blit_top:u_blit|blit_gov:u_blit_gov|m_pdst[1]
    Info (332115):    Launch Clock : emu|pll|pll_inst|altera_pll_i|cyclonev_pll|counter[1].output_counter|divclk
    Info (332115):    Latch Clock  : emu|pll|pll_inst|altera_pll_i|cyclonev_pll|counter[0].output_counter|divclk
    Info (332115):    Relationship : 6.200
    Info (332115):    Clock Skew   : -0.528
    Info (332115):    Data Delay   : 8.312
Info (332115): Path #3: Recovery slack is -2.910 (VIOLATED)
    Info (332115):    Slack        : -2.910 (VIOLATED)
    Info (332115):    From Node    : emu:emu|hps_io:hps_io|cfg[1]
    Info (332115):    To Node      : emu:emu|ikacore_CV1k:core|blit_top:u_blit|blit_gov:u_blit_gov|m_pdst[2]
    Info (332115):    Launch Clock : emu|pll|pll_inst|altera_pll_i|cyclonev_pll|counter[1].output_counter|divclk
    Info (332115):    Latch Clock  : emu|pll|pll_inst|altera_pll_i|cyclonev_pll|counter[0].output_counter|divclk
    Info (332115):    Relationship : 6.200
    Info (332115):    Clock Skew   : -0.528
    Info (332115):    Data Delay   : 8.312
Info (332115): Path #4: Recovery slack is -2.910 (VIOLATED)
    Info (332115):    Slack        : -2.910 (VIOLATED)
    Info (332115):    From Node    : emu:emu|hps_io:hps_io|cfg[1]
    Info (332115):    To Node      : emu:emu|ikacore_CV1k:core|blit_top:u_blit|blit_gov:u_blit_gov|m_pdst[3]
    Info (332115):    Launch Clock : emu|pll|pll_inst|altera_pll_i|cyclonev_pll|counter[1].output_counter|divclk
    Info (332115):    Latch Clock  : emu|pll|pll_inst|altera_pll_i|cyclonev_pll|counter[0].output_counter|divclk
    Info (332115):    Relationship : 6.200
    Info (332115):    Clock Skew   : -0.528
    Info (332115):    Data Delay   : 8.312
Info (332115): Path #5: Recovery slack is -2.910 (VIOLATED)
    Info (332115):    Slack        : -2.910 (VIOLATED)
    Info (332115):    From Node    : emu:emu|hps_io:hps_io|cfg[1]
    Info (332115):    To Node      : emu:emu|ikacore_CV1k:core|blit_top:u_blit|blit_gov:u_blit_gov|m_pdst[4]
    Info (332115):    Launch Clock : emu|pll|pll_inst|altera_pll_i|cyclonev_pll|counter[1].output_counter|divclk
    Info (332115):    Latch Clock  : emu|pll|pll_inst|altera_pll_i|cyclonev_pll|counter[0].output_counter|divclk
    Info (332115):    Relationship : 6.200
    Info (332115):    Clock Skew   : -0.528
    Info (332115):    Data Delay   : 8.312
Info (332115): Path #6: Recovery slack is -2.910 (VIOLATED)
    Info (332115):    Slack        : -2.910 (VIOLATED)
    Info (332115):    From Node    : emu:emu|hps_io:hps_io|cfg[1]
    Info (332115):    To Node      : emu:emu|ikacore_CV1k:core|blit_top:u_blit|blit_gov:u_blit_gov|m_pdst[5]
    Info (332115):    Launch Clock : emu|pll|pll_inst|altera_pll_i|cyclonev_pll|counter[1].output_counter|divclk
    Info (332115):    Latch Clock  : emu|pll|pll_inst|altera_pll_i|cyclonev_pll|counter[0].output_counter|divclk
    Info (332115):    Relationship : 6.200
    Info (332115):    Clock Skew   : -0.528
    Info (332115):    Data Delay   : 8.312
Info (332115): Path #7: Recovery slack is -2.910 (VIOLATED)
    Info (332115):    Slack        : -2.910 (VIOLATED)
    Info (332115):    From Node    : emu:emu|hps_io:hps_io|cfg[1]
    Info (332115):    To Node      : emu:emu|ikacore_CV1k:core|blit_top:u_blit|blit_gov:u_blit_gov|m_pdst[6]
    Info (332115):    Launch Clock : emu|pll|pll_inst|altera_pll_i|cyclonev_pll|counter[1].output_counter|divclk
    Info (332115):    Latch Clock  : emu|pll|pll_inst|altera_pll_i|cyclonev_pll|counter[0].output_counter|divclk
    Info (332115):    Relationship : 6.200
    Info (332115):    Clock Skew   : -0.528
    Info (332115):    Data Delay   : 8.312
Info (332115): Path #8: Recovery slack is -2.910 (VIOLATED)
    Info (332115):    Slack        : -2.910 (VIOLATED)
    Info (332115):    From Node    : emu:emu|hps_io:hps_io|cfg[1]
    Info (332115):    To Node      : emu:emu|ikacore_CV1k:core|blit_top:u_blit|blit_gov:u_blit_gov|m_pdst[7]
    Info (332115):    Launch Clock : emu|pll|pll_inst|altera_pll_i|cyclonev_pll|counter[1].output_counter|divclk
    Info (332115):    Latch Clock  : emu|pll|pll_inst|altera_pll_i|cyclonev_pll|counter[0].output_counter|divclk
    Info (332115):    Relationship : 6.200
    Info (332115):    Clock Skew   : -0.528
    Info (332115):    Data Delay   : 8.312
Info (332115): Path #9: Recovery slack is -2.910 (VIOLATED)
    Info (332115):    Slack        : -2.910 (VIOLATED)
    Info (332115):    From Node    : emu:emu|hps_io:hps_io|cfg[1]
    Info (332115):    To Node      : emu:emu|ikacore_CV1k:core|blit_top:u_blit|blit_gov:u_blit_gov|m_pdst[8]
    Info (332115):    Launch Clock : emu|pll|pll_inst|altera_pll_i|cyclonev_pll|counter[1].output_counter|divclk
    Info (332115):    Latch Clock  : emu|pll|pll_inst|altera_pll_i|cyclonev_pll|counter[0].output_counter|divclk
    Info (332115):    Relationship : 6.200
    Info (332115):    Clock Skew   : -0.528
    Info (332115):    Data Delay   : 8.312
Info (332115): Path #10: Recovery slack is -2.910 (VIOLATED)
    Info (332115):    Slack        : -2.910 (VIOLATED)
    Info (332115):    From Node    : emu:emu|hps_io:hps_io|cfg[1]
    Info (332115):    To Node      : emu:emu|ikacore_CV1k:core|blit_top:u_blit|blit_gov:u_blit_gov|m_pdst[9]
    Info (332115):    Launch Clock : emu|pll|pll_inst|altera_pll_i|cyclonev_pll|counter[1].output_counter|divclk
    Info (332115):    Latch Clock  : emu|pll|pll_inst|altera_pll_i|cyclonev_pll|counter[0].output_counter|divclk
    Info (332115):    Relationship : 6.200
    Info (332115):    Clock Skew   : -0.528
    Info (332115):    Data Delay   : 8.312
Info (332115): Path #11: Recovery slack is -2.910 (VIOLATED)
    Info (332115):    Slack        : -2.910 (VIOLATED)
    Info (332115):    From Node    : emu:emu|hps_io:hps_io|cfg[1]
    Info (332115):    To Node      : emu:emu|ikacore_CV1k:core|blit_top:u_blit|blit_gov:u_blit_gov|m_pdst[10]
    Info (332115):    Launch Clock : emu|pll|pll_inst|altera_pll_i|cyclonev_pll|counter[1].output_counter|divclk
    Info (332115):    Latch Clock  : emu|pll|pll_inst|altera_pll_i|cyclonev_pll|counter[0].output_counter|divclk
    Info (332115):    Relationship : 6.200
    Info (332115):    Clock Skew   : -0.528
    Info (332115):    Data Delay   : 8.312
Info (332115): Path #12: Recovery slack is -2.910 (VIOLATED)
    Info (332115):    Slack        : -2.910 (VIOLATED)
    Info (332115):    From Node    : emu:emu|hps_io:hps_io|cfg[1]
    Info (332115):    To Node      : emu:emu|ikacore_CV1k:core|blit_top:u_blit|blit_gov:u_blit_gov|m_pdst[11]
    Info (332115):    Launch Clock : emu|pll|pll_inst|altera_pll_i|cyclonev_pll|counter[1].output_counter|divclk
    Info (332115):    Latch Clock  : emu|pll|pll_inst|altera_pll_i|cyclonev_pll|counter[0].output_counter|divclk
    Info (332115):    Relationship : 6.200
    Info (332115):    Clock Skew   : -0.528
    Info (332115):    Data Delay   : 8.312
Info (332115): Path #13: Recovery slack is -2.910 (VIOLATED)
    Info (332115):    Slack        : -2.910 (VIOLATED)
    Info (332115):    From Node    : emu:emu|hps_io:hps_io|cfg[1]
    Info (332115):    To Node      : emu:emu|ikacore_CV1k:core|blit_top:u_blit|blit_gov:u_blit_gov|m_pdst[12]
    Info (332115):    Launch Clock : emu|pll|pll_inst|altera_pll_i|cyclonev_pll|counter[1].output_counter|divclk
    Info (332115):    Latch Clock  : emu|pll|pll_inst|altera_pll_i|cyclonev_pll|counter[0].output_counter|divclk
    Info (332115):    Relationship : 6.200
    Info (332115):    Clock Skew   : -0.528
    Info (332115):    Data Delay   : 8.312
Info (332115): Path #14: Recovery slack is -2.910 (VIOLATED)
    Info (332115):    Slack        : -2.910 (VIOLATED)
    Info (332115):    From Node    : emu:emu|hps_io:hps_io|cfg[1]
    Info (332115):    To Node      : emu:emu|ikacore_CV1k:core|blit_top:u_blit|blit_gov:u_blit_gov|m_pdst[13]
    Info (332115):    Launch Clock : emu|pll|pll_inst|altera_pll_i|cyclonev_pll|counter[1].output_counter|divclk
    Info (332115):    Latch Clock  : emu|pll|pll_inst|altera_pll_i|cyclonev_pll|counter[0].output_counter|divclk
    Info (332115):    Relationship : 6.200
    Info (332115):    Clock Skew   : -0.528
    Info (332115):    Data Delay   : 8.312
Info (332115): Path #15: Recovery slack is -2.910 (VIOLATED)
    Info (332115):    Slack        : -2.910 (VIOLATED)
    Info (332115):    From Node    : emu:emu|hps_io:hps_io|cfg[1]
    Info (332115):    To Node      : emu:emu|ikacore_CV1k:core|blit_top:u_blit|blit_gov:u_blit_gov|m_pdst[14]
    Info (332115):    Launch Clock : emu|pll|pll_inst|altera_pll_i|cyclonev_pll|counter[1].output_counter|divclk
    Info (332115):    Latch Clock  : emu|pll|pll_inst|altera_pll_i|cyclonev_pll|counter[0].output_counter|divclk
    Info (332115):    Relationship : 6.200
    Info (332115):    Clock Skew   : -0.528
    Info (332115):    Data Delay   : 8.312
Info (332115): Path #16: Recovery slack is -2.910 (VIOLATED)
    Info (332115):    Slack        : -2.910 (VIOLATED)
    Info (332115):    From Node    : emu:emu|hps_io:hps_io|cfg[1]
    Info (332115):    To Node      : emu:emu|ikacore_CV1k:core|blit_top:u_blit|blit_gov:u_blit_gov|m_pdst[15]
    Info (332115):    Launch Clock : emu|pll|pll_inst|altera_pll_i|cyclonev_pll|counter[1].output_counter|divclk
    Info (332115):    Latch Clock  : emu|pll|pll_inst|altera_pll_i|cyclonev_pll|counter[0].output_counter|divclk
    Info (332115):    Relationship : 6.200
    Info (332115):    Clock Skew   : -0.528
    Info (332115):    Data Delay   : 8.312
Info (332115): Path #17: Recovery slack is -2.910 (VIOLATED)
    Info (332115):    Slack        : -2.910 (VIOLATED)
    Info (332115):    From Node    : emu:emu|hps_io:hps_io|cfg[1]
    Info (332115):    To Node      : emu:emu|ikacore_CV1k:core|blit_top:u_blit|blit_gov:u_blit_gov|m_pdst[16]
    Info (332115):    Launch Clock : emu|pll|pll_inst|altera_pll_i|cyclonev_pll|counter[1].output_counter|divclk
    Info (332115):    Latch Clock  : emu|pll|pll_inst|altera_pll_i|cyclonev_pll|counter[0].output_counter|divclk
    Info (332115):    Relationship : 6.200
    Info (332115):    Clock Skew   : -0.528
    Info (332115):    Data Delay   : 8.312
Info (332115): Path #18: Recovery slack is -2.910 (VIOLATED)
    Info (332115):    Slack        : -2.910 (VIOLATED)
    Info (332115):    From Node    : emu:emu|hps_io:hps_io|cfg[1]
    Info (332115):    To Node      : emu:emu|ikacore_CV1k:core|blit_top:u_blit|blit_gov:u_blit_gov|m_pdst[17]
    Info (332115):    Launch Clock : emu|pll|pll_inst|altera_pll_i|cyclonev_pll|counter[1].output_counter|divclk
    Info (332115):    Latch Clock  : emu|pll|pll_inst|altera_pll_i|cyclonev_pll|counter[0].output_counter|divclk
    Info (332115):    Relationship : 6.200
    Info (332115):    Clock Skew   : -0.528
    Info (332115):    Data Delay   : 8.312
Info (332115): Path #19: Recovery slack is -2.910 (VIOLATED)
    Info (332115):    Slack        : -2.910 (VIOLATED)
    Info (332115):    From Node    : emu:emu|hps_io:hps_io|cfg[1]
    Info (332115):    To Node      : emu:emu|ikacore_CV1k:core|blit_top:u_blit|blit_gov:u_blit_gov|m_pdst[18]
    Info (332115):    Launch Clock : emu|pll|pll_inst|altera_pll_i|cyclonev_pll|counter[1].output_counter|divclk
    Info (332115):    Latch Clock  : emu|pll|pll_inst|altera_pll_i|cyclonev_pll|counter[0].output_counter|divclk
    Info (332115):    Relationship : 6.200
    Info (332115):    Clock Skew   : -0.528
    Info (332115):    Data Delay   : 8.312
Info (332115): Path #20: Recovery slack is -2.910 (VIOLATED)
    Info (332115):    Slack        : -2.910 (VIOLATED)
    Info (332115):    From Node    : emu:emu|hps_io:hps_io|cfg[1]
    Info (332115):    To Node      : emu:emu|ikacore_CV1k:core|blit_top:u_blit|blit_gov:u_blit_gov|m_pdst[19]
    Info (332115):    Launch Clock : emu|pll|pll_inst|altera_pll_i|cyclonev_pll|counter[1].output_counter|divclk
    Info (332115):    Latch Clock  : emu|pll|pll_inst|altera_pll_i|cyclonev_pll|counter[0].output_counter|divclk
    Info (332115):    Relationship : 6.200
    Info (332115):    Clock Skew   : -0.528
    Info (332115):    Data Delay   : 8.312
########## recovery c102 ##########
Info (332115): Report Timing: Found 6 recovery paths (6 violated).  Worst case slack is -0.105
    Info (332115): -to_clock [get_clocks {emu|pll|pll_inst|altera_pll_i|cyclonev_pll|counter[1].output_counter|divclk}]
    Info (332115): -recovery
    Info (332115): -npaths 6
    Info (332115): -detail summary
    Info (332115): -stdout
Info (332115): Path #1: Recovery slack is -0.105 (VIOLATED)
    Info (332115):    Slack        : -0.105 (VIOLATED)
    Info (332115):    From Node    : emu:emu|ikacore_CV1k:core|HS3:u_hs3|cpg_wdt:u_cpg_wdt|rst_cnt[2]
    Info (332115):    To Node      : emu:emu|ikacore_CV1k:core|HS3:u_hs3|cpu_core:u_cpu|int_pipe:u_int_pipe|mac_dsp:u_mac_dsp|pending_result[47]
    Info (332115):    Launch Clock : emu|pll|pll_inst|altera_pll_i|cyclonev_pll|counter[1].output_counter|divclk
    Info (332115):    Latch Clock  : emu|pll|pll_inst|altera_pll_i|cyclonev_pll|counter[1].output_counter|divclk
    Info (332115):    Relationship : 9.756
    Info (332115):    Clock Skew   : -0.620
    Info (332115):    Data Delay   : 9.041
Info (332115): Path #2: Recovery slack is -0.105 (VIOLATED)
    Info (332115):    Slack        : -0.105 (VIOLATED)
    Info (332115):    From Node    : emu:emu|ikacore_CV1k:core|HS3:u_hs3|cpg_wdt:u_cpg_wdt|rst_cnt[2]
    Info (332115):    To Node      : emu:emu|ikacore_CV1k:core|HS3:u_hs3|cpu_core:u_cpu|int_pipe:u_int_pipe|mac_dsp:u_mac_dsp|o_MACH[8]
    Info (332115):    Launch Clock : emu|pll|pll_inst|altera_pll_i|cyclonev_pll|counter[1].output_counter|divclk
    Info (332115):    Latch Clock  : emu|pll|pll_inst|altera_pll_i|cyclonev_pll|counter[1].output_counter|divclk
    Info (332115):    Relationship : 9.756
    Info (332115):    Clock Skew   : -0.622
    Info (332115):    Data Delay   : 9.039
Info (332115): Path #3: Recovery slack is -0.105 (VIOLATED)
    Info (332115):    Slack        : -0.105 (VIOLATED)
    Info (332115):    From Node    : emu:emu|ikacore_CV1k:core|HS3:u_hs3|cpg_wdt:u_cpg_wdt|rst_cnt[2]
    Info (332115):    To Node      : emu:emu|ikacore_CV1k:core|HS3:u_hs3|cpu_core:u_cpu|int_pipe:u_int_pipe|mac_dsp:u_mac_dsp|pending_result[40]
    Info (332115):    Launch Clock : emu|pll|pll_inst|altera_pll_i|cyclonev_pll|counter[1].output_counter|divclk
    Info (332115):    Latch Clock  : emu|pll|pll_inst|altera_pll_i|cyclonev_pll|counter[1].output_counter|divclk
    Info (332115):    Relationship : 9.756
    Info (332115):    Clock Skew   : -0.620
    Info (332115):    Data Delay   : 9.041
Info (332115): Path #4: Recovery slack is -0.105 (VIOLATED)
    Info (332115):    Slack        : -0.105 (VIOLATED)
    Info (332115):    From Node    : emu:emu|ikacore_CV1k:core|HS3:u_hs3|cpg_wdt:u_cpg_wdt|rst_cnt[2]
    Info (332115):    To Node      : emu:emu|ikacore_CV1k:core|HS3:u_hs3|cpu_core:u_cpu|int_pipe:u_int_pipe|exma.s_data
    Info (332115):    Launch Clock : emu|pll|pll_inst|altera_pll_i|cyclonev_pll|counter[1].output_counter|divclk
    Info (332115):    Latch Clock  : emu|pll|pll_inst|altera_pll_i|cyclonev_pll|counter[1].output_counter|divclk
    Info (332115):    Relationship : 9.756
    Info (332115):    Clock Skew   : -0.628
    Info (332115):    Data Delay   : 9.033
Info (332115): Path #5: Recovery slack is -0.105 (VIOLATED)
    Info (332115):    Slack        : -0.105 (VIOLATED)
    Info (332115):    From Node    : emu:emu|ikacore_CV1k:core|HS3:u_hs3|cpg_wdt:u_cpg_wdt|rst_cnt[2]
    Info (332115):    To Node      : emu:emu|ikacore_CV1k:core|HS3:u_hs3|cpu_core:u_cpu|int_pipe:u_int_pipe|mac_dsp:u_mac_dsp|pending_result[34]
    Info (332115):    Launch Clock : emu|pll|pll_inst|altera_pll_i|cyclonev_pll|counter[1].output_counter|divclk
    Info (332115):    Latch Clock  : emu|pll|pll_inst|altera_pll_i|cyclonev_pll|counter[1].output_counter|divclk
    Info (332115):    Relationship : 9.756
    Info (332115):    Clock Skew   : -0.622
    Info (332115):    Data Delay   : 9.039
Info (332115): Path #6: Recovery slack is -0.105 (VIOLATED)
    Info (332115):    Slack        : -0.105 (VIOLATED)
    Info (332115):    From Node    : emu:emu|ikacore_CV1k:core|HS3:u_hs3|cpg_wdt:u_cpg_wdt|rst_cnt[2]
    Info (332115):    To Node      : emu:emu|ikacore_CV1k:core|HS3:u_hs3|cpu_core:u_cpu|int_pipe:u_int_pipe|mac_dsp:u_mac_dsp|pending_result[46]
    Info (332115):    Launch Clock : emu|pll|pll_inst|altera_pll_i|cyclonev_pll|counter[1].output_counter|divclk
    Info (332115):    Latch Clock  : emu|pll|pll_inst|altera_pll_i|cyclonev_pll|counter[1].output_counter|divclk
    Info (332115):    Relationship : 9.756
    Info (332115):    Clock Skew   : -0.620
    Info (332115):    Data Delay   : 9.041
########## hold worst ##########
Info (332115): Report Timing: Found 3 hold paths (0 violated).  Worst case slack is 0.250
    Info (332115): -hold
    Info (332115): -npaths 3
    Info (332115): -detail summary
    Info (332115): -stdout
Info (332115): Path #1: Hold slack is 0.250 
    Info (332115):    Slack        : 0.250 
    Info (332115):    From Node    : sys_umuldiv:ar_muldiv|sys_umul:umul|result[14]
    Info (332115):    To Node      : sys_umuldiv:ar_muldiv|sys_umul:umul|result[14]
    Info (332115):    Launch Clock : emu|pll|pll_inst|altera_pll_i|cyclonev_pll|counter[0].output_counter|divclk
    Info (332115):    Latch Clock  : emu|pll|pll_inst|altera_pll_i|cyclonev_pll|counter[0].output_counter|divclk
    Info (332115):    Relationship : 0.000
    Info (332115):    Clock Skew   : 0.108
    Info (332115):    Data Delay   : 0.358
Info (332115): Path #2: Hold slack is 0.254 
    Info (332115):    Slack        : 0.254 
    Info (332115):    From Node    : sys_umuldiv:ar_muldiv|sys_udiv:udiv|rem[29]
    Info (332115):    To Node      : sys_umuldiv:ar_muldiv|sys_udiv:udiv|rem[30]
    Info (332115):    Launch Clock : emu|pll|pll_inst|altera_pll_i|cyclonev_pll|counter[0].output_counter|divclk
    Info (332115):    Latch Clock  : emu|pll|pll_inst|altera_pll_i|cyclonev_pll|counter[0].output_counter|divclk
    Info (332115):    Relationship : 0.000
    Info (332115):    Clock Skew   : 0.101
    Info (332115):    Data Delay   : 0.355
Info (332115): Path #3: Hold slack is 0.256 
    Info (332115):    Slack        : 0.256 
    Info (332115):    From Node    : ascal:ascal|i_vdivr[16]
    Info (332115):    To Node      : ascal:ascal|i_vdivr[17]
    Info (332115):    Launch Clock : emu|pll|pll_inst|altera_pll_i|cyclonev_pll|counter[0].output_counter|divclk
    Info (332115):    Latch Clock  : emu|pll|pll_inst|altera_pll_i|cyclonev_pll|counter[0].output_counter|divclk
    Info (332115):    Relationship : 0.000
    Info (332115):    Clock Skew   : 0.104
    Info (332115):    Data Delay   : 0.360
########## removal worst ##########
Info (332115): Report Timing: Found 3 removal paths (0 violated).  Worst case slack is 0.767
    Info (332115): -removal
    Info (332115): -npaths 3
    Info (332115): -detail summary
    Info (332115): -stdout
Info (332115): Path #1: Removal slack is 0.767 
    Info (332115):    Slack        : 0.767 
    Info (332115):    From Node    : emu:emu|ikacore_CV1k:core|blit_top:u_blit|blit_draw:u_blit_draw|altshift_taps:b1_px1_rtl_0|shift_taps_juv:auto_generated|dffe6
    Info (332115):    To Node      : emu:emu|ikacore_CV1k:core|blit_top:u_blit|blit_draw:u_blit_draw|altshift_taps:b1_px1_rtl_0|shift_taps_juv:auto_generated|altsyncram_vfc1:altsyncram4|ram_block7a46
    Info (332115):    Launch Clock : emu|pll|pll_inst|altera_pll_i|cyclonev_pll|counter[0].output_counter|divclk
    Info (332115):    Latch Clock  : emu|pll|pll_inst|altera_pll_i|cyclonev_pll|counter[0].output_counter|divclk
    Info (332115):    Relationship : 0.000
    Info (332115):    Clock Skew   : 0.332
    Info (332115):    Data Delay   : 1.099
Info (332115): Path #2: Removal slack is 0.767 
    Info (332115):    Slack        : 0.767 
    Info (332115):    From Node    : emu:emu|ikacore_CV1k:core|blit_top:u_blit|blit_draw:u_blit_draw|altshift_taps:b1_px1_rtl_0|shift_taps_juv:auto_generated|dffe6
    Info (332115):    To Node      : emu:emu|ikacore_CV1k:core|blit_top:u_blit|blit_draw:u_blit_draw|altshift_taps:b1_px1_rtl_0|shift_taps_juv:auto_generated|altsyncram_vfc1:altsyncram4|ram_block7a44
    Info (332115):    Launch Clock : emu|pll|pll_inst|altera_pll_i|cyclonev_pll|counter[0].output_counter|divclk
    Info (332115):    Latch Clock  : emu|pll|pll_inst|altera_pll_i|cyclonev_pll|counter[0].output_counter|divclk
    Info (332115):    Relationship : 0.000
    Info (332115):    Clock Skew   : 0.332
    Info (332115):    Data Delay   : 1.099
Info (332115): Path #3: Removal slack is 0.769 
    Info (332115):    Slack        : 0.769 
    Info (332115):    From Node    : emu:emu|ikacore_CV1k:core|blit_top:u_blit|blit_draw:u_blit_draw|altshift_taps:b1_px1_rtl_0|shift_taps_juv:auto_generated|dffe6
    Info (332115):    To Node      : emu:emu|ikacore_CV1k:core|blit_top:u_blit|blit_draw:u_blit_draw|altshift_taps:b1_px1_rtl_0|shift_taps_juv:auto_generated|altsyncram_vfc1:altsyncram4|ram_block7a7
    Info (332115):    Launch Clock : emu|pll|pll_inst|altera_pll_i|cyclonev_pll|counter[0].output_counter|divclk
    Info (332115):    Latch Clock  : emu|pll|pll_inst|altera_pll_i|cyclonev_pll|counter[0].output_counter|divclk
    Info (332115):    Relationship : 0.000
    Info (332115):    Clock Skew   : 0.330
    Info (332115):    Data Delay   : 1.099
Info (23030): Evaluation of Tcl script sta_cones.tcl was successful
Info: Quartus Prime TimeQuest Timing Analyzer was successful. 0 errors, 6 warnings
    Info: Peak virtual memory: 2476 megabytes
    Info: Processing ended: Sun Jul 19 03:46:24 2026
    Info: Elapsed time: 00:00:17
    Info: Total CPU time (on all processors): 00:01:15
