Info: *******************************************************************
Info: Running Quartus Prime TimeQuest Timing Analyzer
    Info: Version 17.0.2 Build 602 07/19/2017 SJ Lite Edition
    Info: Copyright (C) 2017  Intel Corporation. All rights reserved.
    Info: Your use of Intel Corporation's design tools, logic functions 
    Info: and other software and tools, and its AMPP partner logic 
    Info: functions, and any output files from any of the foregoing 
    Info: (including device programming or simulation files), and any 
    Info: associated documentation or information are expressly subject 
    Info: to the terms and conditions of the Intel Program License 
    Info: Subscription Agreement, the Intel Quartus Prime License Agreement,
    Info: the Intel MegaCore Function License Agreement, or other 
    Info: applicable license agreement, including, without limitation, 
    Info: that your use is for the sole purpose of programming logic 
    Info: devices manufactured by Intel and sold by Intel or its 
    Info: authorized distributors.  Please refer to the applicable 
    Info: agreement for further details.
    Info: Processing started: Sat Jul 18 16:51:52 2026
Info: Command: quartus_sta -t sta_cones.tcl
Info (20030): Parallel compilation is enabled and will use 16 of the 48 processors detected
Info (21077): Core supply voltage is 1.1V
Info (334003): Started post-fitting delay annotation
Info (334004): Delay annotation completed successfully
Info (332164): Evaluating HDL-embedded SDC commands
    Info (332165): Entity altera_std_synchronizer
        Info (332166): set_false_path -to [get_keepers {*altera_std_synchronizer:*|din_s1}]
Info (332104): Reading SDC File: 'sys/sys_top.sdc'
Info (332110): Deriving PLL clocks
    Info (332110): create_generated_clock -source {emu|pll|pll_inst|altera_pll_i|cyclonev_pll|counter[0].output_counter|vco0ph[0]} -divide_by 8 -duty_cycle 50.00 -name {emu|pll|pll_inst|altera_pll_i|cyclonev_pll|counter[0].output_counter|divclk} {emu|pll|pll_inst|altera_pll_i|cyclonev_pll|counter[0].output_counter|divclk}
    Info (332110): create_generated_clock -source {emu|pll|pll_inst|altera_pll_i|cyclonev_pll|fpll_0|fpll|refclkin} -divide_by 512 -multiply_by 12595 -duty_cycle 50.00 -name {emu|pll|pll_inst|altera_pll_i|cyclonev_pll|fpll_0|fpll|vcoph[0]} {emu|pll|pll_inst|altera_pll_i|cyclonev_pll|fpll_0|fpll|vcoph[0]}
    Info (332110): create_generated_clock -source {emu|pll|pll_inst|altera_pll_i|cyclonev_pll|counter[1].output_counter|vco0ph[0]} -divide_by 12 -duty_cycle 50.00 -name {emu|pll|pll_inst|altera_pll_i|cyclonev_pll|counter[1].output_counter|divclk} {emu|pll|pll_inst|altera_pll_i|cyclonev_pll|counter[1].output_counter|divclk}
    Info (332110): create_generated_clock -source {emu|pll|pll_inst|altera_pll_i|cyclonev_pll|counter[2].output_counter|vco0ph[0]} -divide_by 12 -phase 56.26 -duty_cycle 50.00 -name {emu|pll|pll_inst|altera_pll_i|cyclonev_pll|counter[2].output_counter|divclk} {emu|pll|pll_inst|altera_pll_i|cyclonev_pll|counter[2].output_counter|divclk}
    Info (332110): create_generated_clock -source {pll_hdmi|pll_hdmi_inst|altera_pll_i|cyclonev_pll|counter[0].output_counter|vco0ph[0]} -divide_by 3 -duty_cycle 50.00 -name {pll_hdmi|pll_hdmi_inst|altera_pll_i|cyclonev_pll|counter[0].output_counter|divclk} {pll_hdmi|pll_hdmi_inst|altera_pll_i|cyclonev_pll|counter[0].output_counter|divclk}
    Info (332110): create_generated_clock -source {pll_hdmi|pll_hdmi_inst|altera_pll_i|cyclonev_pll|fpll_0|fpll|refclkin} -divide_by 512 -multiply_by 4563 -duty_cycle 50.00 -name {pll_hdmi|pll_hdmi_inst|altera_pll_i|cyclonev_pll|fpll_0|fpll|vcoph[0]} {pll_hdmi|pll_hdmi_inst|altera_pll_i|cyclonev_pll|fpll_0|fpll|vcoph[0]}
    Info (332110): create_generated_clock -source {pll_audio|pll_audio_inst|altera_pll_i|general[0].gpll~FRACTIONAL_PLL|refclkin} -divide_by 512 -multiply_by 4279 -duty_cycle 50.00 -name {pll_audio|pll_audio_inst|altera_pll_i|general[0].gpll~FRACTIONAL_PLL|vcoph[0]} {pll_audio|pll_audio_inst|altera_pll_i|general[0].gpll~FRACTIONAL_PLL|vcoph[0]}
    Info (332110): create_generated_clock -source {pll_audio|pll_audio_inst|altera_pll_i|general[0].gpll~PLL_OUTPUT_COUNTER|vco0ph[0]} -divide_by 17 -duty_cycle 50.00 -name {pll_audio|pll_audio_inst|altera_pll_i|general[0].gpll~PLL_OUTPUT_COUNTER|divclk} {pll_audio|pll_audio_inst|altera_pll_i|general[0].gpll~PLL_OUTPUT_COUNTER|divclk}
Info (332151): Clock uncertainty is not calculated until you update the timing netlist.
Warning (332174): Ignored filter at sys_top.sdc(60): arc* could not be matched with a clock or keeper File: /host/sys/sys_top.sdc Line: 60
Warning (332174): Ignored filter at sys_top.sdc(61): arx* could not be matched with a clock or keeper or register or port or pin or cell or partition File: /host/sys/sys_top.sdc Line: 61
Warning (332174): Ignored filter at sys_top.sdc(61): ary* could not be matched with a clock or keeper or register or port or pin or cell or partition File: /host/sys/sys_top.sdc Line: 61
Warning (332049): Ignored set_false_path at sys_top.sdc(61): Argument <from> is not an object ID File: /host/sys/sys_top.sdc Line: 61
    Info (332050): set_false_path -from {arx* ary*} File: /host/sys/sys_top.sdc Line: 61
Info (332104): Reading SDC File: 'ikacore_CV1k.sdc'
Info (332151): Clock uncertainty is not calculated until you update the timing netlist.
Warning (332174): Ignored filter at ikacore_CV1k.sdc(55): *u_gpr_bram*DATA_IN* could not be matched with a register File: /host/ikacore_CV1k.sdc Line: 55
Info (332097): The following timing edges are non-unate.  TimeQuest will assume pos-unate behavior for these edges in the clock network.
    Info (332098): Cell: emu|pll|pll_inst|altera_pll_i|cyclonev_pll|counter[0].output_counter  from: vco0ph[0]  to: divclk
    Info (332098): Cell: emu|pll|pll_inst|altera_pll_i|cyclonev_pll|counter[1].output_counter  from: vco0ph[0]  to: divclk
    Info (332098): Cell: emu|pll|pll_inst|altera_pll_i|cyclonev_pll|counter[2].output_counter  from: vco0ph[0]  to: divclk
    Info (332098): Cell: emu|pll|pll_inst|altera_pll_i|cyclonev_pll|fpll_0|REFCLK_SELECT  from: clkin[0]  to: clkout
    Info (332098): Cell: emu|pll|pll_inst|altera_pll_i|cyclonev_pll|fpll_0|fpll  from: refclkin  to: fbclk
    Info (332098): Cell: pll_audio|pll_audio_inst|altera_pll_i|general[0].gpll~FRACTIONAL_PLL  from: refclkin  to: fbclk
    Info (332098): Cell: pll_audio|pll_audio_inst|altera_pll_i|general[0].gpll~PLL_OUTPUT_COUNTER  from: vco0ph[0]  to: divclk
    Info (332098): Cell: pll_audio|pll_audio_inst|altera_pll_i|general[0].gpll~PLL_REFCLK_SELECT  from: clkin[0]  to: clkout
    Info (332098): Cell: pll_hdmi|pll_hdmi_inst|altera_pll_i|cyclonev_pll|counter[0].output_counter  from: vco0ph[0]  to: divclk
    Info (332098): Cell: pll_hdmi|pll_hdmi_inst|altera_pll_i|cyclonev_pll|fpll_0|REFCLK_SELECT  from: clkin[0]  to: clkout
    Info (332098): Cell: pll_hdmi|pll_hdmi_inst|altera_pll_i|cyclonev_pll|fpll_0|fpll  from: refclkin  to: fbclk
    Info (332098): From: sysmem|fpga_interfaces|f2sdram|cmd_port_clk_0  to: sysmem_lite:sysmem|sysmem_HPS_fpga_interfaces:fpga_interfaces|f2sdram~FF_762
    Info (332098): From: sysmem|fpga_interfaces|f2sdram|cmd_port_clk_1  to: sysmem_lite:sysmem|sysmem_HPS_fpga_interfaces:fpga_interfaces|f2sdram~FF_827
    Info (332098): From: sysmem|fpga_interfaces|f2sdram|cmd_port_clk_2  to: sysmem_lite:sysmem|sysmem_HPS_fpga_interfaces:fpga_interfaces|f2sdram~FF_920
    Info (332098): From: sysmem|fpga_interfaces|f2sdram|rd_clk_0  to: sysmem_lite:sysmem|sysmem_HPS_fpga_interfaces:fpga_interfaces|f2sdram~FF_7
    Info (332098): From: sysmem|fpga_interfaces|f2sdram|rd_clk_1  to: sysmem_lite:sysmem|sysmem_HPS_fpga_interfaces:fpga_interfaces|f2sdram~FF_6
    Info (332098): From: sysmem|fpga_interfaces|f2sdram|rd_clk_2  to: sysmem_lite:sysmem|sysmem_HPS_fpga_interfaces:fpga_interfaces|f2sdram~FF_5
    Info (332098): From: sysmem|fpga_interfaces|f2sdram|rd_clk_3  to: sysmem_lite:sysmem|sysmem_HPS_fpga_interfaces:fpga_interfaces|f2sdram~FF_4
    Info (332098): From: sysmem|fpga_interfaces|f2sdram|wr_clk_0  to: sysmem_lite:sysmem|sysmem_HPS_fpga_interfaces:fpga_interfaces|f2sdram~FF_3
    Info (332098): From: sysmem|fpga_interfaces|f2sdram|wr_clk_1  to: sysmem_lite:sysmem|sysmem_HPS_fpga_interfaces:fpga_interfaces|f2sdram~FF_2
    Info (332098): From: sysmem|fpga_interfaces|f2sdram|wr_clk_2  to: sysmem_lite:sysmem|sysmem_HPS_fpga_interfaces:fpga_interfaces|f2sdram~FF_1
    Info (332098): From: sysmem|fpga_interfaces|f2sdram|wr_clk_3  to: sysmem_lite:sysmem|sysmem_HPS_fpga_interfaces:fpga_interfaces|f2sdram~FF_0
Info (332123): Deriving Clock Uncertainty. Please refer to report_sdc in TimeQuest to see clock uncertainties.
########## c153-to gov ##########
Info (332115): Report Timing: Found 3 setup paths (3 violated).  Worst case slack is -2.945
    Info (332115): -to [get_registers {emu|core|u_blit|u_blit_gov|*}]
    Info (332115): -setup
    Info (332115): -npaths 3
    Info (332115): -detail summary
    Info (332115): -stdout
Info (332115): Path #1: Setup slack is -2.945 (VIOLATED)
    Info (332115):    Slack        : -2.945 (VIOLATED)
    Info (332115):    From Node    : emu:emu|ikacore_CV1k:core|blit_top:u_blit|blit_gov:u_blit_gov|gp_need[4]_OTERM3414_OTERM5815
    Info (332115):    To Node      : emu:emu|ikacore_CV1k:core|blit_top:u_blit|blit_gov:u_blit_gov|gc_maxx[13]
    Info (332115):    Launch Clock : emu|pll|pll_inst|altera_pll_i|cyclonev_pll|counter[0].output_counter|divclk
    Info (332115):    Latch Clock  : emu|pll|pll_inst|altera_pll_i|cyclonev_pll|counter[0].output_counter|divclk
    Info (332115):    Relationship : 6.504
    Info (332115):    Clock Skew   : -0.495
    Info (332115):    Data Delay   : 8.624
Info (332115): Path #2: Setup slack is -2.939 (VIOLATED)
    Info (332115):    Slack        : -2.939 (VIOLATED)
    Info (332115):    From Node    : emu:emu|ikacore_CV1k:core|blit_top:u_blit|blit_gov:u_blit_gov|gp_need[4]_OTERM3414_OTERM5815
    Info (332115):    To Node      : emu:emu|ikacore_CV1k:core|blit_top:u_blit|blit_gov:u_blit_gov|gc_maxx[14]
    Info (332115):    Launch Clock : emu|pll|pll_inst|altera_pll_i|cyclonev_pll|counter[0].output_counter|divclk
    Info (332115):    Latch Clock  : emu|pll|pll_inst|altera_pll_i|cyclonev_pll|counter[0].output_counter|divclk
    Info (332115):    Relationship : 6.504
    Info (332115):    Clock Skew   : -0.489
    Info (332115):    Data Delay   : 8.624
Info (332115): Path #3: Setup slack is -2.846 (VIOLATED)
    Info (332115):    Slack        : -2.846 (VIOLATED)
    Info (332115):    From Node    : emu:emu|ikacore_CV1k:core|blit_top:u_blit|blit_gov:u_blit_gov|gp_need[4]_OTERM3414_OTERM5815
    Info (332115):    To Node      : emu:emu|ikacore_CV1k:core|blit_top:u_blit|blit_gov:u_blit_gov|gc_miny[10]
    Info (332115):    Launch Clock : emu|pll|pll_inst|altera_pll_i|cyclonev_pll|counter[0].output_counter|divclk
    Info (332115):    Latch Clock  : emu|pll|pll_inst|altera_pll_i|cyclonev_pll|counter[0].output_counter|divclk
    Info (332115):    Relationship : 6.504
    Info (332115):    Clock Skew   : -0.516
    Info (332115):    Data Delay   : 8.504
########## c153-to draw ##########
Info (332115): Report Timing: Found 3 setup paths (3 violated).  Worst case slack is -2.762
    Info (332115): -to [get_registers {emu|core|u_blit|u_blit_draw|*}]
    Info (332115): -setup
    Info (332115): -npaths 3
    Info (332115): -detail summary
    Info (332115): -stdout
Info (332115): Path #1: Setup slack is -2.762 (VIOLATED)
    Info (332115):    Slack        : -2.762 (VIOLATED)
    Info (332115):    From Node    : emu:emu|ikacore_CV1k:core|blit_top:u_blit|blit_draw:u_blit_draw|dimy_e[8]
    Info (332115):    To Node      : emu:emu|ikacore_CV1k:core|blit_top:u_blit|blit_draw:u_blit_draw|p3_sylo[11]
    Info (332115):    Launch Clock : emu|pll|pll_inst|altera_pll_i|cyclonev_pll|counter[0].output_counter|divclk
    Info (332115):    Latch Clock  : emu|pll|pll_inst|altera_pll_i|cyclonev_pll|counter[0].output_counter|divclk
    Info (332115):    Relationship : 6.504
    Info (332115):    Clock Skew   : -0.525
    Info (332115):    Data Delay   : 8.411
Info (332115): Path #2: Setup slack is -2.762 (VIOLATED)
    Info (332115):    Slack        : -2.762 (VIOLATED)
    Info (332115):    From Node    : emu:emu|ikacore_CV1k:core|blit_top:u_blit|blit_draw:u_blit_draw|dimy_e[8]
    Info (332115):    To Node      : emu:emu|ikacore_CV1k:core|blit_top:u_blit|blit_draw:u_blit_draw|p3_sylo[9]
    Info (332115):    Launch Clock : emu|pll|pll_inst|altera_pll_i|cyclonev_pll|counter[0].output_counter|divclk
    Info (332115):    Latch Clock  : emu|pll|pll_inst|altera_pll_i|cyclonev_pll|counter[0].output_counter|divclk
    Info (332115):    Relationship : 6.504
    Info (332115):    Clock Skew   : -0.525
    Info (332115):    Data Delay   : 8.411
Info (332115): Path #3: Setup slack is -2.737 (VIOLATED)
    Info (332115):    Slack        : -2.737 (VIOLATED)
    Info (332115):    From Node    : emu:emu|ikacore_CV1k:core|blit_top:u_blit|blit_draw:u_blit_draw|dimy_e[0]
    Info (332115):    To Node      : emu:emu|ikacore_CV1k:core|blit_top:u_blit|blit_draw:u_blit_draw|p3_sylo[11]
    Info (332115):    Launch Clock : emu|pll|pll_inst|altera_pll_i|cyclonev_pll|counter[0].output_counter|divclk
    Info (332115):    Latch Clock  : emu|pll|pll_inst|altera_pll_i|cyclonev_pll|counter[0].output_counter|divclk
    Info (332115):    Relationship : 6.504
    Info (332115):    Clock Skew   : -0.530
    Info (332115):    Data Delay   : 8.381
########## c153-to fetch153 ##########
Info (332115): Report Timing: Found 3 setup paths (3 violated).  Worst case slack is -1.896
    Info (332115): -to [get_registers {emu|core|u_blit|u_blit_fetch|*}]
    Info (332115): -setup
    Info (332115): -npaths 3
    Info (332115): -detail summary
    Info (332115): -stdout
Info (332115): Path #1: Setup slack is -1.896 (VIOLATED)
    Info (332115):    Slack        : -1.896 (VIOLATED)
    Info (332115):    From Node    : emu:emu|ikacore_CV1k:core|blit_top:u_blit|blit_draw:u_blit_draw|fst.F_OP
    Info (332115):    To Node      : emu:emu|ikacore_CV1k:core|blit_top:u_blit|blit_fetch:u_blit_fetch|altsyncram:fmem_rtl_0|altsyncram_5fk1:auto_generated|ram_block1a26~CLOCK1_ENABLE1_0
    Info (332115):    Launch Clock : emu|pll|pll_inst|altera_pll_i|cyclonev_pll|counter[0].output_counter|divclk
    Info (332115):    Latch Clock  : emu|pll|pll_inst|altera_pll_i|cyclonev_pll|counter[0].output_counter|divclk
    Info (332115):    Relationship : 6.504
    Info (332115):    Clock Skew   : -0.928
    Info (332115):    Data Delay   : 7.142
Info (332115): Path #2: Setup slack is -1.877 (VIOLATED)
    Info (332115):    Slack        : -1.877 (VIOLATED)
    Info (332115):    From Node    : emu:emu|ikacore_CV1k:core|blit_top:u_blit|blit_gov:u_blit_gov|win_r[0]
    Info (332115):    To Node      : emu:emu|ikacore_CV1k:core|blit_top:u_blit|blit_fetch:u_blit_fetch|pace_cnt[1]
    Info (332115):    Launch Clock : emu|pll|pll_inst|altera_pll_i|cyclonev_pll|counter[0].output_counter|divclk
    Info (332115):    Latch Clock  : emu|pll|pll_inst|altera_pll_i|cyclonev_pll|counter[0].output_counter|divclk
    Info (332115):    Relationship : 6.504
    Info (332115):    Clock Skew   : -0.539
    Info (332115):    Data Delay   : 7.512
Info (332115): Path #3: Setup slack is -1.872 (VIOLATED)
    Info (332115):    Slack        : -1.872 (VIOLATED)
    Info (332115):    From Node    : emu:emu|ikacore_CV1k:core|blit_top:u_blit|blit_gov:u_blit_gov|win_r[0]
    Info (332115):    To Node      : emu:emu|ikacore_CV1k:core|blit_top:u_blit|blit_fetch:u_blit_fetch|pace_cnt[1]~DUPLICATE
    Info (332115):    Launch Clock : emu|pll|pll_inst|altera_pll_i|cyclonev_pll|counter[0].output_counter|divclk
    Info (332115):    Latch Clock  : emu|pll|pll_inst|altera_pll_i|cyclonev_pll|counter[0].output_counter|divclk
    Info (332115):    Relationship : 6.504
    Info (332115):    Clock Skew   : -0.545
    Info (332115):    Data Delay   : 7.501
########## c153-to video ##########
Info (332115): Report Timing: Found 3 setup paths (3 violated).  Worst case slack is -1.450
    Info (332115): -to [get_registers {emu|core|u_blit|u_blit_video|*}]
    Info (332115): -setup
    Info (332115): -npaths 3
    Info (332115): -detail summary
    Info (332115): -stdout
Info (332115): Path #1: Setup slack is -1.450 (VIOLATED)
    Info (332115):    Slack        : -1.450 (VIOLATED)
    Info (332115):    From Node    : emu:emu|ikacore_CV1k:core|blit_top:u_blit|blit_video:u_blit_video|hcnt[2]
    Info (332115):    To Node      : emu:emu|ikacore_CV1k:core|blit_top:u_blit|blit_video:u_blit_video|y_v[10]
    Info (332115):    Launch Clock : emu|pll|pll_inst|altera_pll_i|cyclonev_pll|counter[0].output_counter|divclk
    Info (332115):    Latch Clock  : emu|pll|pll_inst|altera_pll_i|cyclonev_pll|counter[0].output_counter|divclk
    Info (332115):    Relationship : 6.504
    Info (332115):    Clock Skew   : -0.141
    Info (332115):    Data Delay   : 7.483
Info (332115): Path #2: Setup slack is -1.442 (VIOLATED)
    Info (332115):    Slack        : -1.442 (VIOLATED)
    Info (332115):    From Node    : emu:emu|ikacore_CV1k:core|blit_top:u_blit|blit_video:u_blit_video|hcnt[1]
    Info (332115):    To Node      : emu:emu|ikacore_CV1k:core|blit_top:u_blit|blit_video:u_blit_video|y_v[10]
    Info (332115):    Launch Clock : emu|pll|pll_inst|altera_pll_i|cyclonev_pll|counter[0].output_counter|divclk
    Info (332115):    Latch Clock  : emu|pll|pll_inst|altera_pll_i|cyclonev_pll|counter[0].output_counter|divclk
    Info (332115):    Relationship : 6.504
    Info (332115):    Clock Skew   : -0.139
    Info (332115):    Data Delay   : 7.477
Info (332115): Path #3: Setup slack is -1.377 (VIOLATED)
    Info (332115):    Slack        : -1.377 (VIOLATED)
    Info (332115):    From Node    : emu:emu|ikacore_CV1k:core|blit_top:u_blit|blit_video:u_blit_video|hcnt[2]
    Info (332115):    To Node      : emu:emu|ikacore_CV1k:core|blit_top:u_blit|blit_video:u_blit_video|y_v[10]
    Info (332115):    Launch Clock : emu|pll|pll_inst|altera_pll_i|cyclonev_pll|counter[0].output_counter|divclk
    Info (332115):    Latch Clock  : emu|pll|pll_inst|altera_pll_i|cyclonev_pll|counter[0].output_counter|divclk
    Info (332115):    Relationship : 6.504
    Info (332115):    Clock Skew   : -0.141
    Info (332115):    Data Delay   : 7.410
########## c153-to batch ##########
Info (332115): Report Timing: Found 3 setup paths (3 violated).  Worst case slack is -2.600
    Info (332115): -to [get_registers {emu|core|u_batch|*}]
    Info (332115): -setup
    Info (332115): -npaths 3
    Info (332115): -detail summary
    Info (332115): -stdout
Info (332115): Path #1: Setup slack is -2.600 (VIOLATED)
    Info (332115):    Slack        : -2.600 (VIOLATED)
    Info (332115):    From Node    : emu:emu|ikacore_CV1k:core|blit_batch:u_batch|pfp_snw[0]
    Info (332115):    To Node      : emu:emu|ikacore_CV1k:core|blit_batch:u_batch|sv_after[11]
    Info (332115):    Launch Clock : emu|pll|pll_inst|altera_pll_i|cyclonev_pll|counter[0].output_counter|divclk
    Info (332115):    Latch Clock  : emu|pll|pll_inst|altera_pll_i|cyclonev_pll|counter[0].output_counter|divclk
    Info (332115):    Relationship : 6.504
    Info (332115):    Clock Skew   : -0.100
    Info (332115):    Data Delay   : 8.674
Info (332115): Path #2: Setup slack is -2.591 (VIOLATED)
    Info (332115):    Slack        : -2.591 (VIOLATED)
    Info (332115):    From Node    : emu:emu|ikacore_CV1k:core|blit_batch:u_batch|pfp_snw[0]
    Info (332115):    To Node      : emu:emu|ikacore_CV1k:core|blit_batch:u_batch|sv_after[3]
    Info (332115):    Launch Clock : emu|pll|pll_inst|altera_pll_i|cyclonev_pll|counter[0].output_counter|divclk
    Info (332115):    Latch Clock  : emu|pll|pll_inst|altera_pll_i|cyclonev_pll|counter[0].output_counter|divclk
    Info (332115):    Relationship : 6.504
    Info (332115):    Clock Skew   : -0.100
    Info (332115):    Data Delay   : 8.665
Info (332115): Path #3: Setup slack is -2.549 (VIOLATED)
    Info (332115):    Slack        : -2.549 (VIOLATED)
    Info (332115):    From Node    : emu:emu|ikacore_CV1k:core|blit_batch:u_batch|pfp_snw[0]
    Info (332115):    To Node      : emu:emu|ikacore_CV1k:core|blit_batch:u_batch|sv_after[7]
    Info (332115):    Launch Clock : emu|pll|pll_inst|altera_pll_i|cyclonev_pll|counter[0].output_counter|divclk
    Info (332115):    Latch Clock  : emu|pll|pll_inst|altera_pll_i|cyclonev_pll|counter[0].output_counter|divclk
    Info (332115):    Relationship : 6.504
    Info (332115):    Clock Skew   : -0.106
    Info (332115):    Data Delay   : 8.617
########## c153-to harness ##########
Info (332115): Report Timing: Found 3 setup paths (3 violated).  Worst case slack is -1.085
    Info (332115): -to [get_registers {emu|core|u_harness|*}]
    Info (332115): -setup
    Info (332115): -npaths 3
    Info (332115): -detail summary
    Info (332115): -stdout
Info (332115): Path #1: Setup slack is -1.085 (VIOLATED)
    Info (332115):    Slack        : -1.085 (VIOLATED)
    Info (332115):    From Node    : sysmem_lite:sysmem|sysmem_HPS_fpga_interfaces:fpga_interfaces|f2sdram~FF_3780
    Info (332115):    To Node      : emu:emu|ikacore_CV1k:core|CV1k_ddr3_harness:u_harness|DDRAM_BURSTCNT[1]
    Info (332115):    Launch Clock : emu|pll|pll_inst|altera_pll_i|cyclonev_pll|counter[0].output_counter|divclk
    Info (332115):    Latch Clock  : emu|pll|pll_inst|altera_pll_i|cyclonev_pll|counter[0].output_counter|divclk
    Info (332115):    Relationship : 6.504
    Info (332115):    Clock Skew   : -1.120
    Info (332115):    Data Delay   : 6.139
Info (332115): Path #2: Setup slack is -1.062 (VIOLATED)
    Info (332115):    Slack        : -1.062 (VIOLATED)
    Info (332115):    From Node    : sysmem_lite:sysmem|sysmem_HPS_fpga_interfaces:fpga_interfaces|f2sdram~FF_3780
    Info (332115):    To Node      : emu:emu|ikacore_CV1k:core|CV1k_ddr3_harness:u_harness|DDRAM_BURSTCNT[2]
    Info (332115):    Launch Clock : emu|pll|pll_inst|altera_pll_i|cyclonev_pll|counter[0].output_counter|divclk
    Info (332115):    Latch Clock  : emu|pll|pll_inst|altera_pll_i|cyclonev_pll|counter[0].output_counter|divclk
    Info (332115):    Relationship : 6.504
    Info (332115):    Clock Skew   : -1.116
    Info (332115):    Data Delay   : 6.120
Info (332115): Path #3: Setup slack is -1.056 (VIOLATED)
    Info (332115):    Slack        : -1.056 (VIOLATED)
    Info (332115):    From Node    : sysmem_lite:sysmem|sysmem_HPS_fpga_interfaces:fpga_interfaces|f2sdram~FF_3777
    Info (332115):    To Node      : emu:emu|ikacore_CV1k:core|CV1k_ddr3_harness:u_harness|DDRAM_BURSTCNT[1]
    Info (332115):    Launch Clock : emu|pll|pll_inst|altera_pll_i|cyclonev_pll|counter[0].output_counter|divclk
    Info (332115):    Latch Clock  : emu|pll|pll_inst|altera_pll_i|cyclonev_pll|counter[0].output_counter|divclk
    Info (332115):    Relationship : 6.504
    Info (332115):    Clock Skew   : -0.864
    Info (332115):    Data Delay   : 6.366
########## c153-to nand ##########
Info (332115): Report Timing: Found 3 setup paths (3 violated).  Worst case slack is -1.847
    Info (332115): -to [get_registers {emu|core|u_u2_nand|*}]
    Info (332115): -setup
    Info (332115): -npaths 3
    Info (332115): -detail summary
    Info (332115): -stdout
Info (332115): Path #1: Setup slack is -1.847 (VIOLATED)
    Info (332115):    Slack        : -1.847 (VIOLATED)
    Info (332115):    From Node    : sysmem_lite:sysmem|sysmem_HPS_fpga_interfaces:fpga_interfaces|f2sdram~FF_3804
    Info (332115):    To Node      : emu:emu|ikacore_CV1k:core|CV1k_nand:u_u2_nand|mode.M_STATUS
    Info (332115):    Launch Clock : emu|pll|pll_inst|altera_pll_i|cyclonev_pll|counter[0].output_counter|divclk
    Info (332115):    Latch Clock  : emu|pll|pll_inst|altera_pll_i|cyclonev_pll|counter[0].output_counter|divclk
    Info (332115):    Relationship : 6.504
    Info (332115):    Clock Skew   : -1.239
    Info (332115):    Data Delay   : 6.782
Info (332115): Path #2: Setup slack is -1.841 (VIOLATED)
    Info (332115):    Slack        : -1.841 (VIOLATED)
    Info (332115):    From Node    : sysmem_lite:sysmem|sysmem_HPS_fpga_interfaces:fpga_interfaces|f2sdram~FF_3804
    Info (332115):    To Node      : emu:emu|ikacore_CV1k:core|CV1k_nand:u_u2_nand|mode.M_ID
    Info (332115):    Launch Clock : emu|pll|pll_inst|altera_pll_i|cyclonev_pll|counter[0].output_counter|divclk
    Info (332115):    Latch Clock  : emu|pll|pll_inst|altera_pll_i|cyclonev_pll|counter[0].output_counter|divclk
    Info (332115):    Relationship : 6.504
    Info (332115):    Clock Skew   : -1.237
    Info (332115):    Data Delay   : 6.778
Info (332115): Path #3: Setup slack is -1.834 (VIOLATED)
    Info (332115):    Slack        : -1.834 (VIOLATED)
    Info (332115):    From Node    : sysmem_lite:sysmem|sysmem_HPS_fpga_interfaces:fpga_interfaces|f2sdram~FF_3804
    Info (332115):    To Node      : emu:emu|ikacore_CV1k:core|CV1k_nand:u_u2_nand|mode.M_ID
    Info (332115):    Launch Clock : emu|pll|pll_inst|altera_pll_i|cyclonev_pll|counter[0].output_counter|divclk
    Info (332115):    Latch Clock  : emu|pll|pll_inst|altera_pll_i|cyclonev_pll|counter[0].output_counter|divclk
    Info (332115):    Relationship : 6.504
    Info (332115):    Clock Skew   : -1.237
    Info (332115):    Data Delay   : 6.771
########## c153-to ioctl ##########
Info (332115): Report Timing: Found 3 setup paths (3 violated).  Worst case slack is -0.621
    Info (332115): -to [get_registers {emu|core|u_ioctl|*}]
    Info (332115): -setup
    Info (332115): -npaths 3
    Info (332115): -detail summary
    Info (332115): -stdout
Info (332115): Path #1: Setup slack is -0.621 (VIOLATED)
    Info (332115):    Slack        : -0.621 (VIOLATED)
    Info (332115):    From Node    : emu:emu|hps_io:hps_io|ioctl_download
    Info (332115):    To Node      : emu:emu|ikacore_CV1k:core|CV1k_ioctl:u_ioctl|pk_req_t
    Info (332115):    Launch Clock : emu|pll|pll_inst|altera_pll_i|cyclonev_pll|counter[1].output_counter|divclk
    Info (332115):    Latch Clock  : emu|pll|pll_inst|altera_pll_i|cyclonev_pll|counter[1].output_counter|divclk
    Info (332115):    Relationship : 9.756
    Info (332115):    Clock Skew   : -0.091
    Info (332115):    Data Delay   : 10.086
Info (332115): Path #2: Setup slack is -0.615 (VIOLATED)
    Info (332115):    Slack        : -0.615 (VIOLATED)
    Info (332115):    From Node    : emu:emu|hps_io:hps_io|ioctl_download
    Info (332115):    To Node      : emu:emu|ikacore_CV1k:core|CV1k_ioctl:u_ioctl|pk_req_t~DUPLICATE
    Info (332115):    Launch Clock : emu|pll|pll_inst|altera_pll_i|cyclonev_pll|counter[1].output_counter|divclk
    Info (332115):    Latch Clock  : emu|pll|pll_inst|altera_pll_i|cyclonev_pll|counter[1].output_counter|divclk
    Info (332115):    Relationship : 9.756
    Info (332115):    Clock Skew   : -0.088
    Info (332115):    Data Delay   : 10.083
Info (332115): Path #3: Setup slack is -0.259 (VIOLATED)
    Info (332115):    Slack        : -0.259 (VIOLATED)
    Info (332115):    From Node    : emu:emu|hps_io:hps_io|ioctl_download
    Info (332115):    To Node      : emu:emu|ikacore_CV1k:core|CV1k_ioctl:u_ioctl|o_NOR_ADDR[2]
    Info (332115):    Launch Clock : emu|pll|pll_inst|altera_pll_i|cyclonev_pll|counter[1].output_counter|divclk
    Info (332115):    Latch Clock  : emu|pll|pll_inst|altera_pll_i|cyclonev_pll|counter[1].output_counter|divclk
    Info (332115):    Relationship : 9.756
    Info (332115):    Clock Skew   : -0.114
    Info (332115):    Data Delay   : 9.701
########## c153-from govF ##########
Info (332115): Report Timing: Found 3 setup paths (3 violated).  Worst case slack is -2.945
    Info (332115): -from [get_registers {emu|core|u_blit|u_blit_gov|*}]
    Info (332115): -setup
    Info (332115): -npaths 3
    Info (332115): -detail summary
    Info (332115): -stdout
Info (332115): Path #1: Setup slack is -2.945 (VIOLATED)
    Info (332115):    Slack        : -2.945 (VIOLATED)
    Info (332115):    From Node    : emu:emu|ikacore_CV1k:core|blit_top:u_blit|blit_gov:u_blit_gov|gp_need[4]_OTERM3414_OTERM5815
    Info (332115):    To Node      : emu:emu|ikacore_CV1k:core|blit_top:u_blit|blit_gov:u_blit_gov|gc_maxx[13]
    Info (332115):    Launch Clock : emu|pll|pll_inst|altera_pll_i|cyclonev_pll|counter[0].output_counter|divclk
    Info (332115):    Latch Clock  : emu|pll|pll_inst|altera_pll_i|cyclonev_pll|counter[0].output_counter|divclk
    Info (332115):    Relationship : 6.504
    Info (332115):    Clock Skew   : -0.495
    Info (332115):    Data Delay   : 8.624
Info (332115): Path #2: Setup slack is -2.939 (VIOLATED)
    Info (332115):    Slack        : -2.939 (VIOLATED)
    Info (332115):    From Node    : emu:emu|ikacore_CV1k:core|blit_top:u_blit|blit_gov:u_blit_gov|gp_need[4]_OTERM3414_OTERM5815
    Info (332115):    To Node      : emu:emu|ikacore_CV1k:core|blit_top:u_blit|blit_gov:u_blit_gov|gc_maxx[14]
    Info (332115):    Launch Clock : emu|pll|pll_inst|altera_pll_i|cyclonev_pll|counter[0].output_counter|divclk
    Info (332115):    Latch Clock  : emu|pll|pll_inst|altera_pll_i|cyclonev_pll|counter[0].output_counter|divclk
    Info (332115):    Relationship : 6.504
    Info (332115):    Clock Skew   : -0.489
    Info (332115):    Data Delay   : 8.624
Info (332115): Path #3: Setup slack is -2.846 (VIOLATED)
    Info (332115):    Slack        : -2.846 (VIOLATED)
    Info (332115):    From Node    : emu:emu|ikacore_CV1k:core|blit_top:u_blit|blit_gov:u_blit_gov|gp_need[4]_OTERM3414_OTERM5815
    Info (332115):    To Node      : emu:emu|ikacore_CV1k:core|blit_top:u_blit|blit_gov:u_blit_gov|gc_miny[10]
    Info (332115):    Launch Clock : emu|pll|pll_inst|altera_pll_i|cyclonev_pll|counter[0].output_counter|divclk
    Info (332115):    Latch Clock  : emu|pll|pll_inst|altera_pll_i|cyclonev_pll|counter[0].output_counter|divclk
    Info (332115):    Relationship : 6.504
    Info (332115):    Clock Skew   : -0.516
    Info (332115):    Data Delay   : 8.504
########## c153-from drawF ##########
Info (332115): Report Timing: Found 3 setup paths (3 violated).  Worst case slack is -2.762
    Info (332115): -from [get_registers {emu|core|u_blit|u_blit_draw|*}]
    Info (332115): -setup
    Info (332115): -npaths 3
    Info (332115): -detail summary
    Info (332115): -stdout
Info (332115): Path #1: Setup slack is -2.762 (VIOLATED)
    Info (332115):    Slack        : -2.762 (VIOLATED)
    Info (332115):    From Node    : emu:emu|ikacore_CV1k:core|blit_top:u_blit|blit_draw:u_blit_draw|dimy_e[8]
    Info (332115):    To Node      : emu:emu|ikacore_CV1k:core|blit_top:u_blit|blit_draw:u_blit_draw|p3_sylo[11]
    Info (332115):    Launch Clock : emu|pll|pll_inst|altera_pll_i|cyclonev_pll|counter[0].output_counter|divclk
    Info (332115):    Latch Clock  : emu|pll|pll_inst|altera_pll_i|cyclonev_pll|counter[0].output_counter|divclk
    Info (332115):    Relationship : 6.504
    Info (332115):    Clock Skew   : -0.525
    Info (332115):    Data Delay   : 8.411
Info (332115): Path #2: Setup slack is -2.762 (VIOLATED)
    Info (332115):    Slack        : -2.762 (VIOLATED)
    Info (332115):    From Node    : emu:emu|ikacore_CV1k:core|blit_top:u_blit|blit_draw:u_blit_draw|dimy_e[8]
    Info (332115):    To Node      : emu:emu|ikacore_CV1k:core|blit_top:u_blit|blit_draw:u_blit_draw|p3_sylo[9]
    Info (332115):    Launch Clock : emu|pll|pll_inst|altera_pll_i|cyclonev_pll|counter[0].output_counter|divclk
    Info (332115):    Latch Clock  : emu|pll|pll_inst|altera_pll_i|cyclonev_pll|counter[0].output_counter|divclk
    Info (332115):    Relationship : 6.504
    Info (332115):    Clock Skew   : -0.525
    Info (332115):    Data Delay   : 8.411
Info (332115): Path #3: Setup slack is -2.737 (VIOLATED)
    Info (332115):    Slack        : -2.737 (VIOLATED)
    Info (332115):    From Node    : emu:emu|ikacore_CV1k:core|blit_top:u_blit|blit_draw:u_blit_draw|dimy_e[0]
    Info (332115):    To Node      : emu:emu|ikacore_CV1k:core|blit_top:u_blit|blit_draw:u_blit_draw|p3_sylo[11]
    Info (332115):    Launch Clock : emu|pll|pll_inst|altera_pll_i|cyclonev_pll|counter[0].output_counter|divclk
    Info (332115):    Latch Clock  : emu|pll|pll_inst|altera_pll_i|cyclonev_pll|counter[0].output_counter|divclk
    Info (332115):    Relationship : 6.504
    Info (332115):    Clock Skew   : -0.530
    Info (332115):    Data Delay   : 8.381
########## c153-from fetchF ##########
Info (332115): Report Timing: Found 3 setup paths (3 violated).  Worst case slack is -2.206
    Info (332115): -from [get_registers {emu|core|u_blit|u_blit_fetch|*}]
    Info (332115): -setup
    Info (332115): -npaths 3
    Info (332115): -detail summary
    Info (332115): -stdout
Info (332115): Path #1: Setup slack is -2.206 (VIOLATED)
    Info (332115):    Slack        : -2.206 (VIOLATED)
    Info (332115):    From Node    : emu:emu|ikacore_CV1k:core|blit_top:u_blit|blit_fetch:u_blit_fetch|o_busy
    Info (332115):    To Node      : emu:emu|ikacore_CV1k:core|HS3:u_hs3|cpu_core:u_cpu|cache:u_cache|cache_data_bank_wt:g_way[3].u_data|altsyncram:ram_rtl_0|altsyncram_lpo1:auto_generated|ram_block1a0~porta_datain_reg4
    Info (332115):    Launch Clock : emu|pll|pll_inst|altera_pll_i|cyclonev_pll|counter[0].output_counter|divclk
    Info (332115):    Latch Clock  : emu|pll|pll_inst|altera_pll_i|cyclonev_pll|counter[1].output_counter|divclk
    Info (332115):    Relationship : 6.200
    Info (332115):    Clock Skew   : -0.931
    Info (332115):    Data Delay   : 7.205
Info (332115): Path #2: Setup slack is -2.142 (VIOLATED)
    Info (332115):    Slack        : -2.142 (VIOLATED)
    Info (332115):    From Node    : emu:emu|ikacore_CV1k:core|blit_top:u_blit|blit_fetch:u_blit_fetch|o_busy
    Info (332115):    To Node      : emu:emu|ikacore_CV1k:core|HS3:u_hs3|cpu_core:u_cpu|cache:u_cache|cache_data_bank_wt:g_way[0].u_data|altsyncram:ram_rtl_0|altsyncram_lpo1:auto_generated|ram_block1a0~porta_datain_reg4
    Info (332115):    Launch Clock : emu|pll|pll_inst|altera_pll_i|cyclonev_pll|counter[0].output_counter|divclk
    Info (332115):    Latch Clock  : emu|pll|pll_inst|altera_pll_i|cyclonev_pll|counter[1].output_counter|divclk
    Info (332115):    Relationship : 6.200
    Info (332115):    Clock Skew   : -0.931
    Info (332115):    Data Delay   : 7.141
Info (332115): Path #3: Setup slack is -2.125 (VIOLATED)
    Info (332115):    Slack        : -2.125 (VIOLATED)
    Info (332115):    From Node    : emu:emu|ikacore_CV1k:core|blit_top:u_blit|blit_fetch:u_blit_fetch|o_busy
    Info (332115):    To Node      : emu:emu|ikacore_CV1k:core|HS3:u_hs3|cpu_core:u_cpu|cache:u_cache|cache_data_bank_wt:g_way[2].u_data|altsyncram:ram_rtl_0|altsyncram_lpo1:auto_generated|ram_block1a0~porta_datain_reg4
    Info (332115):    Launch Clock : emu|pll|pll_inst|altera_pll_i|cyclonev_pll|counter[0].output_counter|divclk
    Info (332115):    Latch Clock  : emu|pll|pll_inst|altera_pll_i|cyclonev_pll|counter[1].output_counter|divclk
    Info (332115):    Relationship : 6.200
    Info (332115):    Clock Skew   : -0.931
    Info (332115):    Data Delay   : 7.124
########## c153-from batchF ##########
Info (332115): Report Timing: Found 3 setup paths (3 violated).  Worst case slack is -2.600
    Info (332115): -from [get_registers {emu|core|u_batch|*}]
    Info (332115): -setup
    Info (332115): -npaths 3
    Info (332115): -detail summary
    Info (332115): -stdout
Info (332115): Path #1: Setup slack is -2.600 (VIOLATED)
    Info (332115):    Slack        : -2.600 (VIOLATED)
    Info (332115):    From Node    : emu:emu|ikacore_CV1k:core|blit_batch:u_batch|pfp_snw[0]
    Info (332115):    To Node      : emu:emu|ikacore_CV1k:core|blit_batch:u_batch|sv_after[11]
    Info (332115):    Launch Clock : emu|pll|pll_inst|altera_pll_i|cyclonev_pll|counter[0].output_counter|divclk
    Info (332115):    Latch Clock  : emu|pll|pll_inst|altera_pll_i|cyclonev_pll|counter[0].output_counter|divclk
    Info (332115):    Relationship : 6.504
    Info (332115):    Clock Skew   : -0.100
    Info (332115):    Data Delay   : 8.674
Info (332115): Path #2: Setup slack is -2.591 (VIOLATED)
    Info (332115):    Slack        : -2.591 (VIOLATED)
    Info (332115):    From Node    : emu:emu|ikacore_CV1k:core|blit_batch:u_batch|pfp_snw[0]
    Info (332115):    To Node      : emu:emu|ikacore_CV1k:core|blit_batch:u_batch|sv_after[3]
    Info (332115):    Launch Clock : emu|pll|pll_inst|altera_pll_i|cyclonev_pll|counter[0].output_counter|divclk
    Info (332115):    Latch Clock  : emu|pll|pll_inst|altera_pll_i|cyclonev_pll|counter[0].output_counter|divclk
    Info (332115):    Relationship : 6.504
    Info (332115):    Clock Skew   : -0.100
    Info (332115):    Data Delay   : 8.665
Info (332115): Path #3: Setup slack is -2.549 (VIOLATED)
    Info (332115):    Slack        : -2.549 (VIOLATED)
    Info (332115):    From Node    : emu:emu|ikacore_CV1k:core|blit_batch:u_batch|pfp_snw[0]
    Info (332115):    To Node      : emu:emu|ikacore_CV1k:core|blit_batch:u_batch|sv_after[7]
    Info (332115):    Launch Clock : emu|pll|pll_inst|altera_pll_i|cyclonev_pll|counter[0].output_counter|divclk
    Info (332115):    Latch Clock  : emu|pll|pll_inst|altera_pll_i|cyclonev_pll|counter[0].output_counter|divclk
    Info (332115):    Relationship : 6.504
    Info (332115):    Clock Skew   : -0.106
    Info (332115):    Data Delay   : 8.617
########## c153-from harnessF ##########
Info (332115): Report Timing: Found 3 setup paths (3 violated).  Worst case slack is -1.571
    Info (332115): -from [get_registers {emu|core|u_harness|*}]
    Info (332115): -setup
    Info (332115): -npaths 3
    Info (332115): -detail summary
    Info (332115): -stdout
Info (332115): Path #1: Setup slack is -1.571 (VIOLATED)
    Info (332115):    Slack        : -1.571 (VIOLATED)
    Info (332115):    From Node    : emu:emu|ikacore_CV1k:core|CV1k_ddr3_harness:u_harness|altsyncram:oq_rtl_0|altsyncram_72k1:auto_generated|ram_block1a8~PORT_B_WRITE_ENABLE_REG
    Info (332115):    To Node      : emu:emu|ikacore_CV1k:core|CV1k_nand:u_u2_nand|mode.M_STATUS
    Info (332115):    Launch Clock : emu|pll|pll_inst|altera_pll_i|cyclonev_pll|counter[0].output_counter|divclk
    Info (332115):    Latch Clock  : emu|pll|pll_inst|altera_pll_i|cyclonev_pll|counter[0].output_counter|divclk
    Info (332115):    Relationship : 6.504
    Info (332115):    Clock Skew   : -2.031
    Info (332115):    Data Delay   : 5.714
Info (332115): Path #2: Setup slack is -1.565 (VIOLATED)
    Info (332115):    Slack        : -1.565 (VIOLATED)
    Info (332115):    From Node    : emu:emu|ikacore_CV1k:core|CV1k_ddr3_harness:u_harness|altsyncram:oq_rtl_0|altsyncram_72k1:auto_generated|ram_block1a8~PORT_B_WRITE_ENABLE_REG
    Info (332115):    To Node      : emu:emu|ikacore_CV1k:core|CV1k_nand:u_u2_nand|mode.M_ID
    Info (332115):    Launch Clock : emu|pll|pll_inst|altera_pll_i|cyclonev_pll|counter[0].output_counter|divclk
    Info (332115):    Latch Clock  : emu|pll|pll_inst|altera_pll_i|cyclonev_pll|counter[0].output_counter|divclk
    Info (332115):    Relationship : 6.504
    Info (332115):    Clock Skew   : -2.029
    Info (332115):    Data Delay   : 5.710
Info (332115): Path #3: Setup slack is -1.558 (VIOLATED)
    Info (332115):    Slack        : -1.558 (VIOLATED)
    Info (332115):    From Node    : emu:emu|ikacore_CV1k:core|CV1k_ddr3_harness:u_harness|altsyncram:oq_rtl_0|altsyncram_72k1:auto_generated|ram_block1a8~PORT_B_WRITE_ENABLE_REG
    Info (332115):    To Node      : emu:emu|ikacore_CV1k:core|CV1k_nand:u_u2_nand|mode.M_ID
    Info (332115):    Launch Clock : emu|pll|pll_inst|altera_pll_i|cyclonev_pll|counter[0].output_counter|divclk
    Info (332115):    Latch Clock  : emu|pll|pll_inst|altera_pll_i|cyclonev_pll|counter[0].output_counter|divclk
    Info (332115):    Relationship : 6.504
    Info (332115):    Clock Skew   : -2.029
    Info (332115):    Data Delay   : 5.703
########## c102-to cache ##########
Info (332115): Report Timing: Found 3 setup paths (3 violated).  Worst case slack is -4.025
    Info (332115): -to [get_registers {emu|core|u_hs3|u_cpu|u_cache|*}]
    Info (332115): -setup
    Info (332115): -npaths 3
    Info (332115): -detail summary
    Info (332115): -stdout
Info (332115): Path #1: Setup slack is -4.025 (VIOLATED)
    Info (332115):    Slack        : -4.025 (VIOLATED)
    Info (332115):    From Node    : emu:emu|ikacore_CV1k:core|HS3:u_hs3|cpu_core:u_cpu|int_pipe:u_int_pipe|fwd_wbsel_b_agu
    Info (332115):    To Node      : emu:emu|ikacore_CV1k:core|HS3:u_hs3|cpu_core:u_cpu|cache:u_cache|rsp_inst[14]_OTERM1383_OTERM4248
    Info (332115):    Launch Clock : emu|pll|pll_inst|altera_pll_i|cyclonev_pll|counter[1].output_counter|divclk
    Info (332115):    Latch Clock  : emu|pll|pll_inst|altera_pll_i|cyclonev_pll|counter[1].output_counter|divclk
    Info (332115):    Relationship : 9.756
    Info (332115):    Clock Skew   : -0.490
    Info (332115):    Data Delay   : 13.091
Info (332115): Path #2: Setup slack is -4.025 (VIOLATED)
    Info (332115):    Slack        : -4.025 (VIOLATED)
    Info (332115):    From Node    : emu:emu|ikacore_CV1k:core|HS3:u_hs3|cpu_core:u_cpu|int_pipe:u_int_pipe|fwd_wbsel_b_agu
    Info (332115):    To Node      : emu:emu|ikacore_CV1k:core|HS3:u_hs3|cpu_core:u_cpu|cache:u_cache|rsp_inst[13]_OTERM1321_OTERM4230
    Info (332115):    Launch Clock : emu|pll|pll_inst|altera_pll_i|cyclonev_pll|counter[1].output_counter|divclk
    Info (332115):    Latch Clock  : emu|pll|pll_inst|altera_pll_i|cyclonev_pll|counter[1].output_counter|divclk
    Info (332115):    Relationship : 9.756
    Info (332115):    Clock Skew   : -0.488
    Info (332115):    Data Delay   : 13.093
Info (332115): Path #3: Setup slack is -4.025 (VIOLATED)
    Info (332115):    Slack        : -4.025 (VIOLATED)
    Info (332115):    From Node    : emu:emu|ikacore_CV1k:core|HS3:u_hs3|cpu_core:u_cpu|int_pipe:u_int_pipe|fwd_wbsel_b_agu
    Info (332115):    To Node      : emu:emu|ikacore_CV1k:core|HS3:u_hs3|cpu_core:u_cpu|cache:u_cache|rsp_inst[13]_OTERM1321_OTERM4226
    Info (332115):    Launch Clock : emu|pll|pll_inst|altera_pll_i|cyclonev_pll|counter[1].output_counter|divclk
    Info (332115):    Latch Clock  : emu|pll|pll_inst|altera_pll_i|cyclonev_pll|counter[1].output_counter|divclk
    Info (332115):    Relationship : 9.756
    Info (332115):    Clock Skew   : -0.488
    Info (332115):    Data Delay   : 13.093
########## c102-to intpipe ##########
Info (332115): Report Timing: Found 3 setup paths (3 violated).  Worst case slack is -3.930
    Info (332115): -to [get_registers {emu|core|u_hs3|u_cpu|u_int_pipe|*}]
    Info (332115): -setup
    Info (332115): -npaths 3
    Info (332115): -detail summary
    Info (332115): -stdout
Info (332115): Path #1: Setup slack is -3.930 (VIOLATED)
    Info (332115):    Slack        : -3.930 (VIOLATED)
    Info (332115):    From Node    : emu:emu|ikacore_CV1k:core|HS3:u_hs3|cpu_core:u_cpu|int_pipe:u_int_pipe|mawb.gpr0_data[1]
    Info (332115):    To Node      : emu:emu|ikacore_CV1k:core|HS3:u_hs3|cpu_core:u_cpu|int_pipe:u_int_pipe|fetch_pc[27]
    Info (332115):    Launch Clock : emu|pll|pll_inst|altera_pll_i|cyclonev_pll|counter[1].output_counter|divclk
    Info (332115):    Latch Clock  : emu|pll|pll_inst|altera_pll_i|cyclonev_pll|counter[1].output_counter|divclk
    Info (332115):    Relationship : 9.756
    Info (332115):    Clock Skew   : -0.523
    Info (332115):    Data Delay   : 12.963
Info (332115): Path #2: Setup slack is -3.930 (VIOLATED)
    Info (332115):    Slack        : -3.930 (VIOLATED)
    Info (332115):    From Node    : emu:emu|ikacore_CV1k:core|HS3:u_hs3|cpu_core:u_cpu|int_pipe:u_int_pipe|mawb.gpr0_data[1]
    Info (332115):    To Node      : emu:emu|ikacore_CV1k:core|HS3:u_hs3|cpu_core:u_cpu|int_pipe:u_int_pipe|fetch_pc[22]
    Info (332115):    Launch Clock : emu|pll|pll_inst|altera_pll_i|cyclonev_pll|counter[1].output_counter|divclk
    Info (332115):    Latch Clock  : emu|pll|pll_inst|altera_pll_i|cyclonev_pll|counter[1].output_counter|divclk
    Info (332115):    Relationship : 9.756
    Info (332115):    Clock Skew   : -0.523
    Info (332115):    Data Delay   : 12.963
Info (332115): Path #3: Setup slack is -3.930 (VIOLATED)
    Info (332115):    Slack        : -3.930 (VIOLATED)
    Info (332115):    From Node    : emu:emu|ikacore_CV1k:core|HS3:u_hs3|cpu_core:u_cpu|int_pipe:u_int_pipe|mawb.gpr0_data[1]
    Info (332115):    To Node      : emu:emu|ikacore_CV1k:core|HS3:u_hs3|cpu_core:u_cpu|int_pipe:u_int_pipe|fetch_pc[10]
    Info (332115):    Launch Clock : emu|pll|pll_inst|altera_pll_i|cyclonev_pll|counter[1].output_counter|divclk
    Info (332115):    Latch Clock  : emu|pll|pll_inst|altera_pll_i|cyclonev_pll|counter[1].output_counter|divclk
    Info (332115):    Relationship : 9.756
    Info (332115):    Clock Skew   : -0.523
    Info (332115):    Data Delay   : 12.963
########## c102-to bsc ##########
Info (332115): Report Timing: Found 3 setup paths (3 violated).  Worst case slack is -3.101
    Info (332115): -to [get_registers {emu|core|u_hs3|u_bsc|*}]
    Info (332115): -setup
    Info (332115): -npaths 3
    Info (332115): -detail summary
    Info (332115): -stdout
Info (332115): Path #1: Setup slack is -3.101 (VIOLATED)
    Info (332115):    Slack        : -3.101 (VIOLATED)
    Info (332115):    From Node    : emu:emu|ikacore_CV1k:core|HS3:u_hs3|cpu_core:u_cpu|cache:u_cache|state.S_MMTAG_OTERM245_OTERM4034
    Info (332115):    To Node      : emu:emu|ikacore_CV1k:core|HS3:u_hs3|bsc:u_bsc|rfcr[4]
    Info (332115):    Launch Clock : emu|pll|pll_inst|altera_pll_i|cyclonev_pll|counter[1].output_counter|divclk
    Info (332115):    Latch Clock  : emu|pll|pll_inst|altera_pll_i|cyclonev_pll|counter[1].output_counter|divclk
    Info (332115):    Relationship : 9.756
    Info (332115):    Clock Skew   : -0.543
    Info (332115):    Data Delay   : 12.114
Info (332115): Path #2: Setup slack is -3.101 (VIOLATED)
    Info (332115):    Slack        : -3.101 (VIOLATED)
    Info (332115):    From Node    : emu:emu|ikacore_CV1k:core|HS3:u_hs3|cpu_core:u_cpu|cache:u_cache|state.S_MMTAG_OTERM245_OTERM4034
    Info (332115):    To Node      : emu:emu|ikacore_CV1k:core|HS3:u_hs3|bsc:u_bsc|rfcr[6]
    Info (332115):    Launch Clock : emu|pll|pll_inst|altera_pll_i|cyclonev_pll|counter[1].output_counter|divclk
    Info (332115):    Latch Clock  : emu|pll|pll_inst|altera_pll_i|cyclonev_pll|counter[1].output_counter|divclk
    Info (332115):    Relationship : 9.756
    Info (332115):    Clock Skew   : -0.543
    Info (332115):    Data Delay   : 12.114
Info (332115): Path #3: Setup slack is -3.097 (VIOLATED)
    Info (332115):    Slack        : -3.097 (VIOLATED)
    Info (332115):    From Node    : emu:emu|ikacore_CV1k:core|HS3:u_hs3|cpu_core:u_cpu|cache:u_cache|state.S_MMTAG_OTERM245_OTERM4034
    Info (332115):    To Node      : emu:emu|ikacore_CV1k:core|HS3:u_hs3|bsc:u_bsc|rfcr[9]
    Info (332115):    Launch Clock : emu|pll|pll_inst|altera_pll_i|cyclonev_pll|counter[1].output_counter|divclk
    Info (332115):    Latch Clock  : emu|pll|pll_inst|altera_pll_i|cyclonev_pll|counter[1].output_counter|divclk
    Info (332115):    Relationship : 9.756
    Info (332115):    Clock Skew   : -0.539
    Info (332115):    Data Delay   : 12.114
########## c102-to pump ##########
Info (332115): Report Timing: Found 3 setup paths (3 violated).  Worst case slack is -3.406
    Info (332115): -to [get_registers {emu|core|u_pump|*}]
    Info (332115): -setup
    Info (332115): -npaths 3
    Info (332115): -detail summary
    Info (332115): -stdout
Info (332115): Path #1: Setup slack is -3.406 (VIOLATED)
    Info (332115):    Slack        : -3.406 (VIOLATED)
    Info (332115):    From Node    : emu:emu|ikacore_CV1k:core|CV1k_sdram_control:u_pump|dq_n[11]
    Info (332115):    To Node      : emu:emu|ikacore_CV1k:core|CV1k_sdram_control:u_pump|rd_hi_e[11]
    Info (332115):    Launch Clock : emu|pll|pll_inst|altera_pll_i|cyclonev_pll|counter[1].output_counter|divclk (INVERTED)
    Info (332115):    Latch Clock  : emu|pll|pll_inst|altera_pll_i|cyclonev_pll|counter[1].output_counter|divclk
    Info (332115):    Relationship : 4.878
    Info (332115):    Clock Skew   : -1.333
    Info (332115):    Data Delay   : 6.751
Info (332115): Path #2: Setup slack is -3.239 (VIOLATED)
    Info (332115):    Slack        : -3.239 (VIOLATED)
    Info (332115):    From Node    : emu:emu|ikacore_CV1k:core|CV1k_sdram_control:u_pump|dq_n[8]
    Info (332115):    To Node      : emu:emu|ikacore_CV1k:core|CV1k_sdram_control:u_pump|rd_lo[8]
    Info (332115):    Launch Clock : emu|pll|pll_inst|altera_pll_i|cyclonev_pll|counter[1].output_counter|divclk (INVERTED)
    Info (332115):    Latch Clock  : emu|pll|pll_inst|altera_pll_i|cyclonev_pll|counter[1].output_counter|divclk
    Info (332115):    Relationship : 4.878
    Info (332115):    Clock Skew   : -1.375
    Info (332115):    Data Delay   : 6.542
Info (332115): Path #3: Setup slack is -3.070 (VIOLATED)
    Info (332115):    Slack        : -3.070 (VIOLATED)
    Info (332115):    From Node    : emu:emu|ikacore_CV1k:core|CV1k_sdram_control:u_pump|dq_n[11]
    Info (332115):    To Node      : emu:emu|ikacore_CV1k:core|CV1k_sdram_control:u_pump|nor_data[11]
    Info (332115):    Launch Clock : emu|pll|pll_inst|altera_pll_i|cyclonev_pll|counter[1].output_counter|divclk (INVERTED)
    Info (332115):    Latch Clock  : emu|pll|pll_inst|altera_pll_i|cyclonev_pll|counter[1].output_counter|divclk
    Info (332115):    Relationship : 4.878
    Info (332115):    Clock Skew   : -1.340
    Info (332115):    Data Delay   : 6.408
########## c102-from bscF ##########
Info (332115): Report Timing: Found 3 setup paths (3 violated).  Worst case slack is -2.905
    Info (332115): -from [get_registers {emu|core|u_hs3|u_bsc|*}]
    Info (332115): -setup
    Info (332115): -npaths 3
    Info (332115): -detail summary
    Info (332115): -stdout
Info (332115): Path #1: Setup slack is -2.905 (VIOLATED)
    Info (332115):    Slack        : -2.905 (VIOLATED)
    Info (332115):    From Node    : emu:emu|ikacore_CV1k:core|HS3:u_hs3|bsc:u_bsc|ord_busy~DUPLICATE
    Info (332115):    To Node      : emu:emu|ikacore_CV1k:core|HS3:u_hs3|cpu_core:u_cpu|cache:u_cache|cache_data_bank_wt:g_way[3].u_data|di_q[23]
    Info (332115):    Launch Clock : emu|pll|pll_inst|altera_pll_i|cyclonev_pll|counter[1].output_counter|divclk
    Info (332115):    Latch Clock  : emu|pll|pll_inst|altera_pll_i|cyclonev_pll|counter[1].output_counter|divclk
    Info (332115):    Relationship : 9.756
    Info (332115):    Clock Skew   : -0.516
    Info (332115):    Data Delay   : 11.945
Info (332115): Path #2: Setup slack is -2.893 (VIOLATED)
    Info (332115):    Slack        : -2.893 (VIOLATED)
    Info (332115):    From Node    : emu:emu|ikacore_CV1k:core|HS3:u_hs3|bsc:u_bsc|ord_run~DUPLICATE
    Info (332115):    To Node      : emu:emu|ikacore_CV1k:core|HS3:u_hs3|cpu_core:u_cpu|cache:u_cache|cache_data_bank_wt:g_way[3].u_data|di_q[23]
    Info (332115):    Launch Clock : emu|pll|pll_inst|altera_pll_i|cyclonev_pll|counter[1].output_counter|divclk
    Info (332115):    Latch Clock  : emu|pll|pll_inst|altera_pll_i|cyclonev_pll|counter[1].output_counter|divclk
    Info (332115):    Relationship : 9.756
    Info (332115):    Clock Skew   : -0.510
    Info (332115):    Data Delay   : 11.939
Info (332115): Path #3: Setup slack is -2.755 (VIOLATED)
    Info (332115):    Slack        : -2.755 (VIOLATED)
    Info (332115):    From Node    : emu:emu|ikacore_CV1k:core|HS3:u_hs3|bsc:u_bsc|sd_a[5]
    Info (332115):    To Node      : emu:emu|ikacore_CV1k:core|HS3:u_hs3|cpu_core:u_cpu|cache:u_cache|cache_data_bank_wt:g_way[3].u_data|di_q[23]
    Info (332115):    Launch Clock : emu|pll|pll_inst|altera_pll_i|cyclonev_pll|counter[1].output_counter|divclk
    Info (332115):    Latch Clock  : emu|pll|pll_inst|altera_pll_i|cyclonev_pll|counter[1].output_counter|divclk
    Info (332115):    Relationship : 9.756
    Info (332115):    Clock Skew   : -0.509
    Info (332115):    Data Delay   : 11.802
########## c102-from pumpF ##########
Info (332115): Report Timing: Found 3 setup paths (3 violated).  Worst case slack is -3.406
    Info (332115): -from [get_registers {emu|core|u_pump|*}]
    Info (332115): -setup
    Info (332115): -npaths 3
    Info (332115): -detail summary
    Info (332115): -stdout
Info (332115): Path #1: Setup slack is -3.406 (VIOLATED)
    Info (332115):    Slack        : -3.406 (VIOLATED)
    Info (332115):    From Node    : emu:emu|ikacore_CV1k:core|CV1k_sdram_control:u_pump|dq_n[11]
    Info (332115):    To Node      : emu:emu|ikacore_CV1k:core|CV1k_sdram_control:u_pump|rd_hi_e[11]
    Info (332115):    Launch Clock : emu|pll|pll_inst|altera_pll_i|cyclonev_pll|counter[1].output_counter|divclk (INVERTED)
    Info (332115):    Latch Clock  : emu|pll|pll_inst|altera_pll_i|cyclonev_pll|counter[1].output_counter|divclk
    Info (332115):    Relationship : 4.878
    Info (332115):    Clock Skew   : -1.333
    Info (332115):    Data Delay   : 6.751
Info (332115): Path #2: Setup slack is -3.239 (VIOLATED)
    Info (332115):    Slack        : -3.239 (VIOLATED)
    Info (332115):    From Node    : emu:emu|ikacore_CV1k:core|CV1k_sdram_control:u_pump|dq_n[8]
    Info (332115):    To Node      : emu:emu|ikacore_CV1k:core|CV1k_sdram_control:u_pump|rd_lo[8]
    Info (332115):    Launch Clock : emu|pll|pll_inst|altera_pll_i|cyclonev_pll|counter[1].output_counter|divclk (INVERTED)
    Info (332115):    Latch Clock  : emu|pll|pll_inst|altera_pll_i|cyclonev_pll|counter[1].output_counter|divclk
    Info (332115):    Relationship : 4.878
    Info (332115):    Clock Skew   : -1.375
    Info (332115):    Data Delay   : 6.542
Info (332115): Path #3: Setup slack is -3.070 (VIOLATED)
    Info (332115):    Slack        : -3.070 (VIOLATED)
    Info (332115):    From Node    : emu:emu|ikacore_CV1k:core|CV1k_sdram_control:u_pump|dq_n[11]
    Info (332115):    To Node      : emu:emu|ikacore_CV1k:core|CV1k_sdram_control:u_pump|nor_data[11]
    Info (332115):    Launch Clock : emu|pll|pll_inst|altera_pll_i|cyclonev_pll|counter[1].output_counter|divclk (INVERTED)
    Info (332115):    Latch Clock  : emu|pll|pll_inst|altera_pll_i|cyclonev_pll|counter[1].output_counter|divclk
    Info (332115):    Relationship : 4.878
    Info (332115):    Clock Skew   : -1.340
    Info (332115):    Data Delay   : 6.408
########## cross c153->c102 ##########
Info (332115): Report Timing: Found 4 setup paths (4 violated).  Worst case slack is -2.340
    Info (332115): -from_clock [get_clocks {emu|pll|pll_inst|altera_pll_i|cyclonev_pll|counter[0].output_counter|divclk}]
    Info (332115): -to_clock [get_clocks {emu|pll|pll_inst|altera_pll_i|cyclonev_pll|counter[1].output_counter|divclk}]
    Info (332115): -setup
    Info (332115): -npaths 4
    Info (332115): -detail summary
    Info (332115): -stdout
Info (332115): Path #1: Setup slack is -2.340 (VIOLATED)
    Info (332115):    Slack        : -2.340 (VIOLATED)
    Info (332115):    From Node    : emu:emu|ikacore_CV1k:core|blit_top:u_blit|blit_draw:u_blit_draw|pend_v
    Info (332115):    To Node      : emu:emu|ikacore_CV1k:core|HS3:u_hs3|cpu_core:u_cpu|cache:u_cache|cache_data_bank_wt:g_way[3].u_data|altsyncram:ram_rtl_0|altsyncram_lpo1:auto_generated|ram_block1a0~porta_datain_reg4
    Info (332115):    Launch Clock : emu|pll|pll_inst|altera_pll_i|cyclonev_pll|counter[0].output_counter|divclk
    Info (332115):    Latch Clock  : emu|pll|pll_inst|altera_pll_i|cyclonev_pll|counter[1].output_counter|divclk
    Info (332115):    Relationship : 6.200
    Info (332115):    Clock Skew   : -0.936
    Info (332115):    Data Delay   : 7.334
Info (332115): Path #2: Setup slack is -2.276 (VIOLATED)
    Info (332115):    Slack        : -2.276 (VIOLATED)
    Info (332115):    From Node    : emu:emu|ikacore_CV1k:core|blit_top:u_blit|blit_draw:u_blit_draw|pend_v
    Info (332115):    To Node      : emu:emu|ikacore_CV1k:core|HS3:u_hs3|cpu_core:u_cpu|cache:u_cache|cache_data_bank_wt:g_way[0].u_data|altsyncram:ram_rtl_0|altsyncram_lpo1:auto_generated|ram_block1a0~porta_datain_reg4
    Info (332115):    Launch Clock : emu|pll|pll_inst|altera_pll_i|cyclonev_pll|counter[0].output_counter|divclk
    Info (332115):    Latch Clock  : emu|pll|pll_inst|altera_pll_i|cyclonev_pll|counter[1].output_counter|divclk
    Info (332115):    Relationship : 6.200
    Info (332115):    Clock Skew   : -0.936
    Info (332115):    Data Delay   : 7.270
Info (332115): Path #3: Setup slack is -2.259 (VIOLATED)
    Info (332115):    Slack        : -2.259 (VIOLATED)
    Info (332115):    From Node    : emu:emu|ikacore_CV1k:core|blit_top:u_blit|blit_draw:u_blit_draw|pend_v
    Info (332115):    To Node      : emu:emu|ikacore_CV1k:core|HS3:u_hs3|cpu_core:u_cpu|cache:u_cache|cache_data_bank_wt:g_way[2].u_data|altsyncram:ram_rtl_0|altsyncram_lpo1:auto_generated|ram_block1a0~porta_datain_reg4
    Info (332115):    Launch Clock : emu|pll|pll_inst|altera_pll_i|cyclonev_pll|counter[0].output_counter|divclk
    Info (332115):    Latch Clock  : emu|pll|pll_inst|altera_pll_i|cyclonev_pll|counter[1].output_counter|divclk
    Info (332115):    Relationship : 6.200
    Info (332115):    Clock Skew   : -0.936
    Info (332115):    Data Delay   : 7.253
Info (332115): Path #4: Setup slack is -2.228 (VIOLATED)
    Info (332115):    Slack        : -2.228 (VIOLATED)
    Info (332115):    From Node    : emu:emu|ikacore_CV1k:core|CV1k_nand:u_u2_nand|mode.M_STATUS
    Info (332115):    To Node      : emu:emu|ikacore_CV1k:core|HS3:u_hs3|cpu_core:u_cpu|cache:u_cache|cache_data_bank_wt:g_way[3].u_data|altsyncram:ram_rtl_0|altsyncram_lpo1:auto_generated|ram_block1a0~porta_datain_reg4
    Info (332115):    Launch Clock : emu|pll|pll_inst|altera_pll_i|cyclonev_pll|counter[0].output_counter|divclk
    Info (332115):    Latch Clock  : emu|pll|pll_inst|altera_pll_i|cyclonev_pll|counter[1].output_counter|divclk
    Info (332115):    Relationship : 6.200
    Info (332115):    Clock Skew   : -0.928
    Info (332115):    Data Delay   : 7.230
########## cross c102->c153 ##########
Info (332115): Report Timing: Found 4 setup paths (4 violated).  Worst case slack is -1.428
    Info (332115): -from_clock [get_clocks {emu|pll|pll_inst|altera_pll_i|cyclonev_pll|counter[1].output_counter|divclk}]
    Info (332115): -to_clock [get_clocks {emu|pll|pll_inst|altera_pll_i|cyclonev_pll|counter[0].output_counter|divclk}]
    Info (332115): -setup
    Info (332115): -npaths 4
    Info (332115): -detail summary
    Info (332115): -stdout
Info (332115): Path #1: Setup slack is -1.428 (VIOLATED)
    Info (332115):    Slack        : -1.428 (VIOLATED)
    Info (332115):    From Node    : emu:emu|ikacore_CV1k:core|HS3:u_hs3|bsc:u_bsc|ord_done
    Info (332115):    To Node      : emu:emu|ikacore_CV1k:core|CV1k_nand:u_u2_nand|rst_cnt[10]
    Info (332115):    Launch Clock : emu|pll|pll_inst|altera_pll_i|cyclonev_pll|counter[1].output_counter|divclk
    Info (332115):    Latch Clock  : emu|pll|pll_inst|altera_pll_i|cyclonev_pll|counter[0].output_counter|divclk
    Info (332115):    Relationship : 6.200
    Info (332115):    Clock Skew   : -0.757
    Info (332115):    Data Delay   : 6.601
Info (332115): Path #2: Setup slack is -1.404 (VIOLATED)
    Info (332115):    Slack        : -1.404 (VIOLATED)
    Info (332115):    From Node    : emu:emu|ikacore_CV1k:core|HS3:u_hs3|bsc:u_bsc|ord_done
    Info (332115):    To Node      : emu:emu|ikacore_CV1k:core|CV1k_nand:u_u2_nand|mode.M_STREAM
    Info (332115):    Launch Clock : emu|pll|pll_inst|altera_pll_i|cyclonev_pll|counter[1].output_counter|divclk
    Info (332115):    Latch Clock  : emu|pll|pll_inst|altera_pll_i|cyclonev_pll|counter[0].output_counter|divclk
    Info (332115):    Relationship : 6.200
    Info (332115):    Clock Skew   : -0.769
    Info (332115):    Data Delay   : 6.565
Info (332115): Path #3: Setup slack is -1.376 (VIOLATED)
    Info (332115):    Slack        : -1.376 (VIOLATED)
    Info (332115):    From Node    : emu:emu|ikacore_CV1k:core|HS3:u_hs3|bsc:u_bsc|ord_busy~DUPLICATE
    Info (332115):    To Node      : emu:emu|ikacore_CV1k:core|CV1k_nand:u_u2_nand|rst_cnt[10]
    Info (332115):    Launch Clock : emu|pll|pll_inst|altera_pll_i|cyclonev_pll|counter[1].output_counter|divclk
    Info (332115):    Latch Clock  : emu|pll|pll_inst|altera_pll_i|cyclonev_pll|counter[0].output_counter|divclk
    Info (332115):    Relationship : 6.200
    Info (332115):    Clock Skew   : -0.764
    Info (332115):    Data Delay   : 6.542
Info (332115): Path #4: Setup slack is -1.373 (VIOLATED)
    Info (332115):    Slack        : -1.373 (VIOLATED)
    Info (332115):    From Node    : emu:emu|ikacore_CV1k:core|HS3:u_hs3|bsc:u_bsc|ord_w8
    Info (332115):    To Node      : emu:emu|ikacore_CV1k:core|CV1k_nand:u_u2_nand|rst_cnt[10]
    Info (332115):    Launch Clock : emu|pll|pll_inst|altera_pll_i|cyclonev_pll|counter[1].output_counter|divclk
    Info (332115):    Latch Clock  : emu|pll|pll_inst|altera_pll_i|cyclonev_pll|counter[0].output_counter|divclk
    Info (332115):    Relationship : 6.200
    Info (332115):    Clock Skew   : -0.749
    Info (332115):    Data Delay   : 6.554
########## SDRAM_CLK out ##########
Info (332115): Report Timing: Found 6 setup paths (6 violated).  Worst case slack is -1.708
    Info (332115): -to_clock [get_clocks {SDRAM_CLK}]
    Info (332115): -setup
    Info (332115): -npaths 6
    Info (332115): -detail summary
    Info (332115): -stdout
Info (332115): Path #1: Setup slack is -1.708 (VIOLATED)
    Info (332115):    Slack        : -1.708 (VIOLATED)
    Info (332115):    From Node    : emu:emu|ikacore_CV1k:core|CV1k_sdram_control:u_pump|o_S_DQ_OE~SynDup_6
    Info (332115):    To Node      : SDRAM_DQ[5]
    Info (332115):    Launch Clock : emu|pll|pll_inst|altera_pll_i|cyclonev_pll|counter[1].output_counter|divclk
    Info (332115):    Latch Clock  : SDRAM_CLK
    Info (332115):    Relationship : 1.524
    Info (332115):    Clock Skew   : 1.651
    Info (332115):    Data Delay   : 3.073
Info (332115): Path #2: Setup slack is -1.696 (VIOLATED)
    Info (332115):    Slack        : -1.696 (VIOLATED)
    Info (332115):    From Node    : emu:emu|ikacore_CV1k:core|CV1k_sdram_control:u_pump|o_S_DQ_OE~SynDup_10
    Info (332115):    To Node      : SDRAM_DQ[1]
    Info (332115):    Launch Clock : emu|pll|pll_inst|altera_pll_i|cyclonev_pll|counter[1].output_counter|divclk
    Info (332115):    Latch Clock  : SDRAM_CLK
    Info (332115):    Relationship : 1.524
    Info (332115):    Clock Skew   : 1.648
    Info (332115):    Data Delay   : 3.058
Info (332115): Path #3: Setup slack is -1.681 (VIOLATED)
    Info (332115):    Slack        : -1.681 (VIOLATED)
    Info (332115):    From Node    : emu:emu|ikacore_CV1k:core|CV1k_sdram_control:u_pump|o_S_DQ_OE~SynDup_13
    Info (332115):    To Node      : SDRAM_DQ[13]
    Info (332115):    Launch Clock : emu|pll|pll_inst|altera_pll_i|cyclonev_pll|counter[1].output_counter|divclk
    Info (332115):    Latch Clock  : SDRAM_CLK
    Info (332115):    Relationship : 1.524
    Info (332115):    Clock Skew   : 1.665
    Info (332115):    Data Delay   : 3.060
Info (332115): Path #4: Setup slack is -1.681 (VIOLATED)
    Info (332115):    Slack        : -1.681 (VIOLATED)
    Info (332115):    From Node    : emu:emu|ikacore_CV1k:core|CV1k_sdram_control:u_pump|o_S_DQ_OE~SynDup_1
    Info (332115):    To Node      : SDRAM_DQ[10]
    Info (332115):    Launch Clock : emu|pll|pll_inst|altera_pll_i|cyclonev_pll|counter[1].output_counter|divclk
    Info (332115):    Latch Clock  : SDRAM_CLK
    Info (332115):    Relationship : 1.524
    Info (332115):    Clock Skew   : 1.670
    Info (332115):    Data Delay   : 3.065
Info (332115): Path #5: Setup slack is -1.647 (VIOLATED)
    Info (332115):    Slack        : -1.647 (VIOLATED)
    Info (332115):    From Node    : emu:emu|ikacore_CV1k:core|CV1k_sdram_control:u_pump|o_S_DQ_OE~SynDup_9
    Info (332115):    To Node      : SDRAM_DQ[2]
    Info (332115):    Launch Clock : emu|pll|pll_inst|altera_pll_i|cyclonev_pll|counter[1].output_counter|divclk
    Info (332115):    Latch Clock  : SDRAM_CLK
    Info (332115):    Relationship : 1.524
    Info (332115):    Clock Skew   : 1.685
    Info (332115):    Data Delay   : 3.046
Info (332115): Path #6: Setup slack is -1.607 (VIOLATED)
    Info (332115):    Slack        : -1.607 (VIOLATED)
    Info (332115):    From Node    : emu:emu|ikacore_CV1k:core|CV1k_sdram_control:u_pump|o_S_DQ_O[1]
    Info (332115):    To Node      : SDRAM_DQ[1]
    Info (332115):    Launch Clock : emu|pll|pll_inst|altera_pll_i|cyclonev_pll|counter[1].output_counter|divclk
    Info (332115):    Latch Clock  : SDRAM_CLK
    Info (332115):    Relationship : 1.524
    Info (332115):    Clock Skew   : 1.839
    Info (332115):    Data Delay   : 3.160
########## SDRAM DQ in (dq_n bank) ##########
Info (332115): Report Timing: Found 3 setup paths (2 violated).  Worst case slack is -0.093
    Info (332115): -from [get_ports {SDRAM_DQ[*]}]
    Info (332115): -setup
    Info (332115): -npaths 3
    Info (332115): -detail summary
    Info (332115): -stdout
Info (332115): Path #1: Setup slack is -0.093 (VIOLATED)
    Info (332115):    Slack        : -0.093 (VIOLATED)
    Info (332115):    From Node    : SDRAM_DQ[9]
    Info (332115):    To Node      : emu:emu|ikacore_CV1k:core|CV1k_sdram_control:u_pump|dq_n[9]
    Info (332115):    Launch Clock : SDRAM_CLK
    Info (332115):    Latch Clock  : emu|pll|pll_inst|altera_pll_i|cyclonev_pll|counter[1].output_counter|divclk (INVERTED)
    Info (332115):    Relationship : 13.110
    Info (332115):    Clock Skew   : -4.355
    Info (332115):    Data Delay   : 2.538
Info (332115): Path #2: Setup slack is -0.004 (VIOLATED)
    Info (332115):    Slack        : -0.004 (VIOLATED)
    Info (332115):    From Node    : SDRAM_DQ[0]
    Info (332115):    To Node      : emu:emu|ikacore_CV1k:core|CV1k_sdram_control:u_pump|dq_n[0]
    Info (332115):    Launch Clock : SDRAM_CLK
    Info (332115):    Latch Clock  : emu|pll|pll_inst|altera_pll_i|cyclonev_pll|counter[1].output_counter|divclk (INVERTED)
    Info (332115):    Relationship : 13.110
    Info (332115):    Clock Skew   : -4.347
    Info (332115):    Data Delay   : 2.457
Info (332115): Path #3: Setup slack is 0.014 
    Info (332115):    Slack        : 0.014 
    Info (332115):    From Node    : SDRAM_DQ[8]
    Info (332115):    To Node      : emu:emu|ikacore_CV1k:core|CV1k_sdram_control:u_pump|dq_n[8]
    Info (332115):    Launch Clock : SDRAM_CLK
    Info (332115):    Latch Clock  : emu|pll|pll_inst|altera_pll_i|cyclonev_pll|counter[1].output_counter|divclk (INVERTED)
    Info (332115):    Relationship : 13.110
    Info (332115):    Clock Skew   : -4.341
    Info (332115):    Data Delay   : 2.445
########## recovery c153 ##########
Info (332115): Report Timing: Found 20 recovery paths (20 violated).  Worst case slack is -3.081
    Info (332115): -to_clock [get_clocks {emu|pll|pll_inst|altera_pll_i|cyclonev_pll|counter[0].output_counter|divclk}]
    Info (332115): -recovery
    Info (332115): -npaths 20
    Info (332115): -detail summary
    Info (332115): -stdout
Info (332115): Path #1: Recovery slack is -3.081 (VIOLATED)
    Info (332115):    Slack        : -3.081 (VIOLATED)
    Info (332115):    From Node    : emu:emu|hps_io:hps_io|cfg[1]
    Info (332115):    To Node      : emu:emu|ikacore_CV1k:core|blit_top:u_blit|blit_gov:u_blit_gov|y_cwc[0]
    Info (332115):    Launch Clock : emu|pll|pll_inst|altera_pll_i|cyclonev_pll|counter[1].output_counter|divclk
    Info (332115):    Latch Clock  : emu|pll|pll_inst|altera_pll_i|cyclonev_pll|counter[0].output_counter|divclk
    Info (332115):    Relationship : 6.200
    Info (332115):    Clock Skew   : -0.519
    Info (332115):    Data Delay   : 8.492
Info (332115): Path #2: Recovery slack is -3.081 (VIOLATED)
    Info (332115):    Slack        : -3.081 (VIOLATED)
    Info (332115):    From Node    : emu:emu|hps_io:hps_io|cfg[1]
    Info (332115):    To Node      : emu:emu|ikacore_CV1k:core|blit_top:u_blit|blit_gov:u_blit_gov|y_cwc[1]
    Info (332115):    Launch Clock : emu|pll|pll_inst|altera_pll_i|cyclonev_pll|counter[1].output_counter|divclk
    Info (332115):    Latch Clock  : emu|pll|pll_inst|altera_pll_i|cyclonev_pll|counter[0].output_counter|divclk
    Info (332115):    Relationship : 6.200
    Info (332115):    Clock Skew   : -0.519
    Info (332115):    Data Delay   : 8.492
Info (332115): Path #3: Recovery slack is -3.081 (VIOLATED)
    Info (332115):    Slack        : -3.081 (VIOLATED)
    Info (332115):    From Node    : emu:emu|hps_io:hps_io|cfg[1]
    Info (332115):    To Node      : emu:emu|ikacore_CV1k:core|blit_top:u_blit|blit_gov:u_blit_gov|y_cwc[2]
    Info (332115):    Launch Clock : emu|pll|pll_inst|altera_pll_i|cyclonev_pll|counter[1].output_counter|divclk
    Info (332115):    Latch Clock  : emu|pll|pll_inst|altera_pll_i|cyclonev_pll|counter[0].output_counter|divclk
    Info (332115):    Relationship : 6.200
    Info (332115):    Clock Skew   : -0.519
    Info (332115):    Data Delay   : 8.492
Info (332115): Path #4: Recovery slack is -3.081 (VIOLATED)
    Info (332115):    Slack        : -3.081 (VIOLATED)
    Info (332115):    From Node    : emu:emu|hps_io:hps_io|cfg[1]
    Info (332115):    To Node      : emu:emu|ikacore_CV1k:core|blit_top:u_blit|blit_gov:u_blit_gov|y_cwc[3]
    Info (332115):    Launch Clock : emu|pll|pll_inst|altera_pll_i|cyclonev_pll|counter[1].output_counter|divclk
    Info (332115):    Latch Clock  : emu|pll|pll_inst|altera_pll_i|cyclonev_pll|counter[0].output_counter|divclk
    Info (332115):    Relationship : 6.200
    Info (332115):    Clock Skew   : -0.519
    Info (332115):    Data Delay   : 8.492
Info (332115): Path #5: Recovery slack is -3.081 (VIOLATED)
    Info (332115):    Slack        : -3.081 (VIOLATED)
    Info (332115):    From Node    : emu:emu|hps_io:hps_io|cfg[1]
    Info (332115):    To Node      : emu:emu|ikacore_CV1k:core|blit_top:u_blit|blit_gov:u_blit_gov|y_cwc[4]
    Info (332115):    Launch Clock : emu|pll|pll_inst|altera_pll_i|cyclonev_pll|counter[1].output_counter|divclk
    Info (332115):    Latch Clock  : emu|pll|pll_inst|altera_pll_i|cyclonev_pll|counter[0].output_counter|divclk
    Info (332115):    Relationship : 6.200
    Info (332115):    Clock Skew   : -0.519
    Info (332115):    Data Delay   : 8.492
Info (332115): Path #6: Recovery slack is -3.081 (VIOLATED)
    Info (332115):    Slack        : -3.081 (VIOLATED)
    Info (332115):    From Node    : emu:emu|hps_io:hps_io|cfg[1]
    Info (332115):    To Node      : emu:emu|ikacore_CV1k:core|blit_top:u_blit|blit_gov:u_blit_gov|y_cwc[5]
    Info (332115):    Launch Clock : emu|pll|pll_inst|altera_pll_i|cyclonev_pll|counter[1].output_counter|divclk
    Info (332115):    Latch Clock  : emu|pll|pll_inst|altera_pll_i|cyclonev_pll|counter[0].output_counter|divclk
    Info (332115):    Relationship : 6.200
    Info (332115):    Clock Skew   : -0.519
    Info (332115):    Data Delay   : 8.492
Info (332115): Path #7: Recovery slack is -3.081 (VIOLATED)
    Info (332115):    Slack        : -3.081 (VIOLATED)
    Info (332115):    From Node    : emu:emu|hps_io:hps_io|cfg[1]
    Info (332115):    To Node      : emu:emu|ikacore_CV1k:core|blit_top:u_blit|blit_gov:u_blit_gov|y_cwc[6]
    Info (332115):    Launch Clock : emu|pll|pll_inst|altera_pll_i|cyclonev_pll|counter[1].output_counter|divclk
    Info (332115):    Latch Clock  : emu|pll|pll_inst|altera_pll_i|cyclonev_pll|counter[0].output_counter|divclk
    Info (332115):    Relationship : 6.200
    Info (332115):    Clock Skew   : -0.519
    Info (332115):    Data Delay   : 8.492
Info (332115): Path #8: Recovery slack is -3.081 (VIOLATED)
    Info (332115):    Slack        : -3.081 (VIOLATED)
    Info (332115):    From Node    : emu:emu|hps_io:hps_io|cfg[1]
    Info (332115):    To Node      : emu:emu|ikacore_CV1k:core|blit_top:u_blit|blit_gov:u_blit_gov|y_cwc[7]
    Info (332115):    Launch Clock : emu|pll|pll_inst|altera_pll_i|cyclonev_pll|counter[1].output_counter|divclk
    Info (332115):    Latch Clock  : emu|pll|pll_inst|altera_pll_i|cyclonev_pll|counter[0].output_counter|divclk
    Info (332115):    Relationship : 6.200
    Info (332115):    Clock Skew   : -0.519
    Info (332115):    Data Delay   : 8.492
Info (332115): Path #9: Recovery slack is -3.081 (VIOLATED)
    Info (332115):    Slack        : -3.081 (VIOLATED)
    Info (332115):    From Node    : emu:emu|hps_io:hps_io|cfg[1]
    Info (332115):    To Node      : emu:emu|ikacore_CV1k:core|blit_top:u_blit|blit_gov:u_blit_gov|y_cwc[8]
    Info (332115):    Launch Clock : emu|pll|pll_inst|altera_pll_i|cyclonev_pll|counter[1].output_counter|divclk
    Info (332115):    Latch Clock  : emu|pll|pll_inst|altera_pll_i|cyclonev_pll|counter[0].output_counter|divclk
    Info (332115):    Relationship : 6.200
    Info (332115):    Clock Skew   : -0.519
    Info (332115):    Data Delay   : 8.492
Info (332115): Path #10: Recovery slack is -3.081 (VIOLATED)
    Info (332115):    Slack        : -3.081 (VIOLATED)
    Info (332115):    From Node    : emu:emu|hps_io:hps_io|cfg[1]
    Info (332115):    To Node      : emu:emu|ikacore_CV1k:core|blit_top:u_blit|blit_gov:u_blit_gov|y_cwc[9]
    Info (332115):    Launch Clock : emu|pll|pll_inst|altera_pll_i|cyclonev_pll|counter[1].output_counter|divclk
    Info (332115):    Latch Clock  : emu|pll|pll_inst|altera_pll_i|cyclonev_pll|counter[0].output_counter|divclk
    Info (332115):    Relationship : 6.200
    Info (332115):    Clock Skew   : -0.519
    Info (332115):    Data Delay   : 8.492
Info (332115): Path #11: Recovery slack is -3.081 (VIOLATED)
    Info (332115):    Slack        : -3.081 (VIOLATED)
    Info (332115):    From Node    : emu:emu|hps_io:hps_io|cfg[1]
    Info (332115):    To Node      : emu:emu|ikacore_CV1k:core|blit_top:u_blit|blit_gov:u_blit_gov|y_cwc[10]
    Info (332115):    Launch Clock : emu|pll|pll_inst|altera_pll_i|cyclonev_pll|counter[1].output_counter|divclk
    Info (332115):    Latch Clock  : emu|pll|pll_inst|altera_pll_i|cyclonev_pll|counter[0].output_counter|divclk
    Info (332115):    Relationship : 6.200
    Info (332115):    Clock Skew   : -0.519
    Info (332115):    Data Delay   : 8.492
Info (332115): Path #12: Recovery slack is -3.081 (VIOLATED)
    Info (332115):    Slack        : -3.081 (VIOLATED)
    Info (332115):    From Node    : emu:emu|hps_io:hps_io|cfg[1]
    Info (332115):    To Node      : emu:emu|ikacore_CV1k:core|blit_top:u_blit|blit_gov:u_blit_gov|y_cwc[11]
    Info (332115):    Launch Clock : emu|pll|pll_inst|altera_pll_i|cyclonev_pll|counter[1].output_counter|divclk
    Info (332115):    Latch Clock  : emu|pll|pll_inst|altera_pll_i|cyclonev_pll|counter[0].output_counter|divclk
    Info (332115):    Relationship : 6.200
    Info (332115):    Clock Skew   : -0.519
    Info (332115):    Data Delay   : 8.492
Info (332115): Path #13: Recovery slack is -3.081 (VIOLATED)
    Info (332115):    Slack        : -3.081 (VIOLATED)
    Info (332115):    From Node    : emu:emu|hps_io:hps_io|cfg[1]
    Info (332115):    To Node      : emu:emu|ikacore_CV1k:core|blit_top:u_blit|blit_gov:u_blit_gov|y_cwc[12]
    Info (332115):    Launch Clock : emu|pll|pll_inst|altera_pll_i|cyclonev_pll|counter[1].output_counter|divclk
    Info (332115):    Latch Clock  : emu|pll|pll_inst|altera_pll_i|cyclonev_pll|counter[0].output_counter|divclk
    Info (332115):    Relationship : 6.200
    Info (332115):    Clock Skew   : -0.519
    Info (332115):    Data Delay   : 8.492
Info (332115): Path #14: Recovery slack is -3.081 (VIOLATED)
    Info (332115):    Slack        : -3.081 (VIOLATED)
    Info (332115):    From Node    : emu:emu|hps_io:hps_io|cfg[1]
    Info (332115):    To Node      : emu:emu|ikacore_CV1k:core|blit_top:u_blit|blit_gov:u_blit_gov|y_cwc[13]
    Info (332115):    Launch Clock : emu|pll|pll_inst|altera_pll_i|cyclonev_pll|counter[1].output_counter|divclk
    Info (332115):    Latch Clock  : emu|pll|pll_inst|altera_pll_i|cyclonev_pll|counter[0].output_counter|divclk
    Info (332115):    Relationship : 6.200
    Info (332115):    Clock Skew   : -0.519
    Info (332115):    Data Delay   : 8.492
Info (332115): Path #15: Recovery slack is -3.081 (VIOLATED)
    Info (332115):    Slack        : -3.081 (VIOLATED)
    Info (332115):    From Node    : emu:emu|hps_io:hps_io|cfg[1]
    Info (332115):    To Node      : emu:emu|ikacore_CV1k:core|blit_top:u_blit|blit_gov:u_blit_gov|y_cwc[14]
    Info (332115):    Launch Clock : emu|pll|pll_inst|altera_pll_i|cyclonev_pll|counter[1].output_counter|divclk
    Info (332115):    Latch Clock  : emu|pll|pll_inst|altera_pll_i|cyclonev_pll|counter[0].output_counter|divclk
    Info (332115):    Relationship : 6.200
    Info (332115):    Clock Skew   : -0.519
    Info (332115):    Data Delay   : 8.492
Info (332115): Path #16: Recovery slack is -3.081 (VIOLATED)
    Info (332115):    Slack        : -3.081 (VIOLATED)
    Info (332115):    From Node    : emu:emu|hps_io:hps_io|cfg[1]
    Info (332115):    To Node      : emu:emu|ikacore_CV1k:core|blit_top:u_blit|blit_gov:u_blit_gov|y_cwc[15]
    Info (332115):    Launch Clock : emu|pll|pll_inst|altera_pll_i|cyclonev_pll|counter[1].output_counter|divclk
    Info (332115):    Latch Clock  : emu|pll|pll_inst|altera_pll_i|cyclonev_pll|counter[0].output_counter|divclk
    Info (332115):    Relationship : 6.200
    Info (332115):    Clock Skew   : -0.519
    Info (332115):    Data Delay   : 8.492
Info (332115): Path #17: Recovery slack is -3.081 (VIOLATED)
    Info (332115):    Slack        : -3.081 (VIOLATED)
    Info (332115):    From Node    : emu:emu|hps_io:hps_io|cfg[1]
    Info (332115):    To Node      : emu:emu|ikacore_CV1k:core|blit_top:u_blit|blit_gov:u_blit_gov|y_cwc[16]
    Info (332115):    Launch Clock : emu|pll|pll_inst|altera_pll_i|cyclonev_pll|counter[1].output_counter|divclk
    Info (332115):    Latch Clock  : emu|pll|pll_inst|altera_pll_i|cyclonev_pll|counter[0].output_counter|divclk
    Info (332115):    Relationship : 6.200
    Info (332115):    Clock Skew   : -0.519
    Info (332115):    Data Delay   : 8.492
Info (332115): Path #18: Recovery slack is -3.081 (VIOLATED)
    Info (332115):    Slack        : -3.081 (VIOLATED)
    Info (332115):    From Node    : emu:emu|hps_io:hps_io|cfg[1]
    Info (332115):    To Node      : emu:emu|ikacore_CV1k:core|blit_top:u_blit|blit_gov:u_blit_gov|y_cwc[17]
    Info (332115):    Launch Clock : emu|pll|pll_inst|altera_pll_i|cyclonev_pll|counter[1].output_counter|divclk
    Info (332115):    Latch Clock  : emu|pll|pll_inst|altera_pll_i|cyclonev_pll|counter[0].output_counter|divclk
    Info (332115):    Relationship : 6.200
    Info (332115):    Clock Skew   : -0.519
    Info (332115):    Data Delay   : 8.492
Info (332115): Path #19: Recovery slack is -3.081 (VIOLATED)
    Info (332115):    Slack        : -3.081 (VIOLATED)
    Info (332115):    From Node    : emu:emu|hps_io:hps_io|cfg[1]
    Info (332115):    To Node      : emu:emu|ikacore_CV1k:core|blit_top:u_blit|blit_gov:u_blit_gov|y_cwc[18]
    Info (332115):    Launch Clock : emu|pll|pll_inst|altera_pll_i|cyclonev_pll|counter[1].output_counter|divclk
    Info (332115):    Latch Clock  : emu|pll|pll_inst|altera_pll_i|cyclonev_pll|counter[0].output_counter|divclk
    Info (332115):    Relationship : 6.200
    Info (332115):    Clock Skew   : -0.519
    Info (332115):    Data Delay   : 8.492
Info (332115): Path #20: Recovery slack is -3.081 (VIOLATED)
    Info (332115):    Slack        : -3.081 (VIOLATED)
    Info (332115):    From Node    : emu:emu|hps_io:hps_io|cfg[1]
    Info (332115):    To Node      : emu:emu|ikacore_CV1k:core|blit_top:u_blit|blit_gov:u_blit_gov|y_cwc[19]
    Info (332115):    Launch Clock : emu|pll|pll_inst|altera_pll_i|cyclonev_pll|counter[1].output_counter|divclk
    Info (332115):    Latch Clock  : emu|pll|pll_inst|altera_pll_i|cyclonev_pll|counter[0].output_counter|divclk
    Info (332115):    Relationship : 6.200
    Info (332115):    Clock Skew   : -0.519
    Info (332115):    Data Delay   : 8.492
########## recovery c102 ##########
Info (332115): Report Timing: Found 6 recovery paths (0 violated).  Worst case slack is 0.183
    Info (332115): -to_clock [get_clocks {emu|pll|pll_inst|altera_pll_i|cyclonev_pll|counter[1].output_counter|divclk}]
    Info (332115): -recovery
    Info (332115): -npaths 6
    Info (332115): -detail summary
    Info (332115): -stdout
Info (332115): Path #1: Recovery slack is 0.183 
    Info (332115):    Slack        : 0.183 
    Info (332115):    From Node    : emu:emu|ikacore_CV1k:core|CV1k_ioctl:u_ioctl|pk_be_acc[2]
    Info (332115):    To Node      : emu:emu|ikacore_CV1k:core|HS3:u_hs3|cpu_core:u_cpu|int_pipe:u_int_pipe|idex.src_a_id[3]
    Info (332115):    Launch Clock : emu|pll|pll_inst|altera_pll_i|cyclonev_pll|counter[1].output_counter|divclk
    Info (332115):    Latch Clock  : emu|pll|pll_inst|altera_pll_i|cyclonev_pll|counter[1].output_counter|divclk
    Info (332115):    Relationship : 9.756
    Info (332115):    Clock Skew   : -0.593
    Info (332115):    Data Delay   : 8.780
Info (332115): Path #2: Recovery slack is 0.183 
    Info (332115):    Slack        : 0.183 
    Info (332115):    From Node    : emu:emu|ikacore_CV1k:core|CV1k_ioctl:u_ioctl|pk_be_acc[2]
    Info (332115):    To Node      : emu:emu|ikacore_CV1k:core|HS3:u_hs3|cpu_core:u_cpu|int_pipe:u_int_pipe|idex.src_b_id[3]
    Info (332115):    Launch Clock : emu|pll|pll_inst|altera_pll_i|cyclonev_pll|counter[1].output_counter|divclk
    Info (332115):    Latch Clock  : emu|pll|pll_inst|altera_pll_i|cyclonev_pll|counter[1].output_counter|divclk
    Info (332115):    Relationship : 9.756
    Info (332115):    Clock Skew   : -0.593
    Info (332115):    Data Delay   : 8.780
Info (332115): Path #3: Recovery slack is 0.185 
    Info (332115):    Slack        : 0.185 
    Info (332115):    From Node    : emu:emu|ikacore_CV1k:core|CV1k_ioctl:u_ioctl|pk_be_acc[2]
    Info (332115):    To Node      : emu:emu|ikacore_CV1k:core|HS3:u_hs3|cpu_core:u_cpu|int_pipe:u_int_pipe|idex.s_write_decode~DUPLICATE
    Info (332115):    Launch Clock : emu|pll|pll_inst|altera_pll_i|cyclonev_pll|counter[1].output_counter|divclk
    Info (332115):    Latch Clock  : emu|pll|pll_inst|altera_pll_i|cyclonev_pll|counter[1].output_counter|divclk
    Info (332115):    Relationship : 9.756
    Info (332115):    Clock Skew   : -0.597
    Info (332115):    Data Delay   : 8.774
Info (332115): Path #4: Recovery slack is 0.185 
    Info (332115):    Slack        : 0.185 
    Info (332115):    From Node    : emu:emu|ikacore_CV1k:core|CV1k_ioctl:u_ioctl|pk_be_acc[2]
    Info (332115):    To Node      : emu:emu|ikacore_CV1k:core|HS3:u_hs3|cpu_core:u_cpu|int_pipe:u_int_pipe|exma.s_data
    Info (332115):    Launch Clock : emu|pll|pll_inst|altera_pll_i|cyclonev_pll|counter[1].output_counter|divclk
    Info (332115):    Latch Clock  : emu|pll|pll_inst|altera_pll_i|cyclonev_pll|counter[1].output_counter|divclk
    Info (332115):    Relationship : 9.756
    Info (332115):    Clock Skew   : -0.599
    Info (332115):    Data Delay   : 8.772
Info (332115): Path #5: Recovery slack is 0.185 
    Info (332115):    Slack        : 0.185 
    Info (332115):    From Node    : emu:emu|ikacore_CV1k:core|CV1k_ioctl:u_ioctl|pk_be_acc[2]
    Info (332115):    To Node      : emu:emu|ikacore_CV1k:core|HS3:u_hs3|cpu_core:u_cpu|int_pipe:u_int_pipe|idex.s_decode_value_OTERM1367
    Info (332115):    Launch Clock : emu|pll|pll_inst|altera_pll_i|cyclonev_pll|counter[1].output_counter|divclk
    Info (332115):    Latch Clock  : emu|pll|pll_inst|altera_pll_i|cyclonev_pll|counter[1].output_counter|divclk
    Info (332115):    Relationship : 9.756
    Info (332115):    Clock Skew   : -0.597
    Info (332115):    Data Delay   : 8.774
Info (332115): Path #6: Recovery slack is 0.185 
    Info (332115):    Slack        : 0.185 
    Info (332115):    From Node    : emu:emu|ikacore_CV1k:core|CV1k_ioctl:u_ioctl|pk_be_acc[2]
    Info (332115):    To Node      : emu:emu|ikacore_CV1k:core|HS3:u_hs3|cpu_core:u_cpu|int_pipe:u_int_pipe|idex.s_decode_value_OTERM1369
    Info (332115):    Launch Clock : emu|pll|pll_inst|altera_pll_i|cyclonev_pll|counter[1].output_counter|divclk
    Info (332115):    Latch Clock  : emu|pll|pll_inst|altera_pll_i|cyclonev_pll|counter[1].output_counter|divclk
    Info (332115):    Relationship : 9.756
    Info (332115):    Clock Skew   : -0.597
    Info (332115):    Data Delay   : 8.774
########## hold worst ##########
Info (332115): Report Timing: Found 3 hold paths (0 violated).  Worst case slack is 0.252
    Info (332115): -hold
    Info (332115): -npaths 3
    Info (332115): -detail summary
    Info (332115): -stdout
Info (332115): Path #1: Hold slack is 0.252 
    Info (332115):    Slack        : 0.252 
    Info (332115):    From Node    : emu:emu|ikacore_CV1k:core|blit_top:u_blit|blit_gov:u_blit_gov|win_r[0]
    Info (332115):    To Node      : emu:emu|ikacore_CV1k:core|blit_top:u_blit|blit_gov:u_blit_gov|win_r[0]
    Info (332115):    Launch Clock : emu|pll|pll_inst|altera_pll_i|cyclonev_pll|counter[0].output_counter|divclk
    Info (332115):    Latch Clock  : emu|pll|pll_inst|altera_pll_i|cyclonev_pll|counter[0].output_counter|divclk
    Info (332115):    Relationship : 0.000
    Info (332115):    Clock Skew   : 0.108
    Info (332115):    Data Delay   : 0.360
Info (332115): Path #2: Hold slack is 0.254 
    Info (332115):    Slack        : 0.254 
    Info (332115):    From Node    : ascal:ascal|o_vcpt_sync[2]
    Info (332115):    To Node      : ascal:ascal|o_vcpt_sync[2]
    Info (332115):    Launch Clock : pll_hdmi|pll_hdmi_inst|altera_pll_i|cyclonev_pll|counter[0].output_counter|divclk
    Info (332115):    Latch Clock  : pll_hdmi|pll_hdmi_inst|altera_pll_i|cyclonev_pll|counter[0].output_counter|divclk
    Info (332115):    Relationship : 0.000
    Info (332115):    Clock Skew   : 0.108
    Info (332115):    Data Delay   : 0.362
Info (332115): Path #3: Hold slack is 0.255 
    Info (332115):    Slack        : 0.255 
    Info (332115):    From Node    : sys_umuldiv:ar_muldiv|sys_udiv:udiv|rem[29]
    Info (332115):    To Node      : sys_umuldiv:ar_muldiv|sys_udiv:udiv|rem[30]
    Info (332115):    Launch Clock : emu|pll|pll_inst|altera_pll_i|cyclonev_pll|counter[0].output_counter|divclk
    Info (332115):    Latch Clock  : emu|pll|pll_inst|altera_pll_i|cyclonev_pll|counter[0].output_counter|divclk
    Info (332115):    Relationship : 0.000
    Info (332115):    Clock Skew   : 0.100
    Info (332115):    Data Delay   : 0.355
########## removal worst ##########
Info (332115): Report Timing: Found 3 removal paths (0 violated).  Worst case slack is 0.938
    Info (332115): -removal
    Info (332115): -npaths 3
    Info (332115): -detail summary
    Info (332115): -stdout
Info (332115): Path #1: Removal slack is 0.938 
    Info (332115):    Slack        : 0.938 
    Info (332115):    From Node    : pll_cfg_hdmi:pll_cfg_hdmi|fpll_dprio_init:fpll_dprio_init_inst|rst_n[1]
    Info (332115):    To Node      : pll_cfg_hdmi:pll_cfg_hdmi|fpll_dprio_init:fpll_dprio_init_inst|count[0]
    Info (332115):    Launch Clock : FPGA_CLK1_50
    Info (332115):    Latch Clock  : FPGA_CLK1_50
    Info (332115):    Relationship : 0.000
    Info (332115):    Clock Skew   : 0.122
    Info (332115):    Data Delay   : 1.060
Info (332115): Path #2: Removal slack is 0.946 
    Info (332115):    Slack        : 0.946 
    Info (332115):    From Node    : pll_cfg_hdmi:pll_cfg_hdmi|fpll_dprio_init:fpll_dprio_init_inst|rst_n[1]
    Info (332115):    To Node      : pll_cfg_hdmi:pll_cfg_hdmi|fpll_dprio_init:fpll_dprio_init_inst|count[6]
    Info (332115):    Launch Clock : FPGA_CLK1_50
    Info (332115):    Latch Clock  : FPGA_CLK1_50
    Info (332115):    Relationship : 0.000
    Info (332115):    Clock Skew   : 0.114
    Info (332115):    Data Delay   : 1.060
Info (332115): Path #3: Removal slack is 0.946 
    Info (332115):    Slack        : 0.946 
    Info (332115):    From Node    : pll_cfg_hdmi:pll_cfg_hdmi|fpll_dprio_init:fpll_dprio_init_inst|rst_n[1]
    Info (332115):    To Node      : pll_cfg_hdmi:pll_cfg_hdmi|fpll_dprio_init:fpll_dprio_init_inst|count[2]
    Info (332115):    Launch Clock : FPGA_CLK1_50
    Info (332115):    Latch Clock  : FPGA_CLK1_50
    Info (332115):    Relationship : 0.000
    Info (332115):    Clock Skew   : 0.114
    Info (332115):    Data Delay   : 1.060
Info (23030): Evaluation of Tcl script sta_cones.tcl was successful
Info: Quartus Prime TimeQuest Timing Analyzer was successful. 0 errors, 5 warnings
    Info: Peak virtual memory: 2473 megabytes
    Info: Processing ended: Sat Jul 18 16:52:07 2026
    Info: Elapsed time: 00:00:15
    Info: Total CPU time (on all processors): 00:01:09
