Info: *******************************************************************
Info: Running Quartus Prime TimeQuest Timing Analyzer
    Info: Version 17.0.2 Build 602 07/19/2017 SJ Lite Edition
    Info: Copyright (C) 2017  Intel Corporation. All rights reserved.
    Info: Your use of Intel Corporation's design tools, logic functions 
    Info: and other software and tools, and its AMPP partner logic 
    Info: functions, and any output files from any of the foregoing 
    Info: (including device programming or simulation files), and any 
    Info: associated documentation or information are expressly subject 
    Info: to the terms and conditions of the Intel Program License 
    Info: Subscription Agreement, the Intel Quartus Prime License Agreement,
    Info: the Intel MegaCore Function License Agreement, or other 
    Info: applicable license agreement, including, without limitation, 
    Info: that your use is for the sole purpose of programming logic 
    Info: devices manufactured by Intel and sold by Intel or its 
    Info: authorized distributors.  Please refer to the applicable 
    Info: agreement for further details.
    Info: Processing started: Sat Jul 18 16:32:49 2026
Info: Command: quartus_sta -t sta_cones.tcl
Info (20030): Parallel compilation is enabled and will use 16 of the 48 processors detected
Info (21077): Core supply voltage is 1.1V
Info (334003): Started post-fitting delay annotation
Info (334004): Delay annotation completed successfully
Info (332164): Evaluating HDL-embedded SDC commands
    Info (332165): Entity altera_std_synchronizer
        Info (332166): set_false_path -to [get_keepers {*altera_std_synchronizer:*|din_s1}]
Info (332104): Reading SDC File: 'sys/sys_top.sdc'
Info (332110): Deriving PLL clocks
    Info (332110): create_generated_clock -source {emu|pll|pll_inst|altera_pll_i|cyclonev_pll|counter[0].output_counter|vco0ph[0]} -divide_by 8 -duty_cycle 50.00 -name {emu|pll|pll_inst|altera_pll_i|cyclonev_pll|counter[0].output_counter|divclk} {emu|pll|pll_inst|altera_pll_i|cyclonev_pll|counter[0].output_counter|divclk}
    Info (332110): create_generated_clock -source {emu|pll|pll_inst|altera_pll_i|cyclonev_pll|fpll_0|fpll|refclkin} -divide_by 512 -multiply_by 12595 -duty_cycle 50.00 -name {emu|pll|pll_inst|altera_pll_i|cyclonev_pll|fpll_0|fpll|vcoph[0]} {emu|pll|pll_inst|altera_pll_i|cyclonev_pll|fpll_0|fpll|vcoph[0]}
    Info (332110): create_generated_clock -source {emu|pll|pll_inst|altera_pll_i|cyclonev_pll|counter[1].output_counter|vco0ph[0]} -divide_by 12 -duty_cycle 50.00 -name {emu|pll|pll_inst|altera_pll_i|cyclonev_pll|counter[1].output_counter|divclk} {emu|pll|pll_inst|altera_pll_i|cyclonev_pll|counter[1].output_counter|divclk}
    Info (332110): create_generated_clock -source {emu|pll|pll_inst|altera_pll_i|cyclonev_pll|counter[2].output_counter|vco0ph[0]} -divide_by 12 -phase 56.26 -duty_cycle 50.00 -name {emu|pll|pll_inst|altera_pll_i|cyclonev_pll|counter[2].output_counter|divclk} {emu|pll|pll_inst|altera_pll_i|cyclonev_pll|counter[2].output_counter|divclk}
    Info (332110): create_generated_clock -source {pll_hdmi|pll_hdmi_inst|altera_pll_i|cyclonev_pll|counter[0].output_counter|vco0ph[0]} -divide_by 3 -duty_cycle 50.00 -name {pll_hdmi|pll_hdmi_inst|altera_pll_i|cyclonev_pll|counter[0].output_counter|divclk} {pll_hdmi|pll_hdmi_inst|altera_pll_i|cyclonev_pll|counter[0].output_counter|divclk}
    Info (332110): create_generated_clock -source {pll_hdmi|pll_hdmi_inst|altera_pll_i|cyclonev_pll|fpll_0|fpll|refclkin} -divide_by 512 -multiply_by 4563 -duty_cycle 50.00 -name {pll_hdmi|pll_hdmi_inst|altera_pll_i|cyclonev_pll|fpll_0|fpll|vcoph[0]} {pll_hdmi|pll_hdmi_inst|altera_pll_i|cyclonev_pll|fpll_0|fpll|vcoph[0]}
    Info (332110): create_generated_clock -source {pll_audio|pll_audio_inst|altera_pll_i|general[0].gpll~FRACTIONAL_PLL|refclkin} -divide_by 512 -multiply_by 4279 -duty_cycle 50.00 -name {pll_audio|pll_audio_inst|altera_pll_i|general[0].gpll~FRACTIONAL_PLL|vcoph[0]} {pll_audio|pll_audio_inst|altera_pll_i|general[0].gpll~FRACTIONAL_PLL|vcoph[0]}
    Info (332110): create_generated_clock -source {pll_audio|pll_audio_inst|altera_pll_i|general[0].gpll~PLL_OUTPUT_COUNTER|vco0ph[0]} -divide_by 17 -duty_cycle 50.00 -name {pll_audio|pll_audio_inst|altera_pll_i|general[0].gpll~PLL_OUTPUT_COUNTER|divclk} {pll_audio|pll_audio_inst|altera_pll_i|general[0].gpll~PLL_OUTPUT_COUNTER|divclk}
Info (332151): Clock uncertainty is not calculated until you update the timing netlist.
Warning (332174): Ignored filter at sys_top.sdc(60): arc* could not be matched with a clock or keeper File: /host/sys/sys_top.sdc Line: 60
Warning (332174): Ignored filter at sys_top.sdc(61): arx* could not be matched with a clock or keeper or register or port or pin or cell or partition File: /host/sys/sys_top.sdc Line: 61
Warning (332174): Ignored filter at sys_top.sdc(61): ary* could not be matched with a clock or keeper or register or port or pin or cell or partition File: /host/sys/sys_top.sdc Line: 61
Warning (332049): Ignored set_false_path at sys_top.sdc(61): Argument <from> is not an object ID File: /host/sys/sys_top.sdc Line: 61
    Info (332050): set_false_path -from {arx* ary*} File: /host/sys/sys_top.sdc Line: 61
Info (332104): Reading SDC File: 'ikacore_CV1k.sdc'
Info (332151): Clock uncertainty is not calculated until you update the timing netlist.
Warning (332174): Ignored filter at ikacore_CV1k.sdc(55): *u_gpr_bram*DATA_IN* could not be matched with a register File: /host/ikacore_CV1k.sdc Line: 55
Info (332097): The following timing edges are non-unate.  TimeQuest will assume pos-unate behavior for these edges in the clock network.
    Info (332098): Cell: emu|pll|pll_inst|altera_pll_i|cyclonev_pll|counter[0].output_counter  from: vco0ph[0]  to: divclk
    Info (332098): Cell: emu|pll|pll_inst|altera_pll_i|cyclonev_pll|counter[1].output_counter  from: vco0ph[0]  to: divclk
    Info (332098): Cell: emu|pll|pll_inst|altera_pll_i|cyclonev_pll|counter[2].output_counter  from: vco0ph[0]  to: divclk
    Info (332098): Cell: emu|pll|pll_inst|altera_pll_i|cyclonev_pll|fpll_0|REFCLK_SELECT  from: clkin[0]  to: clkout
    Info (332098): Cell: emu|pll|pll_inst|altera_pll_i|cyclonev_pll|fpll_0|fpll  from: refclkin  to: fbclk
    Info (332098): Cell: pll_audio|pll_audio_inst|altera_pll_i|general[0].gpll~FRACTIONAL_PLL  from: refclkin  to: fbclk
    Info (332098): Cell: pll_audio|pll_audio_inst|altera_pll_i|general[0].gpll~PLL_OUTPUT_COUNTER  from: vco0ph[0]  to: divclk
    Info (332098): Cell: pll_audio|pll_audio_inst|altera_pll_i|general[0].gpll~PLL_REFCLK_SELECT  from: clkin[0]  to: clkout
    Info (332098): Cell: pll_hdmi|pll_hdmi_inst|altera_pll_i|cyclonev_pll|counter[0].output_counter  from: vco0ph[0]  to: divclk
    Info (332098): Cell: pll_hdmi|pll_hdmi_inst|altera_pll_i|cyclonev_pll|fpll_0|REFCLK_SELECT  from: clkin[0]  to: clkout
    Info (332098): Cell: pll_hdmi|pll_hdmi_inst|altera_pll_i|cyclonev_pll|fpll_0|fpll  from: refclkin  to: fbclk
    Info (332098): From: sysmem|fpga_interfaces|f2sdram|cmd_port_clk_0  to: sysmem_lite:sysmem|sysmem_HPS_fpga_interfaces:fpga_interfaces|f2sdram~FF_762
    Info (332098): From: sysmem|fpga_interfaces|f2sdram|cmd_port_clk_1  to: sysmem_lite:sysmem|sysmem_HPS_fpga_interfaces:fpga_interfaces|f2sdram~FF_827
    Info (332098): From: sysmem|fpga_interfaces|f2sdram|cmd_port_clk_2  to: sysmem_lite:sysmem|sysmem_HPS_fpga_interfaces:fpga_interfaces|f2sdram~FF_920
    Info (332098): From: sysmem|fpga_interfaces|f2sdram|rd_clk_0  to: sysmem_lite:sysmem|sysmem_HPS_fpga_interfaces:fpga_interfaces|f2sdram~FF_7
    Info (332098): From: sysmem|fpga_interfaces|f2sdram|rd_clk_1  to: sysmem_lite:sysmem|sysmem_HPS_fpga_interfaces:fpga_interfaces|f2sdram~FF_6
    Info (332098): From: sysmem|fpga_interfaces|f2sdram|rd_clk_2  to: sysmem_lite:sysmem|sysmem_HPS_fpga_interfaces:fpga_interfaces|f2sdram~FF_5
    Info (332098): From: sysmem|fpga_interfaces|f2sdram|rd_clk_3  to: sysmem_lite:sysmem|sysmem_HPS_fpga_interfaces:fpga_interfaces|f2sdram~FF_4
    Info (332098): From: sysmem|fpga_interfaces|f2sdram|wr_clk_0  to: sysmem_lite:sysmem|sysmem_HPS_fpga_interfaces:fpga_interfaces|f2sdram~FF_3
    Info (332098): From: sysmem|fpga_interfaces|f2sdram|wr_clk_1  to: sysmem_lite:sysmem|sysmem_HPS_fpga_interfaces:fpga_interfaces|f2sdram~FF_2
    Info (332098): From: sysmem|fpga_interfaces|f2sdram|wr_clk_2  to: sysmem_lite:sysmem|sysmem_HPS_fpga_interfaces:fpga_interfaces|f2sdram~FF_1
    Info (332098): From: sysmem|fpga_interfaces|f2sdram|wr_clk_3  to: sysmem_lite:sysmem|sysmem_HPS_fpga_interfaces:fpga_interfaces|f2sdram~FF_0
Info (332123): Deriving Clock Uncertainty. Please refer to report_sdc in TimeQuest to see clock uncertainties.
########## c153-to gov ##########
Info (332115): Report Timing: Found 3 setup paths (3 violated).  Worst case slack is -2.850
    Info (332115): -to [get_registers {emu|core|u_blit|u_blit_gov|*}]
    Info (332115): -setup
    Info (332115): -npaths 3
    Info (332115): -detail summary
    Info (332115): -stdout
Info (332115): Path #1: Setup slack is -2.850 (VIOLATED)
    Info (332115):    Slack        : -2.850 (VIOLATED)
    Info (332115):    From Node    : emu:emu|ikacore_CV1k:core|blit_top:u_blit|blit_fetch:u_blit_fetch|skid_hq[0]
    Info (332115):    To Node      : emu:emu|ikacore_CV1k:core|blit_top:u_blit|blit_gov:u_blit_gov|gp_need[14]_OTERM253
    Info (332115):    Launch Clock : emu|pll|pll_inst|altera_pll_i|cyclonev_pll|counter[0].output_counter|divclk
    Info (332115):    Latch Clock  : emu|pll|pll_inst|altera_pll_i|cyclonev_pll|counter[0].output_counter|divclk
    Info (332115):    Relationship : 6.504
    Info (332115):    Clock Skew   : -0.490
    Info (332115):    Data Delay   : 8.534
Info (332115): Path #2: Setup slack is -2.799 (VIOLATED)
    Info (332115):    Slack        : -2.799 (VIOLATED)
    Info (332115):    From Node    : emu:emu|ikacore_CV1k:core|blit_top:u_blit|blit_fetch:u_blit_fetch|skid_hq[0]
    Info (332115):    To Node      : emu:emu|ikacore_CV1k:core|blit_top:u_blit|blit_gov:u_blit_gov|gp_need[23]_OTERM367
    Info (332115):    Launch Clock : emu|pll|pll_inst|altera_pll_i|cyclonev_pll|counter[0].output_counter|divclk
    Info (332115):    Latch Clock  : emu|pll|pll_inst|altera_pll_i|cyclonev_pll|counter[0].output_counter|divclk
    Info (332115):    Relationship : 6.504
    Info (332115):    Clock Skew   : -0.492
    Info (332115):    Data Delay   : 8.481
Info (332115): Path #3: Setup slack is -2.742 (VIOLATED)
    Info (332115):    Slack        : -2.742 (VIOLATED)
    Info (332115):    From Node    : emu:emu|ikacore_CV1k:core|blit_top:u_blit|blit_fetch:u_blit_fetch|skid_hq[0]
    Info (332115):    To Node      : emu:emu|ikacore_CV1k:core|blit_top:u_blit|blit_gov:u_blit_gov|gp_need[22]_OTERM331
    Info (332115):    Launch Clock : emu|pll|pll_inst|altera_pll_i|cyclonev_pll|counter[0].output_counter|divclk
    Info (332115):    Latch Clock  : emu|pll|pll_inst|altera_pll_i|cyclonev_pll|counter[0].output_counter|divclk
    Info (332115):    Relationship : 6.504
    Info (332115):    Clock Skew   : -0.490
    Info (332115):    Data Delay   : 8.426
########## c153-to draw ##########
Info (332115): Report Timing: Found 3 setup paths (3 violated).  Worst case slack is -3.139
    Info (332115): -to [get_registers {emu|core|u_blit|u_blit_draw|*}]
    Info (332115): -setup
    Info (332115): -npaths 3
    Info (332115): -detail summary
    Info (332115): -stdout
Info (332115): Path #1: Setup slack is -3.139 (VIOLATED)
    Info (332115):    Slack        : -3.139 (VIOLATED)
    Info (332115):    From Node    : emu:emu|ikacore_CV1k:core|blit_top:u_blit|blit_fetch:u_blit_fetch|altsyncram:fmem_rtl_0|altsyncram_5fk1:auto_generated|ram_block1a16~PORT_B_WRITE_ENABLE_REG
    Info (332115):    To Node      : emu:emu|ikacore_CV1k:core|blit_top:u_blit|blit_draw:u_blit_draw|fc_min_x[17]
    Info (332115):    Launch Clock : emu|pll|pll_inst|altera_pll_i|cyclonev_pll|counter[0].output_counter|divclk
    Info (332115):    Latch Clock  : emu|pll|pll_inst|altera_pll_i|cyclonev_pll|counter[0].output_counter|divclk
    Info (332115):    Relationship : 6.504
    Info (332115):    Clock Skew   : -1.680
    Info (332115):    Data Delay   : 7.633
Info (332115): Path #2: Setup slack is -3.048 (VIOLATED)
    Info (332115):    Slack        : -3.048 (VIOLATED)
    Info (332115):    From Node    : emu:emu|ikacore_CV1k:core|blit_top:u_blit|blit_draw:u_blit_draw|q_dst_x[8]
    Info (332115):    To Node      : emu:emu|ikacore_CV1k:core|blit_top:u_blit|blit_draw:u_blit_draw|q_strict_OTERM813
    Info (332115):    Launch Clock : emu|pll|pll_inst|altera_pll_i|cyclonev_pll|counter[0].output_counter|divclk
    Info (332115):    Latch Clock  : emu|pll|pll_inst|altera_pll_i|cyclonev_pll|counter[0].output_counter|divclk
    Info (332115):    Relationship : 6.504
    Info (332115):    Clock Skew   : -0.113
    Info (332115):    Data Delay   : 9.109
Info (332115): Path #3: Setup slack is -3.018 (VIOLATED)
    Info (332115):    Slack        : -3.018 (VIOLATED)
    Info (332115):    From Node    : emu:emu|ikacore_CV1k:core|blit_top:u_blit|blit_fetch:u_blit_fetch|altsyncram:fmem_rtl_0|altsyncram_5fk1:auto_generated|ram_block1a0~PORT_B_WRITE_ENABLE_REG
    Info (332115):    To Node      : emu:emu|ikacore_CV1k:core|blit_top:u_blit|blit_draw:u_blit_draw|fc_min_x[17]
    Info (332115):    Launch Clock : emu|pll|pll_inst|altera_pll_i|cyclonev_pll|counter[0].output_counter|divclk
    Info (332115):    Latch Clock  : emu|pll|pll_inst|altera_pll_i|cyclonev_pll|counter[0].output_counter|divclk
    Info (332115):    Relationship : 6.504
    Info (332115):    Clock Skew   : -1.176
    Info (332115):    Data Delay   : 8.016
########## c153-to fetch153 ##########
Info (332115): Report Timing: Found 3 setup paths (3 violated).  Worst case slack is -2.589
    Info (332115): -to [get_registers {emu|core|u_blit|u_blit_fetch|*}]
    Info (332115): -setup
    Info (332115): -npaths 3
    Info (332115): -detail summary
    Info (332115): -stdout
Info (332115): Path #1: Setup slack is -2.589 (VIOLATED)
    Info (332115):    Slack        : -2.589 (VIOLATED)
    Info (332115):    From Node    : emu:emu|ikacore_CV1k:core|blit_top:u_blit|blit_fetch:u_blit_fetch|w_need[6]_OTERM3347_OTERM5850
    Info (332115):    To Node      : emu:emu|ikacore_CV1k:core|blit_top:u_blit|blit_fetch:u_blit_fetch|w_is1
    Info (332115):    Launch Clock : emu|pll|pll_inst|altera_pll_i|cyclonev_pll|counter[0].output_counter|divclk
    Info (332115):    Latch Clock  : emu|pll|pll_inst|altera_pll_i|cyclonev_pll|counter[0].output_counter|divclk
    Info (332115):    Relationship : 6.504
    Info (332115):    Clock Skew   : -0.464
    Info (332115):    Data Delay   : 8.299
Info (332115): Path #2: Setup slack is -2.520 (VIOLATED)
    Info (332115):    Slack        : -2.520 (VIOLATED)
    Info (332115):    From Node    : emu:emu|ikacore_CV1k:core|blit_top:u_blit|blit_fetch:u_blit_fetch|w_need[4]_OTERM3319_OTERM5854
    Info (332115):    To Node      : emu:emu|ikacore_CV1k:core|blit_top:u_blit|blit_fetch:u_blit_fetch|w_is1
    Info (332115):    Launch Clock : emu|pll|pll_inst|altera_pll_i|cyclonev_pll|counter[0].output_counter|divclk
    Info (332115):    Latch Clock  : emu|pll|pll_inst|altera_pll_i|cyclonev_pll|counter[0].output_counter|divclk
    Info (332115):    Relationship : 6.504
    Info (332115):    Clock Skew   : -0.464
    Info (332115):    Data Delay   : 8.230
Info (332115): Path #3: Setup slack is -2.470 (VIOLATED)
    Info (332115):    Slack        : -2.470 (VIOLATED)
    Info (332115):    From Node    : emu:emu|ikacore_CV1k:core|blit_top:u_blit|blit_fetch:u_blit_fetch|w_need[0]_OTERM3287
    Info (332115):    To Node      : emu:emu|ikacore_CV1k:core|blit_top:u_blit|blit_fetch:u_blit_fetch|w_is1
    Info (332115):    Launch Clock : emu|pll|pll_inst|altera_pll_i|cyclonev_pll|counter[0].output_counter|divclk
    Info (332115):    Latch Clock  : emu|pll|pll_inst|altera_pll_i|cyclonev_pll|counter[0].output_counter|divclk
    Info (332115):    Relationship : 6.504
    Info (332115):    Clock Skew   : -0.464
    Info (332115):    Data Delay   : 8.180
########## c153-to video ##########
Info (332115): Report Timing: Found 3 setup paths (3 violated).  Worst case slack is -1.007
    Info (332115): -to [get_registers {emu|core|u_blit|u_blit_video|*}]
    Info (332115): -setup
    Info (332115): -npaths 3
    Info (332115): -detail summary
    Info (332115): -stdout
Info (332115): Path #1: Setup slack is -1.007 (VIOLATED)
    Info (332115):    Slack        : -1.007 (VIOLATED)
    Info (332115):    From Node    : emu:emu|ikacore_CV1k:core|blit_top:u_blit|blit_video:u_blit_video|hcnt[8]
    Info (332115):    To Node      : emu:emu|ikacore_CV1k:core|blit_top:u_blit|blit_video:u_blit_video|y_v[10]
    Info (332115):    Launch Clock : emu|pll|pll_inst|altera_pll_i|cyclonev_pll|counter[0].output_counter|divclk
    Info (332115):    Latch Clock  : emu|pll|pll_inst|altera_pll_i|cyclonev_pll|counter[0].output_counter|divclk
    Info (332115):    Relationship : 6.504
    Info (332115):    Clock Skew   : -0.108
    Info (332115):    Data Delay   : 7.073
Info (332115): Path #2: Setup slack is -0.926 (VIOLATED)
    Info (332115):    Slack        : -0.926 (VIOLATED)
    Info (332115):    From Node    : emu:emu|ikacore_CV1k:core|blit_top:u_blit|blit_video:u_blit_video|hcnt[8]
    Info (332115):    To Node      : emu:emu|ikacore_CV1k:core|blit_top:u_blit|blit_video:u_blit_video|y_v[10]
    Info (332115):    Launch Clock : emu|pll|pll_inst|altera_pll_i|cyclonev_pll|counter[0].output_counter|divclk
    Info (332115):    Latch Clock  : emu|pll|pll_inst|altera_pll_i|cyclonev_pll|counter[0].output_counter|divclk
    Info (332115):    Relationship : 6.504
    Info (332115):    Clock Skew   : -0.108
    Info (332115):    Data Delay   : 6.992
Info (332115): Path #3: Setup slack is -0.911 (VIOLATED)
    Info (332115):    Slack        : -0.911 (VIOLATED)
    Info (332115):    From Node    : emu:emu|ikacore_CV1k:core|blit_top:u_blit|blit_video:u_blit_video|hcnt[8]
    Info (332115):    To Node      : emu:emu|ikacore_CV1k:core|blit_top:u_blit|blit_video:u_blit_video|y_v[8]
    Info (332115):    Launch Clock : emu|pll|pll_inst|altera_pll_i|cyclonev_pll|counter[0].output_counter|divclk
    Info (332115):    Latch Clock  : emu|pll|pll_inst|altera_pll_i|cyclonev_pll|counter[0].output_counter|divclk
    Info (332115):    Relationship : 6.504
    Info (332115):    Clock Skew   : -0.111
    Info (332115):    Data Delay   : 6.974
########## c153-to batch ##########
Info (332115): Report Timing: Found 3 setup paths (3 violated).  Worst case slack is -3.043
    Info (332115): -to [get_registers {emu|core|u_batch|*}]
    Info (332115): -setup
    Info (332115): -npaths 3
    Info (332115): -detail summary
    Info (332115): -stdout
Info (332115): Path #1: Setup slack is -3.043 (VIOLATED)
    Info (332115):    Slack        : -3.043 (VIOLATED)
    Info (332115):    From Node    : emu:emu|ikacore_CV1k:core|blit_batch:u_batch|sch.S_RD
    Info (332115):    To Node      : emu:emu|ikacore_CV1k:core|blit_batch:u_batch|bb_stage:u_stage_dst|altsyncram:lane2_rtl_0|altsyncram_o8q1:auto_generated|ram_block1a10~portb_address_reg8
    Info (332115):    Launch Clock : emu|pll|pll_inst|altera_pll_i|cyclonev_pll|counter[0].output_counter|divclk
    Info (332115):    Latch Clock  : emu|pll|pll_inst|altera_pll_i|cyclonev_pll|counter[0].output_counter|divclk
    Info (332115):    Relationship : 6.504
    Info (332115):    Clock Skew   : -0.169
    Info (332115):    Data Delay   : 9.048
Info (332115): Path #2: Setup slack is -3.043 (VIOLATED)
    Info (332115):    Slack        : -3.043 (VIOLATED)
    Info (332115):    From Node    : emu:emu|ikacore_CV1k:core|blit_batch:u_batch|sch.S_RD
    Info (332115):    To Node      : emu:emu|ikacore_CV1k:core|blit_batch:u_batch|bb_stage:u_stage_dst|altsyncram:lane2_rtl_0|altsyncram_o8q1:auto_generated|ram_block1a10~portb_address_reg8
    Info (332115):    Launch Clock : emu|pll|pll_inst|altera_pll_i|cyclonev_pll|counter[0].output_counter|divclk
    Info (332115):    Latch Clock  : emu|pll|pll_inst|altera_pll_i|cyclonev_pll|counter[0].output_counter|divclk
    Info (332115):    Relationship : 6.504
    Info (332115):    Clock Skew   : -0.169
    Info (332115):    Data Delay   : 9.048
Info (332115): Path #3: Setup slack is -3.037 (VIOLATED)
    Info (332115):    Slack        : -3.037 (VIOLATED)
    Info (332115):    From Node    : emu:emu|ikacore_CV1k:core|blit_batch:u_batch|sch.S_RD
    Info (332115):    To Node      : emu:emu|ikacore_CV1k:core|blit_batch:u_batch|bb_stage:u_stage_dst|altsyncram:lane2_rtl_0|altsyncram_o8q1:auto_generated|ram_block1a10~portb_address_reg8
    Info (332115):    Launch Clock : emu|pll|pll_inst|altera_pll_i|cyclonev_pll|counter[0].output_counter|divclk
    Info (332115):    Latch Clock  : emu|pll|pll_inst|altera_pll_i|cyclonev_pll|counter[0].output_counter|divclk
    Info (332115):    Relationship : 6.504
    Info (332115):    Clock Skew   : -0.169
    Info (332115):    Data Delay   : 9.042
########## c153-to harness ##########
Info (332115): Report Timing: Found 3 setup paths (3 violated).  Worst case slack is -1.969
    Info (332115): -to [get_registers {emu|core|u_harness|*}]
    Info (332115): -setup
    Info (332115): -npaths 3
    Info (332115): -detail summary
    Info (332115): -stdout
Info (332115): Path #1: Setup slack is -1.969 (VIOLATED)
    Info (332115):    Slack        : -1.969 (VIOLATED)
    Info (332115):    From Node    : sysmem_lite:sysmem|sysmem_HPS_fpga_interfaces:fpga_interfaces|f2sdram~FF_3780
    Info (332115):    To Node      : emu:emu|ikacore_CV1k:core|CV1k_ddr3_harness:u_harness|DDRAM_BURSTCNT[5]
    Info (332115):    Launch Clock : emu|pll|pll_inst|altera_pll_i|cyclonev_pll|counter[0].output_counter|divclk
    Info (332115):    Latch Clock  : emu|pll|pll_inst|altera_pll_i|cyclonev_pll|counter[0].output_counter|divclk
    Info (332115):    Relationship : 6.504
    Info (332115):    Clock Skew   : -1.183
    Info (332115):    Data Delay   : 6.960
Info (332115): Path #2: Setup slack is -1.925 (VIOLATED)
    Info (332115):    Slack        : -1.925 (VIOLATED)
    Info (332115):    From Node    : sysmem_lite:sysmem|sysmem_HPS_fpga_interfaces:fpga_interfaces|f2sdram~FF_3777
    Info (332115):    To Node      : emu:emu|ikacore_CV1k:core|CV1k_ddr3_harness:u_harness|DDRAM_BURSTCNT[5]
    Info (332115):    Launch Clock : emu|pll|pll_inst|altera_pll_i|cyclonev_pll|counter[0].output_counter|divclk
    Info (332115):    Latch Clock  : emu|pll|pll_inst|altera_pll_i|cyclonev_pll|counter[0].output_counter|divclk
    Info (332115):    Relationship : 6.504
    Info (332115):    Clock Skew   : -0.912
    Info (332115):    Data Delay   : 7.187
Info (332115): Path #3: Setup slack is -1.813 (VIOLATED)
    Info (332115):    Slack        : -1.813 (VIOLATED)
    Info (332115):    From Node    : sysmem_lite:sysmem|sysmem_HPS_fpga_interfaces:fpga_interfaces|f2sdram~FF_3780
    Info (332115):    To Node      : emu:emu|ikacore_CV1k:core|CV1k_ddr3_harness:u_harness|DDRAM_BURSTCNT[4]
    Info (332115):    Launch Clock : emu|pll|pll_inst|altera_pll_i|cyclonev_pll|counter[0].output_counter|divclk
    Info (332115):    Latch Clock  : emu|pll|pll_inst|altera_pll_i|cyclonev_pll|counter[0].output_counter|divclk
    Info (332115):    Relationship : 6.504
    Info (332115):    Clock Skew   : -1.188
    Info (332115):    Data Delay   : 6.799
########## c153-to nand ##########
Info (332115): Report Timing: Found 3 setup paths (3 violated).  Worst case slack is -2.894
    Info (332115): -to [get_registers {emu|core|u_u2_nand|*}]
    Info (332115): -setup
    Info (332115): -npaths 3
    Info (332115): -detail summary
    Info (332115): -stdout
Info (332115): Path #1: Setup slack is -2.894 (VIOLATED)
    Info (332115):    Slack        : -2.894 (VIOLATED)
    Info (332115):    From Node    : sysmem_lite:sysmem|sysmem_HPS_fpga_interfaces:fpga_interfaces|f2sdram~FF_3804
    Info (332115):    To Node      : emu:emu|ikacore_CV1k:core|CV1k_nand:u_u2_nand|mode.M_ID
    Info (332115):    Launch Clock : emu|pll|pll_inst|altera_pll_i|cyclonev_pll|counter[0].output_counter|divclk
    Info (332115):    Latch Clock  : emu|pll|pll_inst|altera_pll_i|cyclonev_pll|counter[0].output_counter|divclk
    Info (332115):    Relationship : 6.504
    Info (332115):    Clock Skew   : -1.260
    Info (332115):    Data Delay   : 7.808
Info (332115): Path #2: Setup slack is -2.788 (VIOLATED)
    Info (332115):    Slack        : -2.788 (VIOLATED)
    Info (332115):    From Node    : sysmem_lite:sysmem|sysmem_HPS_fpga_interfaces:fpga_interfaces|f2sdram~FF_3804
    Info (332115):    To Node      : emu:emu|ikacore_CV1k:core|CV1k_nand:u_u2_nand|mode.M_ID
    Info (332115):    Launch Clock : emu|pll|pll_inst|altera_pll_i|cyclonev_pll|counter[0].output_counter|divclk
    Info (332115):    Latch Clock  : emu|pll|pll_inst|altera_pll_i|cyclonev_pll|counter[0].output_counter|divclk
    Info (332115):    Relationship : 6.504
    Info (332115):    Clock Skew   : -1.260
    Info (332115):    Data Delay   : 7.702
Info (332115): Path #3: Setup slack is -2.625 (VIOLATED)
    Info (332115):    Slack        : -2.625 (VIOLATED)
    Info (332115):    From Node    : sysmem_lite:sysmem|sysmem_HPS_fpga_interfaces:fpga_interfaces|f2sdram~FF_3804
    Info (332115):    To Node      : emu:emu|ikacore_CV1k:core|CV1k_nand:u_u2_nand|mode.M_STATUS
    Info (332115):    Launch Clock : emu|pll|pll_inst|altera_pll_i|cyclonev_pll|counter[0].output_counter|divclk
    Info (332115):    Latch Clock  : emu|pll|pll_inst|altera_pll_i|cyclonev_pll|counter[0].output_counter|divclk
    Info (332115):    Relationship : 6.504
    Info (332115):    Clock Skew   : -1.256
    Info (332115):    Data Delay   : 7.543
########## c153-to ioctl ##########
Info (332115): Report Timing: Found 3 setup paths (3 violated).  Worst case slack is -0.886
    Info (332115): -to [get_registers {emu|core|u_ioctl|*}]
    Info (332115): -setup
    Info (332115): -npaths 3
    Info (332115): -detail summary
    Info (332115): -stdout
Info (332115): Path #1: Setup slack is -0.886 (VIOLATED)
    Info (332115):    Slack        : -0.886 (VIOLATED)
    Info (332115):    From Node    : emu:emu|hps_io:hps_io|ioctl_index[12]
    Info (332115):    To Node      : emu:emu|ikacore_CV1k:core|CV1k_ioctl:u_ioctl|pk_data[19]
    Info (332115):    Launch Clock : emu|pll|pll_inst|altera_pll_i|cyclonev_pll|counter[1].output_counter|divclk
    Info (332115):    Latch Clock  : emu|pll|pll_inst|altera_pll_i|cyclonev_pll|counter[1].output_counter|divclk
    Info (332115):    Relationship : 9.756
    Info (332115):    Clock Skew   : -0.447
    Info (332115):    Data Delay   : 9.995
Info (332115): Path #2: Setup slack is -0.882 (VIOLATED)
    Info (332115):    Slack        : -0.882 (VIOLATED)
    Info (332115):    From Node    : emu:emu|hps_io:hps_io|ioctl_index[15]
    Info (332115):    To Node      : emu:emu|ikacore_CV1k:core|CV1k_ioctl:u_ioctl|pk_data[19]
    Info (332115):    Launch Clock : emu|pll|pll_inst|altera_pll_i|cyclonev_pll|counter[1].output_counter|divclk
    Info (332115):    Latch Clock  : emu|pll|pll_inst|altera_pll_i|cyclonev_pll|counter[1].output_counter|divclk
    Info (332115):    Relationship : 9.756
    Info (332115):    Clock Skew   : -0.447
    Info (332115):    Data Delay   : 9.991
Info (332115): Path #3: Setup slack is -0.860 (VIOLATED)
    Info (332115):    Slack        : -0.860 (VIOLATED)
    Info (332115):    From Node    : emu:emu|hps_io:hps_io|ioctl_index[9]
    Info (332115):    To Node      : emu:emu|ikacore_CV1k:core|CV1k_ioctl:u_ioctl|pk_data[19]
    Info (332115):    Launch Clock : emu|pll|pll_inst|altera_pll_i|cyclonev_pll|counter[1].output_counter|divclk
    Info (332115):    Latch Clock  : emu|pll|pll_inst|altera_pll_i|cyclonev_pll|counter[1].output_counter|divclk
    Info (332115):    Relationship : 9.756
    Info (332115):    Clock Skew   : -0.441
    Info (332115):    Data Delay   : 9.975
########## c153-from govF ##########
Info (332115): Report Timing: Found 3 setup paths (3 violated).  Worst case slack is -2.692
    Info (332115): -from [get_registers {emu|core|u_blit|u_blit_gov|*}]
    Info (332115): -setup
    Info (332115): -npaths 3
    Info (332115): -detail summary
    Info (332115): -stdout
Info (332115): Path #1: Setup slack is -2.692 (VIOLATED)
    Info (332115):    Slack        : -2.692 (VIOLATED)
    Info (332115):    From Node    : emu:emu|ikacore_CV1k:core|blit_top:u_blit|blit_gov:u_blit_gov|engine_free[43]_OTERM4391
    Info (332115):    To Node      : emu:emu|ikacore_CV1k:core|blit_top:u_blit|blit_gov:u_blit_gov|o_busy
    Info (332115):    Launch Clock : emu|pll|pll_inst|altera_pll_i|cyclonev_pll|counter[0].output_counter|divclk
    Info (332115):    Latch Clock  : emu|pll|pll_inst|altera_pll_i|cyclonev_pll|counter[0].output_counter|divclk
    Info (332115):    Relationship : 6.504
    Info (332115):    Clock Skew   : -0.517
    Info (332115):    Data Delay   : 8.349
Info (332115): Path #2: Setup slack is -2.631 (VIOLATED)
    Info (332115):    Slack        : -2.631 (VIOLATED)
    Info (332115):    From Node    : emu:emu|ikacore_CV1k:core|blit_top:u_blit|blit_gov:u_blit_gov|engine_free[35]_OTERM6034
    Info (332115):    To Node      : emu:emu|ikacore_CV1k:core|blit_top:u_blit|blit_gov:u_blit_gov|o_busy
    Info (332115):    Launch Clock : emu|pll|pll_inst|altera_pll_i|cyclonev_pll|counter[0].output_counter|divclk
    Info (332115):    Latch Clock  : emu|pll|pll_inst|altera_pll_i|cyclonev_pll|counter[0].output_counter|divclk
    Info (332115):    Relationship : 6.504
    Info (332115):    Clock Skew   : -0.522
    Info (332115):    Data Delay   : 8.283
Info (332115): Path #3: Setup slack is -2.609 (VIOLATED)
    Info (332115):    Slack        : -2.609 (VIOLATED)
    Info (332115):    From Node    : emu:emu|ikacore_CV1k:core|blit_top:u_blit|blit_gov:u_blit_gov|now[19]
    Info (332115):    To Node      : emu:emu|ikacore_CV1k:core|blit_top:u_blit|blit_gov:u_blit_gov|o_busy
    Info (332115):    Launch Clock : emu|pll|pll_inst|altera_pll_i|cyclonev_pll|counter[0].output_counter|divclk
    Info (332115):    Latch Clock  : emu|pll|pll_inst|altera_pll_i|cyclonev_pll|counter[0].output_counter|divclk
    Info (332115):    Relationship : 6.504
    Info (332115):    Clock Skew   : -0.523
    Info (332115):    Data Delay   : 8.260
########## c153-from drawF ##########
Info (332115): Report Timing: Found 3 setup paths (3 violated).  Worst case slack is -3.048
    Info (332115): -from [get_registers {emu|core|u_blit|u_blit_draw|*}]
    Info (332115): -setup
    Info (332115): -npaths 3
    Info (332115): -detail summary
    Info (332115): -stdout
Info (332115): Path #1: Setup slack is -3.048 (VIOLATED)
    Info (332115):    Slack        : -3.048 (VIOLATED)
    Info (332115):    From Node    : emu:emu|ikacore_CV1k:core|blit_top:u_blit|blit_draw:u_blit_draw|q_dst_x[8]
    Info (332115):    To Node      : emu:emu|ikacore_CV1k:core|blit_top:u_blit|blit_draw:u_blit_draw|q_strict_OTERM813
    Info (332115):    Launch Clock : emu|pll|pll_inst|altera_pll_i|cyclonev_pll|counter[0].output_counter|divclk
    Info (332115):    Latch Clock  : emu|pll|pll_inst|altera_pll_i|cyclonev_pll|counter[0].output_counter|divclk
    Info (332115):    Relationship : 6.504
    Info (332115):    Clock Skew   : -0.113
    Info (332115):    Data Delay   : 9.109
Info (332115): Path #2: Setup slack is -3.008 (VIOLATED)
    Info (332115):    Slack        : -3.008 (VIOLATED)
    Info (332115):    From Node    : emu:emu|ikacore_CV1k:core|blit_top:u_blit|blit_draw:u_blit_draw|q_dst_x[8]
    Info (332115):    To Node      : emu:emu|ikacore_CV1k:core|blit_top:u_blit|blit_draw:u_blit_draw|q_strict_OTERM813
    Info (332115):    Launch Clock : emu|pll|pll_inst|altera_pll_i|cyclonev_pll|counter[0].output_counter|divclk
    Info (332115):    Latch Clock  : emu|pll|pll_inst|altera_pll_i|cyclonev_pll|counter[0].output_counter|divclk
    Info (332115):    Relationship : 6.504
    Info (332115):    Clock Skew   : -0.113
    Info (332115):    Data Delay   : 9.069
Info (332115): Path #3: Setup slack is -2.929 (VIOLATED)
    Info (332115):    Slack        : -2.929 (VIOLATED)
    Info (332115):    From Node    : emu:emu|ikacore_CV1k:core|blit_top:u_blit|blit_draw:u_blit_draw|q_dst_x[8]
    Info (332115):    To Node      : emu:emu|ikacore_CV1k:core|blit_top:u_blit|blit_draw:u_blit_draw|q_waitpipe_OTERM291_OTERM3948
    Info (332115):    Launch Clock : emu|pll|pll_inst|altera_pll_i|cyclonev_pll|counter[0].output_counter|divclk
    Info (332115):    Latch Clock  : emu|pll|pll_inst|altera_pll_i|cyclonev_pll|counter[0].output_counter|divclk
    Info (332115):    Relationship : 6.504
    Info (332115):    Clock Skew   : -0.119
    Info (332115):    Data Delay   : 8.984
########## c153-from fetchF ##########
Info (332115): Report Timing: Found 3 setup paths (3 violated).  Worst case slack is -3.139
    Info (332115): -from [get_registers {emu|core|u_blit|u_blit_fetch|*}]
    Info (332115): -setup
    Info (332115): -npaths 3
    Info (332115): -detail summary
    Info (332115): -stdout
Info (332115): Path #1: Setup slack is -3.139 (VIOLATED)
    Info (332115):    Slack        : -3.139 (VIOLATED)
    Info (332115):    From Node    : emu:emu|ikacore_CV1k:core|blit_top:u_blit|blit_fetch:u_blit_fetch|altsyncram:fmem_rtl_0|altsyncram_5fk1:auto_generated|ram_block1a16~PORT_B_WRITE_ENABLE_REG
    Info (332115):    To Node      : emu:emu|ikacore_CV1k:core|blit_top:u_blit|blit_draw:u_blit_draw|fc_min_x[17]
    Info (332115):    Launch Clock : emu|pll|pll_inst|altera_pll_i|cyclonev_pll|counter[0].output_counter|divclk
    Info (332115):    Latch Clock  : emu|pll|pll_inst|altera_pll_i|cyclonev_pll|counter[0].output_counter|divclk
    Info (332115):    Relationship : 6.504
    Info (332115):    Clock Skew   : -1.680
    Info (332115):    Data Delay   : 7.633
Info (332115): Path #2: Setup slack is -3.018 (VIOLATED)
    Info (332115):    Slack        : -3.018 (VIOLATED)
    Info (332115):    From Node    : emu:emu|ikacore_CV1k:core|blit_top:u_blit|blit_fetch:u_blit_fetch|altsyncram:fmem_rtl_0|altsyncram_5fk1:auto_generated|ram_block1a0~PORT_B_WRITE_ENABLE_REG
    Info (332115):    To Node      : emu:emu|ikacore_CV1k:core|blit_top:u_blit|blit_draw:u_blit_draw|fc_min_x[17]
    Info (332115):    Launch Clock : emu|pll|pll_inst|altera_pll_i|cyclonev_pll|counter[0].output_counter|divclk
    Info (332115):    Latch Clock  : emu|pll|pll_inst|altera_pll_i|cyclonev_pll|counter[0].output_counter|divclk
    Info (332115):    Relationship : 6.504
    Info (332115):    Clock Skew   : -1.176
    Info (332115):    Data Delay   : 8.016
Info (332115): Path #3: Setup slack is -2.958 (VIOLATED)
    Info (332115):    Slack        : -2.958 (VIOLATED)
    Info (332115):    From Node    : emu:emu|ikacore_CV1k:core|blit_top:u_blit|blit_fetch:u_blit_fetch|altsyncram:fmem_rtl_0|altsyncram_5fk1:auto_generated|ram_block1a19~PORT_B_WRITE_ENABLE_REG
    Info (332115):    To Node      : emu:emu|ikacore_CV1k:core|blit_top:u_blit|blit_draw:u_blit_draw|fc_min_x[17]
    Info (332115):    Launch Clock : emu|pll|pll_inst|altera_pll_i|cyclonev_pll|counter[0].output_counter|divclk
    Info (332115):    Latch Clock  : emu|pll|pll_inst|altera_pll_i|cyclonev_pll|counter[0].output_counter|divclk
    Info (332115):    Relationship : 6.504
    Info (332115):    Clock Skew   : -1.162
    Info (332115):    Data Delay   : 7.970
########## c153-from batchF ##########
Info (332115): Report Timing: Found 3 setup paths (3 violated).  Worst case slack is -3.043
    Info (332115): -from [get_registers {emu|core|u_batch|*}]
    Info (332115): -setup
    Info (332115): -npaths 3
    Info (332115): -detail summary
    Info (332115): -stdout
Info (332115): Path #1: Setup slack is -3.043 (VIOLATED)
    Info (332115):    Slack        : -3.043 (VIOLATED)
    Info (332115):    From Node    : emu:emu|ikacore_CV1k:core|blit_batch:u_batch|sch.S_RD
    Info (332115):    To Node      : emu:emu|ikacore_CV1k:core|blit_batch:u_batch|bb_stage:u_stage_dst|altsyncram:lane2_rtl_0|altsyncram_o8q1:auto_generated|ram_block1a10~portb_address_reg8
    Info (332115):    Launch Clock : emu|pll|pll_inst|altera_pll_i|cyclonev_pll|counter[0].output_counter|divclk
    Info (332115):    Latch Clock  : emu|pll|pll_inst|altera_pll_i|cyclonev_pll|counter[0].output_counter|divclk
    Info (332115):    Relationship : 6.504
    Info (332115):    Clock Skew   : -0.169
    Info (332115):    Data Delay   : 9.048
Info (332115): Path #2: Setup slack is -3.043 (VIOLATED)
    Info (332115):    Slack        : -3.043 (VIOLATED)
    Info (332115):    From Node    : emu:emu|ikacore_CV1k:core|blit_batch:u_batch|sch.S_RD
    Info (332115):    To Node      : emu:emu|ikacore_CV1k:core|blit_batch:u_batch|bb_stage:u_stage_dst|altsyncram:lane2_rtl_0|altsyncram_o8q1:auto_generated|ram_block1a10~portb_address_reg8
    Info (332115):    Launch Clock : emu|pll|pll_inst|altera_pll_i|cyclonev_pll|counter[0].output_counter|divclk
    Info (332115):    Latch Clock  : emu|pll|pll_inst|altera_pll_i|cyclonev_pll|counter[0].output_counter|divclk
    Info (332115):    Relationship : 6.504
    Info (332115):    Clock Skew   : -0.169
    Info (332115):    Data Delay   : 9.048
Info (332115): Path #3: Setup slack is -3.037 (VIOLATED)
    Info (332115):    Slack        : -3.037 (VIOLATED)
    Info (332115):    From Node    : emu:emu|ikacore_CV1k:core|blit_batch:u_batch|sch.S_RD
    Info (332115):    To Node      : emu:emu|ikacore_CV1k:core|blit_batch:u_batch|bb_stage:u_stage_dst|altsyncram:lane2_rtl_0|altsyncram_o8q1:auto_generated|ram_block1a10~portb_address_reg8
    Info (332115):    Launch Clock : emu|pll|pll_inst|altera_pll_i|cyclonev_pll|counter[0].output_counter|divclk
    Info (332115):    Latch Clock  : emu|pll|pll_inst|altera_pll_i|cyclonev_pll|counter[0].output_counter|divclk
    Info (332115):    Relationship : 6.504
    Info (332115):    Clock Skew   : -0.169
    Info (332115):    Data Delay   : 9.042
########## c153-from harnessF ##########
Info (332115): Report Timing: Found 3 setup paths (3 violated).  Worst case slack is -2.432
    Info (332115): -from [get_registers {emu|core|u_harness|*}]
    Info (332115): -setup
    Info (332115): -npaths 3
    Info (332115): -detail summary
    Info (332115): -stdout
Info (332115): Path #1: Setup slack is -2.432 (VIOLATED)
    Info (332115):    Slack        : -2.432 (VIOLATED)
    Info (332115):    From Node    : emu:emu|ikacore_CV1k:core|CV1k_ddr3_harness:u_harness|altsyncram:oq_rtl_0|altsyncram_72k1:auto_generated|ram_block1a8~PORT_B_WRITE_ENABLE_REG
    Info (332115):    To Node      : emu:emu|ikacore_CV1k:core|CV1k_nand:u_u2_nand|mode.M_ID
    Info (332115):    Launch Clock : emu|pll|pll_inst|altera_pll_i|cyclonev_pll|counter[0].output_counter|divclk
    Info (332115):    Latch Clock  : emu|pll|pll_inst|altera_pll_i|cyclonev_pll|counter[0].output_counter|divclk
    Info (332115):    Relationship : 6.504
    Info (332115):    Clock Skew   : -2.477
    Info (332115):    Data Delay   : 6.129
Info (332115): Path #2: Setup slack is -2.385 (VIOLATED)
    Info (332115):    Slack        : -2.385 (VIOLATED)
    Info (332115):    From Node    : emu:emu|ikacore_CV1k:core|CV1k_ddr3_harness:u_harness|altsyncram:oq_rtl_0|altsyncram_72k1:auto_generated|ram_block1a8~PORT_B_WRITE_ENABLE_REG
    Info (332115):    To Node      : emu:emu|ikacore_CV1k:core|CV1k_nand:u_u2_nand|mode.M_ID
    Info (332115):    Launch Clock : emu|pll|pll_inst|altera_pll_i|cyclonev_pll|counter[0].output_counter|divclk
    Info (332115):    Latch Clock  : emu|pll|pll_inst|altera_pll_i|cyclonev_pll|counter[0].output_counter|divclk
    Info (332115):    Relationship : 6.504
    Info (332115):    Clock Skew   : -2.477
    Info (332115):    Data Delay   : 6.082
Info (332115): Path #3: Setup slack is -2.326 (VIOLATED)
    Info (332115):    Slack        : -2.326 (VIOLATED)
    Info (332115):    From Node    : emu:emu|ikacore_CV1k:core|CV1k_ddr3_harness:u_harness|altsyncram:oq_rtl_0|altsyncram_72k1:auto_generated|ram_block1a8~PORT_B_WRITE_ENABLE_REG
    Info (332115):    To Node      : emu:emu|ikacore_CV1k:core|CV1k_nand:u_u2_nand|mode.M_ID
    Info (332115):    Launch Clock : emu|pll|pll_inst|altera_pll_i|cyclonev_pll|counter[0].output_counter|divclk
    Info (332115):    Latch Clock  : emu|pll|pll_inst|altera_pll_i|cyclonev_pll|counter[0].output_counter|divclk
    Info (332115):    Relationship : 6.504
    Info (332115):    Clock Skew   : -2.477
    Info (332115):    Data Delay   : 6.023
########## c102-to cache ##########
Info (332115): Report Timing: Found 3 setup paths (3 violated).  Worst case slack is -4.104
    Info (332115): -to [get_registers {emu|core|u_hs3|u_cpu|u_cache|*}]
    Info (332115): -setup
    Info (332115): -npaths 3
    Info (332115): -detail summary
    Info (332115): -stdout
Info (332115): Path #1: Setup slack is -4.104 (VIOLATED)
    Info (332115):    Slack        : -4.104 (VIOLATED)
    Info (332115):    From Node    : emu:emu|ikacore_CV1k:core|HS3:u_hs3|cpu_core:u_cpu|int_pipe:u_int_pipe|fwd_lane_b_agu[0]
    Info (332115):    To Node      : emu:emu|ikacore_CV1k:core|HS3:u_hs3|cpu_core:u_cpu|cache:u_cache|state.S_IDLE
    Info (332115):    Launch Clock : emu|pll|pll_inst|altera_pll_i|cyclonev_pll|counter[1].output_counter|divclk
    Info (332115):    Latch Clock  : emu|pll|pll_inst|altera_pll_i|cyclonev_pll|counter[1].output_counter|divclk
    Info (332115):    Relationship : 9.756
    Info (332115):    Clock Skew   : -0.503
    Info (332115):    Data Delay   : 13.157
Info (332115): Path #2: Setup slack is -4.067 (VIOLATED)
    Info (332115):    Slack        : -4.067 (VIOLATED)
    Info (332115):    From Node    : emu:emu|ikacore_CV1k:core|HS3:u_hs3|cpu_core:u_cpu|int_pipe:u_int_pipe|fwd_lane_b_agu[0]
    Info (332115):    To Node      : emu:emu|ikacore_CV1k:core|HS3:u_hs3|cpu_core:u_cpu|cache:u_cache|state.S_IDLE
    Info (332115):    Launch Clock : emu|pll|pll_inst|altera_pll_i|cyclonev_pll|counter[1].output_counter|divclk
    Info (332115):    Latch Clock  : emu|pll|pll_inst|altera_pll_i|cyclonev_pll|counter[1].output_counter|divclk
    Info (332115):    Relationship : 9.756
    Info (332115):    Clock Skew   : -0.503
    Info (332115):    Data Delay   : 13.120
Info (332115): Path #3: Setup slack is -4.057 (VIOLATED)
    Info (332115):    Slack        : -4.057 (VIOLATED)
    Info (332115):    From Node    : emu:emu|ikacore_CV1k:core|HS3:u_hs3|cpu_core:u_cpu|int_pipe:u_int_pipe|fwd_wbsel_a_agu
    Info (332115):    To Node      : emu:emu|ikacore_CV1k:core|HS3:u_hs3|cpu_core:u_cpu|cache:u_cache|state.S_IDLE
    Info (332115):    Launch Clock : emu|pll|pll_inst|altera_pll_i|cyclonev_pll|counter[1].output_counter|divclk
    Info (332115):    Latch Clock  : emu|pll|pll_inst|altera_pll_i|cyclonev_pll|counter[1].output_counter|divclk
    Info (332115):    Relationship : 9.756
    Info (332115):    Clock Skew   : -0.528
    Info (332115):    Data Delay   : 13.085
########## c102-to intpipe ##########
Info (332115): Report Timing: Found 3 setup paths (3 violated).  Worst case slack is -3.615
    Info (332115): -to [get_registers {emu|core|u_hs3|u_cpu|u_int_pipe|*}]
    Info (332115): -setup
    Info (332115): -npaths 3
    Info (332115): -detail summary
    Info (332115): -stdout
Info (332115): Path #1: Setup slack is -3.615 (VIOLATED)
    Info (332115):    Slack        : -3.615 (VIOLATED)
    Info (332115):    From Node    : emu:emu|ikacore_CV1k:core|HS3:u_hs3|cpu_core:u_cpu|int_pipe:u_int_pipe|mawb.gpr0_data[3]
    Info (332115):    To Node      : emu:emu|ikacore_CV1k:core|HS3:u_hs3|cpu_core:u_cpu|int_pipe:u_int_pipe|exma.gpr0_data[11]
    Info (332115):    Launch Clock : emu|pll|pll_inst|altera_pll_i|cyclonev_pll|counter[1].output_counter|divclk
    Info (332115):    Latch Clock  : emu|pll|pll_inst|altera_pll_i|cyclonev_pll|counter[1].output_counter|divclk
    Info (332115):    Relationship : 9.756
    Info (332115):    Clock Skew   : -0.535
    Info (332115):    Data Delay   : 12.636
Info (332115): Path #2: Setup slack is -3.614 (VIOLATED)
    Info (332115):    Slack        : -3.614 (VIOLATED)
    Info (332115):    From Node    : emu:emu|ikacore_CV1k:core|HS3:u_hs3|cpu_core:u_cpu|int_pipe:u_int_pipe|mawb.gpr0_data[3]
    Info (332115):    To Node      : emu:emu|ikacore_CV1k:core|HS3:u_hs3|cpu_core:u_cpu|int_pipe:u_int_pipe|exma.gpr0_data[11]
    Info (332115):    Launch Clock : emu|pll|pll_inst|altera_pll_i|cyclonev_pll|counter[1].output_counter|divclk
    Info (332115):    Latch Clock  : emu|pll|pll_inst|altera_pll_i|cyclonev_pll|counter[1].output_counter|divclk
    Info (332115):    Relationship : 9.756
    Info (332115):    Clock Skew   : -0.535
    Info (332115):    Data Delay   : 12.635
Info (332115): Path #3: Setup slack is -3.598 (VIOLATED)
    Info (332115):    Slack        : -3.598 (VIOLATED)
    Info (332115):    From Node    : emu:emu|ikacore_CV1k:core|HS3:u_hs3|cpu_core:u_cpu|int_pipe:u_int_pipe|mawb.gpr0_data[3]
    Info (332115):    To Node      : emu:emu|ikacore_CV1k:core|HS3:u_hs3|cpu_core:u_cpu|int_pipe:u_int_pipe|exma.gpr0_data[11]
    Info (332115):    Launch Clock : emu|pll|pll_inst|altera_pll_i|cyclonev_pll|counter[1].output_counter|divclk
    Info (332115):    Latch Clock  : emu|pll|pll_inst|altera_pll_i|cyclonev_pll|counter[1].output_counter|divclk
    Info (332115):    Relationship : 9.756
    Info (332115):    Clock Skew   : -0.535
    Info (332115):    Data Delay   : 12.619
########## c102-to bsc ##########
Info (332115): Report Timing: Found 3 setup paths (3 violated).  Worst case slack is -3.225
    Info (332115): -to [get_registers {emu|core|u_hs3|u_bsc|*}]
    Info (332115): -setup
    Info (332115): -npaths 3
    Info (332115): -detail summary
    Info (332115): -stdout
Info (332115): Path #1: Setup slack is -3.225 (VIOLATED)
    Info (332115):    Slack        : -3.225 (VIOLATED)
    Info (332115):    From Node    : emu:emu|ikacore_CV1k:core|HS3:u_hs3|cpu_core:u_cpu|cache:u_cache|state.S_DRAIN_REQ_OTERM1840_OTERM8376
    Info (332115):    To Node      : emu:emu|ikacore_CV1k:core|HS3:u_hs3|bsc:u_bsc|pbs_size_q[0]
    Info (332115):    Launch Clock : emu|pll|pll_inst|altera_pll_i|cyclonev_pll|counter[1].output_counter|divclk
    Info (332115):    Latch Clock  : emu|pll|pll_inst|altera_pll_i|cyclonev_pll|counter[1].output_counter|divclk
    Info (332115):    Relationship : 9.756
    Info (332115):    Clock Skew   : -0.521
    Info (332115):    Data Delay   : 12.260
Info (332115): Path #2: Setup slack is -3.225 (VIOLATED)
    Info (332115):    Slack        : -3.225 (VIOLATED)
    Info (332115):    From Node    : emu:emu|ikacore_CV1k:core|HS3:u_hs3|cpu_core:u_cpu|cache:u_cache|state.S_DRAIN_REQ_OTERM1840_OTERM8376
    Info (332115):    To Node      : emu:emu|ikacore_CV1k:core|HS3:u_hs3|bsc:u_bsc|pbs_size_q[1]
    Info (332115):    Launch Clock : emu|pll|pll_inst|altera_pll_i|cyclonev_pll|counter[1].output_counter|divclk
    Info (332115):    Latch Clock  : emu|pll|pll_inst|altera_pll_i|cyclonev_pll|counter[1].output_counter|divclk
    Info (332115):    Relationship : 9.756
    Info (332115):    Clock Skew   : -0.525
    Info (332115):    Data Delay   : 12.256
Info (332115): Path #3: Setup slack is -3.216 (VIOLATED)
    Info (332115):    Slack        : -3.216 (VIOLATED)
    Info (332115):    From Node    : emu:emu|ikacore_CV1k:core|HS3:u_hs3|cpu_core:u_cpu|cache:u_cache|state.S_DRAIN_REQ_OTERM1840_OTERM8376
    Info (332115):    To Node      : emu:emu|ikacore_CV1k:core|HS3:u_hs3|bsc:u_bsc|obuf~8
    Info (332115):    Launch Clock : emu|pll|pll_inst|altera_pll_i|cyclonev_pll|counter[1].output_counter|divclk
    Info (332115):    Latch Clock  : emu|pll|pll_inst|altera_pll_i|cyclonev_pll|counter[1].output_counter|divclk
    Info (332115):    Relationship : 9.756
    Info (332115):    Clock Skew   : -0.513
    Info (332115):    Data Delay   : 12.259
########## c102-to pump ##########
Info (332115): Report Timing: Found 3 setup paths (3 violated).  Worst case slack is -3.058
    Info (332115): -to [get_registers {emu|core|u_pump|*}]
    Info (332115): -setup
    Info (332115): -npaths 3
    Info (332115): -detail summary
    Info (332115): -stdout
Info (332115): Path #1: Setup slack is -3.058 (VIOLATED)
    Info (332115):    Slack        : -3.058 (VIOLATED)
    Info (332115):    From Node    : emu:emu|ikacore_CV1k:core|CV1k_sdram_control:u_pump|dq_n[11]
    Info (332115):    To Node      : emu:emu|ikacore_CV1k:core|CV1k_sdram_control:u_pump|nor_data[11]
    Info (332115):    Launch Clock : emu|pll|pll_inst|altera_pll_i|cyclonev_pll|counter[1].output_counter|divclk (INVERTED)
    Info (332115):    Latch Clock  : emu|pll|pll_inst|altera_pll_i|cyclonev_pll|counter[1].output_counter|divclk
    Info (332115):    Relationship : 4.878
    Info (332115):    Clock Skew   : -1.373
    Info (332115):    Data Delay   : 6.363
Info (332115): Path #2: Setup slack is -2.894 (VIOLATED)
    Info (332115):    Slack        : -2.894 (VIOLATED)
    Info (332115):    From Node    : emu:emu|ikacore_CV1k:core|CV1k_sdram_control:u_pump|dq_n[11]
    Info (332115):    To Node      : emu:emu|ikacore_CV1k:core|CV1k_sdram_control:u_pump|rd_hi_e[11]
    Info (332115):    Launch Clock : emu|pll|pll_inst|altera_pll_i|cyclonev_pll|counter[1].output_counter|divclk (INVERTED)
    Info (332115):    Latch Clock  : emu|pll|pll_inst|altera_pll_i|cyclonev_pll|counter[1].output_counter|divclk
    Info (332115):    Relationship : 4.878
    Info (332115):    Clock Skew   : -1.357
    Info (332115):    Data Delay   : 6.215
Info (332115): Path #3: Setup slack is -2.891 (VIOLATED)
    Info (332115):    Slack        : -2.891 (VIOLATED)
    Info (332115):    From Node    : emu:emu|ikacore_CV1k:core|CV1k_sdram_control:u_pump|dq_n[11]
    Info (332115):    To Node      : emu:emu|ikacore_CV1k:core|CV1k_sdram_control:u_pump|rd_lo[11]
    Info (332115):    Launch Clock : emu|pll|pll_inst|altera_pll_i|cyclonev_pll|counter[1].output_counter|divclk (INVERTED)
    Info (332115):    Latch Clock  : emu|pll|pll_inst|altera_pll_i|cyclonev_pll|counter[1].output_counter|divclk
    Info (332115):    Relationship : 4.878
    Info (332115):    Clock Skew   : -1.353
    Info (332115):    Data Delay   : 6.216
########## c102-from bscF ##########
Info (332115): Report Timing: Found 3 setup paths (3 violated).  Worst case slack is -2.728
    Info (332115): -from [get_registers {emu|core|u_hs3|u_bsc|*}]
    Info (332115): -setup
    Info (332115): -npaths 3
    Info (332115): -detail summary
    Info (332115): -stdout
Info (332115): Path #1: Setup slack is -2.728 (VIOLATED)
    Info (332115):    Slack        : -2.728 (VIOLATED)
    Info (332115):    From Node    : emu:emu|ikacore_CV1k:core|HS3:u_hs3|bsc:u_bsc|ord_busy~DUPLICATE
    Info (332115):    To Node      : emu:emu|ikacore_CV1k:core|HS3:u_hs3|cpu_core:u_cpu|cache:u_cache|cache_data_bank_wt:g_way[2].u_data|di_q[30]
    Info (332115):    Launch Clock : emu|pll|pll_inst|altera_pll_i|cyclonev_pll|counter[1].output_counter|divclk
    Info (332115):    Latch Clock  : emu|pll|pll_inst|altera_pll_i|cyclonev_pll|counter[1].output_counter|divclk
    Info (332115):    Relationship : 9.756
    Info (332115):    Clock Skew   : -0.484
    Info (332115):    Data Delay   : 11.800
Info (332115): Path #2: Setup slack is -2.727 (VIOLATED)
    Info (332115):    Slack        : -2.727 (VIOLATED)
    Info (332115):    From Node    : emu:emu|ikacore_CV1k:core|HS3:u_hs3|bsc:u_bsc|ord_busy~DUPLICATE
    Info (332115):    To Node      : emu:emu|ikacore_CV1k:core|HS3:u_hs3|cpu_core:u_cpu|cache:u_cache|cache_data_bank_wt:g_way[1].u_data|di_q[30]
    Info (332115):    Launch Clock : emu|pll|pll_inst|altera_pll_i|cyclonev_pll|counter[1].output_counter|divclk
    Info (332115):    Latch Clock  : emu|pll|pll_inst|altera_pll_i|cyclonev_pll|counter[1].output_counter|divclk
    Info (332115):    Relationship : 9.756
    Info (332115):    Clock Skew   : -0.488
    Info (332115):    Data Delay   : 11.795
Info (332115): Path #3: Setup slack is -2.707 (VIOLATED)
    Info (332115):    Slack        : -2.707 (VIOLATED)
    Info (332115):    From Node    : emu:emu|ikacore_CV1k:core|HS3:u_hs3|bsc:u_bsc|ord_busy~DUPLICATE
    Info (332115):    To Node      : emu:emu|ikacore_CV1k:core|HS3:u_hs3|cpu_core:u_cpu|cache:u_cache|cache_data_bank_wt:g_way[0].u_data|di_q[30]
    Info (332115):    Launch Clock : emu|pll|pll_inst|altera_pll_i|cyclonev_pll|counter[1].output_counter|divclk
    Info (332115):    Latch Clock  : emu|pll|pll_inst|altera_pll_i|cyclonev_pll|counter[1].output_counter|divclk
    Info (332115):    Relationship : 9.756
    Info (332115):    Clock Skew   : -0.484
    Info (332115):    Data Delay   : 11.779
########## c102-from pumpF ##########
Info (332115): Report Timing: Found 3 setup paths (3 violated).  Worst case slack is -3.058
    Info (332115): -from [get_registers {emu|core|u_pump|*}]
    Info (332115): -setup
    Info (332115): -npaths 3
    Info (332115): -detail summary
    Info (332115): -stdout
Info (332115): Path #1: Setup slack is -3.058 (VIOLATED)
    Info (332115):    Slack        : -3.058 (VIOLATED)
    Info (332115):    From Node    : emu:emu|ikacore_CV1k:core|CV1k_sdram_control:u_pump|dq_n[11]
    Info (332115):    To Node      : emu:emu|ikacore_CV1k:core|CV1k_sdram_control:u_pump|nor_data[11]
    Info (332115):    Launch Clock : emu|pll|pll_inst|altera_pll_i|cyclonev_pll|counter[1].output_counter|divclk (INVERTED)
    Info (332115):    Latch Clock  : emu|pll|pll_inst|altera_pll_i|cyclonev_pll|counter[1].output_counter|divclk
    Info (332115):    Relationship : 4.878
    Info (332115):    Clock Skew   : -1.373
    Info (332115):    Data Delay   : 6.363
Info (332115): Path #2: Setup slack is -2.894 (VIOLATED)
    Info (332115):    Slack        : -2.894 (VIOLATED)
    Info (332115):    From Node    : emu:emu|ikacore_CV1k:core|CV1k_sdram_control:u_pump|dq_n[11]
    Info (332115):    To Node      : emu:emu|ikacore_CV1k:core|CV1k_sdram_control:u_pump|rd_hi_e[11]
    Info (332115):    Launch Clock : emu|pll|pll_inst|altera_pll_i|cyclonev_pll|counter[1].output_counter|divclk (INVERTED)
    Info (332115):    Latch Clock  : emu|pll|pll_inst|altera_pll_i|cyclonev_pll|counter[1].output_counter|divclk
    Info (332115):    Relationship : 4.878
    Info (332115):    Clock Skew   : -1.357
    Info (332115):    Data Delay   : 6.215
Info (332115): Path #3: Setup slack is -2.891 (VIOLATED)
    Info (332115):    Slack        : -2.891 (VIOLATED)
    Info (332115):    From Node    : emu:emu|ikacore_CV1k:core|CV1k_sdram_control:u_pump|dq_n[11]
    Info (332115):    To Node      : emu:emu|ikacore_CV1k:core|CV1k_sdram_control:u_pump|rd_lo[11]
    Info (332115):    Launch Clock : emu|pll|pll_inst|altera_pll_i|cyclonev_pll|counter[1].output_counter|divclk (INVERTED)
    Info (332115):    Latch Clock  : emu|pll|pll_inst|altera_pll_i|cyclonev_pll|counter[1].output_counter|divclk
    Info (332115):    Relationship : 4.878
    Info (332115):    Clock Skew   : -1.353
    Info (332115):    Data Delay   : 6.216
########## cross c153->c102 ##########
Info (332115): Report Timing: Found 4 setup paths (4 violated).  Worst case slack is -1.872
    Info (332115): -from_clock [get_clocks {emu|pll|pll_inst|altera_pll_i|cyclonev_pll|counter[0].output_counter|divclk}]
    Info (332115): -to_clock [get_clocks {emu|pll|pll_inst|altera_pll_i|cyclonev_pll|counter[1].output_counter|divclk}]
    Info (332115): -setup
    Info (332115): -npaths 4
    Info (332115): -detail summary
    Info (332115): -stdout
Info (332115): Path #1: Setup slack is -1.872 (VIOLATED)
    Info (332115):    Slack        : -1.872 (VIOLATED)
    Info (332115):    From Node    : emu:emu|ikacore_CV1k:core|CV1k_nand:u_u2_nand|oe_hold[1]
    Info (332115):    To Node      : emu:emu|ikacore_CV1k:core|HS3:u_hs3|dmac:u_dmac|ae
    Info (332115):    Launch Clock : emu|pll|pll_inst|altera_pll_i|cyclonev_pll|counter[0].output_counter|divclk
    Info (332115):    Latch Clock  : emu|pll|pll_inst|altera_pll_i|cyclonev_pll|counter[1].output_counter|divclk
    Info (332115):    Relationship : 6.200
    Info (332115):    Clock Skew   : -0.944
    Info (332115):    Data Delay   : 6.858
Info (332115): Path #2: Setup slack is -1.860 (VIOLATED)
    Info (332115):    Slack        : -1.860 (VIOLATED)
    Info (332115):    From Node    : emu:emu|ikacore_CV1k:core|CV1k_nand:u_u2_nand|oe_hold[1]
    Info (332115):    To Node      : emu:emu|ikacore_CV1k:core|HS3:u_hs3|dmac:u_dmac|wdata_q[17]
    Info (332115):    Launch Clock : emu|pll|pll_inst|altera_pll_i|cyclonev_pll|counter[0].output_counter|divclk
    Info (332115):    Latch Clock  : emu|pll|pll_inst|altera_pll_i|cyclonev_pll|counter[1].output_counter|divclk
    Info (332115):    Relationship : 6.200
    Info (332115):    Clock Skew   : -0.930
    Info (332115):    Data Delay   : 6.860
Info (332115): Path #3: Setup slack is -1.853 (VIOLATED)
    Info (332115):    Slack        : -1.853 (VIOLATED)
    Info (332115):    From Node    : emu:emu|ikacore_CV1k:core|CV1k_nand:u_u2_nand|oe_hold[1]
    Info (332115):    To Node      : emu:emu|ikacore_CV1k:core|HS3:u_hs3|dmac:u_dmac|addr_q[22]
    Info (332115):    Launch Clock : emu|pll|pll_inst|altera_pll_i|cyclonev_pll|counter[0].output_counter|divclk
    Info (332115):    Latch Clock  : emu|pll|pll_inst|altera_pll_i|cyclonev_pll|counter[1].output_counter|divclk
    Info (332115):    Relationship : 6.200
    Info (332115):    Clock Skew   : -0.969
    Info (332115):    Data Delay   : 6.814
Info (332115): Path #4: Setup slack is -1.852 (VIOLATED)
    Info (332115):    Slack        : -1.852 (VIOLATED)
    Info (332115):    From Node    : emu:emu|ikacore_CV1k:core|CV1k_nand:u_u2_nand|oe_hold[1]
    Info (332115):    To Node      : emu:emu|ikacore_CV1k:core|HS3:u_hs3|dmac:u_dmac|addr_q[3]
    Info (332115):    Launch Clock : emu|pll|pll_inst|altera_pll_i|cyclonev_pll|counter[0].output_counter|divclk
    Info (332115):    Latch Clock  : emu|pll|pll_inst|altera_pll_i|cyclonev_pll|counter[1].output_counter|divclk
    Info (332115):    Relationship : 6.200
    Info (332115):    Clock Skew   : -0.950
    Info (332115):    Data Delay   : 6.832
########## cross c102->c153 ##########
Info (332115): Report Timing: Found 4 setup paths (4 violated).  Worst case slack is -1.171
    Info (332115): -from_clock [get_clocks {emu|pll|pll_inst|altera_pll_i|cyclonev_pll|counter[1].output_counter|divclk}]
    Info (332115): -to_clock [get_clocks {emu|pll|pll_inst|altera_pll_i|cyclonev_pll|counter[0].output_counter|divclk}]
    Info (332115): -setup
    Info (332115): -npaths 4
    Info (332115): -detail summary
    Info (332115): -stdout
Info (332115): Path #1: Setup slack is -1.171 (VIOLATED)
    Info (332115):    Slack        : -1.171 (VIOLATED)
    Info (332115):    From Node    : emu:emu|ikacore_CV1k:core|HS3:u_hs3|bsc:u_bsc|ord_wdata[4]
    Info (332115):    To Node      : emu:emu|ikacore_CV1k:core|CV1k_nand:u_u2_nand|mode.M_ID
    Info (332115):    Launch Clock : emu|pll|pll_inst|altera_pll_i|cyclonev_pll|counter[1].output_counter|divclk
    Info (332115):    Latch Clock  : emu|pll|pll_inst|altera_pll_i|cyclonev_pll|counter[0].output_counter|divclk
    Info (332115):    Relationship : 6.200
    Info (332115):    Clock Skew   : -0.788
    Info (332115):    Data Delay   : 6.313
Info (332115): Path #2: Setup slack is -1.158 (VIOLATED)
    Info (332115):    Slack        : -1.158 (VIOLATED)
    Info (332115):    From Node    : emu:emu|ikacore_CV1k:core|HS3:u_hs3|bsc:u_bsc|ord_busy
    Info (332115):    To Node      : emu:emu|ikacore_CV1k:core|blit_top:u_blit|blit_fetch:u_blit_fetch|skid~96
    Info (332115):    Launch Clock : emu|pll|pll_inst|altera_pll_i|cyclonev_pll|counter[1].output_counter|divclk
    Info (332115):    Latch Clock  : emu|pll|pll_inst|altera_pll_i|cyclonev_pll|counter[0].output_counter|divclk
    Info (332115):    Relationship : 6.200
    Info (332115):    Clock Skew   : -0.773
    Info (332115):    Data Delay   : 6.315
Info (332115): Path #3: Setup slack is -1.151 (VIOLATED)
    Info (332115):    Slack        : -1.151 (VIOLATED)
    Info (332115):    From Node    : emu:emu|ikacore_CV1k:core|HS3:u_hs3|bsc:u_bsc|ord_busy
    Info (332115):    To Node      : emu:emu|ikacore_CV1k:core|CV1k_nand:u_u2_nand|mode.M_ID
    Info (332115):    Launch Clock : emu|pll|pll_inst|altera_pll_i|cyclonev_pll|counter[1].output_counter|divclk
    Info (332115):    Latch Clock  : emu|pll|pll_inst|altera_pll_i|cyclonev_pll|counter[0].output_counter|divclk
    Info (332115):    Relationship : 6.200
    Info (332115):    Clock Skew   : -0.753
    Info (332115):    Data Delay   : 6.328
Info (332115): Path #4: Setup slack is -1.145 (VIOLATED)
    Info (332115):    Slack        : -1.145 (VIOLATED)
    Info (332115):    From Node    : emu:emu|ikacore_CV1k:core|HS3:u_hs3|bsc:u_bsc|ord_wdata[4]
    Info (332115):    To Node      : emu:emu|ikacore_CV1k:core|CV1k_nand:u_u2_nand|rst_cnt[1]
    Info (332115):    Launch Clock : emu|pll|pll_inst|altera_pll_i|cyclonev_pll|counter[1].output_counter|divclk
    Info (332115):    Latch Clock  : emu|pll|pll_inst|altera_pll_i|cyclonev_pll|counter[0].output_counter|divclk
    Info (332115):    Relationship : 6.200
    Info (332115):    Clock Skew   : -0.785
    Info (332115):    Data Delay   : 6.290
########## SDRAM_CLK out ##########
Info (332115): Report Timing: Found 6 setup paths (6 violated).  Worst case slack is -1.708
    Info (332115): -to_clock [get_clocks {SDRAM_CLK}]
    Info (332115): -setup
    Info (332115): -npaths 6
    Info (332115): -detail summary
    Info (332115): -stdout
Info (332115): Path #1: Setup slack is -1.708 (VIOLATED)
    Info (332115):    Slack        : -1.708 (VIOLATED)
    Info (332115):    From Node    : emu:emu|ikacore_CV1k:core|CV1k_sdram_control:u_pump|o_S_DQ_OE~SynDup_6
    Info (332115):    To Node      : SDRAM_DQ[5]
    Info (332115):    Launch Clock : emu|pll|pll_inst|altera_pll_i|cyclonev_pll|counter[1].output_counter|divclk
    Info (332115):    Latch Clock  : SDRAM_CLK
    Info (332115):    Relationship : 1.524
    Info (332115):    Clock Skew   : 1.651
    Info (332115):    Data Delay   : 3.073
Info (332115): Path #2: Setup slack is -1.696 (VIOLATED)
    Info (332115):    Slack        : -1.696 (VIOLATED)
    Info (332115):    From Node    : emu:emu|ikacore_CV1k:core|CV1k_sdram_control:u_pump|o_S_DQ_OE~SynDup_10
    Info (332115):    To Node      : SDRAM_DQ[1]
    Info (332115):    Launch Clock : emu|pll|pll_inst|altera_pll_i|cyclonev_pll|counter[1].output_counter|divclk
    Info (332115):    Latch Clock  : SDRAM_CLK
    Info (332115):    Relationship : 1.524
    Info (332115):    Clock Skew   : 1.648
    Info (332115):    Data Delay   : 3.058
Info (332115): Path #3: Setup slack is -1.663 (VIOLATED)
    Info (332115):    Slack        : -1.663 (VIOLATED)
    Info (332115):    From Node    : emu:emu|ikacore_CV1k:core|CV1k_sdram_control:u_pump|o_S_DQ_OE~SynDup_1
    Info (332115):    To Node      : SDRAM_DQ[10]
    Info (332115):    Launch Clock : emu|pll|pll_inst|altera_pll_i|cyclonev_pll|counter[1].output_counter|divclk
    Info (332115):    Latch Clock  : SDRAM_CLK
    Info (332115):    Relationship : 1.524
    Info (332115):    Clock Skew   : 1.688
    Info (332115):    Data Delay   : 3.065
Info (332115): Path #4: Setup slack is -1.647 (VIOLATED)
    Info (332115):    Slack        : -1.647 (VIOLATED)
    Info (332115):    From Node    : emu:emu|ikacore_CV1k:core|CV1k_sdram_control:u_pump|o_S_DQ_OE~SynDup_9
    Info (332115):    To Node      : SDRAM_DQ[2]
    Info (332115):    Launch Clock : emu|pll|pll_inst|altera_pll_i|cyclonev_pll|counter[1].output_counter|divclk
    Info (332115):    Latch Clock  : SDRAM_CLK
    Info (332115):    Relationship : 1.524
    Info (332115):    Clock Skew   : 1.685
    Info (332115):    Data Delay   : 3.046
Info (332115): Path #5: Setup slack is -1.607 (VIOLATED)
    Info (332115):    Slack        : -1.607 (VIOLATED)
    Info (332115):    From Node    : emu:emu|ikacore_CV1k:core|CV1k_sdram_control:u_pump|o_S_DQ_O[1]
    Info (332115):    To Node      : SDRAM_DQ[1]
    Info (332115):    Launch Clock : emu|pll|pll_inst|altera_pll_i|cyclonev_pll|counter[1].output_counter|divclk
    Info (332115):    Latch Clock  : SDRAM_CLK
    Info (332115):    Relationship : 1.524
    Info (332115):    Clock Skew   : 1.839
    Info (332115):    Data Delay   : 3.160
Info (332115): Path #6: Setup slack is -1.570 (VIOLATED)
    Info (332115):    Slack        : -1.570 (VIOLATED)
    Info (332115):    From Node    : emu:emu|ikacore_CV1k:core|CV1k_sdram_control:u_pump|o_S_DQ_O[5]
    Info (332115):    To Node      : SDRAM_DQ[5]
    Info (332115):    Launch Clock : emu|pll|pll_inst|altera_pll_i|cyclonev_pll|counter[1].output_counter|divclk
    Info (332115):    Latch Clock  : SDRAM_CLK
    Info (332115):    Relationship : 1.524
    Info (332115):    Clock Skew   : 1.842
    Info (332115):    Data Delay   : 3.126
########## SDRAM DQ in (dq_n bank) ##########
Info (332115): Report Timing: Found 3 setup paths (3 violated).  Worst case slack is -0.096
    Info (332115): -from [get_ports {SDRAM_DQ[*]}]
    Info (332115): -setup
    Info (332115): -npaths 3
    Info (332115): -detail summary
    Info (332115): -stdout
Info (332115): Path #1: Setup slack is -0.096 (VIOLATED)
    Info (332115):    Slack        : -0.096 (VIOLATED)
    Info (332115):    From Node    : SDRAM_DQ[12]
    Info (332115):    To Node      : emu:emu|ikacore_CV1k:core|CV1k_sdram_control:u_pump|dq_n[12]
    Info (332115):    Launch Clock : SDRAM_CLK
    Info (332115):    Latch Clock  : emu|pll|pll_inst|altera_pll_i|cyclonev_pll|counter[1].output_counter|divclk (INVERTED)
    Info (332115):    Relationship : 13.110
    Info (332115):    Clock Skew   : -4.526
    Info (332115):    Data Delay   : 2.370
Info (332115): Path #2: Setup slack is -0.093 (VIOLATED)
    Info (332115):    Slack        : -0.093 (VIOLATED)
    Info (332115):    From Node    : SDRAM_DQ[9]
    Info (332115):    To Node      : emu:emu|ikacore_CV1k:core|CV1k_sdram_control:u_pump|dq_n[9]
    Info (332115):    Launch Clock : SDRAM_CLK
    Info (332115):    Latch Clock  : emu|pll|pll_inst|altera_pll_i|cyclonev_pll|counter[1].output_counter|divclk (INVERTED)
    Info (332115):    Relationship : 13.110
    Info (332115):    Clock Skew   : -4.355
    Info (332115):    Data Delay   : 2.538
Info (332115): Path #3: Setup slack is -0.004 (VIOLATED)
    Info (332115):    Slack        : -0.004 (VIOLATED)
    Info (332115):    From Node    : SDRAM_DQ[0]
    Info (332115):    To Node      : emu:emu|ikacore_CV1k:core|CV1k_sdram_control:u_pump|dq_n[0]
    Info (332115):    Launch Clock : SDRAM_CLK
    Info (332115):    Latch Clock  : emu|pll|pll_inst|altera_pll_i|cyclonev_pll|counter[1].output_counter|divclk (INVERTED)
    Info (332115):    Relationship : 13.110
    Info (332115):    Clock Skew   : -4.347
    Info (332115):    Data Delay   : 2.457
########## recovery c153 ##########
Info (332115): Report Timing: Found 20 recovery paths (20 violated).  Worst case slack is -3.222
    Info (332115): -to_clock [get_clocks {emu|pll|pll_inst|altera_pll_i|cyclonev_pll|counter[0].output_counter|divclk}]
    Info (332115): -recovery
    Info (332115): -npaths 20
    Info (332115): -detail summary
    Info (332115): -stdout
Info (332115): Path #1: Recovery slack is -3.222 (VIOLATED)
    Info (332115):    Slack        : -3.222 (VIOLATED)
    Info (332115):    From Node    : emu:emu|hps_io:hps_io|ioctl_download
    Info (332115):    To Node      : emu:emu|ikacore_CV1k:core|CV1k_ddr3_harness:u_harness|np_left[8]
    Info (332115):    Launch Clock : emu|pll|pll_inst|altera_pll_i|cyclonev_pll|counter[1].output_counter|divclk
    Info (332115):    Latch Clock  : emu|pll|pll_inst|altera_pll_i|cyclonev_pll|counter[0].output_counter|divclk
    Info (332115):    Relationship : 6.200
    Info (332115):    Clock Skew   : -0.839
    Info (332115):    Data Delay   : 8.313
Info (332115): Path #2: Recovery slack is -3.222 (VIOLATED)
    Info (332115):    Slack        : -3.222 (VIOLATED)
    Info (332115):    From Node    : emu:emu|hps_io:hps_io|ioctl_download
    Info (332115):    To Node      : emu:emu|ikacore_CV1k:core|CV1k_nand:u_u2_nand|o_nd_addr[23]
    Info (332115):    Launch Clock : emu|pll|pll_inst|altera_pll_i|cyclonev_pll|counter[1].output_counter|divclk
    Info (332115):    Latch Clock  : emu|pll|pll_inst|altera_pll_i|cyclonev_pll|counter[0].output_counter|divclk
    Info (332115):    Relationship : 6.200
    Info (332115):    Clock Skew   : -0.839
    Info (332115):    Data Delay   : 8.313
Info (332115): Path #3: Recovery slack is -3.222 (VIOLATED)
    Info (332115):    Slack        : -3.222 (VIOLATED)
    Info (332115):    From Node    : emu:emu|hps_io:hps_io|ioctl_download
    Info (332115):    To Node      : emu:emu|ikacore_CV1k:core|CV1k_nand:u_u2_nand|o_nd_addr[22]
    Info (332115):    Launch Clock : emu|pll|pll_inst|altera_pll_i|cyclonev_pll|counter[1].output_counter|divclk
    Info (332115):    Latch Clock  : emu|pll|pll_inst|altera_pll_i|cyclonev_pll|counter[0].output_counter|divclk
    Info (332115):    Relationship : 6.200
    Info (332115):    Clock Skew   : -0.837
    Info (332115):    Data Delay   : 8.315
Info (332115): Path #4: Recovery slack is -3.222 (VIOLATED)
    Info (332115):    Slack        : -3.222 (VIOLATED)
    Info (332115):    From Node    : emu:emu|hps_io:hps_io|ioctl_download
    Info (332115):    To Node      : emu:emu|ikacore_CV1k:core|CV1k_nand:u_u2_nand|o_nd_addr[21]
    Info (332115):    Launch Clock : emu|pll|pll_inst|altera_pll_i|cyclonev_pll|counter[1].output_counter|divclk
    Info (332115):    Latch Clock  : emu|pll|pll_inst|altera_pll_i|cyclonev_pll|counter[0].output_counter|divclk
    Info (332115):    Relationship : 6.200
    Info (332115):    Clock Skew   : -0.839
    Info (332115):    Data Delay   : 8.313
Info (332115): Path #5: Recovery slack is -3.222 (VIOLATED)
    Info (332115):    Slack        : -3.222 (VIOLATED)
    Info (332115):    From Node    : emu:emu|hps_io:hps_io|ioctl_download
    Info (332115):    To Node      : emu:emu|ikacore_CV1k:core|CV1k_nand:u_u2_nand|o_nd_addr[20]
    Info (332115):    Launch Clock : emu|pll|pll_inst|altera_pll_i|cyclonev_pll|counter[1].output_counter|divclk
    Info (332115):    Latch Clock  : emu|pll|pll_inst|altera_pll_i|cyclonev_pll|counter[0].output_counter|divclk
    Info (332115):    Relationship : 6.200
    Info (332115):    Clock Skew   : -0.837
    Info (332115):    Data Delay   : 8.315
Info (332115): Path #6: Recovery slack is -3.222 (VIOLATED)
    Info (332115):    Slack        : -3.222 (VIOLATED)
    Info (332115):    From Node    : emu:emu|hps_io:hps_io|ioctl_download
    Info (332115):    To Node      : emu:emu|ikacore_CV1k:core|CV1k_nand:u_u2_nand|o_nd_addr[19]
    Info (332115):    Launch Clock : emu|pll|pll_inst|altera_pll_i|cyclonev_pll|counter[1].output_counter|divclk
    Info (332115):    Latch Clock  : emu|pll|pll_inst|altera_pll_i|cyclonev_pll|counter[0].output_counter|divclk
    Info (332115):    Relationship : 6.200
    Info (332115):    Clock Skew   : -0.839
    Info (332115):    Data Delay   : 8.313
Info (332115): Path #7: Recovery slack is -3.222 (VIOLATED)
    Info (332115):    Slack        : -3.222 (VIOLATED)
    Info (332115):    From Node    : emu:emu|hps_io:hps_io|ioctl_download
    Info (332115):    To Node      : emu:emu|ikacore_CV1k:core|CV1k_nand:u_u2_nand|o_nd_addr[18]
    Info (332115):    Launch Clock : emu|pll|pll_inst|altera_pll_i|cyclonev_pll|counter[1].output_counter|divclk
    Info (332115):    Latch Clock  : emu|pll|pll_inst|altera_pll_i|cyclonev_pll|counter[0].output_counter|divclk
    Info (332115):    Relationship : 6.200
    Info (332115):    Clock Skew   : -0.837
    Info (332115):    Data Delay   : 8.315
Info (332115): Path #8: Recovery slack is -3.222 (VIOLATED)
    Info (332115):    Slack        : -3.222 (VIOLATED)
    Info (332115):    From Node    : emu:emu|hps_io:hps_io|ioctl_download
    Info (332115):    To Node      : emu:emu|ikacore_CV1k:core|CV1k_nand:u_u2_nand|o_nd_addr[17]
    Info (332115):    Launch Clock : emu|pll|pll_inst|altera_pll_i|cyclonev_pll|counter[1].output_counter|divclk
    Info (332115):    Latch Clock  : emu|pll|pll_inst|altera_pll_i|cyclonev_pll|counter[0].output_counter|divclk
    Info (332115):    Relationship : 6.200
    Info (332115):    Clock Skew   : -0.839
    Info (332115):    Data Delay   : 8.313
Info (332115): Path #9: Recovery slack is -3.222 (VIOLATED)
    Info (332115):    Slack        : -3.222 (VIOLATED)
    Info (332115):    From Node    : emu:emu|hps_io:hps_io|ioctl_download
    Info (332115):    To Node      : emu:emu|ikacore_CV1k:core|CV1k_nand:u_u2_nand|o_nd_addr[15]
    Info (332115):    Launch Clock : emu|pll|pll_inst|altera_pll_i|cyclonev_pll|counter[1].output_counter|divclk
    Info (332115):    Latch Clock  : emu|pll|pll_inst|altera_pll_i|cyclonev_pll|counter[0].output_counter|divclk
    Info (332115):    Relationship : 6.200
    Info (332115):    Clock Skew   : -0.839
    Info (332115):    Data Delay   : 8.313
Info (332115): Path #10: Recovery slack is -3.222 (VIOLATED)
    Info (332115):    Slack        : -3.222 (VIOLATED)
    Info (332115):    From Node    : emu:emu|hps_io:hps_io|ioctl_download
    Info (332115):    To Node      : emu:emu|ikacore_CV1k:core|CV1k_nand:u_u2_nand|o_nd_addr[14]
    Info (332115):    Launch Clock : emu|pll|pll_inst|altera_pll_i|cyclonev_pll|counter[1].output_counter|divclk
    Info (332115):    Latch Clock  : emu|pll|pll_inst|altera_pll_i|cyclonev_pll|counter[0].output_counter|divclk
    Info (332115):    Relationship : 6.200
    Info (332115):    Clock Skew   : -0.837
    Info (332115):    Data Delay   : 8.315
Info (332115): Path #11: Recovery slack is -3.222 (VIOLATED)
    Info (332115):    Slack        : -3.222 (VIOLATED)
    Info (332115):    From Node    : emu:emu|hps_io:hps_io|ioctl_download
    Info (332115):    To Node      : emu:emu|ikacore_CV1k:core|CV1k_nand:u_u2_nand|o_nd_addr[13]
    Info (332115):    Launch Clock : emu|pll|pll_inst|altera_pll_i|cyclonev_pll|counter[1].output_counter|divclk
    Info (332115):    Latch Clock  : emu|pll|pll_inst|altera_pll_i|cyclonev_pll|counter[0].output_counter|divclk
    Info (332115):    Relationship : 6.200
    Info (332115):    Clock Skew   : -0.839
    Info (332115):    Data Delay   : 8.313
Info (332115): Path #12: Recovery slack is -3.222 (VIOLATED)
    Info (332115):    Slack        : -3.222 (VIOLATED)
    Info (332115):    From Node    : emu:emu|hps_io:hps_io|ioctl_download
    Info (332115):    To Node      : emu:emu|ikacore_CV1k:core|CV1k_nand:u_u2_nand|o_nd_addr[9]
    Info (332115):    Launch Clock : emu|pll|pll_inst|altera_pll_i|cyclonev_pll|counter[1].output_counter|divclk
    Info (332115):    Latch Clock  : emu|pll|pll_inst|altera_pll_i|cyclonev_pll|counter[0].output_counter|divclk
    Info (332115):    Relationship : 6.200
    Info (332115):    Clock Skew   : -0.839
    Info (332115):    Data Delay   : 8.313
Info (332115): Path #13: Recovery slack is -3.222 (VIOLATED)
    Info (332115):    Slack        : -3.222 (VIOLATED)
    Info (332115):    From Node    : emu:emu|hps_io:hps_io|ioctl_download
    Info (332115):    To Node      : emu:emu|ikacore_CV1k:core|CV1k_nand:u_u2_nand|o_nd_addr[4]
    Info (332115):    Launch Clock : emu|pll|pll_inst|altera_pll_i|cyclonev_pll|counter[1].output_counter|divclk
    Info (332115):    Latch Clock  : emu|pll|pll_inst|altera_pll_i|cyclonev_pll|counter[0].output_counter|divclk
    Info (332115):    Relationship : 6.200
    Info (332115):    Clock Skew   : -0.839
    Info (332115):    Data Delay   : 8.313
Info (332115): Path #14: Recovery slack is -3.222 (VIOLATED)
    Info (332115):    Slack        : -3.222 (VIOLATED)
    Info (332115):    From Node    : emu:emu|hps_io:hps_io|ioctl_download
    Info (332115):    To Node      : emu:emu|ikacore_CV1k:core|CV1k_nand:u_u2_nand|o_nd_addr[27]
    Info (332115):    Launch Clock : emu|pll|pll_inst|altera_pll_i|cyclonev_pll|counter[1].output_counter|divclk
    Info (332115):    Latch Clock  : emu|pll|pll_inst|altera_pll_i|cyclonev_pll|counter[0].output_counter|divclk
    Info (332115):    Relationship : 6.200
    Info (332115):    Clock Skew   : -0.839
    Info (332115):    Data Delay   : 8.313
Info (332115): Path #15: Recovery slack is -3.220 (VIOLATED)
    Info (332115):    Slack        : -3.220 (VIOLATED)
    Info (332115):    From Node    : emu:emu|hps_io:hps_io|ioctl_download
    Info (332115):    To Node      : emu:emu|ikacore_CV1k:core|CV1k_nand:u_u2_nand|col_addr[1]
    Info (332115):    Launch Clock : emu|pll|pll_inst|altera_pll_i|cyclonev_pll|counter[1].output_counter|divclk
    Info (332115):    Latch Clock  : emu|pll|pll_inst|altera_pll_i|cyclonev_pll|counter[0].output_counter|divclk
    Info (332115):    Relationship : 6.200
    Info (332115):    Clock Skew   : -0.841
    Info (332115):    Data Delay   : 8.309
Info (332115): Path #16: Recovery slack is -3.220 (VIOLATED)
    Info (332115):    Slack        : -3.220 (VIOLATED)
    Info (332115):    From Node    : emu:emu|hps_io:hps_io|ioctl_download
    Info (332115):    To Node      : emu:emu|ikacore_CV1k:core|CV1k_nand:u_u2_nand|col_addr[4]
    Info (332115):    Launch Clock : emu|pll|pll_inst|altera_pll_i|cyclonev_pll|counter[1].output_counter|divclk
    Info (332115):    Latch Clock  : emu|pll|pll_inst|altera_pll_i|cyclonev_pll|counter[0].output_counter|divclk
    Info (332115):    Relationship : 6.200
    Info (332115):    Clock Skew   : -0.843
    Info (332115):    Data Delay   : 8.307
Info (332115): Path #17: Recovery slack is -3.220 (VIOLATED)
    Info (332115):    Slack        : -3.220 (VIOLATED)
    Info (332115):    From Node    : emu:emu|hps_io:hps_io|ioctl_download
    Info (332115):    To Node      : emu:emu|ikacore_CV1k:core|CV1k_nand:u_u2_nand|col_addr[10]
    Info (332115):    Launch Clock : emu|pll|pll_inst|altera_pll_i|cyclonev_pll|counter[1].output_counter|divclk
    Info (332115):    Latch Clock  : emu|pll|pll_inst|altera_pll_i|cyclonev_pll|counter[0].output_counter|divclk
    Info (332115):    Relationship : 6.200
    Info (332115):    Clock Skew   : -0.842
    Info (332115):    Data Delay   : 8.308
Info (332115): Path #18: Recovery slack is -3.220 (VIOLATED)
    Info (332115):    Slack        : -3.220 (VIOLATED)
    Info (332115):    From Node    : emu:emu|hps_io:hps_io|ioctl_download
    Info (332115):    To Node      : emu:emu|ikacore_CV1k:core|CV1k_nand:u_u2_nand|col_addr[7]
    Info (332115):    Launch Clock : emu|pll|pll_inst|altera_pll_i|cyclonev_pll|counter[1].output_counter|divclk
    Info (332115):    Latch Clock  : emu|pll|pll_inst|altera_pll_i|cyclonev_pll|counter[0].output_counter|divclk
    Info (332115):    Relationship : 6.200
    Info (332115):    Clock Skew   : -0.843
    Info (332115):    Data Delay   : 8.307
Info (332115): Path #19: Recovery slack is -3.220 (VIOLATED)
    Info (332115):    Slack        : -3.220 (VIOLATED)
    Info (332115):    From Node    : emu:emu|hps_io:hps_io|ioctl_download
    Info (332115):    To Node      : emu:emu|ikacore_CV1k:core|CV1k_nand:u_u2_nand|col_addr[2]
    Info (332115):    Launch Clock : emu|pll|pll_inst|altera_pll_i|cyclonev_pll|counter[1].output_counter|divclk
    Info (332115):    Latch Clock  : emu|pll|pll_inst|altera_pll_i|cyclonev_pll|counter[0].output_counter|divclk
    Info (332115):    Relationship : 6.200
    Info (332115):    Clock Skew   : -0.843
    Info (332115):    Data Delay   : 8.307
Info (332115): Path #20: Recovery slack is -3.219 (VIOLATED)
    Info (332115):    Slack        : -3.219 (VIOLATED)
    Info (332115):    From Node    : emu:emu|hps_io:hps_io|ioctl_download
    Info (332115):    To Node      : emu:emu|ikacore_CV1k:core|CV1k_nand:u_u2_nand|dout_reg[6]
    Info (332115):    Launch Clock : emu|pll|pll_inst|altera_pll_i|cyclonev_pll|counter[1].output_counter|divclk
    Info (332115):    Latch Clock  : emu|pll|pll_inst|altera_pll_i|cyclonev_pll|counter[0].output_counter|divclk
    Info (332115):    Relationship : 6.200
    Info (332115):    Clock Skew   : -0.826
    Info (332115):    Data Delay   : 8.323
########## recovery c102 ##########
Info (332115): Report Timing: Found 6 recovery paths (0 violated).  Worst case slack is 0.029
    Info (332115): -to_clock [get_clocks {emu|pll|pll_inst|altera_pll_i|cyclonev_pll|counter[1].output_counter|divclk}]
    Info (332115): -recovery
    Info (332115): -npaths 6
    Info (332115): -detail summary
    Info (332115): -stdout
Info (332115): Path #1: Recovery slack is 0.029 
    Info (332115):    Slack        : 0.029 
    Info (332115):    From Node    : emu:emu|ikacore_CV1k:core|CV1k_sdram_control:u_pump|lst.LS_IDLE
    Info (332115):    To Node      : emu:emu|ikacore_CV1k:core|HS3:u_hs3|cpu_core:u_cpu|cache:u_cache|cur_write
    Info (332115):    Launch Clock : emu|pll|pll_inst|altera_pll_i|cyclonev_pll|counter[1].output_counter|divclk
    Info (332115):    Latch Clock  : emu|pll|pll_inst|altera_pll_i|cyclonev_pll|counter[1].output_counter|divclk
    Info (332115):    Relationship : 9.756
    Info (332115):    Clock Skew   : -0.585
    Info (332115):    Data Delay   : 8.942
Info (332115): Path #2: Recovery slack is 0.029 
    Info (332115):    Slack        : 0.029 
    Info (332115):    From Node    : emu:emu|ikacore_CV1k:core|CV1k_sdram_control:u_pump|lst.LS_IDLE
    Info (332115):    To Node      : emu:emu|ikacore_CV1k:core|HS3:u_hs3|cpu_core:u_cpu|cache:u_cache|cur_addr[19]
    Info (332115):    Launch Clock : emu|pll|pll_inst|altera_pll_i|cyclonev_pll|counter[1].output_counter|divclk
    Info (332115):    Latch Clock  : emu|pll|pll_inst|altera_pll_i|cyclonev_pll|counter[1].output_counter|divclk
    Info (332115):    Relationship : 9.756
    Info (332115):    Clock Skew   : -0.585
    Info (332115):    Data Delay   : 8.942
Info (332115): Path #3: Recovery slack is 0.030 
    Info (332115):    Slack        : 0.030 
    Info (332115):    From Node    : emu:emu|ikacore_CV1k:core|CV1k_sdram_control:u_pump|lst.LS_IDLE
    Info (332115):    To Node      : emu:emu|ikacore_CV1k:core|HS3:u_hs3|cpu_core:u_cpu|cache:u_cache|cur_addr[25]
    Info (332115):    Launch Clock : emu|pll|pll_inst|altera_pll_i|cyclonev_pll|counter[1].output_counter|divclk
    Info (332115):    Latch Clock  : emu|pll|pll_inst|altera_pll_i|cyclonev_pll|counter[1].output_counter|divclk
    Info (332115):    Relationship : 9.756
    Info (332115):    Clock Skew   : -0.586
    Info (332115):    Data Delay   : 8.940
Info (332115): Path #4: Recovery slack is 0.030 
    Info (332115):    Slack        : 0.030 
    Info (332115):    From Node    : emu:emu|ikacore_CV1k:core|CV1k_sdram_control:u_pump|lst.LS_IDLE
    Info (332115):    To Node      : emu:emu|ikacore_CV1k:core|HS3:u_hs3|cpu_core:u_cpu|cache:u_cache|fill_base[14]~DUPLICATE
    Info (332115):    Launch Clock : emu|pll|pll_inst|altera_pll_i|cyclonev_pll|counter[1].output_counter|divclk
    Info (332115):    Latch Clock  : emu|pll|pll_inst|altera_pll_i|cyclonev_pll|counter[1].output_counter|divclk
    Info (332115):    Relationship : 9.756
    Info (332115):    Clock Skew   : -0.599
    Info (332115):    Data Delay   : 8.927
Info (332115): Path #5: Recovery slack is 0.030 
    Info (332115):    Slack        : 0.030 
    Info (332115):    From Node    : emu:emu|ikacore_CV1k:core|CV1k_sdram_control:u_pump|lst.LS_IDLE
    Info (332115):    To Node      : emu:emu|ikacore_CV1k:core|HS3:u_hs3|cpu_core:u_cpu|cache:u_cache|ibyp_buf_addr[4]~DUPLICATE
    Info (332115):    Launch Clock : emu|pll|pll_inst|altera_pll_i|cyclonev_pll|counter[1].output_counter|divclk
    Info (332115):    Latch Clock  : emu|pll|pll_inst|altera_pll_i|cyclonev_pll|counter[1].output_counter|divclk
    Info (332115):    Relationship : 9.756
    Info (332115):    Clock Skew   : -0.586
    Info (332115):    Data Delay   : 8.940
Info (332115): Path #6: Recovery slack is 0.030 
    Info (332115):    Slack        : 0.030 
    Info (332115):    From Node    : emu:emu|ikacore_CV1k:core|CV1k_sdram_control:u_pump|lst.LS_IDLE
    Info (332115):    To Node      : emu:emu|ikacore_CV1k:core|HS3:u_hs3|cpu_core:u_cpu|cache:u_cache|ibyp_buf_addr[3]~DUPLICATE
    Info (332115):    Launch Clock : emu|pll|pll_inst|altera_pll_i|cyclonev_pll|counter[1].output_counter|divclk
    Info (332115):    Latch Clock  : emu|pll|pll_inst|altera_pll_i|cyclonev_pll|counter[1].output_counter|divclk
    Info (332115):    Relationship : 9.756
    Info (332115):    Clock Skew   : -0.586
    Info (332115):    Data Delay   : 8.940
########## hold worst ##########
Info (332115): Report Timing: Found 3 hold paths (0 violated).  Worst case slack is 0.246
    Info (332115): -hold
    Info (332115): -npaths 3
    Info (332115): -detail summary
    Info (332115): -stdout
Info (332115): Path #1: Hold slack is 0.246 
    Info (332115):    Slack        : 0.246 
    Info (332115):    From Node    : sys_umuldiv:ar_muldiv|sys_udiv:udiv|rem[29]
    Info (332115):    To Node      : sys_umuldiv:ar_muldiv|sys_udiv:udiv|rem[30]
    Info (332115):    Launch Clock : emu|pll|pll_inst|altera_pll_i|cyclonev_pll|counter[0].output_counter|divclk
    Info (332115):    Latch Clock  : emu|pll|pll_inst|altera_pll_i|cyclonev_pll|counter[0].output_counter|divclk
    Info (332115):    Relationship : 0.000
    Info (332115):    Clock Skew   : 0.108
    Info (332115):    Data Delay   : 0.354
Info (332115): Path #2: Hold slack is 0.255 
    Info (332115):    Slack        : 0.255 
    Info (332115):    From Node    : emu:emu|ikacore_CV1k:core|HS3:u_hs3|dmac:u_dmac|dmac_channel:u_ch0|dar[29]
    Info (332115):    To Node      : emu:emu|ikacore_CV1k:core|HS3:u_hs3|dmac:u_dmac|dmac_channel:u_ch0|dar[29]
    Info (332115):    Launch Clock : emu|pll|pll_inst|altera_pll_i|cyclonev_pll|counter[1].output_counter|divclk
    Info (332115):    Latch Clock  : emu|pll|pll_inst|altera_pll_i|cyclonev_pll|counter[1].output_counter|divclk
    Info (332115):    Relationship : 0.000
    Info (332115):    Clock Skew   : 0.104
    Info (332115):    Data Delay   : 0.359
Info (332115): Path #3: Hold slack is 0.256 
    Info (332115):    Slack        : 0.256 
    Info (332115):    From Node    : ascal:ascal|i_vdivr[16]
    Info (332115):    To Node      : ascal:ascal|i_vdivr[17]
    Info (332115):    Launch Clock : emu|pll|pll_inst|altera_pll_i|cyclonev_pll|counter[0].output_counter|divclk
    Info (332115):    Latch Clock  : emu|pll|pll_inst|altera_pll_i|cyclonev_pll|counter[0].output_counter|divclk
    Info (332115):    Relationship : 0.000
    Info (332115):    Clock Skew   : 0.104
    Info (332115):    Data Delay   : 0.360
########## removal worst ##########
Info (332115): Report Timing: Found 3 removal paths (0 violated).  Worst case slack is 0.684
    Info (332115): -removal
    Info (332115): -npaths 3
    Info (332115): -detail summary
    Info (332115): -stdout
Info (332115): Path #1: Removal slack is 0.684 
    Info (332115):    Slack        : 0.684 
    Info (332115):    From Node    : ascal:ascal|avl_reset_na
    Info (332115):    To Node      : ascal:ascal|avl_state.sWRITE
    Info (332115):    Launch Clock : sysmem|fpga_interfaces|clocks_resets|h2f_user0_clk
    Info (332115):    Latch Clock  : sysmem|fpga_interfaces|clocks_resets|h2f_user0_clk
    Info (332115):    Relationship : 0.000
    Info (332115):    Clock Skew   : 0.099
    Info (332115):    Data Delay   : 0.783
Info (332115): Path #2: Removal slack is 0.684 
    Info (332115):    Slack        : 0.684 
    Info (332115):    From Node    : ascal:ascal|avl_reset_na
    Info (332115):    To Node      : ascal:ascal|avl_state.sIDLE
    Info (332115):    Launch Clock : sysmem|fpga_interfaces|clocks_resets|h2f_user0_clk
    Info (332115):    Latch Clock  : sysmem|fpga_interfaces|clocks_resets|h2f_user0_clk
    Info (332115):    Relationship : 0.000
    Info (332115):    Clock Skew   : 0.099
    Info (332115):    Data Delay   : 0.783
Info (332115): Path #3: Removal slack is 0.684 
    Info (332115):    Slack        : 0.684 
    Info (332115):    From Node    : ascal:ascal|avl_reset_na
    Info (332115):    To Node      : ascal:ascal|avl_state.sREAD
    Info (332115):    Launch Clock : sysmem|fpga_interfaces|clocks_resets|h2f_user0_clk
    Info (332115):    Latch Clock  : sysmem|fpga_interfaces|clocks_resets|h2f_user0_clk
    Info (332115):    Relationship : 0.000
    Info (332115):    Clock Skew   : 0.099
    Info (332115):    Data Delay   : 0.783
Info (23030): Evaluation of Tcl script sta_cones.tcl was successful
Info: Quartus Prime TimeQuest Timing Analyzer was successful. 0 errors, 5 warnings
    Info: Peak virtual memory: 2466 megabytes
    Info: Processing ended: Sat Jul 18 16:33:04 2026
    Info: Elapsed time: 00:00:15
    Info: Total CPU time (on all processors): 00:01:09
